[2021-12-17 18:22:30,772] multiqc                                            [DEBUG  ]  No MultiQC config found: /public/groups/kimlab/.install_bin/anaconda3/lib/python3.7/site-packages/multiqc_config.yaml
[2021-12-17 18:22:30,773] multiqc                                            [DEBUG  ]  No MultiQC config found: /public/home/rreggiar/.multiqc_config.yaml
[2021-12-17 18:22:30,773] multiqc                                            [DEBUG  ]  No MultiQC config found: multiqc_config.yaml
[2021-12-17 18:22:30,773] multiqc                                            [DEBUG  ]  Command used: /public/groups/kimlab/.install_bin/anaconda3/bin/multiqc /public/groups/kimlab/exRNA_disease_biomarkers//data/input_data/bioIvt_ctrl --filename multiqc.bioIvt_ctrl.2021-12-17-18.20.30-PST -o /public/groups/kimlab/exRNA_disease_biomarkers//data/output_data/rna_qc/process.aware.salmon
[2021-12-17 18:22:31,518] multiqc                                            [WARNING]  MultiQC Version v1.11 now available!
[2021-12-17 18:22:31,519] multiqc                                            [INFO   ]  This is MultiQC v1.9
[2021-12-17 18:22:31,519] multiqc                                            [DEBUG  ]  Command     : /public/groups/kimlab/.install_bin/anaconda3/bin/multiqc /public/groups/kimlab/exRNA_disease_biomarkers//data/input_data/bioIvt_ctrl --filename multiqc.bioIvt_ctrl.2021-12-17-18.20.30-PST -o /public/groups/kimlab/exRNA_disease_biomarkers//data/output_data/rna_qc/process.aware.salmon
[2021-12-17 18:22:31,519] multiqc                                            [DEBUG  ]  Working dir : /public/groups/kimlab/exRNA_disease_biomarkers/bin
[2021-12-17 18:22:31,519] multiqc                                            [INFO   ]  Template    : default
[2021-12-17 18:22:31,519] multiqc                                            [DEBUG  ]  Running Python 3.7.6 (default, Jan  8 2020, 19:59:22)  [GCC 7.3.0]
[2021-12-17 18:22:31,519] multiqc                                            [INFO   ]  Searching   : /public/groups/kimlab/exRNA_disease_biomarkers/data/input_data/bioIvt_ctrl
[2021-12-17 18:22:31,520] multiqc                                            [DEBUG  ]  Analysing modules: custom_content, conpair, peddy, somalier, methylQA, mosdepth, phantompeakqualtools, qualimap, preseq, quast, qorts, rna_seqc, rockhopper, rsem, rseqc, busco, goleft_indexcov, disambiguate, supernova, deeptools, sargasso, verifybamid, mirtrace, happy, mirtop, homer, macs2, theta2, snpeff, gatk, htseq, bcftools, featureCounts, fgbio, dragen, dedup, damageprofiler, biobambam2, mtnucratio, picard, prokka, samblaster, samtools, sexdeterrmine, bamtools, jellyfish, vcftools, longranger, stacks, varscan2, bbmap, bismark, biscuit, hicexplorer, hicup, hicpro, salmon, kallisto, slamdunk, star, hisat2, tophat, bowtie2, bowtie1, snpsplit, kat, leehom, adapterRemoval, clipandmerge, cutadapt, flexbar, kaiju, kraken, malt, trimmomatic, sickle, skewer, sortmerna, biobloomtools, fastq_screen, afterqc, fastp, fastqc, pycoqc, minionqc, multivcfanalyzer, clusterflow, bcl2fastq, interop, ivar, flash, seqyclean
[2021-12-17 18:22:31,520] multiqc                                            [DEBUG  ]  Using temporary directory for creating report: /data/tmp/tmp9642z3x7
[2021-12-17 18:22:31,826] multiqc                                            [DEBUG  ]  Ignoring file as matched an ignore pattern: BioIVT_ctrl1_0_5_S295_R1_001.fastq.gz
[2021-12-17 18:22:31,827] multiqc                                            [DEBUG  ]  Ignoring file as matched an ignore pattern: BioIVT_ctrl1_0_5_S295_R2_001.fastq.gz
[2021-12-17 18:22:31,827] multiqc                                            [DEBUG  ]  Ignoring file as matched an ignore pattern: ctrl.1.0.5_output_forward_paired.fq.gz
[2021-12-17 18:22:31,828] multiqc                                            [DEBUG  ]  Ignoring file as matched an ignore pattern: ctrl.1.0.5_output_reverse_paired.fq.gz
[2021-12-17 18:22:31,884] multiqc                                            [DEBUG  ]  File ignored by hicexplorer because it exceeded search pattern filesize limit: ctrl.1.0.5_output_forward_paired_fastqc.html
[2021-12-17 18:22:31,896] multiqc                                            [DEBUG  ]  File ignored by longranger/invocation because it exceeded search pattern filesize limit: ctrl.1.0.5_output_forward_paired_fastqc.html
[2021-12-17 18:22:31,896] multiqc                                            [DEBUG  ]  File ignored by rockhopper because it exceeded search pattern filesize limit: ctrl.1.0.5_output_forward_paired_fastqc.html
[2021-12-17 18:22:31,897] multiqc                                            [DEBUG  ]  File ignored by rseqc/bam_stat because it exceeded search pattern filesize limit: ctrl.1.0.5_output_forward_paired_fastqc.html
[2021-12-17 18:22:31,897] multiqc                                            [DEBUG  ]  File ignored by rseqc/junction_annotation because it exceeded search pattern filesize limit: ctrl.1.0.5_output_forward_paired_fastqc.html
[2021-12-17 18:22:31,897] multiqc                                            [DEBUG  ]  File ignored by rseqc/read_distribution because it exceeded search pattern filesize limit: ctrl.1.0.5_output_forward_paired_fastqc.html
[2021-12-17 18:22:31,897] multiqc                                            [DEBUG  ]  File ignored by rseqc/infer_experiment because it exceeded search pattern filesize limit: ctrl.1.0.5_output_forward_paired_fastqc.html
[2021-12-17 18:22:32,048] multiqc                                            [DEBUG  ]  File ignored by hicexplorer because it exceeded search pattern filesize limit: ctrl.1.0.5_output_reverse_paired_fastqc.html
[2021-12-17 18:22:32,058] multiqc                                            [DEBUG  ]  File ignored by longranger/invocation because it exceeded search pattern filesize limit: ctrl.1.0.5_output_reverse_paired_fastqc.html
[2021-12-17 18:22:32,058] multiqc                                            [DEBUG  ]  File ignored by rockhopper because it exceeded search pattern filesize limit: ctrl.1.0.5_output_reverse_paired_fastqc.html
[2021-12-17 18:22:32,058] multiqc                                            [DEBUG  ]  File ignored by rseqc/bam_stat because it exceeded search pattern filesize limit: ctrl.1.0.5_output_reverse_paired_fastqc.html
[2021-12-17 18:22:32,058] multiqc                                            [DEBUG  ]  File ignored by rseqc/junction_annotation because it exceeded search pattern filesize limit: ctrl.1.0.5_output_reverse_paired_fastqc.html
[2021-12-17 18:22:32,058] multiqc                                            [DEBUG  ]  File ignored by rseqc/read_distribution because it exceeded search pattern filesize limit: ctrl.1.0.5_output_reverse_paired_fastqc.html
[2021-12-17 18:22:32,059] multiqc                                            [DEBUG  ]  File ignored by rseqc/infer_experiment because it exceeded search pattern filesize limit: ctrl.1.0.5_output_reverse_paired_fastqc.html
[2021-12-17 18:22:32,312] multiqc                                            [DEBUG  ]  File ignored by hicexplorer because it exceeded search pattern filesize limit: salmon_quant.log
[2021-12-17 18:22:32,322] multiqc                                            [DEBUG  ]  File ignored by longranger/invocation because it exceeded search pattern filesize limit: salmon_quant.log
[2021-12-17 18:22:32,458] multiqc                                            [DEBUG  ]  File ignored by hicexplorer because it exceeded search pattern filesize limit: ambig_info.tsv
[2021-12-17 18:22:32,468] multiqc                                            [DEBUG  ]  File ignored by longranger/invocation because it exceeded search pattern filesize limit: ambig_info.tsv
[2021-12-17 18:22:32,468] multiqc                                            [DEBUG  ]  File ignored by rockhopper because it exceeded search pattern filesize limit: ambig_info.tsv
[2021-12-17 18:22:32,468] multiqc                                            [DEBUG  ]  File ignored by rseqc/bam_stat because it exceeded search pattern filesize limit: ambig_info.tsv
[2021-12-17 18:22:32,468] multiqc                                            [DEBUG  ]  File ignored by rseqc/junction_annotation because it exceeded search pattern filesize limit: ambig_info.tsv
[2021-12-17 18:22:32,468] multiqc                                            [DEBUG  ]  File ignored by rseqc/read_distribution because it exceeded search pattern filesize limit: ambig_info.tsv
[2021-12-17 18:22:32,468] multiqc                                            [DEBUG  ]  File ignored by rseqc/infer_experiment because it exceeded search pattern filesize limit: ambig_info.tsv
[2021-12-17 18:22:37,730] multiqc                                            [DEBUG  ]  File ignored by hicexplorer because it exceeded search pattern filesize limit: salmon_quant.log
[2021-12-17 18:22:37,746] multiqc                                            [DEBUG  ]  File ignored by longranger/invocation because it exceeded search pattern filesize limit: salmon_quant.log
[2021-12-17 18:22:38,195] multiqc                                            [DEBUG  ]  Ignoring file as matched an ignore pattern: BioIVT_ctrl1_1_5_S296_R1_001.fastq.gz
[2021-12-17 18:22:38,195] multiqc                                            [DEBUG  ]  Ignoring file as matched an ignore pattern: BioIVT_ctrl1_1_5_S296_R2_001.fastq.gz
[2021-12-17 18:22:38,195] multiqc                                            [DEBUG  ]  Ignoring file as matched an ignore pattern: ctrl.1.1.5_output_forward_paired.fq.gz
[2021-12-17 18:22:38,196] multiqc                                            [DEBUG  ]  Ignoring file as matched an ignore pattern: ctrl.1.1.5_output_reverse_paired.fq.gz
[2021-12-17 18:22:38,238] multiqc                                            [DEBUG  ]  File ignored by hicexplorer because it exceeded search pattern filesize limit: ctrl.1.1.5_output_forward_paired_fastqc.html
[2021-12-17 18:22:38,256] multiqc                                            [DEBUG  ]  File ignored by longranger/invocation because it exceeded search pattern filesize limit: ctrl.1.1.5_output_forward_paired_fastqc.html
[2021-12-17 18:22:38,257] multiqc                                            [DEBUG  ]  File ignored by rockhopper because it exceeded search pattern filesize limit: ctrl.1.1.5_output_forward_paired_fastqc.html
[2021-12-17 18:22:38,257] multiqc                                            [DEBUG  ]  File ignored by rseqc/bam_stat because it exceeded search pattern filesize limit: ctrl.1.1.5_output_forward_paired_fastqc.html
[2021-12-17 18:22:38,257] multiqc                                            [DEBUG  ]  File ignored by rseqc/junction_annotation because it exceeded search pattern filesize limit: ctrl.1.1.5_output_forward_paired_fastqc.html
[2021-12-17 18:22:38,257] multiqc                                            [DEBUG  ]  File ignored by rseqc/read_distribution because it exceeded search pattern filesize limit: ctrl.1.1.5_output_forward_paired_fastqc.html
[2021-12-17 18:22:38,257] multiqc                                            [DEBUG  ]  File ignored by rseqc/infer_experiment because it exceeded search pattern filesize limit: ctrl.1.1.5_output_forward_paired_fastqc.html
[2021-12-17 18:22:38,420] multiqc                                            [DEBUG  ]  File ignored by hicexplorer because it exceeded search pattern filesize limit: ctrl.1.1.5_output_reverse_paired_fastqc.html
[2021-12-17 18:22:38,433] multiqc                                            [DEBUG  ]  File ignored by longranger/invocation because it exceeded search pattern filesize limit: ctrl.1.1.5_output_reverse_paired_fastqc.html
[2021-12-17 18:22:38,433] multiqc                                            [DEBUG  ]  File ignored by rockhopper because it exceeded search pattern filesize limit: ctrl.1.1.5_output_reverse_paired_fastqc.html
[2021-12-17 18:22:38,433] multiqc                                            [DEBUG  ]  File ignored by rseqc/bam_stat because it exceeded search pattern filesize limit: ctrl.1.1.5_output_reverse_paired_fastqc.html
[2021-12-17 18:22:38,433] multiqc                                            [DEBUG  ]  File ignored by rseqc/junction_annotation because it exceeded search pattern filesize limit: ctrl.1.1.5_output_reverse_paired_fastqc.html
[2021-12-17 18:22:38,433] multiqc                                            [DEBUG  ]  File ignored by rseqc/read_distribution because it exceeded search pattern filesize limit: ctrl.1.1.5_output_reverse_paired_fastqc.html
[2021-12-17 18:22:38,434] multiqc                                            [DEBUG  ]  File ignored by rseqc/infer_experiment because it exceeded search pattern filesize limit: ctrl.1.1.5_output_reverse_paired_fastqc.html
[2021-12-17 18:22:38,733] multiqc                                            [DEBUG  ]  File ignored by hicexplorer because it exceeded search pattern filesize limit: salmon_quant.log
[2021-12-17 18:22:38,748] multiqc                                            [DEBUG  ]  File ignored by longranger/invocation because it exceeded search pattern filesize limit: salmon_quant.log
[2021-12-17 18:22:38,944] multiqc                                            [DEBUG  ]  File ignored by hicexplorer because it exceeded search pattern filesize limit: ambig_info.tsv
[2021-12-17 18:22:38,957] multiqc                                            [DEBUG  ]  File ignored by longranger/invocation because it exceeded search pattern filesize limit: ambig_info.tsv
[2021-12-17 18:22:38,957] multiqc                                            [DEBUG  ]  File ignored by rockhopper because it exceeded search pattern filesize limit: ambig_info.tsv
[2021-12-17 18:22:38,957] multiqc                                            [DEBUG  ]  File ignored by rseqc/bam_stat because it exceeded search pattern filesize limit: ambig_info.tsv
[2021-12-17 18:22:38,957] multiqc                                            [DEBUG  ]  File ignored by rseqc/junction_annotation because it exceeded search pattern filesize limit: ambig_info.tsv
[2021-12-17 18:22:38,957] multiqc                                            [DEBUG  ]  File ignored by rseqc/read_distribution because it exceeded search pattern filesize limit: ambig_info.tsv
[2021-12-17 18:22:38,958] multiqc                                            [DEBUG  ]  File ignored by rseqc/infer_experiment because it exceeded search pattern filesize limit: ambig_info.tsv
[2021-12-17 18:22:44,444] multiqc                                            [DEBUG  ]  File ignored by hicexplorer because it exceeded search pattern filesize limit: salmon_quant.log
[2021-12-17 18:22:44,455] multiqc                                            [DEBUG  ]  File ignored by longranger/invocation because it exceeded search pattern filesize limit: salmon_quant.log
[2021-12-17 18:22:44,797] multiqc                                            [DEBUG  ]  Ignoring file as matched an ignore pattern: BioIVT_ctrl1_2_0_S299_R1_001.fastq.gz
[2021-12-17 18:22:44,798] multiqc                                            [DEBUG  ]  Ignoring file as matched an ignore pattern: BioIVT_ctrl1_2_0_S299_R2_001.fastq.gz
[2021-12-17 18:22:44,798] multiqc                                            [DEBUG  ]  Ignoring file as matched an ignore pattern: ctrl.1.2.0_output_forward_paired.fq.gz
[2021-12-17 18:22:44,799] multiqc                                            [DEBUG  ]  Ignoring file as matched an ignore pattern: ctrl.1.2.0_output_reverse_paired.fq.gz
[2021-12-17 18:22:44,830] multiqc                                            [DEBUG  ]  File ignored by hicexplorer because it exceeded search pattern filesize limit: ctrl.1.2.0_output_reverse_paired_fastqc.html
[2021-12-17 18:22:44,842] multiqc                                            [DEBUG  ]  File ignored by longranger/invocation because it exceeded search pattern filesize limit: ctrl.1.2.0_output_reverse_paired_fastqc.html
[2021-12-17 18:22:44,842] multiqc                                            [DEBUG  ]  File ignored by rockhopper because it exceeded search pattern filesize limit: ctrl.1.2.0_output_reverse_paired_fastqc.html
[2021-12-17 18:22:44,842] multiqc                                            [DEBUG  ]  File ignored by rseqc/bam_stat because it exceeded search pattern filesize limit: ctrl.1.2.0_output_reverse_paired_fastqc.html
[2021-12-17 18:22:44,843] multiqc                                            [DEBUG  ]  File ignored by rseqc/junction_annotation because it exceeded search pattern filesize limit: ctrl.1.2.0_output_reverse_paired_fastqc.html
[2021-12-17 18:22:44,843] multiqc                                            [DEBUG  ]  File ignored by rseqc/read_distribution because it exceeded search pattern filesize limit: ctrl.1.2.0_output_reverse_paired_fastqc.html
[2021-12-17 18:22:44,843] multiqc                                            [DEBUG  ]  File ignored by rseqc/infer_experiment because it exceeded search pattern filesize limit: ctrl.1.2.0_output_reverse_paired_fastqc.html
[2021-12-17 18:22:44,995] multiqc                                            [DEBUG  ]  File ignored by hicexplorer because it exceeded search pattern filesize limit: ctrl.1.2.0_output_forward_paired_fastqc.html
[2021-12-17 18:22:45,006] multiqc                                            [DEBUG  ]  File ignored by longranger/invocation because it exceeded search pattern filesize limit: ctrl.1.2.0_output_forward_paired_fastqc.html
[2021-12-17 18:22:45,006] multiqc                                            [DEBUG  ]  File ignored by rockhopper because it exceeded search pattern filesize limit: ctrl.1.2.0_output_forward_paired_fastqc.html
[2021-12-17 18:22:45,006] multiqc                                            [DEBUG  ]  File ignored by rseqc/bam_stat because it exceeded search pattern filesize limit: ctrl.1.2.0_output_forward_paired_fastqc.html
[2021-12-17 18:22:45,007] multiqc                                            [DEBUG  ]  File ignored by rseqc/junction_annotation because it exceeded search pattern filesize limit: ctrl.1.2.0_output_forward_paired_fastqc.html
[2021-12-17 18:22:45,007] multiqc                                            [DEBUG  ]  File ignored by rseqc/read_distribution because it exceeded search pattern filesize limit: ctrl.1.2.0_output_forward_paired_fastqc.html
[2021-12-17 18:22:45,007] multiqc                                            [DEBUG  ]  File ignored by rseqc/infer_experiment because it exceeded search pattern filesize limit: ctrl.1.2.0_output_forward_paired_fastqc.html
[2021-12-17 18:22:45,265] multiqc                                            [DEBUG  ]  File ignored by hicexplorer because it exceeded search pattern filesize limit: salmon_quant.log
[2021-12-17 18:22:45,277] multiqc                                            [DEBUG  ]  File ignored by longranger/invocation because it exceeded search pattern filesize limit: salmon_quant.log
[2021-12-17 18:22:45,432] multiqc                                            [DEBUG  ]  File ignored by hicexplorer because it exceeded search pattern filesize limit: ambig_info.tsv
[2021-12-17 18:22:45,443] multiqc                                            [DEBUG  ]  File ignored by longranger/invocation because it exceeded search pattern filesize limit: ambig_info.tsv
[2021-12-17 18:22:45,443] multiqc                                            [DEBUG  ]  File ignored by rockhopper because it exceeded search pattern filesize limit: ambig_info.tsv
[2021-12-17 18:22:45,443] multiqc                                            [DEBUG  ]  File ignored by rseqc/bam_stat because it exceeded search pattern filesize limit: ambig_info.tsv
[2021-12-17 18:22:45,444] multiqc                                            [DEBUG  ]  File ignored by rseqc/junction_annotation because it exceeded search pattern filesize limit: ambig_info.tsv
[2021-12-17 18:22:45,444] multiqc                                            [DEBUG  ]  File ignored by rseqc/read_distribution because it exceeded search pattern filesize limit: ambig_info.tsv
[2021-12-17 18:22:45,444] multiqc                                            [DEBUG  ]  File ignored by rseqc/infer_experiment because it exceeded search pattern filesize limit: ambig_info.tsv
[2021-12-17 18:22:50,773] multiqc                                            [DEBUG  ]  File ignored by hicexplorer because it exceeded search pattern filesize limit: salmon_quant.log
[2021-12-17 18:22:50,784] multiqc                                            [DEBUG  ]  File ignored by longranger/invocation because it exceeded search pattern filesize limit: salmon_quant.log
[2021-12-17 18:22:51,126] multiqc                                            [DEBUG  ]  Ignoring file as matched an ignore pattern: BioIVT_ctrl1_3_0_S297_R1_001.fastq.gz
[2021-12-17 18:22:51,126] multiqc                                            [DEBUG  ]  Ignoring file as matched an ignore pattern: BioIVT_ctrl1_3_0_S297_R2_001.fastq.gz
[2021-12-17 18:22:51,127] multiqc                                            [DEBUG  ]  Ignoring file as matched an ignore pattern: ctrl.1.3.0_output_forward_paired.fq.gz
[2021-12-17 18:22:51,127] multiqc                                            [DEBUG  ]  Ignoring file as matched an ignore pattern: ctrl.1.3.0_output_reverse_paired.fq.gz
[2021-12-17 18:22:51,156] multiqc                                            [DEBUG  ]  File ignored by hicexplorer because it exceeded search pattern filesize limit: ctrl.1.3.0_output_reverse_paired_fastqc.html
[2021-12-17 18:22:51,168] multiqc                                            [DEBUG  ]  File ignored by longranger/invocation because it exceeded search pattern filesize limit: ctrl.1.3.0_output_reverse_paired_fastqc.html
[2021-12-17 18:22:51,168] multiqc                                            [DEBUG  ]  File ignored by rockhopper because it exceeded search pattern filesize limit: ctrl.1.3.0_output_reverse_paired_fastqc.html
[2021-12-17 18:22:51,168] multiqc                                            [DEBUG  ]  File ignored by rseqc/bam_stat because it exceeded search pattern filesize limit: ctrl.1.3.0_output_reverse_paired_fastqc.html
[2021-12-17 18:22:51,168] multiqc                                            [DEBUG  ]  File ignored by rseqc/junction_annotation because it exceeded search pattern filesize limit: ctrl.1.3.0_output_reverse_paired_fastqc.html
[2021-12-17 18:22:51,168] multiqc                                            [DEBUG  ]  File ignored by rseqc/read_distribution because it exceeded search pattern filesize limit: ctrl.1.3.0_output_reverse_paired_fastqc.html
[2021-12-17 18:22:51,168] multiqc                                            [DEBUG  ]  File ignored by rseqc/infer_experiment because it exceeded search pattern filesize limit: ctrl.1.3.0_output_reverse_paired_fastqc.html
[2021-12-17 18:22:51,320] multiqc                                            [DEBUG  ]  File ignored by hicexplorer because it exceeded search pattern filesize limit: ctrl.1.3.0_output_forward_paired_fastqc.html
[2021-12-17 18:22:51,331] multiqc                                            [DEBUG  ]  File ignored by longranger/invocation because it exceeded search pattern filesize limit: ctrl.1.3.0_output_forward_paired_fastqc.html
[2021-12-17 18:22:51,331] multiqc                                            [DEBUG  ]  File ignored by rockhopper because it exceeded search pattern filesize limit: ctrl.1.3.0_output_forward_paired_fastqc.html
[2021-12-17 18:22:51,331] multiqc                                            [DEBUG  ]  File ignored by rseqc/bam_stat because it exceeded search pattern filesize limit: ctrl.1.3.0_output_forward_paired_fastqc.html
[2021-12-17 18:22:51,331] multiqc                                            [DEBUG  ]  File ignored by rseqc/junction_annotation because it exceeded search pattern filesize limit: ctrl.1.3.0_output_forward_paired_fastqc.html
[2021-12-17 18:22:51,331] multiqc                                            [DEBUG  ]  File ignored by rseqc/read_distribution because it exceeded search pattern filesize limit: ctrl.1.3.0_output_forward_paired_fastqc.html
[2021-12-17 18:22:51,331] multiqc                                            [DEBUG  ]  File ignored by rseqc/infer_experiment because it exceeded search pattern filesize limit: ctrl.1.3.0_output_forward_paired_fastqc.html
[2021-12-17 18:22:51,595] multiqc                                            [DEBUG  ]  File ignored by hicexplorer because it exceeded search pattern filesize limit: salmon_quant.log
[2021-12-17 18:22:51,606] multiqc                                            [DEBUG  ]  File ignored by longranger/invocation because it exceeded search pattern filesize limit: salmon_quant.log
[2021-12-17 18:22:51,764] multiqc                                            [DEBUG  ]  File ignored by hicexplorer because it exceeded search pattern filesize limit: ambig_info.tsv
[2021-12-17 18:22:51,775] multiqc                                            [DEBUG  ]  File ignored by longranger/invocation because it exceeded search pattern filesize limit: ambig_info.tsv
[2021-12-17 18:22:51,775] multiqc                                            [DEBUG  ]  File ignored by rockhopper because it exceeded search pattern filesize limit: ambig_info.tsv
[2021-12-17 18:22:51,775] multiqc                                            [DEBUG  ]  File ignored by rseqc/bam_stat because it exceeded search pattern filesize limit: ambig_info.tsv
[2021-12-17 18:22:51,775] multiqc                                            [DEBUG  ]  File ignored by rseqc/junction_annotation because it exceeded search pattern filesize limit: ambig_info.tsv
[2021-12-17 18:22:51,775] multiqc                                            [DEBUG  ]  File ignored by rseqc/read_distribution because it exceeded search pattern filesize limit: ambig_info.tsv
[2021-12-17 18:22:51,776] multiqc                                            [DEBUG  ]  File ignored by rseqc/infer_experiment because it exceeded search pattern filesize limit: ambig_info.tsv
[2021-12-17 18:22:57,081] multiqc                                            [DEBUG  ]  File ignored by hicexplorer because it exceeded search pattern filesize limit: salmon_quant.log
[2021-12-17 18:22:57,093] multiqc                                            [DEBUG  ]  File ignored by longranger/invocation because it exceeded search pattern filesize limit: salmon_quant.log
[2021-12-17 18:22:57,488] multiqc                                            [DEBUG  ]  Ignoring file as matched an ignore pattern: BioIVT_ctrl1_5_0_S298_R1_001.fastq.gz
[2021-12-17 18:22:57,488] multiqc                                            [DEBUG  ]  Ignoring file as matched an ignore pattern: BioIVT_ctrl1_5_0_S298_R2_001.fastq.gz
[2021-12-17 18:22:57,489] multiqc                                            [DEBUG  ]  Ignoring file as matched an ignore pattern: ctrl.1.5.0_output_forward_paired.fq.gz
[2021-12-17 18:22:57,489] multiqc                                            [DEBUG  ]  Ignoring file as matched an ignore pattern: ctrl.1.5.0_output_reverse_paired.fq.gz
[2021-12-17 18:22:57,523] multiqc                                            [DEBUG  ]  File ignored by hicexplorer because it exceeded search pattern filesize limit: ctrl.1.5.0_output_forward_paired_fastqc.html
[2021-12-17 18:22:57,536] multiqc                                            [DEBUG  ]  File ignored by longranger/invocation because it exceeded search pattern filesize limit: ctrl.1.5.0_output_forward_paired_fastqc.html
[2021-12-17 18:22:57,537] multiqc                                            [DEBUG  ]  File ignored by rockhopper because it exceeded search pattern filesize limit: ctrl.1.5.0_output_forward_paired_fastqc.html
[2021-12-17 18:22:57,537] multiqc                                            [DEBUG  ]  File ignored by rseqc/bam_stat because it exceeded search pattern filesize limit: ctrl.1.5.0_output_forward_paired_fastqc.html
[2021-12-17 18:22:57,537] multiqc                                            [DEBUG  ]  File ignored by rseqc/junction_annotation because it exceeded search pattern filesize limit: ctrl.1.5.0_output_forward_paired_fastqc.html
[2021-12-17 18:22:57,537] multiqc                                            [DEBUG  ]  File ignored by rseqc/read_distribution because it exceeded search pattern filesize limit: ctrl.1.5.0_output_forward_paired_fastqc.html
[2021-12-17 18:22:57,537] multiqc                                            [DEBUG  ]  File ignored by rseqc/infer_experiment because it exceeded search pattern filesize limit: ctrl.1.5.0_output_forward_paired_fastqc.html
[2021-12-17 18:22:57,707] multiqc                                            [DEBUG  ]  File ignored by hicexplorer because it exceeded search pattern filesize limit: ctrl.1.5.0_output_reverse_paired_fastqc.html
[2021-12-17 18:22:57,722] multiqc                                            [DEBUG  ]  File ignored by longranger/invocation because it exceeded search pattern filesize limit: ctrl.1.5.0_output_reverse_paired_fastqc.html
[2021-12-17 18:22:57,723] multiqc                                            [DEBUG  ]  File ignored by rockhopper because it exceeded search pattern filesize limit: ctrl.1.5.0_output_reverse_paired_fastqc.html
[2021-12-17 18:22:57,723] multiqc                                            [DEBUG  ]  File ignored by rseqc/bam_stat because it exceeded search pattern filesize limit: ctrl.1.5.0_output_reverse_paired_fastqc.html
[2021-12-17 18:22:57,723] multiqc                                            [DEBUG  ]  File ignored by rseqc/junction_annotation because it exceeded search pattern filesize limit: ctrl.1.5.0_output_reverse_paired_fastqc.html
[2021-12-17 18:22:57,723] multiqc                                            [DEBUG  ]  File ignored by rseqc/read_distribution because it exceeded search pattern filesize limit: ctrl.1.5.0_output_reverse_paired_fastqc.html
[2021-12-17 18:22:57,723] multiqc                                            [DEBUG  ]  File ignored by rseqc/infer_experiment because it exceeded search pattern filesize limit: ctrl.1.5.0_output_reverse_paired_fastqc.html
[2021-12-17 18:22:58,048] multiqc                                            [DEBUG  ]  File ignored by hicexplorer because it exceeded search pattern filesize limit: salmon_quant.log
[2021-12-17 18:22:58,061] multiqc                                            [DEBUG  ]  File ignored by longranger/invocation because it exceeded search pattern filesize limit: salmon_quant.log
[2021-12-17 18:22:58,232] multiqc                                            [DEBUG  ]  File ignored by hicexplorer because it exceeded search pattern filesize limit: ambig_info.tsv
[2021-12-17 18:22:58,246] multiqc                                            [DEBUG  ]  File ignored by longranger/invocation because it exceeded search pattern filesize limit: ambig_info.tsv
[2021-12-17 18:22:58,247] multiqc                                            [DEBUG  ]  File ignored by rockhopper because it exceeded search pattern filesize limit: ambig_info.tsv
[2021-12-17 18:22:58,247] multiqc                                            [DEBUG  ]  File ignored by rseqc/bam_stat because it exceeded search pattern filesize limit: ambig_info.tsv
[2021-12-17 18:22:58,247] multiqc                                            [DEBUG  ]  File ignored by rseqc/junction_annotation because it exceeded search pattern filesize limit: ambig_info.tsv
[2021-12-17 18:22:58,247] multiqc                                            [DEBUG  ]  File ignored by rseqc/read_distribution because it exceeded search pattern filesize limit: ambig_info.tsv
[2021-12-17 18:22:58,247] multiqc                                            [DEBUG  ]  File ignored by rseqc/infer_experiment because it exceeded search pattern filesize limit: ambig_info.tsv
[2021-12-17 18:23:03,926] multiqc                                            [DEBUG  ]  File ignored by hicexplorer because it exceeded search pattern filesize limit: salmon_quant.log
[2021-12-17 18:23:03,940] multiqc                                            [DEBUG  ]  File ignored by longranger/invocation because it exceeded search pattern filesize limit: salmon_quant.log
[2021-12-17 18:23:04,379] multiqc                                            [DEBUG  ]  Ignoring file as matched an ignore pattern: BioIVT_ctrl2_3_4_S300_R1_001.fastq.gz
[2021-12-17 18:23:04,379] multiqc                                            [DEBUG  ]  Ignoring file as matched an ignore pattern: BioIVT_ctrl2_3_4_S300_R2_001.fastq.gz
[2021-12-17 18:23:04,379] multiqc                                            [DEBUG  ]  Ignoring file as matched an ignore pattern: ctrl.2.3.4_output_forward_paired.fq.gz
[2021-12-17 18:23:04,380] multiqc                                            [DEBUG  ]  Ignoring file as matched an ignore pattern: ctrl.2.3.4_output_reverse_paired.fq.gz
[2021-12-17 18:23:04,420] multiqc                                            [DEBUG  ]  File ignored by hicexplorer because it exceeded search pattern filesize limit: ctrl.2.3.4_output_forward_paired_fastqc.html
[2021-12-17 18:23:04,439] multiqc                                            [DEBUG  ]  File ignored by longranger/invocation because it exceeded search pattern filesize limit: ctrl.2.3.4_output_forward_paired_fastqc.html
[2021-12-17 18:23:04,439] multiqc                                            [DEBUG  ]  File ignored by rockhopper because it exceeded search pattern filesize limit: ctrl.2.3.4_output_forward_paired_fastqc.html
[2021-12-17 18:23:04,439] multiqc                                            [DEBUG  ]  File ignored by rseqc/bam_stat because it exceeded search pattern filesize limit: ctrl.2.3.4_output_forward_paired_fastqc.html
[2021-12-17 18:23:04,439] multiqc                                            [DEBUG  ]  File ignored by rseqc/junction_annotation because it exceeded search pattern filesize limit: ctrl.2.3.4_output_forward_paired_fastqc.html
[2021-12-17 18:23:04,440] multiqc                                            [DEBUG  ]  File ignored by rseqc/read_distribution because it exceeded search pattern filesize limit: ctrl.2.3.4_output_forward_paired_fastqc.html
[2021-12-17 18:23:04,440] multiqc                                            [DEBUG  ]  File ignored by rseqc/infer_experiment because it exceeded search pattern filesize limit: ctrl.2.3.4_output_forward_paired_fastqc.html
[2021-12-17 18:23:04,607] multiqc                                            [DEBUG  ]  File ignored by hicexplorer because it exceeded search pattern filesize limit: ctrl.2.3.4_output_reverse_paired_fastqc.html
[2021-12-17 18:23:04,623] multiqc                                            [DEBUG  ]  File ignored by longranger/invocation because it exceeded search pattern filesize limit: ctrl.2.3.4_output_reverse_paired_fastqc.html
[2021-12-17 18:23:04,624] multiqc                                            [DEBUG  ]  File ignored by rockhopper because it exceeded search pattern filesize limit: ctrl.2.3.4_output_reverse_paired_fastqc.html
[2021-12-17 18:23:04,624] multiqc                                            [DEBUG  ]  File ignored by rseqc/bam_stat because it exceeded search pattern filesize limit: ctrl.2.3.4_output_reverse_paired_fastqc.html
[2021-12-17 18:23:04,624] multiqc                                            [DEBUG  ]  File ignored by rseqc/junction_annotation because it exceeded search pattern filesize limit: ctrl.2.3.4_output_reverse_paired_fastqc.html
[2021-12-17 18:23:04,624] multiqc                                            [DEBUG  ]  File ignored by rseqc/read_distribution because it exceeded search pattern filesize limit: ctrl.2.3.4_output_reverse_paired_fastqc.html
[2021-12-17 18:23:04,624] multiqc                                            [DEBUG  ]  File ignored by rseqc/infer_experiment because it exceeded search pattern filesize limit: ctrl.2.3.4_output_reverse_paired_fastqc.html
[2021-12-17 18:23:04,929] multiqc                                            [DEBUG  ]  File ignored by hicexplorer because it exceeded search pattern filesize limit: salmon_quant.log
[2021-12-17 18:23:04,943] multiqc                                            [DEBUG  ]  File ignored by longranger/invocation because it exceeded search pattern filesize limit: salmon_quant.log
[2021-12-17 18:23:05,116] multiqc                                            [DEBUG  ]  File ignored by hicexplorer because it exceeded search pattern filesize limit: ambig_info.tsv
[2021-12-17 18:23:05,131] multiqc                                            [DEBUG  ]  File ignored by longranger/invocation because it exceeded search pattern filesize limit: ambig_info.tsv
[2021-12-17 18:23:05,132] multiqc                                            [DEBUG  ]  File ignored by rockhopper because it exceeded search pattern filesize limit: ambig_info.tsv
[2021-12-17 18:23:05,132] multiqc                                            [DEBUG  ]  File ignored by rseqc/bam_stat because it exceeded search pattern filesize limit: ambig_info.tsv
[2021-12-17 18:23:05,132] multiqc                                            [DEBUG  ]  File ignored by rseqc/junction_annotation because it exceeded search pattern filesize limit: ambig_info.tsv
[2021-12-17 18:23:05,132] multiqc                                            [DEBUG  ]  File ignored by rseqc/read_distribution because it exceeded search pattern filesize limit: ambig_info.tsv
[2021-12-17 18:23:05,132] multiqc                                            [DEBUG  ]  File ignored by rseqc/infer_experiment because it exceeded search pattern filesize limit: ambig_info.tsv
[2021-12-17 18:23:05,255] multiqc                                            [DEBUG  ]  File ignored by stacks/sumstats because it exceeded search pattern filesize limit: ambig_info.tsv
[2021-12-17 18:23:10,873] multiqc                                            [DEBUG  ]  File ignored by hicexplorer because it exceeded search pattern filesize limit: salmon_quant.log
[2021-12-17 18:23:10,899] multiqc                                            [DEBUG  ]  File ignored by longranger/invocation because it exceeded search pattern filesize limit: salmon_quant.log
[2021-12-17 18:23:11,588] multiqc                                            [DEBUG  ]  Ignoring file as matched an ignore pattern: BioIVT_ctrl3_2-5_S87_R1_001.fastq.gz
[2021-12-17 18:23:11,588] multiqc                                            [DEBUG  ]  Ignoring file as matched an ignore pattern: BioIVT_ctrl3_2-5_S87_R2_001.fastq.gz
[2021-12-17 18:23:11,588] multiqc                                            [DEBUG  ]  Ignoring file as matched an ignore pattern: ctrl.3.2.5_output_forward_paired.fq.gz
[2021-12-17 18:23:11,589] multiqc                                            [DEBUG  ]  Ignoring file as matched an ignore pattern: ctrl.3.2.5_output_reverse_paired.fq.gz
[2021-12-17 18:23:11,628] multiqc                                            [DEBUG  ]  File ignored by hicexplorer because it exceeded search pattern filesize limit: ctrl.3.2.5_output_forward_paired_fastqc.html
[2021-12-17 18:23:11,642] multiqc                                            [DEBUG  ]  File ignored by longranger/invocation because it exceeded search pattern filesize limit: ctrl.3.2.5_output_forward_paired_fastqc.html
[2021-12-17 18:23:11,643] multiqc                                            [DEBUG  ]  File ignored by rockhopper because it exceeded search pattern filesize limit: ctrl.3.2.5_output_forward_paired_fastqc.html
[2021-12-17 18:23:11,643] multiqc                                            [DEBUG  ]  File ignored by rseqc/bam_stat because it exceeded search pattern filesize limit: ctrl.3.2.5_output_forward_paired_fastqc.html
[2021-12-17 18:23:11,643] multiqc                                            [DEBUG  ]  File ignored by rseqc/junction_annotation because it exceeded search pattern filesize limit: ctrl.3.2.5_output_forward_paired_fastqc.html
[2021-12-17 18:23:11,643] multiqc                                            [DEBUG  ]  File ignored by rseqc/read_distribution because it exceeded search pattern filesize limit: ctrl.3.2.5_output_forward_paired_fastqc.html
[2021-12-17 18:23:11,643] multiqc                                            [DEBUG  ]  File ignored by rseqc/infer_experiment because it exceeded search pattern filesize limit: ctrl.3.2.5_output_forward_paired_fastqc.html
[2021-12-17 18:23:11,800] multiqc                                            [DEBUG  ]  File ignored by hicexplorer because it exceeded search pattern filesize limit: ctrl.3.2.5_output_reverse_paired_fastqc.html
[2021-12-17 18:23:11,812] multiqc                                            [DEBUG  ]  File ignored by longranger/invocation because it exceeded search pattern filesize limit: ctrl.3.2.5_output_reverse_paired_fastqc.html
[2021-12-17 18:23:11,812] multiqc                                            [DEBUG  ]  File ignored by rockhopper because it exceeded search pattern filesize limit: ctrl.3.2.5_output_reverse_paired_fastqc.html
[2021-12-17 18:23:11,812] multiqc                                            [DEBUG  ]  File ignored by rseqc/bam_stat because it exceeded search pattern filesize limit: ctrl.3.2.5_output_reverse_paired_fastqc.html
[2021-12-17 18:23:11,813] multiqc                                            [DEBUG  ]  File ignored by rseqc/junction_annotation because it exceeded search pattern filesize limit: ctrl.3.2.5_output_reverse_paired_fastqc.html
[2021-12-17 18:23:11,813] multiqc                                            [DEBUG  ]  File ignored by rseqc/read_distribution because it exceeded search pattern filesize limit: ctrl.3.2.5_output_reverse_paired_fastqc.html
[2021-12-17 18:23:11,813] multiqc                                            [DEBUG  ]  File ignored by rseqc/infer_experiment because it exceeded search pattern filesize limit: ctrl.3.2.5_output_reverse_paired_fastqc.html
[2021-12-17 18:23:12,081] multiqc                                            [DEBUG  ]  File ignored by hicexplorer because it exceeded search pattern filesize limit: salmon_quant.log
[2021-12-17 18:23:12,092] multiqc                                            [DEBUG  ]  File ignored by longranger/invocation because it exceeded search pattern filesize limit: salmon_quant.log
[2021-12-17 18:23:12,227] multiqc                                            [DEBUG  ]  File ignored by hicexplorer because it exceeded search pattern filesize limit: ambig_info.tsv
[2021-12-17 18:23:12,237] multiqc                                            [DEBUG  ]  File ignored by longranger/invocation because it exceeded search pattern filesize limit: ambig_info.tsv
[2021-12-17 18:23:12,237] multiqc                                            [DEBUG  ]  File ignored by rockhopper because it exceeded search pattern filesize limit: ambig_info.tsv
[2021-12-17 18:23:12,237] multiqc                                            [DEBUG  ]  File ignored by rseqc/bam_stat because it exceeded search pattern filesize limit: ambig_info.tsv
[2021-12-17 18:23:12,237] multiqc                                            [DEBUG  ]  File ignored by rseqc/junction_annotation because it exceeded search pattern filesize limit: ambig_info.tsv
[2021-12-17 18:23:12,237] multiqc                                            [DEBUG  ]  File ignored by rseqc/read_distribution because it exceeded search pattern filesize limit: ambig_info.tsv
[2021-12-17 18:23:12,238] multiqc                                            [DEBUG  ]  File ignored by rseqc/infer_experiment because it exceeded search pattern filesize limit: ambig_info.tsv
[2021-12-17 18:23:12,352] multiqc                                            [DEBUG  ]  File ignored by stacks/sumstats because it exceeded search pattern filesize limit: ambig_info.tsv
[2021-12-17 18:23:17,348] multiqc                                            [DEBUG  ]  File ignored by hicexplorer because it exceeded search pattern filesize limit: salmon_quant.log
[2021-12-17 18:23:17,359] multiqc                                            [DEBUG  ]  File ignored by longranger/invocation because it exceeded search pattern filesize limit: salmon_quant.log
[2021-12-17 18:23:18,371] multiqc.plots.bargraph                             [DEBUG  ]  Using matplotlib version 3.1.3
[2021-12-17 18:23:18,373] multiqc.plots.linegraph                            [DEBUG  ]  Using matplotlib version 3.1.3
[2021-12-17 18:23:18,376] multiqc                                            [DEBUG  ]  No samples found: custom_content
[2021-12-17 18:23:18,385] multiqc                                            [DEBUG  ]  No samples found: conpair
[2021-12-17 18:23:18,394] multiqc                                            [DEBUG  ]  No samples found: peddy
[2021-12-17 18:23:18,403] multiqc                                            [DEBUG  ]  No samples found: somalier
[2021-12-17 18:23:18,412] multiqc                                            [DEBUG  ]  No samples found: methylQA
[2021-12-17 18:23:18,425] multiqc                                            [DEBUG  ]  No samples found: mosdepth
[2021-12-17 18:23:18,434] multiqc                                            [DEBUG  ]  No samples found: phantompeakqualtools
[2021-12-17 18:23:18,440] multiqc                                            [DEBUG  ]  No samples found: qualimap
[2021-12-17 18:23:18,449] multiqc                                            [DEBUG  ]  No samples found: preseq
[2021-12-17 18:23:18,457] multiqc                                            [DEBUG  ]  No samples found: quast
[2021-12-17 18:23:18,465] multiqc                                            [DEBUG  ]  No samples found: qorts
[2021-12-17 18:23:18,473] multiqc                                            [DEBUG  ]  No samples found: rna_seqc
[2021-12-17 18:23:18,482] multiqc                                            [DEBUG  ]  No samples found: rockhopper
[2021-12-17 18:23:18,490] multiqc                                            [DEBUG  ]  No samples found: rsem
[2021-12-17 18:23:18,507] multiqc                                            [DEBUG  ]  No samples found: rseqc
[2021-12-17 18:23:18,516] multiqc                                            [DEBUG  ]  No samples found: busco
[2021-12-17 18:23:18,525] multiqc                                            [DEBUG  ]  No samples found: goleft_indexcov
[2021-12-17 18:23:18,533] multiqc                                            [DEBUG  ]  No samples found: disambiguate
[2021-12-17 18:23:18,542] multiqc                                            [DEBUG  ]  No samples found: supernova
[2021-12-17 18:23:18,562] multiqc                                            [DEBUG  ]  No samples found: deeptools
[2021-12-17 18:23:18,571] multiqc                                            [DEBUG  ]  No samples found: sargasso
[2021-12-17 18:23:18,580] multiqc                                            [DEBUG  ]  No samples found: verifybamid
[2021-12-17 18:23:18,589] multiqc                                            [DEBUG  ]  No samples found: mirtrace
[2021-12-17 18:23:18,597] multiqc                                            [DEBUG  ]  No samples found: happy
[2021-12-17 18:23:18,606] multiqc                                            [DEBUG  ]  No samples found: mirtop
[2021-12-17 18:23:18,617] multiqc                                            [DEBUG  ]  No samples found: homer
[2021-12-17 18:23:18,626] multiqc                                            [DEBUG  ]  No samples found: macs2
[2021-12-17 18:23:18,635] multiqc                                            [DEBUG  ]  No samples found: theta2
[2021-12-17 18:23:18,643] multiqc                                            [DEBUG  ]  No samples found: snpeff
[2021-12-17 18:23:18,655] multiqc                                            [DEBUG  ]  No samples found: gatk
[2021-12-17 18:23:18,664] multiqc                                            [DEBUG  ]  No samples found: htseq
[2021-12-17 18:23:18,673] multiqc                                            [DEBUG  ]  No samples found: bcftools
[2021-12-17 18:23:18,682] multiqc                                            [DEBUG  ]  No samples found: featureCounts
[2021-12-17 18:23:18,693] multiqc                                            [DEBUG  ]  No samples found: fgbio
[2021-12-17 18:23:18,713] multiqc                                            [DEBUG  ]  No samples found: dragen
[2021-12-17 18:23:18,722] multiqc                                            [DEBUG  ]  No samples found: dedup
[2021-12-17 18:23:18,730] multiqc                                            [DEBUG  ]  No samples found: damageprofiler
[2021-12-17 18:23:18,764] multiqc                                            [DEBUG  ]  No samples found: biobambam2
[2021-12-17 18:23:18,773] multiqc                                            [DEBUG  ]  No samples found: mtnucratio
[2021-12-17 18:23:18,778] multiqc                                            [DEBUG  ]  No samples found: picard
[2021-12-17 18:23:18,787] multiqc                                            [DEBUG  ]  No samples found: prokka
[2021-12-17 18:23:18,795] multiqc                                            [DEBUG  ]  No samples found: samblaster
[2021-12-17 18:23:18,811] multiqc                                            [DEBUG  ]  No samples found: samtools
[2021-12-17 18:23:18,820] multiqc                                            [DEBUG  ]  No samples found: sexdeterrmine
[2021-12-17 18:23:18,829] multiqc                                            [DEBUG  ]  No samples found: bamtools
[2021-12-17 18:23:18,837] multiqc                                            [DEBUG  ]  No samples found: jellyfish
[2021-12-17 18:23:18,849] multiqc                                            [DEBUG  ]  No samples found: vcftools
[2021-12-17 18:23:18,858] multiqc                                            [DEBUG  ]  No samples found: longranger
[2021-12-17 18:23:18,865] multiqc                                            [DEBUG  ]  No samples found: stacks
[2021-12-17 18:23:18,873] multiqc                                            [DEBUG  ]  No samples found: varscan2
[2021-12-17 18:23:18,894] multiqc                                            [DEBUG  ]  No samples found: bbmap
[2021-12-17 18:23:18,903] multiqc                                            [DEBUG  ]  No samples found: bismark
[2021-12-17 18:23:18,911] multiqc                                            [DEBUG  ]  No samples found: biscuit
[2021-12-17 18:23:18,920] multiqc                                            [DEBUG  ]  No samples found: hicexplorer
[2021-12-17 18:23:18,929] multiqc                                            [DEBUG  ]  No samples found: hicup
[2021-12-17 18:23:18,937] multiqc                                            [DEBUG  ]  No samples found: hicpro
[2021-12-17 18:23:18,981] multiqc.modules.salmon.salmon                      [INFO   ]  Found 21 meta reports
[2021-12-17 18:23:18,983] multiqc.modules.salmon.salmon                      [INFO   ]  Found 14 fragment length distributions
[2021-12-17 18:23:19,136] multiqc                                            [DEBUG  ]  No samples found: kallisto
[2021-12-17 18:23:19,145] multiqc                                            [DEBUG  ]  No samples found: slamdunk
[2021-12-17 18:23:19,153] multiqc                                            [DEBUG  ]  No samples found: star
[2021-12-17 18:23:19,161] multiqc                                            [DEBUG  ]  No samples found: hisat2
[2021-12-17 18:23:19,169] multiqc                                            [DEBUG  ]  No samples found: tophat
[2021-12-17 18:23:19,178] multiqc                                            [DEBUG  ]  No samples found: bowtie2
[2021-12-17 18:23:19,186] multiqc                                            [DEBUG  ]  No samples found: bowtie1
[2021-12-17 18:23:19,194] multiqc                                            [DEBUG  ]  No samples found: snpsplit
[2021-12-17 18:23:19,202] multiqc                                            [DEBUG  ]  No samples found: kat
[2021-12-17 18:23:19,210] multiqc                                            [DEBUG  ]  No samples found: leehom
[2021-12-17 18:23:19,218] multiqc                                            [DEBUG  ]  No samples found: adapterRemoval
[2021-12-17 18:23:19,226] multiqc                                            [DEBUG  ]  No samples found: clipandmerge
[2021-12-17 18:23:19,235] multiqc                                            [DEBUG  ]  No samples found: cutadapt
[2021-12-17 18:23:19,244] multiqc                                            [DEBUG  ]  No samples found: flexbar
[2021-12-17 18:23:19,256] multiqc                                            [DEBUG  ]  No samples found: kaiju
[2021-12-17 18:23:19,269] multiqc                                            [DEBUG  ]  No samples found: kraken
[2021-12-17 18:23:19,282] multiqc                                            [DEBUG  ]  No samples found: malt
[2021-12-17 18:23:19,294] multiqc                                            [DEBUG  ]  No samples found: trimmomatic
[2021-12-17 18:23:19,307] multiqc                                            [DEBUG  ]  No samples found: sickle
[2021-12-17 18:23:19,318] multiqc                                            [DEBUG  ]  No samples found: skewer
[2021-12-17 18:23:19,326] multiqc                                            [DEBUG  ]  No samples found: sortmerna
[2021-12-17 18:23:19,335] multiqc                                            [DEBUG  ]  No samples found: biobloomtools
[2021-12-17 18:23:19,344] multiqc                                            [DEBUG  ]  No samples found: fastq_screen
[2021-12-17 18:23:19,353] multiqc                                            [DEBUG  ]  No samples found: afterqc
[2021-12-17 18:23:19,362] multiqc                                            [DEBUG  ]  No samples found: fastp
[2021-12-17 18:23:20,275] multiqc.modules.fastqc.fastqc                      [INFO   ]  Found 14 reports
[2021-12-17 18:23:20,544] multiqc                                            [DEBUG  ]  No samples found: pycoqc
[2021-12-17 18:23:20,553] multiqc                                            [DEBUG  ]  No samples found: minionqc
[2021-12-17 18:23:20,562] multiqc                                            [DEBUG  ]  No samples found: multivcfanalyzer
[2021-12-17 18:23:20,571] multiqc                                            [DEBUG  ]  No samples found: clusterflow
[2021-12-17 18:23:20,580] multiqc                                            [DEBUG  ]  No samples found: bcl2fastq
[2021-12-17 18:23:20,588] multiqc                                            [DEBUG  ]  No samples found: interop
[2021-12-17 18:23:20,597] multiqc                                            [DEBUG  ]  No samples found: ivar
[2021-12-17 18:23:20,605] multiqc                                            [DEBUG  ]  No samples found: flash
[2021-12-17 18:23:20,614] multiqc                                            [DEBUG  ]  No samples found: seqyclean
[2021-12-17 18:23:20,672] multiqc                                            [INFO   ]  Compressing plot data
[2021-12-17 18:23:21,455] multiqc                                            [INFO   ]  Report      : ../data/output_data/rna_qc/process.aware.salmon/multiqc.bioIvt_ctrl.2021-12-17-18.20.30-PST.html
[2021-12-17 18:23:21,455] multiqc                                            [INFO   ]  Data        : ../data/output_data/rna_qc/process.aware.salmon/multiqc.bioIvt_ctrl.2021-12-17-18.20.30-PST_data
[2021-12-17 18:23:21,456] multiqc                                            [DEBUG  ]  Moving data file from '/data/tmp/tmp9642z3x7/multiqc_data' to '/public/groups/kimlab/exRNA_disease_biomarkers//data/output_data/rna_qc/process.aware.salmon/multiqc.bioIvt_ctrl.2021-12-17-18.20.30-PST_data'
[2021-12-17 18:23:22,017] multiqc                                            [INFO   ]  MultiQC complete
