[2021-12-17 18:34:15,567] multiqc                                            [DEBUG  ]  No MultiQC config found: /public/groups/kimlab/.install_bin/anaconda3/lib/python3.7/site-packages/multiqc_config.yaml
[2021-12-17 18:34:15,567] multiqc                                            [DEBUG  ]  No MultiQC config found: /public/home/rreggiar/.multiqc_config.yaml
[2021-12-17 18:34:15,568] multiqc                                            [DEBUG  ]  No MultiQC config found: multiqc_config.yaml
[2021-12-17 18:34:15,568] multiqc                                            [DEBUG  ]  Command used: /public/groups/kimlab/.install_bin/anaconda3/bin/multiqc /public/groups/kimlab/exRNA_disease_biomarkers//data/input_data/pittsburgh_ctrl --filename multiqc.pittsburgh_ctrl.2021-12-17-18.28.51-PST -o /public/groups/kimlab/exRNA_disease_biomarkers//data/output_data/rna_qc/process.aware.salmon
[2021-12-17 18:34:16,312] multiqc                                            [WARNING]  MultiQC Version v1.11 now available!
[2021-12-17 18:34:16,312] multiqc                                            [INFO   ]  This is MultiQC v1.9
[2021-12-17 18:34:16,312] multiqc                                            [DEBUG  ]  Command     : /public/groups/kimlab/.install_bin/anaconda3/bin/multiqc /public/groups/kimlab/exRNA_disease_biomarkers//data/input_data/pittsburgh_ctrl --filename multiqc.pittsburgh_ctrl.2021-12-17-18.28.51-PST -o /public/groups/kimlab/exRNA_disease_biomarkers//data/output_data/rna_qc/process.aware.salmon
[2021-12-17 18:34:16,312] multiqc                                            [DEBUG  ]  Working dir : /public/groups/kimlab/exRNA_disease_biomarkers/bin
[2021-12-17 18:34:16,312] multiqc                                            [INFO   ]  Template    : default
[2021-12-17 18:34:16,312] multiqc                                            [DEBUG  ]  Running Python 3.7.6 (default, Jan  8 2020, 19:59:22)  [GCC 7.3.0]
[2021-12-17 18:34:16,312] multiqc                                            [INFO   ]  Searching   : /public/groups/kimlab/exRNA_disease_biomarkers/data/input_data/pittsburgh_ctrl
[2021-12-17 18:34:16,313] multiqc                                            [DEBUG  ]  Analysing modules: custom_content, conpair, peddy, somalier, methylQA, mosdepth, phantompeakqualtools, qualimap, preseq, quast, qorts, rna_seqc, rockhopper, rsem, rseqc, busco, goleft_indexcov, disambiguate, supernova, deeptools, sargasso, verifybamid, mirtrace, happy, mirtop, homer, macs2, theta2, snpeff, gatk, htseq, bcftools, featureCounts, fgbio, dragen, dedup, damageprofiler, biobambam2, mtnucratio, picard, prokka, samblaster, samtools, sexdeterrmine, bamtools, jellyfish, vcftools, longranger, stacks, varscan2, bbmap, bismark, biscuit, hicexplorer, hicup, hicpro, salmon, kallisto, slamdunk, star, hisat2, tophat, bowtie2, bowtie1, snpsplit, kat, leehom, adapterRemoval, clipandmerge, cutadapt, flexbar, kaiju, kraken, malt, trimmomatic, sickle, skewer, sortmerna, biobloomtools, fastq_screen, afterqc, fastp, fastqc, pycoqc, minionqc, multivcfanalyzer, clusterflow, bcl2fastq, interop, ivar, flash, seqyclean
[2021-12-17 18:34:16,314] multiqc                                            [DEBUG  ]  Using temporary directory for creating report: /data/tmp/tmpbrqd9nv0
[2021-12-17 18:34:17,476] multiqc                                            [DEBUG  ]  Ignoring file as matched an ignore pattern: PH623_S202_R1_001.fastq.gz
[2021-12-17 18:34:17,477] multiqc                                            [DEBUG  ]  Ignoring file as matched an ignore pattern: PH623_S202_R2_001.fastq.gz
[2021-12-17 18:34:17,477] multiqc                                            [DEBUG  ]  Ignoring file as matched an ignore pattern: ctrl.10.0.4_output_forward_paired.fq.gz
[2021-12-17 18:34:17,478] multiqc                                            [DEBUG  ]  Ignoring file as matched an ignore pattern: ctrl.10.0.4_output_reverse_paired.fq.gz
[2021-12-17 18:34:17,546] multiqc                                            [DEBUG  ]  File ignored by hicexplorer because it exceeded search pattern filesize limit: ctrl.10.0.4_output_forward_paired_fastqc.html
[2021-12-17 18:34:17,560] multiqc                                            [DEBUG  ]  File ignored by longranger/invocation because it exceeded search pattern filesize limit: ctrl.10.0.4_output_forward_paired_fastqc.html
[2021-12-17 18:34:17,560] multiqc                                            [DEBUG  ]  File ignored by rockhopper because it exceeded search pattern filesize limit: ctrl.10.0.4_output_forward_paired_fastqc.html
[2021-12-17 18:34:17,561] multiqc                                            [DEBUG  ]  File ignored by rseqc/bam_stat because it exceeded search pattern filesize limit: ctrl.10.0.4_output_forward_paired_fastqc.html
[2021-12-17 18:34:17,561] multiqc                                            [DEBUG  ]  File ignored by rseqc/junction_annotation because it exceeded search pattern filesize limit: ctrl.10.0.4_output_forward_paired_fastqc.html
[2021-12-17 18:34:17,561] multiqc                                            [DEBUG  ]  File ignored by rseqc/read_distribution because it exceeded search pattern filesize limit: ctrl.10.0.4_output_forward_paired_fastqc.html
[2021-12-17 18:34:17,561] multiqc                                            [DEBUG  ]  File ignored by rseqc/infer_experiment because it exceeded search pattern filesize limit: ctrl.10.0.4_output_forward_paired_fastqc.html
[2021-12-17 18:34:17,733] multiqc                                            [DEBUG  ]  File ignored by hicexplorer because it exceeded search pattern filesize limit: ctrl.10.0.4_output_reverse_paired_fastqc.html
[2021-12-17 18:34:17,747] multiqc                                            [DEBUG  ]  File ignored by longranger/invocation because it exceeded search pattern filesize limit: ctrl.10.0.4_output_reverse_paired_fastqc.html
[2021-12-17 18:34:17,747] multiqc                                            [DEBUG  ]  File ignored by rockhopper because it exceeded search pattern filesize limit: ctrl.10.0.4_output_reverse_paired_fastqc.html
[2021-12-17 18:34:17,747] multiqc                                            [DEBUG  ]  File ignored by rseqc/bam_stat because it exceeded search pattern filesize limit: ctrl.10.0.4_output_reverse_paired_fastqc.html
[2021-12-17 18:34:17,747] multiqc                                            [DEBUG  ]  File ignored by rseqc/junction_annotation because it exceeded search pattern filesize limit: ctrl.10.0.4_output_reverse_paired_fastqc.html
[2021-12-17 18:34:17,747] multiqc                                            [DEBUG  ]  File ignored by rseqc/read_distribution because it exceeded search pattern filesize limit: ctrl.10.0.4_output_reverse_paired_fastqc.html
[2021-12-17 18:34:17,748] multiqc                                            [DEBUG  ]  File ignored by rseqc/infer_experiment because it exceeded search pattern filesize limit: ctrl.10.0.4_output_reverse_paired_fastqc.html
[2021-12-17 18:34:18,055] multiqc                                            [DEBUG  ]  File ignored by hicexplorer because it exceeded search pattern filesize limit: salmon_quant.log
[2021-12-17 18:34:18,068] multiqc                                            [DEBUG  ]  File ignored by longranger/invocation because it exceeded search pattern filesize limit: salmon_quant.log
[2021-12-17 18:34:18,238] multiqc                                            [DEBUG  ]  File ignored by hicexplorer because it exceeded search pattern filesize limit: ambig_info.tsv
[2021-12-17 18:34:18,252] multiqc                                            [DEBUG  ]  File ignored by longranger/invocation because it exceeded search pattern filesize limit: ambig_info.tsv
[2021-12-17 18:34:18,252] multiqc                                            [DEBUG  ]  File ignored by rockhopper because it exceeded search pattern filesize limit: ambig_info.tsv
[2021-12-17 18:34:18,252] multiqc                                            [DEBUG  ]  File ignored by rseqc/bam_stat because it exceeded search pattern filesize limit: ambig_info.tsv
[2021-12-17 18:34:18,252] multiqc                                            [DEBUG  ]  File ignored by rseqc/junction_annotation because it exceeded search pattern filesize limit: ambig_info.tsv
[2021-12-17 18:34:18,253] multiqc                                            [DEBUG  ]  File ignored by rseqc/read_distribution because it exceeded search pattern filesize limit: ambig_info.tsv
[2021-12-17 18:34:18,253] multiqc                                            [DEBUG  ]  File ignored by rseqc/infer_experiment because it exceeded search pattern filesize limit: ambig_info.tsv
[2021-12-17 18:34:23,496] multiqc                                            [DEBUG  ]  File ignored by hicexplorer because it exceeded search pattern filesize limit: salmon_quant.log
[2021-12-17 18:34:23,514] multiqc                                            [DEBUG  ]  File ignored by longranger/invocation because it exceeded search pattern filesize limit: salmon_quant.log
[2021-12-17 18:34:23,939] multiqc                                            [DEBUG  ]  Ignoring file as matched an ignore pattern: PH625_S203_R1_001.fastq.gz
[2021-12-17 18:34:23,939] multiqc                                            [DEBUG  ]  Ignoring file as matched an ignore pattern: PH625_S203_R2_001.fastq.gz
[2021-12-17 18:34:23,939] multiqc                                            [DEBUG  ]  Ignoring file as matched an ignore pattern: ctrl.11.1.1_output_forward_paired.fq.gz
[2021-12-17 18:34:23,940] multiqc                                            [DEBUG  ]  Ignoring file as matched an ignore pattern: ctrl.11.1.1_output_reverse_paired.fq.gz
[2021-12-17 18:34:23,976] multiqc                                            [DEBUG  ]  File ignored by hicexplorer because it exceeded search pattern filesize limit: ctrl.11.1.1_output_forward_paired_fastqc.html
[2021-12-17 18:34:23,990] multiqc                                            [DEBUG  ]  File ignored by longranger/invocation because it exceeded search pattern filesize limit: ctrl.11.1.1_output_forward_paired_fastqc.html
[2021-12-17 18:34:23,990] multiqc                                            [DEBUG  ]  File ignored by rockhopper because it exceeded search pattern filesize limit: ctrl.11.1.1_output_forward_paired_fastqc.html
[2021-12-17 18:34:23,991] multiqc                                            [DEBUG  ]  File ignored by rseqc/bam_stat because it exceeded search pattern filesize limit: ctrl.11.1.1_output_forward_paired_fastqc.html
[2021-12-17 18:34:23,991] multiqc                                            [DEBUG  ]  File ignored by rseqc/junction_annotation because it exceeded search pattern filesize limit: ctrl.11.1.1_output_forward_paired_fastqc.html
[2021-12-17 18:34:23,991] multiqc                                            [DEBUG  ]  File ignored by rseqc/read_distribution because it exceeded search pattern filesize limit: ctrl.11.1.1_output_forward_paired_fastqc.html
[2021-12-17 18:34:23,991] multiqc                                            [DEBUG  ]  File ignored by rseqc/infer_experiment because it exceeded search pattern filesize limit: ctrl.11.1.1_output_forward_paired_fastqc.html
[2021-12-17 18:34:24,152] multiqc                                            [DEBUG  ]  File ignored by hicexplorer because it exceeded search pattern filesize limit: ctrl.11.1.1_output_reverse_paired_fastqc.html
[2021-12-17 18:34:24,165] multiqc                                            [DEBUG  ]  File ignored by longranger/invocation because it exceeded search pattern filesize limit: ctrl.11.1.1_output_reverse_paired_fastqc.html
[2021-12-17 18:34:24,165] multiqc                                            [DEBUG  ]  File ignored by rockhopper because it exceeded search pattern filesize limit: ctrl.11.1.1_output_reverse_paired_fastqc.html
[2021-12-17 18:34:24,165] multiqc                                            [DEBUG  ]  File ignored by rseqc/bam_stat because it exceeded search pattern filesize limit: ctrl.11.1.1_output_reverse_paired_fastqc.html
[2021-12-17 18:34:24,166] multiqc                                            [DEBUG  ]  File ignored by rseqc/junction_annotation because it exceeded search pattern filesize limit: ctrl.11.1.1_output_reverse_paired_fastqc.html
[2021-12-17 18:34:24,166] multiqc                                            [DEBUG  ]  File ignored by rseqc/read_distribution because it exceeded search pattern filesize limit: ctrl.11.1.1_output_reverse_paired_fastqc.html
[2021-12-17 18:34:24,166] multiqc                                            [DEBUG  ]  File ignored by rseqc/infer_experiment because it exceeded search pattern filesize limit: ctrl.11.1.1_output_reverse_paired_fastqc.html
[2021-12-17 18:34:24,422] multiqc                                            [DEBUG  ]  File ignored by hicexplorer because it exceeded search pattern filesize limit: salmon_quant.log
[2021-12-17 18:34:24,433] multiqc                                            [DEBUG  ]  File ignored by longranger/invocation because it exceeded search pattern filesize limit: salmon_quant.log
[2021-12-17 18:34:24,583] multiqc                                            [DEBUG  ]  File ignored by hicexplorer because it exceeded search pattern filesize limit: ambig_info.tsv
[2021-12-17 18:34:24,595] multiqc                                            [DEBUG  ]  File ignored by longranger/invocation because it exceeded search pattern filesize limit: ambig_info.tsv
[2021-12-17 18:34:24,595] multiqc                                            [DEBUG  ]  File ignored by rockhopper because it exceeded search pattern filesize limit: ambig_info.tsv
[2021-12-17 18:34:24,595] multiqc                                            [DEBUG  ]  File ignored by rseqc/bam_stat because it exceeded search pattern filesize limit: ambig_info.tsv
[2021-12-17 18:34:24,596] multiqc                                            [DEBUG  ]  File ignored by rseqc/junction_annotation because it exceeded search pattern filesize limit: ambig_info.tsv
[2021-12-17 18:34:24,596] multiqc                                            [DEBUG  ]  File ignored by rseqc/read_distribution because it exceeded search pattern filesize limit: ambig_info.tsv
[2021-12-17 18:34:24,596] multiqc                                            [DEBUG  ]  File ignored by rseqc/infer_experiment because it exceeded search pattern filesize limit: ambig_info.tsv
[2021-12-17 18:34:29,807] multiqc                                            [DEBUG  ]  File ignored by hicexplorer because it exceeded search pattern filesize limit: salmon_quant.log
[2021-12-17 18:34:29,817] multiqc                                            [DEBUG  ]  File ignored by longranger/invocation because it exceeded search pattern filesize limit: salmon_quant.log
[2021-12-17 18:34:30,147] multiqc                                            [DEBUG  ]  Ignoring file as matched an ignore pattern: PH586_S207_R1_001.fastq.gz
[2021-12-17 18:34:30,147] multiqc                                            [DEBUG  ]  Ignoring file as matched an ignore pattern: PH586_S207_R2_001.fastq.gz
[2021-12-17 18:34:30,148] multiqc                                            [DEBUG  ]  Ignoring file as matched an ignore pattern: ctrl.12.1.1_output_forward_paired.fq.gz
[2021-12-17 18:34:30,148] multiqc                                            [DEBUG  ]  Ignoring file as matched an ignore pattern: ctrl.12.1.1_output_reverse_paired.fq.gz
[2021-12-17 18:34:30,176] multiqc                                            [DEBUG  ]  File ignored by hicexplorer because it exceeded search pattern filesize limit: ctrl.12.1.1_output_forward_paired_fastqc.html
[2021-12-17 18:34:30,186] multiqc                                            [DEBUG  ]  File ignored by longranger/invocation because it exceeded search pattern filesize limit: ctrl.12.1.1_output_forward_paired_fastqc.html
[2021-12-17 18:34:30,186] multiqc                                            [DEBUG  ]  File ignored by rockhopper because it exceeded search pattern filesize limit: ctrl.12.1.1_output_forward_paired_fastqc.html
[2021-12-17 18:34:30,186] multiqc                                            [DEBUG  ]  File ignored by rseqc/bam_stat because it exceeded search pattern filesize limit: ctrl.12.1.1_output_forward_paired_fastqc.html
[2021-12-17 18:34:30,186] multiqc                                            [DEBUG  ]  File ignored by rseqc/junction_annotation because it exceeded search pattern filesize limit: ctrl.12.1.1_output_forward_paired_fastqc.html
[2021-12-17 18:34:30,186] multiqc                                            [DEBUG  ]  File ignored by rseqc/read_distribution because it exceeded search pattern filesize limit: ctrl.12.1.1_output_forward_paired_fastqc.html
[2021-12-17 18:34:30,186] multiqc                                            [DEBUG  ]  File ignored by rseqc/infer_experiment because it exceeded search pattern filesize limit: ctrl.12.1.1_output_forward_paired_fastqc.html
[2021-12-17 18:34:30,330] multiqc                                            [DEBUG  ]  File ignored by hicexplorer because it exceeded search pattern filesize limit: ctrl.12.1.1_output_reverse_paired_fastqc.html
[2021-12-17 18:34:30,340] multiqc                                            [DEBUG  ]  File ignored by longranger/invocation because it exceeded search pattern filesize limit: ctrl.12.1.1_output_reverse_paired_fastqc.html
[2021-12-17 18:34:30,341] multiqc                                            [DEBUG  ]  File ignored by rockhopper because it exceeded search pattern filesize limit: ctrl.12.1.1_output_reverse_paired_fastqc.html
[2021-12-17 18:34:30,341] multiqc                                            [DEBUG  ]  File ignored by rseqc/bam_stat because it exceeded search pattern filesize limit: ctrl.12.1.1_output_reverse_paired_fastqc.html
[2021-12-17 18:34:30,341] multiqc                                            [DEBUG  ]  File ignored by rseqc/junction_annotation because it exceeded search pattern filesize limit: ctrl.12.1.1_output_reverse_paired_fastqc.html
[2021-12-17 18:34:30,341] multiqc                                            [DEBUG  ]  File ignored by rseqc/read_distribution because it exceeded search pattern filesize limit: ctrl.12.1.1_output_reverse_paired_fastqc.html
[2021-12-17 18:34:30,341] multiqc                                            [DEBUG  ]  File ignored by rseqc/infer_experiment because it exceeded search pattern filesize limit: ctrl.12.1.1_output_reverse_paired_fastqc.html
[2021-12-17 18:34:30,594] multiqc                                            [DEBUG  ]  File ignored by hicexplorer because it exceeded search pattern filesize limit: salmon_quant.log
[2021-12-17 18:34:30,604] multiqc                                            [DEBUG  ]  File ignored by longranger/invocation because it exceeded search pattern filesize limit: salmon_quant.log
[2021-12-17 18:34:30,739] multiqc                                            [DEBUG  ]  File ignored by hicexplorer because it exceeded search pattern filesize limit: ambig_info.tsv
[2021-12-17 18:34:30,749] multiqc                                            [DEBUG  ]  File ignored by longranger/invocation because it exceeded search pattern filesize limit: ambig_info.tsv
[2021-12-17 18:34:30,749] multiqc                                            [DEBUG  ]  File ignored by rockhopper because it exceeded search pattern filesize limit: ambig_info.tsv
[2021-12-17 18:34:30,749] multiqc                                            [DEBUG  ]  File ignored by rseqc/bam_stat because it exceeded search pattern filesize limit: ambig_info.tsv
[2021-12-17 18:34:30,749] multiqc                                            [DEBUG  ]  File ignored by rseqc/junction_annotation because it exceeded search pattern filesize limit: ambig_info.tsv
[2021-12-17 18:34:30,749] multiqc                                            [DEBUG  ]  File ignored by rseqc/read_distribution because it exceeded search pattern filesize limit: ambig_info.tsv
[2021-12-17 18:34:30,749] multiqc                                            [DEBUG  ]  File ignored by rseqc/infer_experiment because it exceeded search pattern filesize limit: ambig_info.tsv
[2021-12-17 18:34:35,971] multiqc                                            [DEBUG  ]  File ignored by hicexplorer because it exceeded search pattern filesize limit: salmon_quant.log
[2021-12-17 18:34:35,981] multiqc                                            [DEBUG  ]  File ignored by longranger/invocation because it exceeded search pattern filesize limit: salmon_quant.log
[2021-12-17 18:34:36,294] multiqc                                            [DEBUG  ]  Ignoring file as matched an ignore pattern: PH620_S210_R1_001.fastq.gz
[2021-12-17 18:34:36,295] multiqc                                            [DEBUG  ]  Ignoring file as matched an ignore pattern: PH620_S210_R2_001.fastq.gz
[2021-12-17 18:34:36,295] multiqc                                            [DEBUG  ]  Ignoring file as matched an ignore pattern: ctrl.13.0.7_output_forward_paired.fq.gz
[2021-12-17 18:34:36,296] multiqc                                            [DEBUG  ]  Ignoring file as matched an ignore pattern: ctrl.13.0.7_output_reverse_paired.fq.gz
[2021-12-17 18:34:36,323] multiqc                                            [DEBUG  ]  File ignored by hicexplorer because it exceeded search pattern filesize limit: ctrl.13.0.7_output_reverse_paired_fastqc.html
[2021-12-17 18:34:36,333] multiqc                                            [DEBUG  ]  File ignored by longranger/invocation because it exceeded search pattern filesize limit: ctrl.13.0.7_output_reverse_paired_fastqc.html
[2021-12-17 18:34:36,334] multiqc                                            [DEBUG  ]  File ignored by rockhopper because it exceeded search pattern filesize limit: ctrl.13.0.7_output_reverse_paired_fastqc.html
[2021-12-17 18:34:36,334] multiqc                                            [DEBUG  ]  File ignored by rseqc/bam_stat because it exceeded search pattern filesize limit: ctrl.13.0.7_output_reverse_paired_fastqc.html
[2021-12-17 18:34:36,334] multiqc                                            [DEBUG  ]  File ignored by rseqc/junction_annotation because it exceeded search pattern filesize limit: ctrl.13.0.7_output_reverse_paired_fastqc.html
[2021-12-17 18:34:36,334] multiqc                                            [DEBUG  ]  File ignored by rseqc/read_distribution because it exceeded search pattern filesize limit: ctrl.13.0.7_output_reverse_paired_fastqc.html
[2021-12-17 18:34:36,334] multiqc                                            [DEBUG  ]  File ignored by rseqc/infer_experiment because it exceeded search pattern filesize limit: ctrl.13.0.7_output_reverse_paired_fastqc.html
[2021-12-17 18:34:36,482] multiqc                                            [DEBUG  ]  File ignored by hicexplorer because it exceeded search pattern filesize limit: ctrl.13.0.7_output_forward_paired_fastqc.html
[2021-12-17 18:34:36,494] multiqc                                            [DEBUG  ]  File ignored by longranger/invocation because it exceeded search pattern filesize limit: ctrl.13.0.7_output_forward_paired_fastqc.html
[2021-12-17 18:34:36,494] multiqc                                            [DEBUG  ]  File ignored by rockhopper because it exceeded search pattern filesize limit: ctrl.13.0.7_output_forward_paired_fastqc.html
[2021-12-17 18:34:36,494] multiqc                                            [DEBUG  ]  File ignored by rseqc/bam_stat because it exceeded search pattern filesize limit: ctrl.13.0.7_output_forward_paired_fastqc.html
[2021-12-17 18:34:36,494] multiqc                                            [DEBUG  ]  File ignored by rseqc/junction_annotation because it exceeded search pattern filesize limit: ctrl.13.0.7_output_forward_paired_fastqc.html
[2021-12-17 18:34:36,494] multiqc                                            [DEBUG  ]  File ignored by rseqc/read_distribution because it exceeded search pattern filesize limit: ctrl.13.0.7_output_forward_paired_fastqc.html
[2021-12-17 18:34:36,494] multiqc                                            [DEBUG  ]  File ignored by rseqc/infer_experiment because it exceeded search pattern filesize limit: ctrl.13.0.7_output_forward_paired_fastqc.html
[2021-12-17 18:34:36,739] multiqc                                            [DEBUG  ]  File ignored by hicexplorer because it exceeded search pattern filesize limit: salmon_quant.log
[2021-12-17 18:34:36,749] multiqc                                            [DEBUG  ]  File ignored by longranger/invocation because it exceeded search pattern filesize limit: salmon_quant.log
[2021-12-17 18:34:36,885] multiqc                                            [DEBUG  ]  File ignored by hicexplorer because it exceeded search pattern filesize limit: ambig_info.tsv
[2021-12-17 18:34:36,895] multiqc                                            [DEBUG  ]  File ignored by longranger/invocation because it exceeded search pattern filesize limit: ambig_info.tsv
[2021-12-17 18:34:36,895] multiqc                                            [DEBUG  ]  File ignored by rockhopper because it exceeded search pattern filesize limit: ambig_info.tsv
[2021-12-17 18:34:36,895] multiqc                                            [DEBUG  ]  File ignored by rseqc/bam_stat because it exceeded search pattern filesize limit: ambig_info.tsv
[2021-12-17 18:34:36,895] multiqc                                            [DEBUG  ]  File ignored by rseqc/junction_annotation because it exceeded search pattern filesize limit: ambig_info.tsv
[2021-12-17 18:34:36,895] multiqc                                            [DEBUG  ]  File ignored by rseqc/read_distribution because it exceeded search pattern filesize limit: ambig_info.tsv
[2021-12-17 18:34:36,896] multiqc                                            [DEBUG  ]  File ignored by rseqc/infer_experiment because it exceeded search pattern filesize limit: ambig_info.tsv
[2021-12-17 18:34:42,058] multiqc                                            [DEBUG  ]  File ignored by longranger/invocation because it exceeded search pattern filesize limit: salmon_quant.log
[2021-12-17 18:34:42,371] multiqc                                            [DEBUG  ]  Ignoring file as matched an ignore pattern: PH626_S205_R1_001.fastq.gz
[2021-12-17 18:34:42,372] multiqc                                            [DEBUG  ]  Ignoring file as matched an ignore pattern: PH626_S205_R2_001.fastq.gz
[2021-12-17 18:34:42,372] multiqc                                            [DEBUG  ]  Ignoring file as matched an ignore pattern: ctrl.4.1.3_output_forward_paired.fq.gz
[2021-12-17 18:34:42,372] multiqc                                            [DEBUG  ]  Ignoring file as matched an ignore pattern: ctrl.4.1.3_output_reverse_paired.fq.gz
[2021-12-17 18:34:42,398] multiqc                                            [DEBUG  ]  File ignored by hicexplorer because it exceeded search pattern filesize limit: ctrl.4.1.3_output_forward_paired_fastqc.html
[2021-12-17 18:34:42,409] multiqc                                            [DEBUG  ]  File ignored by longranger/invocation because it exceeded search pattern filesize limit: ctrl.4.1.3_output_forward_paired_fastqc.html
[2021-12-17 18:34:42,409] multiqc                                            [DEBUG  ]  File ignored by rockhopper because it exceeded search pattern filesize limit: ctrl.4.1.3_output_forward_paired_fastqc.html
[2021-12-17 18:34:42,409] multiqc                                            [DEBUG  ]  File ignored by rseqc/bam_stat because it exceeded search pattern filesize limit: ctrl.4.1.3_output_forward_paired_fastqc.html
[2021-12-17 18:34:42,409] multiqc                                            [DEBUG  ]  File ignored by rseqc/junction_annotation because it exceeded search pattern filesize limit: ctrl.4.1.3_output_forward_paired_fastqc.html
[2021-12-17 18:34:42,409] multiqc                                            [DEBUG  ]  File ignored by rseqc/read_distribution because it exceeded search pattern filesize limit: ctrl.4.1.3_output_forward_paired_fastqc.html
[2021-12-17 18:34:42,409] multiqc                                            [DEBUG  ]  File ignored by rseqc/infer_experiment because it exceeded search pattern filesize limit: ctrl.4.1.3_output_forward_paired_fastqc.html
[2021-12-17 18:34:42,558] multiqc                                            [DEBUG  ]  File ignored by hicexplorer because it exceeded search pattern filesize limit: ctrl.4.1.3_output_reverse_paired_fastqc.html
[2021-12-17 18:34:42,569] multiqc                                            [DEBUG  ]  File ignored by longranger/invocation because it exceeded search pattern filesize limit: ctrl.4.1.3_output_reverse_paired_fastqc.html
[2021-12-17 18:34:42,569] multiqc                                            [DEBUG  ]  File ignored by rockhopper because it exceeded search pattern filesize limit: ctrl.4.1.3_output_reverse_paired_fastqc.html
[2021-12-17 18:34:42,569] multiqc                                            [DEBUG  ]  File ignored by rseqc/bam_stat because it exceeded search pattern filesize limit: ctrl.4.1.3_output_reverse_paired_fastqc.html
[2021-12-17 18:34:42,570] multiqc                                            [DEBUG  ]  File ignored by rseqc/junction_annotation because it exceeded search pattern filesize limit: ctrl.4.1.3_output_reverse_paired_fastqc.html
[2021-12-17 18:34:42,570] multiqc                                            [DEBUG  ]  File ignored by rseqc/read_distribution because it exceeded search pattern filesize limit: ctrl.4.1.3_output_reverse_paired_fastqc.html
[2021-12-17 18:34:42,570] multiqc                                            [DEBUG  ]  File ignored by rseqc/infer_experiment because it exceeded search pattern filesize limit: ctrl.4.1.3_output_reverse_paired_fastqc.html
[2021-12-17 18:34:42,816] multiqc                                            [DEBUG  ]  File ignored by hicexplorer because it exceeded search pattern filesize limit: salmon_quant.log
[2021-12-17 18:34:42,826] multiqc                                            [DEBUG  ]  File ignored by longranger/invocation because it exceeded search pattern filesize limit: salmon_quant.log
[2021-12-17 18:34:42,990] multiqc                                            [DEBUG  ]  File ignored by hicexplorer because it exceeded search pattern filesize limit: ambig_info.tsv
[2021-12-17 18:34:43,000] multiqc                                            [DEBUG  ]  File ignored by longranger/invocation because it exceeded search pattern filesize limit: ambig_info.tsv
[2021-12-17 18:34:43,000] multiqc                                            [DEBUG  ]  File ignored by rockhopper because it exceeded search pattern filesize limit: ambig_info.tsv
[2021-12-17 18:34:43,000] multiqc                                            [DEBUG  ]  File ignored by rseqc/bam_stat because it exceeded search pattern filesize limit: ambig_info.tsv
[2021-12-17 18:34:43,000] multiqc                                            [DEBUG  ]  File ignored by rseqc/junction_annotation because it exceeded search pattern filesize limit: ambig_info.tsv
[2021-12-17 18:34:43,001] multiqc                                            [DEBUG  ]  File ignored by rseqc/read_distribution because it exceeded search pattern filesize limit: ambig_info.tsv
[2021-12-17 18:34:43,001] multiqc                                            [DEBUG  ]  File ignored by rseqc/infer_experiment because it exceeded search pattern filesize limit: ambig_info.tsv
[2021-12-17 18:34:48,191] multiqc                                            [DEBUG  ]  File ignored by hicexplorer because it exceeded search pattern filesize limit: salmon_quant.log
[2021-12-17 18:34:48,201] multiqc                                            [DEBUG  ]  File ignored by longranger/invocation because it exceeded search pattern filesize limit: salmon_quant.log
[2021-12-17 18:34:48,556] multiqc                                            [DEBUG  ]  Ignoring file as matched an ignore pattern: PH605_S208_R1_001.fastq.gz
[2021-12-17 18:34:48,556] multiqc                                            [DEBUG  ]  Ignoring file as matched an ignore pattern: PH605_S208_R2_001.fastq.gz
[2021-12-17 18:34:48,557] multiqc                                            [DEBUG  ]  Ignoring file as matched an ignore pattern: ctrl.5.1.3_output_forward_paired.fq.gz
[2021-12-17 18:34:48,557] multiqc                                            [DEBUG  ]  Ignoring file as matched an ignore pattern: ctrl.5.1.3_output_reverse_paired.fq.gz
[2021-12-17 18:34:48,582] multiqc                                            [DEBUG  ]  File ignored by hicexplorer because it exceeded search pattern filesize limit: ctrl.5.1.3_output_forward_paired_fastqc.html
[2021-12-17 18:34:48,592] multiqc                                            [DEBUG  ]  File ignored by longranger/invocation because it exceeded search pattern filesize limit: ctrl.5.1.3_output_forward_paired_fastqc.html
[2021-12-17 18:34:48,592] multiqc                                            [DEBUG  ]  File ignored by rockhopper because it exceeded search pattern filesize limit: ctrl.5.1.3_output_forward_paired_fastqc.html
[2021-12-17 18:34:48,593] multiqc                                            [DEBUG  ]  File ignored by rseqc/bam_stat because it exceeded search pattern filesize limit: ctrl.5.1.3_output_forward_paired_fastqc.html
[2021-12-17 18:34:48,593] multiqc                                            [DEBUG  ]  File ignored by rseqc/junction_annotation because it exceeded search pattern filesize limit: ctrl.5.1.3_output_forward_paired_fastqc.html
[2021-12-17 18:34:48,593] multiqc                                            [DEBUG  ]  File ignored by rseqc/read_distribution because it exceeded search pattern filesize limit: ctrl.5.1.3_output_forward_paired_fastqc.html
[2021-12-17 18:34:48,593] multiqc                                            [DEBUG  ]  File ignored by rseqc/infer_experiment because it exceeded search pattern filesize limit: ctrl.5.1.3_output_forward_paired_fastqc.html
[2021-12-17 18:34:48,736] multiqc                                            [DEBUG  ]  File ignored by hicexplorer because it exceeded search pattern filesize limit: ctrl.5.1.3_output_reverse_paired_fastqc.html
[2021-12-17 18:34:48,745] multiqc                                            [DEBUG  ]  File ignored by longranger/invocation because it exceeded search pattern filesize limit: ctrl.5.1.3_output_reverse_paired_fastqc.html
[2021-12-17 18:34:48,746] multiqc                                            [DEBUG  ]  File ignored by rockhopper because it exceeded search pattern filesize limit: ctrl.5.1.3_output_reverse_paired_fastqc.html
[2021-12-17 18:34:48,746] multiqc                                            [DEBUG  ]  File ignored by rseqc/bam_stat because it exceeded search pattern filesize limit: ctrl.5.1.3_output_reverse_paired_fastqc.html
[2021-12-17 18:34:48,746] multiqc                                            [DEBUG  ]  File ignored by rseqc/junction_annotation because it exceeded search pattern filesize limit: ctrl.5.1.3_output_reverse_paired_fastqc.html
[2021-12-17 18:34:48,746] multiqc                                            [DEBUG  ]  File ignored by rseqc/read_distribution because it exceeded search pattern filesize limit: ctrl.5.1.3_output_reverse_paired_fastqc.html
[2021-12-17 18:34:48,746] multiqc                                            [DEBUG  ]  File ignored by rseqc/infer_experiment because it exceeded search pattern filesize limit: ctrl.5.1.3_output_reverse_paired_fastqc.html
[2021-12-17 18:34:48,995] multiqc                                            [DEBUG  ]  File ignored by hicexplorer because it exceeded search pattern filesize limit: salmon_quant.log
[2021-12-17 18:34:49,005] multiqc                                            [DEBUG  ]  File ignored by longranger/invocation because it exceeded search pattern filesize limit: salmon_quant.log
[2021-12-17 18:34:49,135] multiqc                                            [DEBUG  ]  File ignored by hicexplorer because it exceeded search pattern filesize limit: ambig_info.tsv
[2021-12-17 18:34:49,144] multiqc                                            [DEBUG  ]  File ignored by longranger/invocation because it exceeded search pattern filesize limit: ambig_info.tsv
[2021-12-17 18:34:49,144] multiqc                                            [DEBUG  ]  File ignored by rockhopper because it exceeded search pattern filesize limit: ambig_info.tsv
[2021-12-17 18:34:49,144] multiqc                                            [DEBUG  ]  File ignored by rseqc/bam_stat because it exceeded search pattern filesize limit: ambig_info.tsv
[2021-12-17 18:34:49,145] multiqc                                            [DEBUG  ]  File ignored by rseqc/junction_annotation because it exceeded search pattern filesize limit: ambig_info.tsv
[2021-12-17 18:34:49,145] multiqc                                            [DEBUG  ]  File ignored by rseqc/read_distribution because it exceeded search pattern filesize limit: ambig_info.tsv
[2021-12-17 18:34:49,145] multiqc                                            [DEBUG  ]  File ignored by rseqc/infer_experiment because it exceeded search pattern filesize limit: ambig_info.tsv
[2021-12-17 18:34:54,305] multiqc                                            [DEBUG  ]  File ignored by hicexplorer because it exceeded search pattern filesize limit: salmon_quant.log
[2021-12-17 18:34:54,317] multiqc                                            [DEBUG  ]  File ignored by longranger/invocation because it exceeded search pattern filesize limit: salmon_quant.log
[2021-12-17 18:34:54,666] multiqc                                            [DEBUG  ]  Ignoring file as matched an ignore pattern: PH624_S212_R1_001.fastq.gz
[2021-12-17 18:34:54,666] multiqc                                            [DEBUG  ]  Ignoring file as matched an ignore pattern: PH624_S212_R2_001.fastq.gz
[2021-12-17 18:34:54,667] multiqc                                            [DEBUG  ]  Ignoring file as matched an ignore pattern: ctrl.6.1.5_output_forward_paired.fq.gz
[2021-12-17 18:34:54,667] multiqc                                            [DEBUG  ]  Ignoring file as matched an ignore pattern: ctrl.6.1.5_output_reverse_paired.fq.gz
[2021-12-17 18:34:54,696] multiqc                                            [DEBUG  ]  File ignored by hicexplorer because it exceeded search pattern filesize limit: ctrl.6.1.5_output_forward_paired_fastqc.html
[2021-12-17 18:34:54,707] multiqc                                            [DEBUG  ]  File ignored by longranger/invocation because it exceeded search pattern filesize limit: ctrl.6.1.5_output_forward_paired_fastqc.html
[2021-12-17 18:34:54,707] multiqc                                            [DEBUG  ]  File ignored by rockhopper because it exceeded search pattern filesize limit: ctrl.6.1.5_output_forward_paired_fastqc.html
[2021-12-17 18:34:54,707] multiqc                                            [DEBUG  ]  File ignored by rseqc/bam_stat because it exceeded search pattern filesize limit: ctrl.6.1.5_output_forward_paired_fastqc.html
[2021-12-17 18:34:54,707] multiqc                                            [DEBUG  ]  File ignored by rseqc/junction_annotation because it exceeded search pattern filesize limit: ctrl.6.1.5_output_forward_paired_fastqc.html
[2021-12-17 18:34:54,707] multiqc                                            [DEBUG  ]  File ignored by rseqc/read_distribution because it exceeded search pattern filesize limit: ctrl.6.1.5_output_forward_paired_fastqc.html
[2021-12-17 18:34:54,708] multiqc                                            [DEBUG  ]  File ignored by rseqc/infer_experiment because it exceeded search pattern filesize limit: ctrl.6.1.5_output_forward_paired_fastqc.html
[2021-12-17 18:34:54,863] multiqc                                            [DEBUG  ]  File ignored by hicexplorer because it exceeded search pattern filesize limit: ctrl.6.1.5_output_reverse_paired_fastqc.html
[2021-12-17 18:34:54,876] multiqc                                            [DEBUG  ]  File ignored by longranger/invocation because it exceeded search pattern filesize limit: ctrl.6.1.5_output_reverse_paired_fastqc.html
[2021-12-17 18:34:54,876] multiqc                                            [DEBUG  ]  File ignored by rockhopper because it exceeded search pattern filesize limit: ctrl.6.1.5_output_reverse_paired_fastqc.html
[2021-12-17 18:34:54,876] multiqc                                            [DEBUG  ]  File ignored by rseqc/bam_stat because it exceeded search pattern filesize limit: ctrl.6.1.5_output_reverse_paired_fastqc.html
[2021-12-17 18:34:54,876] multiqc                                            [DEBUG  ]  File ignored by rseqc/junction_annotation because it exceeded search pattern filesize limit: ctrl.6.1.5_output_reverse_paired_fastqc.html
[2021-12-17 18:34:54,876] multiqc                                            [DEBUG  ]  File ignored by rseqc/read_distribution because it exceeded search pattern filesize limit: ctrl.6.1.5_output_reverse_paired_fastqc.html
[2021-12-17 18:34:54,877] multiqc                                            [DEBUG  ]  File ignored by rseqc/infer_experiment because it exceeded search pattern filesize limit: ctrl.6.1.5_output_reverse_paired_fastqc.html
[2021-12-17 18:34:55,199] multiqc                                            [DEBUG  ]  File ignored by hicexplorer because it exceeded search pattern filesize limit: salmon_quant.log
[2021-12-17 18:34:55,215] multiqc                                            [DEBUG  ]  File ignored by longranger/invocation because it exceeded search pattern filesize limit: salmon_quant.log
[2021-12-17 18:34:55,402] multiqc                                            [DEBUG  ]  File ignored by hicexplorer because it exceeded search pattern filesize limit: ambig_info.tsv
[2021-12-17 18:34:55,417] multiqc                                            [DEBUG  ]  File ignored by longranger/invocation because it exceeded search pattern filesize limit: ambig_info.tsv
[2021-12-17 18:34:55,418] multiqc                                            [DEBUG  ]  File ignored by rockhopper because it exceeded search pattern filesize limit: ambig_info.tsv
[2021-12-17 18:34:55,418] multiqc                                            [DEBUG  ]  File ignored by rseqc/bam_stat because it exceeded search pattern filesize limit: ambig_info.tsv
[2021-12-17 18:34:55,418] multiqc                                            [DEBUG  ]  File ignored by rseqc/junction_annotation because it exceeded search pattern filesize limit: ambig_info.tsv
[2021-12-17 18:34:55,418] multiqc                                            [DEBUG  ]  File ignored by rseqc/read_distribution because it exceeded search pattern filesize limit: ambig_info.tsv
[2021-12-17 18:34:55,418] multiqc                                            [DEBUG  ]  File ignored by rseqc/infer_experiment because it exceeded search pattern filesize limit: ambig_info.tsv
[2021-12-17 18:35:00,588] multiqc                                            [DEBUG  ]  File ignored by hicexplorer because it exceeded search pattern filesize limit: salmon_quant.log
[2021-12-17 18:35:00,599] multiqc                                            [DEBUG  ]  File ignored by longranger/invocation because it exceeded search pattern filesize limit: salmon_quant.log
[2021-12-17 18:35:00,951] multiqc                                            [DEBUG  ]  Ignoring file as matched an ignore pattern: PH617_S209_R1_001.fastq.gz
[2021-12-17 18:35:00,951] multiqc                                            [DEBUG  ]  Ignoring file as matched an ignore pattern: PH617_S209_R2_001.fastq.gz
[2021-12-17 18:35:00,952] multiqc                                            [DEBUG  ]  Ignoring file as matched an ignore pattern: ctrl.7.1.2_output_forward_paired.fq.gz
[2021-12-17 18:35:00,952] multiqc                                            [DEBUG  ]  Ignoring file as matched an ignore pattern: ctrl.7.1.2_output_reverse_paired.fq.gz
[2021-12-17 18:35:00,982] multiqc                                            [DEBUG  ]  File ignored by hicexplorer because it exceeded search pattern filesize limit: ctrl.7.1.2_output_forward_paired_fastqc.html
[2021-12-17 18:35:00,993] multiqc                                            [DEBUG  ]  File ignored by longranger/invocation because it exceeded search pattern filesize limit: ctrl.7.1.2_output_forward_paired_fastqc.html
[2021-12-17 18:35:00,993] multiqc                                            [DEBUG  ]  File ignored by rockhopper because it exceeded search pattern filesize limit: ctrl.7.1.2_output_forward_paired_fastqc.html
[2021-12-17 18:35:00,993] multiqc                                            [DEBUG  ]  File ignored by rseqc/bam_stat because it exceeded search pattern filesize limit: ctrl.7.1.2_output_forward_paired_fastqc.html
[2021-12-17 18:35:00,994] multiqc                                            [DEBUG  ]  File ignored by rseqc/junction_annotation because it exceeded search pattern filesize limit: ctrl.7.1.2_output_forward_paired_fastqc.html
[2021-12-17 18:35:00,994] multiqc                                            [DEBUG  ]  File ignored by rseqc/read_distribution because it exceeded search pattern filesize limit: ctrl.7.1.2_output_forward_paired_fastqc.html
[2021-12-17 18:35:00,994] multiqc                                            [DEBUG  ]  File ignored by rseqc/infer_experiment because it exceeded search pattern filesize limit: ctrl.7.1.2_output_forward_paired_fastqc.html
[2021-12-17 18:35:01,144] multiqc                                            [DEBUG  ]  File ignored by hicexplorer because it exceeded search pattern filesize limit: ctrl.7.1.2_output_reverse_paired_fastqc.html
[2021-12-17 18:35:01,157] multiqc                                            [DEBUG  ]  File ignored by longranger/invocation because it exceeded search pattern filesize limit: ctrl.7.1.2_output_reverse_paired_fastqc.html
[2021-12-17 18:35:01,157] multiqc                                            [DEBUG  ]  File ignored by rockhopper because it exceeded search pattern filesize limit: ctrl.7.1.2_output_reverse_paired_fastqc.html
[2021-12-17 18:35:01,157] multiqc                                            [DEBUG  ]  File ignored by rseqc/bam_stat because it exceeded search pattern filesize limit: ctrl.7.1.2_output_reverse_paired_fastqc.html
[2021-12-17 18:35:01,157] multiqc                                            [DEBUG  ]  File ignored by rseqc/junction_annotation because it exceeded search pattern filesize limit: ctrl.7.1.2_output_reverse_paired_fastqc.html
[2021-12-17 18:35:01,157] multiqc                                            [DEBUG  ]  File ignored by rseqc/read_distribution because it exceeded search pattern filesize limit: ctrl.7.1.2_output_reverse_paired_fastqc.html
[2021-12-17 18:35:01,157] multiqc                                            [DEBUG  ]  File ignored by rseqc/infer_experiment because it exceeded search pattern filesize limit: ctrl.7.1.2_output_reverse_paired_fastqc.html
[2021-12-17 18:35:01,417] multiqc                                            [DEBUG  ]  File ignored by hicexplorer because it exceeded search pattern filesize limit: salmon_quant.log
[2021-12-17 18:35:01,428] multiqc                                            [DEBUG  ]  File ignored by longranger/invocation because it exceeded search pattern filesize limit: salmon_quant.log
[2021-12-17 18:35:01,588] multiqc                                            [DEBUG  ]  File ignored by hicexplorer because it exceeded search pattern filesize limit: ambig_info.tsv
[2021-12-17 18:35:01,599] multiqc                                            [DEBUG  ]  File ignored by longranger/invocation because it exceeded search pattern filesize limit: ambig_info.tsv
[2021-12-17 18:35:01,600] multiqc                                            [DEBUG  ]  File ignored by rockhopper because it exceeded search pattern filesize limit: ambig_info.tsv
[2021-12-17 18:35:01,600] multiqc                                            [DEBUG  ]  File ignored by rseqc/bam_stat because it exceeded search pattern filesize limit: ambig_info.tsv
[2021-12-17 18:35:01,600] multiqc                                            [DEBUG  ]  File ignored by rseqc/junction_annotation because it exceeded search pattern filesize limit: ambig_info.tsv
[2021-12-17 18:35:01,600] multiqc                                            [DEBUG  ]  File ignored by rseqc/read_distribution because it exceeded search pattern filesize limit: ambig_info.tsv
[2021-12-17 18:35:01,600] multiqc                                            [DEBUG  ]  File ignored by rseqc/infer_experiment because it exceeded search pattern filesize limit: ambig_info.tsv
[2021-12-17 18:35:06,896] multiqc                                            [DEBUG  ]  File ignored by hicexplorer because it exceeded search pattern filesize limit: salmon_quant.log
[2021-12-17 18:35:06,906] multiqc                                            [DEBUG  ]  File ignored by longranger/invocation because it exceeded search pattern filesize limit: salmon_quant.log
[2021-12-17 18:35:07,224] multiqc                                            [DEBUG  ]  Ignoring file as matched an ignore pattern: PH621_S211_R1_001.fastq.gz
[2021-12-17 18:35:07,224] multiqc                                            [DEBUG  ]  Ignoring file as matched an ignore pattern: PH621_S211_R2_001.fastq.gz
[2021-12-17 18:35:07,224] multiqc                                            [DEBUG  ]  Ignoring file as matched an ignore pattern: ctrl.8.1.2_output_forward_paired.fq.gz
[2021-12-17 18:35:07,225] multiqc                                            [DEBUG  ]  Ignoring file as matched an ignore pattern: ctrl.8.1.2_output_reverse_paired.fq.gz
[2021-12-17 18:35:07,251] multiqc                                            [DEBUG  ]  File ignored by hicexplorer because it exceeded search pattern filesize limit: ctrl.8.1.2_output_forward_paired_fastqc.html
[2021-12-17 18:35:07,261] multiqc                                            [DEBUG  ]  File ignored by longranger/invocation because it exceeded search pattern filesize limit: ctrl.8.1.2_output_forward_paired_fastqc.html
[2021-12-17 18:35:07,261] multiqc                                            [DEBUG  ]  File ignored by rockhopper because it exceeded search pattern filesize limit: ctrl.8.1.2_output_forward_paired_fastqc.html
[2021-12-17 18:35:07,261] multiqc                                            [DEBUG  ]  File ignored by rseqc/bam_stat because it exceeded search pattern filesize limit: ctrl.8.1.2_output_forward_paired_fastqc.html
[2021-12-17 18:35:07,261] multiqc                                            [DEBUG  ]  File ignored by rseqc/junction_annotation because it exceeded search pattern filesize limit: ctrl.8.1.2_output_forward_paired_fastqc.html
[2021-12-17 18:35:07,261] multiqc                                            [DEBUG  ]  File ignored by rseqc/read_distribution because it exceeded search pattern filesize limit: ctrl.8.1.2_output_forward_paired_fastqc.html
[2021-12-17 18:35:07,261] multiqc                                            [DEBUG  ]  File ignored by rseqc/infer_experiment because it exceeded search pattern filesize limit: ctrl.8.1.2_output_forward_paired_fastqc.html
[2021-12-17 18:35:07,402] multiqc                                            [DEBUG  ]  File ignored by hicexplorer because it exceeded search pattern filesize limit: ctrl.8.1.2_output_reverse_paired_fastqc.html
[2021-12-17 18:35:07,413] multiqc                                            [DEBUG  ]  File ignored by longranger/invocation because it exceeded search pattern filesize limit: ctrl.8.1.2_output_reverse_paired_fastqc.html
[2021-12-17 18:35:07,413] multiqc                                            [DEBUG  ]  File ignored by rockhopper because it exceeded search pattern filesize limit: ctrl.8.1.2_output_reverse_paired_fastqc.html
[2021-12-17 18:35:07,413] multiqc                                            [DEBUG  ]  File ignored by rseqc/bam_stat because it exceeded search pattern filesize limit: ctrl.8.1.2_output_reverse_paired_fastqc.html
[2021-12-17 18:35:07,413] multiqc                                            [DEBUG  ]  File ignored by rseqc/junction_annotation because it exceeded search pattern filesize limit: ctrl.8.1.2_output_reverse_paired_fastqc.html
[2021-12-17 18:35:07,413] multiqc                                            [DEBUG  ]  File ignored by rseqc/read_distribution because it exceeded search pattern filesize limit: ctrl.8.1.2_output_reverse_paired_fastqc.html
[2021-12-17 18:35:07,413] multiqc                                            [DEBUG  ]  File ignored by rseqc/infer_experiment because it exceeded search pattern filesize limit: ctrl.8.1.2_output_reverse_paired_fastqc.html
[2021-12-17 18:35:07,653] multiqc                                            [DEBUG  ]  File ignored by hicexplorer because it exceeded search pattern filesize limit: salmon_quant.log
[2021-12-17 18:35:07,663] multiqc                                            [DEBUG  ]  File ignored by longranger/invocation because it exceeded search pattern filesize limit: salmon_quant.log
[2021-12-17 18:35:07,820] multiqc                                            [DEBUG  ]  File ignored by hicexplorer because it exceeded search pattern filesize limit: ambig_info.tsv
[2021-12-17 18:35:07,829] multiqc                                            [DEBUG  ]  File ignored by longranger/invocation because it exceeded search pattern filesize limit: ambig_info.tsv
[2021-12-17 18:35:07,830] multiqc                                            [DEBUG  ]  File ignored by rockhopper because it exceeded search pattern filesize limit: ambig_info.tsv
[2021-12-17 18:35:07,830] multiqc                                            [DEBUG  ]  File ignored by rseqc/bam_stat because it exceeded search pattern filesize limit: ambig_info.tsv
[2021-12-17 18:35:07,830] multiqc                                            [DEBUG  ]  File ignored by rseqc/junction_annotation because it exceeded search pattern filesize limit: ambig_info.tsv
[2021-12-17 18:35:07,830] multiqc                                            [DEBUG  ]  File ignored by rseqc/read_distribution because it exceeded search pattern filesize limit: ambig_info.tsv
[2021-12-17 18:35:07,830] multiqc                                            [DEBUG  ]  File ignored by rseqc/infer_experiment because it exceeded search pattern filesize limit: ambig_info.tsv
[2021-12-17 18:35:13,037] multiqc                                            [DEBUG  ]  File ignored by hicexplorer because it exceeded search pattern filesize limit: salmon_quant.log
[2021-12-17 18:35:13,048] multiqc                                            [DEBUG  ]  File ignored by longranger/invocation because it exceeded search pattern filesize limit: salmon_quant.log
[2021-12-17 18:35:13,391] multiqc                                            [DEBUG  ]  Ignoring file as matched an ignore pattern: PH618_S201_R1_001.fastq.gz
[2021-12-17 18:35:13,391] multiqc                                            [DEBUG  ]  Ignoring file as matched an ignore pattern: PH618_S201_R2_001.fastq.gz
[2021-12-17 18:35:13,392] multiqc                                            [DEBUG  ]  Ignoring file as matched an ignore pattern: ctrl.9.1.2_output_forward_paired.fq.gz
[2021-12-17 18:35:13,392] multiqc                                            [DEBUG  ]  Ignoring file as matched an ignore pattern: ctrl.9.1.2_output_reverse_paired.fq.gz
[2021-12-17 18:35:13,420] multiqc                                            [DEBUG  ]  File ignored by hicexplorer because it exceeded search pattern filesize limit: ctrl.9.1.2_output_reverse_paired_fastqc.html
[2021-12-17 18:35:13,431] multiqc                                            [DEBUG  ]  File ignored by longranger/invocation because it exceeded search pattern filesize limit: ctrl.9.1.2_output_reverse_paired_fastqc.html
[2021-12-17 18:35:13,431] multiqc                                            [DEBUG  ]  File ignored by rockhopper because it exceeded search pattern filesize limit: ctrl.9.1.2_output_reverse_paired_fastqc.html
[2021-12-17 18:35:13,431] multiqc                                            [DEBUG  ]  File ignored by rseqc/bam_stat because it exceeded search pattern filesize limit: ctrl.9.1.2_output_reverse_paired_fastqc.html
[2021-12-17 18:35:13,431] multiqc                                            [DEBUG  ]  File ignored by rseqc/junction_annotation because it exceeded search pattern filesize limit: ctrl.9.1.2_output_reverse_paired_fastqc.html
[2021-12-17 18:35:13,431] multiqc                                            [DEBUG  ]  File ignored by rseqc/read_distribution because it exceeded search pattern filesize limit: ctrl.9.1.2_output_reverse_paired_fastqc.html
[2021-12-17 18:35:13,431] multiqc                                            [DEBUG  ]  File ignored by rseqc/infer_experiment because it exceeded search pattern filesize limit: ctrl.9.1.2_output_reverse_paired_fastqc.html
[2021-12-17 18:35:13,576] multiqc                                            [DEBUG  ]  File ignored by hicexplorer because it exceeded search pattern filesize limit: ctrl.9.1.2_output_forward_paired_fastqc.html
[2021-12-17 18:35:13,588] multiqc                                            [DEBUG  ]  File ignored by longranger/invocation because it exceeded search pattern filesize limit: ctrl.9.1.2_output_forward_paired_fastqc.html
[2021-12-17 18:35:13,588] multiqc                                            [DEBUG  ]  File ignored by rockhopper because it exceeded search pattern filesize limit: ctrl.9.1.2_output_forward_paired_fastqc.html
[2021-12-17 18:35:13,588] multiqc                                            [DEBUG  ]  File ignored by rseqc/bam_stat because it exceeded search pattern filesize limit: ctrl.9.1.2_output_forward_paired_fastqc.html
[2021-12-17 18:35:13,588] multiqc                                            [DEBUG  ]  File ignored by rseqc/junction_annotation because it exceeded search pattern filesize limit: ctrl.9.1.2_output_forward_paired_fastqc.html
[2021-12-17 18:35:13,588] multiqc                                            [DEBUG  ]  File ignored by rseqc/read_distribution because it exceeded search pattern filesize limit: ctrl.9.1.2_output_forward_paired_fastqc.html
[2021-12-17 18:35:13,588] multiqc                                            [DEBUG  ]  File ignored by rseqc/infer_experiment because it exceeded search pattern filesize limit: ctrl.9.1.2_output_forward_paired_fastqc.html
[2021-12-17 18:35:13,843] multiqc                                            [DEBUG  ]  File ignored by hicexplorer because it exceeded search pattern filesize limit: salmon_quant.log
[2021-12-17 18:35:13,854] multiqc                                            [DEBUG  ]  File ignored by longranger/invocation because it exceeded search pattern filesize limit: salmon_quant.log
[2021-12-17 18:35:14,011] multiqc                                            [DEBUG  ]  File ignored by hicexplorer because it exceeded search pattern filesize limit: ambig_info.tsv
[2021-12-17 18:35:14,022] multiqc                                            [DEBUG  ]  File ignored by longranger/invocation because it exceeded search pattern filesize limit: ambig_info.tsv
[2021-12-17 18:35:14,022] multiqc                                            [DEBUG  ]  File ignored by rockhopper because it exceeded search pattern filesize limit: ambig_info.tsv
[2021-12-17 18:35:14,022] multiqc                                            [DEBUG  ]  File ignored by rseqc/bam_stat because it exceeded search pattern filesize limit: ambig_info.tsv
[2021-12-17 18:35:14,022] multiqc                                            [DEBUG  ]  File ignored by rseqc/junction_annotation because it exceeded search pattern filesize limit: ambig_info.tsv
[2021-12-17 18:35:14,022] multiqc                                            [DEBUG  ]  File ignored by rseqc/read_distribution because it exceeded search pattern filesize limit: ambig_info.tsv
[2021-12-17 18:35:14,022] multiqc                                            [DEBUG  ]  File ignored by rseqc/infer_experiment because it exceeded search pattern filesize limit: ambig_info.tsv
[2021-12-17 18:35:19,222] multiqc                                            [DEBUG  ]  File ignored by hicexplorer because it exceeded search pattern filesize limit: salmon_quant.log
[2021-12-17 18:35:19,234] multiqc                                            [DEBUG  ]  File ignored by longranger/invocation because it exceeded search pattern filesize limit: salmon_quant.log
[2021-12-17 18:35:20,432] multiqc.plots.bargraph                             [DEBUG  ]  Using matplotlib version 3.1.3
[2021-12-17 18:35:20,434] multiqc.plots.linegraph                            [DEBUG  ]  Using matplotlib version 3.1.3
[2021-12-17 18:35:20,438] multiqc                                            [DEBUG  ]  No samples found: custom_content
[2021-12-17 18:35:20,448] multiqc                                            [DEBUG  ]  No samples found: conpair
[2021-12-17 18:35:20,456] multiqc                                            [DEBUG  ]  No samples found: peddy
[2021-12-17 18:35:20,465] multiqc                                            [DEBUG  ]  No samples found: somalier
[2021-12-17 18:35:20,473] multiqc                                            [DEBUG  ]  No samples found: methylQA
[2021-12-17 18:35:20,486] multiqc                                            [DEBUG  ]  No samples found: mosdepth
[2021-12-17 18:35:20,495] multiqc                                            [DEBUG  ]  No samples found: phantompeakqualtools
[2021-12-17 18:35:20,501] multiqc                                            [DEBUG  ]  No samples found: qualimap
[2021-12-17 18:35:20,509] multiqc                                            [DEBUG  ]  No samples found: preseq
[2021-12-17 18:35:20,518] multiqc                                            [DEBUG  ]  No samples found: quast
[2021-12-17 18:35:20,526] multiqc                                            [DEBUG  ]  No samples found: qorts
[2021-12-17 18:35:20,534] multiqc                                            [DEBUG  ]  No samples found: rna_seqc
[2021-12-17 18:35:20,543] multiqc                                            [DEBUG  ]  No samples found: rockhopper
[2021-12-17 18:35:20,551] multiqc                                            [DEBUG  ]  No samples found: rsem
[2021-12-17 18:35:20,571] multiqc                                            [DEBUG  ]  No samples found: rseqc
[2021-12-17 18:35:20,579] multiqc                                            [DEBUG  ]  No samples found: busco
[2021-12-17 18:35:20,588] multiqc                                            [DEBUG  ]  No samples found: goleft_indexcov
[2021-12-17 18:35:20,596] multiqc                                            [DEBUG  ]  No samples found: disambiguate
[2021-12-17 18:35:20,605] multiqc                                            [DEBUG  ]  No samples found: supernova
[2021-12-17 18:35:20,624] multiqc                                            [DEBUG  ]  No samples found: deeptools
[2021-12-17 18:35:20,633] multiqc                                            [DEBUG  ]  No samples found: sargasso
[2021-12-17 18:35:20,641] multiqc                                            [DEBUG  ]  No samples found: verifybamid
[2021-12-17 18:35:20,650] multiqc                                            [DEBUG  ]  No samples found: mirtrace
[2021-12-17 18:35:20,658] multiqc                                            [DEBUG  ]  No samples found: happy
[2021-12-17 18:35:20,667] multiqc                                            [DEBUG  ]  No samples found: mirtop
[2021-12-17 18:35:20,678] multiqc                                            [DEBUG  ]  No samples found: homer
[2021-12-17 18:35:20,687] multiqc                                            [DEBUG  ]  No samples found: macs2
[2021-12-17 18:35:20,695] multiqc                                            [DEBUG  ]  No samples found: theta2
[2021-12-17 18:35:20,704] multiqc                                            [DEBUG  ]  No samples found: snpeff
[2021-12-17 18:35:20,715] multiqc                                            [DEBUG  ]  No samples found: gatk
[2021-12-17 18:35:20,723] multiqc                                            [DEBUG  ]  No samples found: htseq
[2021-12-17 18:35:20,733] multiqc                                            [DEBUG  ]  No samples found: bcftools
[2021-12-17 18:35:20,742] multiqc                                            [DEBUG  ]  No samples found: featureCounts
[2021-12-17 18:35:20,754] multiqc                                            [DEBUG  ]  No samples found: fgbio
[2021-12-17 18:35:20,776] multiqc                                            [DEBUG  ]  No samples found: dragen
[2021-12-17 18:35:20,785] multiqc                                            [DEBUG  ]  No samples found: dedup
[2021-12-17 18:35:20,794] multiqc                                            [DEBUG  ]  No samples found: damageprofiler
[2021-12-17 18:35:20,827] multiqc                                            [DEBUG  ]  No samples found: biobambam2
[2021-12-17 18:35:20,836] multiqc                                            [DEBUG  ]  No samples found: mtnucratio
[2021-12-17 18:35:20,841] multiqc                                            [DEBUG  ]  No samples found: picard
[2021-12-17 18:35:20,851] multiqc                                            [DEBUG  ]  No samples found: prokka
[2021-12-17 18:35:20,860] multiqc                                            [DEBUG  ]  No samples found: samblaster
[2021-12-17 18:35:20,875] multiqc                                            [DEBUG  ]  No samples found: samtools
[2021-12-17 18:35:20,884] multiqc                                            [DEBUG  ]  No samples found: sexdeterrmine
[2021-12-17 18:35:20,893] multiqc                                            [DEBUG  ]  No samples found: bamtools
[2021-12-17 18:35:20,902] multiqc                                            [DEBUG  ]  No samples found: jellyfish
[2021-12-17 18:35:20,915] multiqc                                            [DEBUG  ]  No samples found: vcftools
[2021-12-17 18:35:20,923] multiqc                                            [DEBUG  ]  No samples found: longranger
[2021-12-17 18:35:20,932] multiqc                                            [DEBUG  ]  No samples found: stacks
[2021-12-17 18:35:20,943] multiqc                                            [DEBUG  ]  No samples found: varscan2
[2021-12-17 18:35:20,966] multiqc                                            [DEBUG  ]  No samples found: bbmap
[2021-12-17 18:35:20,976] multiqc                                            [DEBUG  ]  No samples found: bismark
[2021-12-17 18:35:20,985] multiqc                                            [DEBUG  ]  No samples found: biscuit
[2021-12-17 18:35:20,994] multiqc                                            [DEBUG  ]  No samples found: hicexplorer
[2021-12-17 18:35:21,002] multiqc                                            [DEBUG  ]  No samples found: hicup
[2021-12-17 18:35:21,011] multiqc                                            [DEBUG  ]  No samples found: hicpro
[2021-12-17 18:35:21,101] multiqc.modules.salmon.salmon                      [INFO   ]  Found 30 meta reports
[2021-12-17 18:35:21,103] multiqc.modules.salmon.salmon                      [INFO   ]  Found 20 fragment length distributions
[2021-12-17 18:35:21,318] multiqc                                            [DEBUG  ]  No samples found: kallisto
[2021-12-17 18:35:21,326] multiqc                                            [DEBUG  ]  No samples found: slamdunk
[2021-12-17 18:35:21,335] multiqc                                            [DEBUG  ]  No samples found: star
[2021-12-17 18:35:21,343] multiqc                                            [DEBUG  ]  No samples found: hisat2
[2021-12-17 18:35:21,352] multiqc                                            [DEBUG  ]  No samples found: tophat
[2021-12-17 18:35:21,360] multiqc                                            [DEBUG  ]  No samples found: bowtie2
[2021-12-17 18:35:21,368] multiqc                                            [DEBUG  ]  No samples found: bowtie1
[2021-12-17 18:35:21,377] multiqc                                            [DEBUG  ]  No samples found: snpsplit
[2021-12-17 18:35:21,385] multiqc                                            [DEBUG  ]  No samples found: kat
[2021-12-17 18:35:21,393] multiqc                                            [DEBUG  ]  No samples found: leehom
[2021-12-17 18:35:21,402] multiqc                                            [DEBUG  ]  No samples found: adapterRemoval
[2021-12-17 18:35:21,411] multiqc                                            [DEBUG  ]  No samples found: clipandmerge
[2021-12-17 18:35:21,419] multiqc                                            [DEBUG  ]  No samples found: cutadapt
[2021-12-17 18:35:21,427] multiqc                                            [DEBUG  ]  No samples found: flexbar
[2021-12-17 18:35:21,435] multiqc                                            [DEBUG  ]  No samples found: kaiju
[2021-12-17 18:35:21,444] multiqc                                            [DEBUG  ]  No samples found: kraken
[2021-12-17 18:35:21,452] multiqc                                            [DEBUG  ]  No samples found: malt
[2021-12-17 18:35:21,460] multiqc                                            [DEBUG  ]  No samples found: trimmomatic
[2021-12-17 18:35:21,468] multiqc                                            [DEBUG  ]  No samples found: sickle
[2021-12-17 18:35:21,477] multiqc                                            [DEBUG  ]  No samples found: skewer
[2021-12-17 18:35:21,485] multiqc                                            [DEBUG  ]  No samples found: sortmerna
[2021-12-17 18:35:21,493] multiqc                                            [DEBUG  ]  No samples found: biobloomtools
[2021-12-17 18:35:21,502] multiqc                                            [DEBUG  ]  No samples found: fastq_screen
[2021-12-17 18:35:21,510] multiqc                                            [DEBUG  ]  No samples found: afterqc
[2021-12-17 18:35:21,518] multiqc                                            [DEBUG  ]  No samples found: fastp
[2021-12-17 18:35:22,525] multiqc.modules.fastqc.fastqc                      [INFO   ]  Found 20 reports
[2021-12-17 18:35:22,818] multiqc                                            [DEBUG  ]  No samples found: pycoqc
[2021-12-17 18:35:22,826] multiqc                                            [DEBUG  ]  No samples found: minionqc
[2021-12-17 18:35:22,835] multiqc                                            [DEBUG  ]  No samples found: multivcfanalyzer
[2021-12-17 18:35:22,843] multiqc                                            [DEBUG  ]  No samples found: clusterflow
[2021-12-17 18:35:22,852] multiqc                                            [DEBUG  ]  No samples found: bcl2fastq
[2021-12-17 18:35:22,860] multiqc                                            [DEBUG  ]  No samples found: interop
[2021-12-17 18:35:22,869] multiqc                                            [DEBUG  ]  No samples found: ivar
[2021-12-17 18:35:22,877] multiqc                                            [DEBUG  ]  No samples found: flash
[2021-12-17 18:35:22,885] multiqc                                            [DEBUG  ]  No samples found: seqyclean
[2021-12-17 18:35:22,966] multiqc                                            [INFO   ]  Compressing plot data
[2021-12-17 18:35:24,037] multiqc                                            [INFO   ]  Report      : ../data/output_data/rna_qc/process.aware.salmon/multiqc.pittsburgh_ctrl.2021-12-17-18.28.51-PST.html
[2021-12-17 18:35:24,038] multiqc                                            [INFO   ]  Data        : ../data/output_data/rna_qc/process.aware.salmon/multiqc.pittsburgh_ctrl.2021-12-17-18.28.51-PST_data
[2021-12-17 18:35:24,038] multiqc                                            [DEBUG  ]  Moving data file from '/data/tmp/tmpbrqd9nv0/multiqc_data' to '/public/groups/kimlab/exRNA_disease_biomarkers//data/output_data/rna_qc/process.aware.salmon/multiqc.pittsburgh_ctrl.2021-12-17-18.28.51-PST_data'
[2021-12-17 18:35:24,540] multiqc                                            [INFO   ]  MultiQC complete
