[2021-12-16 23:00:56,712] multiqc                                            [DEBUG  ]  No MultiQC config found: /public/groups/kimlab/.install_bin/anaconda3/lib/python3.7/site-packages/multiqc_config.yaml
[2021-12-16 23:00:56,712] multiqc                                            [DEBUG  ]  No MultiQC config found: /public/home/rreggiar/.multiqc_config.yaml
[2021-12-16 23:00:56,713] multiqc                                            [DEBUG  ]  No MultiQC config found: multiqc_config.yaml
[2021-12-16 23:00:56,713] multiqc                                            [DEBUG  ]  Command used: /public/groups/kimlab/.install_bin/anaconda3/bin/multiqc /public/groups/kimlab/exRNA_disease_biomarkers/data/input_data/bioIvt_luad --filename multiqc..2021-12-16-22.59.13-PST -o /public/groups/kimlab/exRNA_disease_biomarkers/data/output_data/rna_qc
[2021-12-16 23:00:57,960] multiqc                                            [WARNING]  MultiQC Version v1.11 now available!
[2021-12-16 23:00:57,960] multiqc                                            [INFO   ]  This is MultiQC v1.9
[2021-12-16 23:00:57,960] multiqc                                            [DEBUG  ]  Command     : /public/groups/kimlab/.install_bin/anaconda3/bin/multiqc /public/groups/kimlab/exRNA_disease_biomarkers/data/input_data/bioIvt_luad --filename multiqc..2021-12-16-22.59.13-PST -o /public/groups/kimlab/exRNA_disease_biomarkers/data/output_data/rna_qc
[2021-12-16 23:00:57,961] multiqc                                            [DEBUG  ]  Working dir : /public/groups/kimlab/exRNA_disease_biomarkers/bin
[2021-12-16 23:00:57,961] multiqc                                            [INFO   ]  Template    : default
[2021-12-16 23:00:57,961] multiqc                                            [DEBUG  ]  Running Python 3.7.6 (default, Jan  8 2020, 19:59:22)  [GCC 7.3.0]
[2021-12-16 23:00:57,961] multiqc                                            [INFO   ]  Searching   : /public/groups/kimlab/exRNA_disease_biomarkers/data/input_data/bioIvt_luad
[2021-12-16 23:00:57,962] multiqc                                            [DEBUG  ]  Analysing modules: custom_content, conpair, peddy, somalier, methylQA, mosdepth, phantompeakqualtools, qualimap, preseq, quast, qorts, rna_seqc, rockhopper, rsem, rseqc, busco, goleft_indexcov, disambiguate, supernova, deeptools, sargasso, verifybamid, mirtrace, happy, mirtop, homer, macs2, theta2, snpeff, gatk, htseq, bcftools, featureCounts, fgbio, dragen, dedup, damageprofiler, biobambam2, mtnucratio, picard, prokka, samblaster, samtools, sexdeterrmine, bamtools, jellyfish, vcftools, longranger, stacks, varscan2, bbmap, bismark, biscuit, hicexplorer, hicup, hicpro, salmon, kallisto, slamdunk, star, hisat2, tophat, bowtie2, bowtie1, snpsplit, kat, leehom, adapterRemoval, clipandmerge, cutadapt, flexbar, kaiju, kraken, malt, trimmomatic, sickle, skewer, sortmerna, biobloomtools, fastq_screen, afterqc, fastp, fastqc, pycoqc, minionqc, multivcfanalyzer, clusterflow, bcl2fastq, interop, ivar, flash, seqyclean
[2021-12-16 23:00:57,963] multiqc                                            [DEBUG  ]  Using temporary directory for creating report: /data/tmp/tmpg4q6swx5
[2021-12-16 23:00:58,252] multiqc                                            [DEBUG  ]  Ignoring file as matched an ignore pattern: lung_plasma_0A8_S62_R1_001.fastq.gz
[2021-12-16 23:00:58,253] multiqc                                            [DEBUG  ]  Ignoring file as matched an ignore pattern: lung_plasma_0A8_S62_R2_001.fastq.gz
[2021-12-16 23:00:58,253] multiqc                                            [DEBUG  ]  Ignoring file as matched an ignore pattern: luad.1.0.30_output_forward_paired.fq.gz
[2021-12-16 23:00:58,253] multiqc                                            [DEBUG  ]  Ignoring file as matched an ignore pattern: luad.1.0.30_output_reverse_paired.fq.gz
[2021-12-16 23:00:58,312] multiqc                                            [DEBUG  ]  File ignored by hicexplorer because it exceeded search pattern filesize limit: luad.1.0.30_output_reverse_paired_fastqc.html
[2021-12-16 23:00:58,324] multiqc                                            [DEBUG  ]  File ignored by longranger/invocation because it exceeded search pattern filesize limit: luad.1.0.30_output_reverse_paired_fastqc.html
[2021-12-16 23:00:58,325] multiqc                                            [DEBUG  ]  File ignored by rockhopper because it exceeded search pattern filesize limit: luad.1.0.30_output_reverse_paired_fastqc.html
[2021-12-16 23:00:58,325] multiqc                                            [DEBUG  ]  File ignored by rseqc/bam_stat because it exceeded search pattern filesize limit: luad.1.0.30_output_reverse_paired_fastqc.html
[2021-12-16 23:00:58,325] multiqc                                            [DEBUG  ]  File ignored by rseqc/junction_annotation because it exceeded search pattern filesize limit: luad.1.0.30_output_reverse_paired_fastqc.html
[2021-12-16 23:00:58,325] multiqc                                            [DEBUG  ]  File ignored by rseqc/read_distribution because it exceeded search pattern filesize limit: luad.1.0.30_output_reverse_paired_fastqc.html
[2021-12-16 23:00:58,325] multiqc                                            [DEBUG  ]  File ignored by rseqc/infer_experiment because it exceeded search pattern filesize limit: luad.1.0.30_output_reverse_paired_fastqc.html
[2021-12-16 23:00:58,497] multiqc                                            [DEBUG  ]  File ignored by hicexplorer because it exceeded search pattern filesize limit: luad.1.0.30_output_forward_paired_fastqc.html
[2021-12-16 23:00:58,509] multiqc                                            [DEBUG  ]  File ignored by longranger/invocation because it exceeded search pattern filesize limit: luad.1.0.30_output_forward_paired_fastqc.html
[2021-12-16 23:00:58,510] multiqc                                            [DEBUG  ]  File ignored by rockhopper because it exceeded search pattern filesize limit: luad.1.0.30_output_forward_paired_fastqc.html
[2021-12-16 23:00:58,510] multiqc                                            [DEBUG  ]  File ignored by rseqc/bam_stat because it exceeded search pattern filesize limit: luad.1.0.30_output_forward_paired_fastqc.html
[2021-12-16 23:00:58,510] multiqc                                            [DEBUG  ]  File ignored by rseqc/junction_annotation because it exceeded search pattern filesize limit: luad.1.0.30_output_forward_paired_fastqc.html
[2021-12-16 23:00:58,510] multiqc                                            [DEBUG  ]  File ignored by rseqc/read_distribution because it exceeded search pattern filesize limit: luad.1.0.30_output_forward_paired_fastqc.html
[2021-12-16 23:00:58,510] multiqc                                            [DEBUG  ]  File ignored by rseqc/infer_experiment because it exceeded search pattern filesize limit: luad.1.0.30_output_forward_paired_fastqc.html
[2021-12-16 23:00:58,789] multiqc                                            [DEBUG  ]  File ignored by hicexplorer because it exceeded search pattern filesize limit: salmon_quant.log
[2021-12-16 23:00:58,800] multiqc                                            [DEBUG  ]  File ignored by longranger/invocation because it exceeded search pattern filesize limit: salmon_quant.log
[2021-12-16 23:00:58,937] multiqc                                            [DEBUG  ]  File ignored by hicexplorer because it exceeded search pattern filesize limit: ambig_info.tsv
[2021-12-16 23:00:58,947] multiqc                                            [DEBUG  ]  File ignored by longranger/invocation because it exceeded search pattern filesize limit: ambig_info.tsv
[2021-12-16 23:00:58,948] multiqc                                            [DEBUG  ]  File ignored by rockhopper because it exceeded search pattern filesize limit: ambig_info.tsv
[2021-12-16 23:00:58,948] multiqc                                            [DEBUG  ]  File ignored by rseqc/bam_stat because it exceeded search pattern filesize limit: ambig_info.tsv
[2021-12-16 23:00:58,948] multiqc                                            [DEBUG  ]  File ignored by rseqc/junction_annotation because it exceeded search pattern filesize limit: ambig_info.tsv
[2021-12-16 23:00:58,948] multiqc                                            [DEBUG  ]  File ignored by rseqc/read_distribution because it exceeded search pattern filesize limit: ambig_info.tsv
[2021-12-16 23:00:58,948] multiqc                                            [DEBUG  ]  File ignored by rseqc/infer_experiment because it exceeded search pattern filesize limit: ambig_info.tsv
[2021-12-16 23:00:59,063] multiqc                                            [DEBUG  ]  File ignored by stacks/sumstats because it exceeded search pattern filesize limit: ambig_info.tsv
[2021-12-16 23:01:04,148] multiqc                                            [DEBUG  ]  Ignoring file as matched an ignore pattern: lung_plasma_5A6_S63_R1_001.fastq.gz
[2021-12-16 23:01:04,149] multiqc                                            [DEBUG  ]  Ignoring file as matched an ignore pattern: lung_plasma_5A6_S63_R2_001.fastq.gz
[2021-12-16 23:01:04,149] multiqc                                            [DEBUG  ]  Ignoring file as matched an ignore pattern: luad.2.0.30_output_forward_paired.fq.gz
[2021-12-16 23:01:04,149] multiqc                                            [DEBUG  ]  Ignoring file as matched an ignore pattern: luad.2.0.30_output_reverse_paired.fq.gz
[2021-12-16 23:01:04,178] multiqc                                            [DEBUG  ]  File ignored by hicexplorer because it exceeded search pattern filesize limit: luad.2.0.30_output_reverse_paired_fastqc.html
[2021-12-16 23:01:04,189] multiqc                                            [DEBUG  ]  File ignored by longranger/invocation because it exceeded search pattern filesize limit: luad.2.0.30_output_reverse_paired_fastqc.html
[2021-12-16 23:01:04,189] multiqc                                            [DEBUG  ]  File ignored by rockhopper because it exceeded search pattern filesize limit: luad.2.0.30_output_reverse_paired_fastqc.html
[2021-12-16 23:01:04,189] multiqc                                            [DEBUG  ]  File ignored by rseqc/bam_stat because it exceeded search pattern filesize limit: luad.2.0.30_output_reverse_paired_fastqc.html
[2021-12-16 23:01:04,189] multiqc                                            [DEBUG  ]  File ignored by rseqc/junction_annotation because it exceeded search pattern filesize limit: luad.2.0.30_output_reverse_paired_fastqc.html
[2021-12-16 23:01:04,190] multiqc                                            [DEBUG  ]  File ignored by rseqc/read_distribution because it exceeded search pattern filesize limit: luad.2.0.30_output_reverse_paired_fastqc.html
[2021-12-16 23:01:04,190] multiqc                                            [DEBUG  ]  File ignored by rseqc/infer_experiment because it exceeded search pattern filesize limit: luad.2.0.30_output_reverse_paired_fastqc.html
[2021-12-16 23:01:04,354] multiqc                                            [DEBUG  ]  File ignored by hicexplorer because it exceeded search pattern filesize limit: luad.2.0.30_output_forward_paired_fastqc.html
[2021-12-16 23:01:04,364] multiqc                                            [DEBUG  ]  File ignored by longranger/invocation because it exceeded search pattern filesize limit: luad.2.0.30_output_forward_paired_fastqc.html
[2021-12-16 23:01:04,364] multiqc                                            [DEBUG  ]  File ignored by rockhopper because it exceeded search pattern filesize limit: luad.2.0.30_output_forward_paired_fastqc.html
[2021-12-16 23:01:04,364] multiqc                                            [DEBUG  ]  File ignored by rseqc/bam_stat because it exceeded search pattern filesize limit: luad.2.0.30_output_forward_paired_fastqc.html
[2021-12-16 23:01:04,365] multiqc                                            [DEBUG  ]  File ignored by rseqc/junction_annotation because it exceeded search pattern filesize limit: luad.2.0.30_output_forward_paired_fastqc.html
[2021-12-16 23:01:04,365] multiqc                                            [DEBUG  ]  File ignored by rseqc/read_distribution because it exceeded search pattern filesize limit: luad.2.0.30_output_forward_paired_fastqc.html
[2021-12-16 23:01:04,365] multiqc                                            [DEBUG  ]  File ignored by rseqc/infer_experiment because it exceeded search pattern filesize limit: luad.2.0.30_output_forward_paired_fastqc.html
[2021-12-16 23:01:04,653] multiqc                                            [DEBUG  ]  File ignored by hicexplorer because it exceeded search pattern filesize limit: salmon_quant.log
[2021-12-16 23:01:04,662] multiqc                                            [DEBUG  ]  File ignored by longranger/invocation because it exceeded search pattern filesize limit: salmon_quant.log
[2021-12-16 23:01:04,817] multiqc                                            [DEBUG  ]  File ignored by hicexplorer because it exceeded search pattern filesize limit: ambig_info.tsv
[2021-12-16 23:01:04,827] multiqc                                            [DEBUG  ]  File ignored by longranger/invocation because it exceeded search pattern filesize limit: ambig_info.tsv
[2021-12-16 23:01:04,828] multiqc                                            [DEBUG  ]  File ignored by rockhopper because it exceeded search pattern filesize limit: ambig_info.tsv
[2021-12-16 23:01:04,828] multiqc                                            [DEBUG  ]  File ignored by rseqc/bam_stat because it exceeded search pattern filesize limit: ambig_info.tsv
[2021-12-16 23:01:04,828] multiqc                                            [DEBUG  ]  File ignored by rseqc/junction_annotation because it exceeded search pattern filesize limit: ambig_info.tsv
[2021-12-16 23:01:04,828] multiqc                                            [DEBUG  ]  File ignored by rseqc/read_distribution because it exceeded search pattern filesize limit: ambig_info.tsv
[2021-12-16 23:01:04,828] multiqc                                            [DEBUG  ]  File ignored by rseqc/infer_experiment because it exceeded search pattern filesize limit: ambig_info.tsv
[2021-12-16 23:01:04,963] multiqc                                            [DEBUG  ]  File ignored by stacks/sumstats because it exceeded search pattern filesize limit: ambig_info.tsv
[2021-12-16 23:01:10,309] multiqc                                            [DEBUG  ]  Ignoring file as matched an ignore pattern: lung_plasma_7A3_S61_R1_001.fastq.gz
[2021-12-16 23:01:10,310] multiqc                                            [DEBUG  ]  Ignoring file as matched an ignore pattern: lung_plasma_7A3_S61_R2_001.fastq.gz
[2021-12-16 23:01:10,310] multiqc                                            [DEBUG  ]  Ignoring file as matched an ignore pattern: luad.3.0.30_output_forward_paired.fq.gz
[2021-12-16 23:01:10,310] multiqc                                            [DEBUG  ]  Ignoring file as matched an ignore pattern: luad.3.0.30_output_reverse_paired.fq.gz
[2021-12-16 23:01:10,338] multiqc                                            [DEBUG  ]  File ignored by hicexplorer because it exceeded search pattern filesize limit: luad.3.0.30_output_reverse_paired_fastqc.html
[2021-12-16 23:01:10,349] multiqc                                            [DEBUG  ]  File ignored by longranger/invocation because it exceeded search pattern filesize limit: luad.3.0.30_output_reverse_paired_fastqc.html
[2021-12-16 23:01:10,349] multiqc                                            [DEBUG  ]  File ignored by rockhopper because it exceeded search pattern filesize limit: luad.3.0.30_output_reverse_paired_fastqc.html
[2021-12-16 23:01:10,349] multiqc                                            [DEBUG  ]  File ignored by rseqc/bam_stat because it exceeded search pattern filesize limit: luad.3.0.30_output_reverse_paired_fastqc.html
[2021-12-16 23:01:10,349] multiqc                                            [DEBUG  ]  File ignored by rseqc/junction_annotation because it exceeded search pattern filesize limit: luad.3.0.30_output_reverse_paired_fastqc.html
[2021-12-16 23:01:10,349] multiqc                                            [DEBUG  ]  File ignored by rseqc/read_distribution because it exceeded search pattern filesize limit: luad.3.0.30_output_reverse_paired_fastqc.html
[2021-12-16 23:01:10,349] multiqc                                            [DEBUG  ]  File ignored by rseqc/infer_experiment because it exceeded search pattern filesize limit: luad.3.0.30_output_reverse_paired_fastqc.html
[2021-12-16 23:01:10,489] multiqc                                            [DEBUG  ]  File ignored by hicexplorer because it exceeded search pattern filesize limit: luad.3.0.30_output_forward_paired_fastqc.html
[2021-12-16 23:01:10,500] multiqc                                            [DEBUG  ]  File ignored by longranger/invocation because it exceeded search pattern filesize limit: luad.3.0.30_output_forward_paired_fastqc.html
[2021-12-16 23:01:10,500] multiqc                                            [DEBUG  ]  File ignored by rockhopper because it exceeded search pattern filesize limit: luad.3.0.30_output_forward_paired_fastqc.html
[2021-12-16 23:01:10,500] multiqc                                            [DEBUG  ]  File ignored by rseqc/bam_stat because it exceeded search pattern filesize limit: luad.3.0.30_output_forward_paired_fastqc.html
[2021-12-16 23:01:10,500] multiqc                                            [DEBUG  ]  File ignored by rseqc/junction_annotation because it exceeded search pattern filesize limit: luad.3.0.30_output_forward_paired_fastqc.html
[2021-12-16 23:01:10,500] multiqc                                            [DEBUG  ]  File ignored by rseqc/read_distribution because it exceeded search pattern filesize limit: luad.3.0.30_output_forward_paired_fastqc.html
[2021-12-16 23:01:10,500] multiqc                                            [DEBUG  ]  File ignored by rseqc/infer_experiment because it exceeded search pattern filesize limit: luad.3.0.30_output_forward_paired_fastqc.html
[2021-12-16 23:01:10,739] multiqc                                            [DEBUG  ]  File ignored by hicexplorer because it exceeded search pattern filesize limit: salmon_quant.log
[2021-12-16 23:01:10,750] multiqc                                            [DEBUG  ]  File ignored by longranger/invocation because it exceeded search pattern filesize limit: salmon_quant.log
[2021-12-16 23:01:10,883] multiqc                                            [DEBUG  ]  File ignored by hicexplorer because it exceeded search pattern filesize limit: ambig_info.tsv
[2021-12-16 23:01:10,893] multiqc                                            [DEBUG  ]  File ignored by longranger/invocation because it exceeded search pattern filesize limit: ambig_info.tsv
[2021-12-16 23:01:10,893] multiqc                                            [DEBUG  ]  File ignored by rockhopper because it exceeded search pattern filesize limit: ambig_info.tsv
[2021-12-16 23:01:10,893] multiqc                                            [DEBUG  ]  File ignored by rseqc/bam_stat because it exceeded search pattern filesize limit: ambig_info.tsv
[2021-12-16 23:01:10,893] multiqc                                            [DEBUG  ]  File ignored by rseqc/junction_annotation because it exceeded search pattern filesize limit: ambig_info.tsv
[2021-12-16 23:01:10,893] multiqc                                            [DEBUG  ]  File ignored by rseqc/read_distribution because it exceeded search pattern filesize limit: ambig_info.tsv
[2021-12-16 23:01:10,893] multiqc                                            [DEBUG  ]  File ignored by rseqc/infer_experiment because it exceeded search pattern filesize limit: ambig_info.tsv
[2021-12-16 23:01:11,000] multiqc                                            [DEBUG  ]  File ignored by stacks/sumstats because it exceeded search pattern filesize limit: ambig_info.tsv
[2021-12-16 23:01:17,707] multiqc.plots.bargraph                             [DEBUG  ]  Using matplotlib version 3.1.3
[2021-12-16 23:01:17,708] multiqc.plots.linegraph                            [DEBUG  ]  Using matplotlib version 3.1.3
[2021-12-16 23:01:17,711] multiqc                                            [DEBUG  ]  No samples found: custom_content
[2021-12-16 23:01:17,720] multiqc                                            [DEBUG  ]  No samples found: conpair
[2021-12-16 23:01:17,740] multiqc                                            [DEBUG  ]  No samples found: peddy
[2021-12-16 23:01:17,766] multiqc                                            [DEBUG  ]  No samples found: somalier
[2021-12-16 23:01:17,775] multiqc                                            [DEBUG  ]  No samples found: methylQA
[2021-12-16 23:01:17,807] multiqc                                            [DEBUG  ]  No samples found: mosdepth
[2021-12-16 23:01:17,828] multiqc                                            [DEBUG  ]  No samples found: phantompeakqualtools
[2021-12-16 23:01:17,835] multiqc                                            [DEBUG  ]  No samples found: qualimap
[2021-12-16 23:01:17,851] multiqc                                            [DEBUG  ]  No samples found: preseq
[2021-12-16 23:01:17,873] multiqc                                            [DEBUG  ]  No samples found: quast
[2021-12-16 23:01:17,892] multiqc                                            [DEBUG  ]  No samples found: qorts
[2021-12-16 23:01:17,914] multiqc                                            [DEBUG  ]  No samples found: rna_seqc
[2021-12-16 23:01:17,933] multiqc                                            [DEBUG  ]  No samples found: rockhopper
[2021-12-16 23:01:17,952] multiqc                                            [DEBUG  ]  No samples found: rsem
[2021-12-16 23:01:18,022] multiqc                                            [DEBUG  ]  No samples found: rseqc
[2021-12-16 23:01:18,042] multiqc                                            [DEBUG  ]  No samples found: busco
[2021-12-16 23:01:18,069] multiqc                                            [DEBUG  ]  No samples found: goleft_indexcov
[2021-12-16 23:01:18,090] multiqc                                            [DEBUG  ]  No samples found: disambiguate
[2021-12-16 23:01:18,113] multiqc                                            [DEBUG  ]  No samples found: supernova
[2021-12-16 23:01:18,174] multiqc                                            [DEBUG  ]  No samples found: deeptools
[2021-12-16 23:01:18,200] multiqc                                            [DEBUG  ]  No samples found: sargasso
[2021-12-16 23:01:18,232] multiqc                                            [DEBUG  ]  No samples found: verifybamid
[2021-12-16 23:01:18,243] multiqc                                            [DEBUG  ]  No samples found: mirtrace
[2021-12-16 23:01:18,256] multiqc                                            [DEBUG  ]  No samples found: happy
[2021-12-16 23:01:18,280] multiqc                                            [DEBUG  ]  No samples found: mirtop
[2021-12-16 23:01:18,293] multiqc                                            [DEBUG  ]  No samples found: homer
[2021-12-16 23:01:18,320] multiqc                                            [DEBUG  ]  No samples found: macs2
[2021-12-16 23:01:18,343] multiqc                                            [DEBUG  ]  No samples found: theta2
[2021-12-16 23:01:18,353] multiqc                                            [DEBUG  ]  No samples found: snpeff
[2021-12-16 23:01:18,373] multiqc                                            [DEBUG  ]  No samples found: gatk
[2021-12-16 23:01:18,411] multiqc                                            [DEBUG  ]  No samples found: htseq
[2021-12-16 23:01:18,453] multiqc                                            [DEBUG  ]  No samples found: bcftools
[2021-12-16 23:01:18,480] multiqc                                            [DEBUG  ]  No samples found: featureCounts
[2021-12-16 23:01:18,527] multiqc                                            [DEBUG  ]  No samples found: fgbio
[2021-12-16 23:01:18,567] multiqc                                            [DEBUG  ]  No samples found: dragen
[2021-12-16 23:01:18,580] multiqc                                            [DEBUG  ]  No samples found: dedup
[2021-12-16 23:01:18,615] multiqc                                            [DEBUG  ]  No samples found: damageprofiler
[2021-12-16 23:01:18,715] multiqc                                            [DEBUG  ]  No samples found: biobambam2
[2021-12-16 23:01:18,743] multiqc                                            [DEBUG  ]  No samples found: mtnucratio
[2021-12-16 23:01:18,753] multiqc                                            [DEBUG  ]  No samples found: picard
[2021-12-16 23:01:18,786] multiqc                                            [DEBUG  ]  No samples found: prokka
[2021-12-16 23:01:18,799] multiqc                                            [DEBUG  ]  No samples found: samblaster
[2021-12-16 23:01:18,825] multiqc                                            [DEBUG  ]  No samples found: samtools
[2021-12-16 23:01:18,837] multiqc                                            [DEBUG  ]  No samples found: sexdeterrmine
[2021-12-16 23:01:18,882] multiqc                                            [DEBUG  ]  No samples found: bamtools
[2021-12-16 23:01:18,909] multiqc                                            [DEBUG  ]  No samples found: jellyfish
[2021-12-16 23:01:18,945] multiqc                                            [DEBUG  ]  No samples found: vcftools
[2021-12-16 23:01:18,969] multiqc                                            [DEBUG  ]  No samples found: longranger
[2021-12-16 23:01:18,982] multiqc                                            [DEBUG  ]  No samples found: stacks
[2021-12-16 23:01:19,008] multiqc                                            [DEBUG  ]  No samples found: varscan2
[2021-12-16 23:01:19,084] multiqc                                            [DEBUG  ]  No samples found: bbmap
[2021-12-16 23:01:19,115] multiqc                                            [DEBUG  ]  No samples found: bismark
[2021-12-16 23:01:19,159] multiqc                                            [DEBUG  ]  No samples found: biscuit
[2021-12-16 23:01:19,169] multiqc                                            [DEBUG  ]  No samples found: hicexplorer
[2021-12-16 23:01:19,255] multiqc                                            [DEBUG  ]  No samples found: hicup
[2021-12-16 23:01:19,293] multiqc                                            [DEBUG  ]  No samples found: hicpro
[2021-12-16 23:01:19,321] multiqc.modules.salmon.salmon                      [INFO   ]  Found 3 meta reports
[2021-12-16 23:01:19,322] multiqc.modules.salmon.salmon                      [INFO   ]  Found 3 fragment length distributions
[2021-12-16 23:01:19,457] multiqc                                            [DEBUG  ]  No samples found: kallisto
[2021-12-16 23:01:19,467] multiqc                                            [DEBUG  ]  No samples found: slamdunk
[2021-12-16 23:01:19,487] multiqc                                            [DEBUG  ]  No samples found: star
[2021-12-16 23:01:19,533] multiqc                                            [DEBUG  ]  No samples found: hisat2
[2021-12-16 23:01:19,546] multiqc                                            [DEBUG  ]  No samples found: tophat
[2021-12-16 23:01:19,574] multiqc                                            [DEBUG  ]  No samples found: bowtie2
[2021-12-16 23:01:19,621] multiqc                                            [DEBUG  ]  No samples found: bowtie1
[2021-12-16 23:01:19,651] multiqc                                            [DEBUG  ]  No samples found: snpsplit
[2021-12-16 23:01:19,674] multiqc                                            [DEBUG  ]  No samples found: kat
[2021-12-16 23:01:19,701] multiqc                                            [DEBUG  ]  No samples found: leehom
[2021-12-16 23:01:19,730] multiqc                                            [DEBUG  ]  No samples found: adapterRemoval
[2021-12-16 23:01:19,761] multiqc                                            [DEBUG  ]  No samples found: clipandmerge
[2021-12-16 23:01:19,775] multiqc                                            [DEBUG  ]  No samples found: cutadapt
[2021-12-16 23:01:19,807] multiqc                                            [DEBUG  ]  No samples found: flexbar
[2021-12-16 23:01:19,836] multiqc                                            [DEBUG  ]  No samples found: kaiju
[2021-12-16 23:01:19,864] multiqc                                            [DEBUG  ]  No samples found: kraken
[2021-12-16 23:01:19,878] multiqc                                            [DEBUG  ]  No samples found: malt
[2021-12-16 23:01:19,904] multiqc                                            [DEBUG  ]  No samples found: trimmomatic
[2021-12-16 23:01:20,154] multiqc                                            [DEBUG  ]  No samples found: sickle
[2021-12-16 23:01:20,172] multiqc                                            [DEBUG  ]  No samples found: skewer
[2021-12-16 23:01:20,198] multiqc                                            [DEBUG  ]  No samples found: sortmerna
[2021-12-16 23:01:20,224] multiqc                                            [DEBUG  ]  No samples found: biobloomtools
[2021-12-16 23:01:20,242] multiqc                                            [DEBUG  ]  No samples found: fastq_screen
[2021-12-16 23:01:20,265] multiqc                                            [DEBUG  ]  No samples found: afterqc
[2021-12-16 23:01:20,275] multiqc                                            [DEBUG  ]  No samples found: fastp
[2021-12-16 23:01:20,776] multiqc.modules.fastqc.fastqc                      [INFO   ]  Found 6 reports
[2021-12-16 23:01:21,003] multiqc                                            [DEBUG  ]  No samples found: pycoqc
[2021-12-16 23:01:21,013] multiqc                                            [DEBUG  ]  No samples found: minionqc
[2021-12-16 23:01:21,041] multiqc                                            [DEBUG  ]  No samples found: multivcfanalyzer
[2021-12-16 23:01:21,069] multiqc                                            [DEBUG  ]  No samples found: clusterflow
[2021-12-16 23:01:21,081] multiqc                                            [DEBUG  ]  No samples found: bcl2fastq
[2021-12-16 23:01:21,102] multiqc                                            [DEBUG  ]  No samples found: interop
[2021-12-16 23:01:21,123] multiqc                                            [DEBUG  ]  No samples found: ivar
[2021-12-16 23:01:21,144] multiqc                                            [DEBUG  ]  No samples found: flash
[2021-12-16 23:01:21,168] multiqc                                            [DEBUG  ]  No samples found: seqyclean
[2021-12-16 23:01:21,199] multiqc                                            [INFO   ]  Compressing plot data
[2021-12-16 23:01:21,504] multiqc                                            [INFO   ]  Report      : ../data/output_data/rna_qc/multiqc..2021-12-16-22.59.13-PST.html
[2021-12-16 23:01:21,504] multiqc                                            [INFO   ]  Data        : ../data/output_data/rna_qc/multiqc..2021-12-16-22.59.13-PST_data
[2021-12-16 23:01:21,504] multiqc                                            [DEBUG  ]  Moving data file from '/data/tmp/tmpg4q6swx5/multiqc_data' to '/public/groups/kimlab/exRNA_disease_biomarkers/data/output_data/rna_qc/multiqc..2021-12-16-22.59.13-PST_data'
[2021-12-16 23:01:22,490] multiqc                                            [INFO   ]  MultiQC complete
