[2021-12-17 17:56:33,939] multiqc                                            [DEBUG  ]  No MultiQC config found: /public/groups/kimlab/.install_bin/anaconda3/lib/python3.7/site-packages/multiqc_config.yaml
[2021-12-17 17:56:33,940] multiqc                                            [DEBUG  ]  No MultiQC config found: /public/home/rreggiar/.multiqc_config.yaml
[2021-12-17 17:56:33,940] multiqc                                            [DEBUG  ]  No MultiQC config found: multiqc_config.yaml
[2021-12-17 17:56:33,940] multiqc                                            [DEBUG  ]  Command used: /public/groups/kimlab/.install_bin/anaconda3/bin/multiqc /public/groups/kimlab/exRNA_disease_biomarkers//data/input_data/bioIvt_panc --filename multiqc.bioIvt_panc.2021-12-17-17.53.30-PST -o /public/groups/kimlab/exRNA_disease_biomarkers//data/output_data/rna_qc/ucsc.rmsk.salmon
[2021-12-17 17:56:34,675] multiqc                                            [WARNING]  MultiQC Version v1.11 now available!
[2021-12-17 17:56:34,675] multiqc                                            [INFO   ]  This is MultiQC v1.9
[2021-12-17 17:56:34,676] multiqc                                            [DEBUG  ]  Command     : /public/groups/kimlab/.install_bin/anaconda3/bin/multiqc /public/groups/kimlab/exRNA_disease_biomarkers//data/input_data/bioIvt_panc --filename multiqc.bioIvt_panc.2021-12-17-17.53.30-PST -o /public/groups/kimlab/exRNA_disease_biomarkers//data/output_data/rna_qc/ucsc.rmsk.salmon
[2021-12-17 17:56:34,676] multiqc                                            [DEBUG  ]  Working dir : /public/groups/kimlab/exRNA_disease_biomarkers/bin
[2021-12-17 17:56:34,676] multiqc                                            [INFO   ]  Template    : default
[2021-12-17 17:56:34,676] multiqc                                            [DEBUG  ]  Running Python 3.7.6 (default, Jan  8 2020, 19:59:22)  [GCC 7.3.0]
[2021-12-17 17:56:34,676] multiqc                                            [INFO   ]  Searching   : /public/groups/kimlab/exRNA_disease_biomarkers/data/input_data/bioIvt_panc
[2021-12-17 17:56:34,677] multiqc                                            [DEBUG  ]  Analysing modules: custom_content, conpair, peddy, somalier, methylQA, mosdepth, phantompeakqualtools, qualimap, preseq, quast, qorts, rna_seqc, rockhopper, rsem, rseqc, busco, goleft_indexcov, disambiguate, supernova, deeptools, sargasso, verifybamid, mirtrace, happy, mirtop, homer, macs2, theta2, snpeff, gatk, htseq, bcftools, featureCounts, fgbio, dragen, dedup, damageprofiler, biobambam2, mtnucratio, picard, prokka, samblaster, samtools, sexdeterrmine, bamtools, jellyfish, vcftools, longranger, stacks, varscan2, bbmap, bismark, biscuit, hicexplorer, hicup, hicpro, salmon, kallisto, slamdunk, star, hisat2, tophat, bowtie2, bowtie1, snpsplit, kat, leehom, adapterRemoval, clipandmerge, cutadapt, flexbar, kaiju, kraken, malt, trimmomatic, sickle, skewer, sortmerna, biobloomtools, fastq_screen, afterqc, fastp, fastqc, pycoqc, minionqc, multivcfanalyzer, clusterflow, bcl2fastq, interop, ivar, flash, seqyclean
[2021-12-17 17:56:34,677] multiqc                                            [DEBUG  ]  Using temporary directory for creating report: /data/tmp/tmpjfn4uw9w
[2021-12-17 17:56:34,953] multiqc                                            [DEBUG  ]  Ignoring file as matched an ignore pattern: BioIVT0221_S204_R1_001.fastq.gz
[2021-12-17 17:56:34,953] multiqc                                            [DEBUG  ]  Ignoring file as matched an ignore pattern: BioIVT0221_S204_R2_001.fastq.gz
[2021-12-17 17:56:34,953] multiqc                                            [DEBUG  ]  Ignoring file as matched an ignore pattern: panc.10.1.2_output_forward_paired.fq.gz
[2021-12-17 17:56:34,954] multiqc                                            [DEBUG  ]  Ignoring file as matched an ignore pattern: panc.10.1.2_output_reverse_paired.fq.gz
[2021-12-17 17:56:35,005] multiqc                                            [DEBUG  ]  File ignored by hicexplorer because it exceeded search pattern filesize limit: panc.10.1.2_output_forward_paired_fastqc.html
[2021-12-17 17:56:35,016] multiqc                                            [DEBUG  ]  File ignored by longranger/invocation because it exceeded search pattern filesize limit: panc.10.1.2_output_forward_paired_fastqc.html
[2021-12-17 17:56:35,016] multiqc                                            [DEBUG  ]  File ignored by rockhopper because it exceeded search pattern filesize limit: panc.10.1.2_output_forward_paired_fastqc.html
[2021-12-17 17:56:35,016] multiqc                                            [DEBUG  ]  File ignored by rseqc/bam_stat because it exceeded search pattern filesize limit: panc.10.1.2_output_forward_paired_fastqc.html
[2021-12-17 17:56:35,016] multiqc                                            [DEBUG  ]  File ignored by rseqc/junction_annotation because it exceeded search pattern filesize limit: panc.10.1.2_output_forward_paired_fastqc.html
[2021-12-17 17:56:35,016] multiqc                                            [DEBUG  ]  File ignored by rseqc/read_distribution because it exceeded search pattern filesize limit: panc.10.1.2_output_forward_paired_fastqc.html
[2021-12-17 17:56:35,017] multiqc                                            [DEBUG  ]  File ignored by rseqc/infer_experiment because it exceeded search pattern filesize limit: panc.10.1.2_output_forward_paired_fastqc.html
[2021-12-17 17:56:35,161] multiqc                                            [DEBUG  ]  File ignored by hicexplorer because it exceeded search pattern filesize limit: panc.10.1.2_output_reverse_paired_fastqc.html
[2021-12-17 17:56:35,172] multiqc                                            [DEBUG  ]  File ignored by longranger/invocation because it exceeded search pattern filesize limit: panc.10.1.2_output_reverse_paired_fastqc.html
[2021-12-17 17:56:35,172] multiqc                                            [DEBUG  ]  File ignored by rockhopper because it exceeded search pattern filesize limit: panc.10.1.2_output_reverse_paired_fastqc.html
[2021-12-17 17:56:35,172] multiqc                                            [DEBUG  ]  File ignored by rseqc/bam_stat because it exceeded search pattern filesize limit: panc.10.1.2_output_reverse_paired_fastqc.html
[2021-12-17 17:56:35,173] multiqc                                            [DEBUG  ]  File ignored by rseqc/junction_annotation because it exceeded search pattern filesize limit: panc.10.1.2_output_reverse_paired_fastqc.html
[2021-12-17 17:56:35,173] multiqc                                            [DEBUG  ]  File ignored by rseqc/read_distribution because it exceeded search pattern filesize limit: panc.10.1.2_output_reverse_paired_fastqc.html
[2021-12-17 17:56:35,173] multiqc                                            [DEBUG  ]  File ignored by rseqc/infer_experiment because it exceeded search pattern filesize limit: panc.10.1.2_output_reverse_paired_fastqc.html
[2021-12-17 17:56:35,428] multiqc                                            [DEBUG  ]  File ignored by hicexplorer because it exceeded search pattern filesize limit: salmon_quant.log
[2021-12-17 17:56:35,439] multiqc                                            [DEBUG  ]  File ignored by longranger/invocation because it exceeded search pattern filesize limit: salmon_quant.log
[2021-12-17 17:56:35,584] multiqc                                            [DEBUG  ]  File ignored by hicexplorer because it exceeded search pattern filesize limit: ambig_info.tsv
[2021-12-17 17:56:35,595] multiqc                                            [DEBUG  ]  File ignored by longranger/invocation because it exceeded search pattern filesize limit: ambig_info.tsv
[2021-12-17 17:56:35,595] multiqc                                            [DEBUG  ]  File ignored by rockhopper because it exceeded search pattern filesize limit: ambig_info.tsv
[2021-12-17 17:56:35,595] multiqc                                            [DEBUG  ]  File ignored by rseqc/bam_stat because it exceeded search pattern filesize limit: ambig_info.tsv
[2021-12-17 17:56:35,595] multiqc                                            [DEBUG  ]  File ignored by rseqc/junction_annotation because it exceeded search pattern filesize limit: ambig_info.tsv
[2021-12-17 17:56:35,595] multiqc                                            [DEBUG  ]  File ignored by rseqc/read_distribution because it exceeded search pattern filesize limit: ambig_info.tsv
[2021-12-17 17:56:35,596] multiqc                                            [DEBUG  ]  File ignored by rseqc/infer_experiment because it exceeded search pattern filesize limit: ambig_info.tsv
[2021-12-17 17:56:35,709] multiqc                                            [DEBUG  ]  File ignored by stacks/sumstats because it exceeded search pattern filesize limit: ambig_info.tsv
[2021-12-17 17:56:40,560] multiqc                                            [DEBUG  ]  File ignored by hicexplorer because it exceeded search pattern filesize limit: salmon_quant.log
[2021-12-17 17:56:40,573] multiqc                                            [DEBUG  ]  File ignored by longranger/invocation because it exceeded search pattern filesize limit: salmon_quant.log
[2021-12-17 17:56:40,708] multiqc                                            [DEBUG  ]  Ignoring file as matched an ignore pattern: BioIVT_panc10_2-5_S92_R1_001.fastq.gz
[2021-12-17 17:56:40,708] multiqc                                            [DEBUG  ]  Ignoring file as matched an ignore pattern: BioIVT_panc10_2-5_S92_R2_001.fastq.gz
[2021-12-17 17:56:40,709] multiqc                                            [DEBUG  ]  Ignoring file as matched an ignore pattern: panc.10.2.5_output_forward_paired.fq.gz
[2021-12-17 17:56:40,710] multiqc                                            [DEBUG  ]  Ignoring file as matched an ignore pattern: panc.10.2.5_output_reverse_paired.fq.gz
[2021-12-17 17:56:40,746] multiqc                                            [DEBUG  ]  File ignored by hicexplorer because it exceeded search pattern filesize limit: panc.10.2.5_output_reverse_paired_fastqc.html
[2021-12-17 17:56:40,759] multiqc                                            [DEBUG  ]  File ignored by longranger/invocation because it exceeded search pattern filesize limit: panc.10.2.5_output_reverse_paired_fastqc.html
[2021-12-17 17:56:40,759] multiqc                                            [DEBUG  ]  File ignored by rockhopper because it exceeded search pattern filesize limit: panc.10.2.5_output_reverse_paired_fastqc.html
[2021-12-17 17:56:40,759] multiqc                                            [DEBUG  ]  File ignored by rseqc/bam_stat because it exceeded search pattern filesize limit: panc.10.2.5_output_reverse_paired_fastqc.html
[2021-12-17 17:56:40,759] multiqc                                            [DEBUG  ]  File ignored by rseqc/junction_annotation because it exceeded search pattern filesize limit: panc.10.2.5_output_reverse_paired_fastqc.html
[2021-12-17 17:56:40,759] multiqc                                            [DEBUG  ]  File ignored by rseqc/read_distribution because it exceeded search pattern filesize limit: panc.10.2.5_output_reverse_paired_fastqc.html
[2021-12-17 17:56:40,759] multiqc                                            [DEBUG  ]  File ignored by rseqc/infer_experiment because it exceeded search pattern filesize limit: panc.10.2.5_output_reverse_paired_fastqc.html
[2021-12-17 17:56:40,954] multiqc                                            [DEBUG  ]  File ignored by hicexplorer because it exceeded search pattern filesize limit: panc.10.2.5_output_forward_paired_fastqc.html
[2021-12-17 17:56:40,968] multiqc                                            [DEBUG  ]  File ignored by longranger/invocation because it exceeded search pattern filesize limit: panc.10.2.5_output_forward_paired_fastqc.html
[2021-12-17 17:56:40,968] multiqc                                            [DEBUG  ]  File ignored by rockhopper because it exceeded search pattern filesize limit: panc.10.2.5_output_forward_paired_fastqc.html
[2021-12-17 17:56:40,968] multiqc                                            [DEBUG  ]  File ignored by rseqc/bam_stat because it exceeded search pattern filesize limit: panc.10.2.5_output_forward_paired_fastqc.html
[2021-12-17 17:56:40,968] multiqc                                            [DEBUG  ]  File ignored by rseqc/junction_annotation because it exceeded search pattern filesize limit: panc.10.2.5_output_forward_paired_fastqc.html
[2021-12-17 17:56:40,968] multiqc                                            [DEBUG  ]  File ignored by rseqc/read_distribution because it exceeded search pattern filesize limit: panc.10.2.5_output_forward_paired_fastqc.html
[2021-12-17 17:56:40,968] multiqc                                            [DEBUG  ]  File ignored by rseqc/infer_experiment because it exceeded search pattern filesize limit: panc.10.2.5_output_forward_paired_fastqc.html
[2021-12-17 17:56:41,236] multiqc                                            [DEBUG  ]  File ignored by hicexplorer because it exceeded search pattern filesize limit: salmon_quant.log
[2021-12-17 17:56:41,247] multiqc                                            [DEBUG  ]  File ignored by longranger/invocation because it exceeded search pattern filesize limit: salmon_quant.log
[2021-12-17 17:56:41,391] multiqc                                            [DEBUG  ]  File ignored by hicexplorer because it exceeded search pattern filesize limit: ambig_info.tsv
[2021-12-17 17:56:41,402] multiqc                                            [DEBUG  ]  File ignored by longranger/invocation because it exceeded search pattern filesize limit: ambig_info.tsv
[2021-12-17 17:56:41,402] multiqc                                            [DEBUG  ]  File ignored by rockhopper because it exceeded search pattern filesize limit: ambig_info.tsv
[2021-12-17 17:56:41,402] multiqc                                            [DEBUG  ]  File ignored by rseqc/bam_stat because it exceeded search pattern filesize limit: ambig_info.tsv
[2021-12-17 17:56:41,402] multiqc                                            [DEBUG  ]  File ignored by rseqc/junction_annotation because it exceeded search pattern filesize limit: ambig_info.tsv
[2021-12-17 17:56:41,403] multiqc                                            [DEBUG  ]  File ignored by rseqc/read_distribution because it exceeded search pattern filesize limit: ambig_info.tsv
[2021-12-17 17:56:41,403] multiqc                                            [DEBUG  ]  File ignored by rseqc/infer_experiment because it exceeded search pattern filesize limit: ambig_info.tsv
[2021-12-17 17:56:46,449] multiqc                                            [DEBUG  ]  File ignored by hicexplorer because it exceeded search pattern filesize limit: salmon_quant.log
[2021-12-17 17:56:46,459] multiqc                                            [DEBUG  ]  File ignored by longranger/invocation because it exceeded search pattern filesize limit: salmon_quant.log
[2021-12-17 17:56:46,571] multiqc                                            [DEBUG  ]  Ignoring file as matched an ignore pattern: BioIVT_panc1_2_3_S301_R1_001.fastq.gz
[2021-12-17 17:56:46,571] multiqc                                            [DEBUG  ]  Ignoring file as matched an ignore pattern: BioIVT_panc1_2_3_S301_R2_001.fastq.gz
[2021-12-17 17:56:46,572] multiqc                                            [DEBUG  ]  Ignoring file as matched an ignore pattern: panc.1.2.3_output_forward_paired.fq.gz
[2021-12-17 17:56:46,572] multiqc                                            [DEBUG  ]  Ignoring file as matched an ignore pattern: panc.1.2.3_output_reverse_paired.fq.gz
[2021-12-17 17:56:46,599] multiqc                                            [DEBUG  ]  File ignored by hicexplorer because it exceeded search pattern filesize limit: panc.1.2.3_output_forward_paired_fastqc.html
[2021-12-17 17:56:46,609] multiqc                                            [DEBUG  ]  File ignored by longranger/invocation because it exceeded search pattern filesize limit: panc.1.2.3_output_forward_paired_fastqc.html
[2021-12-17 17:56:46,609] multiqc                                            [DEBUG  ]  File ignored by rockhopper because it exceeded search pattern filesize limit: panc.1.2.3_output_forward_paired_fastqc.html
[2021-12-17 17:56:46,609] multiqc                                            [DEBUG  ]  File ignored by rseqc/bam_stat because it exceeded search pattern filesize limit: panc.1.2.3_output_forward_paired_fastqc.html
[2021-12-17 17:56:46,609] multiqc                                            [DEBUG  ]  File ignored by rseqc/junction_annotation because it exceeded search pattern filesize limit: panc.1.2.3_output_forward_paired_fastqc.html
[2021-12-17 17:56:46,609] multiqc                                            [DEBUG  ]  File ignored by rseqc/read_distribution because it exceeded search pattern filesize limit: panc.1.2.3_output_forward_paired_fastqc.html
[2021-12-17 17:56:46,609] multiqc                                            [DEBUG  ]  File ignored by rseqc/infer_experiment because it exceeded search pattern filesize limit: panc.1.2.3_output_forward_paired_fastqc.html
[2021-12-17 17:56:46,752] multiqc                                            [DEBUG  ]  File ignored by hicexplorer because it exceeded search pattern filesize limit: panc.1.2.3_output_reverse_paired_fastqc.html
[2021-12-17 17:56:46,761] multiqc                                            [DEBUG  ]  File ignored by longranger/invocation because it exceeded search pattern filesize limit: panc.1.2.3_output_reverse_paired_fastqc.html
[2021-12-17 17:56:46,761] multiqc                                            [DEBUG  ]  File ignored by rockhopper because it exceeded search pattern filesize limit: panc.1.2.3_output_reverse_paired_fastqc.html
[2021-12-17 17:56:46,761] multiqc                                            [DEBUG  ]  File ignored by rseqc/bam_stat because it exceeded search pattern filesize limit: panc.1.2.3_output_reverse_paired_fastqc.html
[2021-12-17 17:56:46,762] multiqc                                            [DEBUG  ]  File ignored by rseqc/junction_annotation because it exceeded search pattern filesize limit: panc.1.2.3_output_reverse_paired_fastqc.html
[2021-12-17 17:56:46,762] multiqc                                            [DEBUG  ]  File ignored by rseqc/read_distribution because it exceeded search pattern filesize limit: panc.1.2.3_output_reverse_paired_fastqc.html
[2021-12-17 17:56:46,762] multiqc                                            [DEBUG  ]  File ignored by rseqc/infer_experiment because it exceeded search pattern filesize limit: panc.1.2.3_output_reverse_paired_fastqc.html
[2021-12-17 17:56:47,000] multiqc                                            [DEBUG  ]  File ignored by hicexplorer because it exceeded search pattern filesize limit: salmon_quant.log
[2021-12-17 17:56:47,009] multiqc                                            [DEBUG  ]  File ignored by longranger/invocation because it exceeded search pattern filesize limit: salmon_quant.log
[2021-12-17 17:56:47,137] multiqc                                            [DEBUG  ]  File ignored by hicexplorer because it exceeded search pattern filesize limit: ambig_info.tsv
[2021-12-17 17:56:47,147] multiqc                                            [DEBUG  ]  File ignored by longranger/invocation because it exceeded search pattern filesize limit: ambig_info.tsv
[2021-12-17 17:56:47,147] multiqc                                            [DEBUG  ]  File ignored by rockhopper because it exceeded search pattern filesize limit: ambig_info.tsv
[2021-12-17 17:56:47,147] multiqc                                            [DEBUG  ]  File ignored by rseqc/bam_stat because it exceeded search pattern filesize limit: ambig_info.tsv
[2021-12-17 17:56:47,147] multiqc                                            [DEBUG  ]  File ignored by rseqc/junction_annotation because it exceeded search pattern filesize limit: ambig_info.tsv
[2021-12-17 17:56:47,147] multiqc                                            [DEBUG  ]  File ignored by rseqc/read_distribution because it exceeded search pattern filesize limit: ambig_info.tsv
[2021-12-17 17:56:47,147] multiqc                                            [DEBUG  ]  File ignored by rseqc/infer_experiment because it exceeded search pattern filesize limit: ambig_info.tsv
[2021-12-17 17:56:52,250] multiqc                                            [DEBUG  ]  File ignored by hicexplorer because it exceeded search pattern filesize limit: salmon_quant.log
[2021-12-17 17:56:52,262] multiqc                                            [DEBUG  ]  File ignored by longranger/invocation because it exceeded search pattern filesize limit: salmon_quant.log
[2021-12-17 17:56:52,381] multiqc                                            [DEBUG  ]  Ignoring file as matched an ignore pattern: BioIVT_panc2_2_7_S302_R1_001.fastq.gz
[2021-12-17 17:56:52,381] multiqc                                            [DEBUG  ]  Ignoring file as matched an ignore pattern: BioIVT_panc2_2_7_S302_R2_001.fastq.gz
[2021-12-17 17:56:52,382] multiqc                                            [DEBUG  ]  Ignoring file as matched an ignore pattern: panc.2.2.7_output_forward_paired.fq.gz
[2021-12-17 17:56:52,382] multiqc                                            [DEBUG  ]  Ignoring file as matched an ignore pattern: panc.2.2.7_output_reverse_paired.fq.gz
[2021-12-17 17:56:52,412] multiqc                                            [DEBUG  ]  File ignored by hicexplorer because it exceeded search pattern filesize limit: panc.2.2.7_output_forward_paired_fastqc.html
[2021-12-17 17:56:52,423] multiqc                                            [DEBUG  ]  File ignored by longranger/invocation because it exceeded search pattern filesize limit: panc.2.2.7_output_forward_paired_fastqc.html
[2021-12-17 17:56:52,423] multiqc                                            [DEBUG  ]  File ignored by rockhopper because it exceeded search pattern filesize limit: panc.2.2.7_output_forward_paired_fastqc.html
[2021-12-17 17:56:52,423] multiqc                                            [DEBUG  ]  File ignored by rseqc/bam_stat because it exceeded search pattern filesize limit: panc.2.2.7_output_forward_paired_fastqc.html
[2021-12-17 17:56:52,423] multiqc                                            [DEBUG  ]  File ignored by rseqc/junction_annotation because it exceeded search pattern filesize limit: panc.2.2.7_output_forward_paired_fastqc.html
[2021-12-17 17:56:52,423] multiqc                                            [DEBUG  ]  File ignored by rseqc/read_distribution because it exceeded search pattern filesize limit: panc.2.2.7_output_forward_paired_fastqc.html
[2021-12-17 17:56:52,424] multiqc                                            [DEBUG  ]  File ignored by rseqc/infer_experiment because it exceeded search pattern filesize limit: panc.2.2.7_output_forward_paired_fastqc.html
[2021-12-17 17:56:52,571] multiqc                                            [DEBUG  ]  File ignored by hicexplorer because it exceeded search pattern filesize limit: panc.2.2.7_output_reverse_paired_fastqc.html
[2021-12-17 17:56:52,581] multiqc                                            [DEBUG  ]  File ignored by longranger/invocation because it exceeded search pattern filesize limit: panc.2.2.7_output_reverse_paired_fastqc.html
[2021-12-17 17:56:52,581] multiqc                                            [DEBUG  ]  File ignored by rockhopper because it exceeded search pattern filesize limit: panc.2.2.7_output_reverse_paired_fastqc.html
[2021-12-17 17:56:52,582] multiqc                                            [DEBUG  ]  File ignored by rseqc/bam_stat because it exceeded search pattern filesize limit: panc.2.2.7_output_reverse_paired_fastqc.html
[2021-12-17 17:56:52,582] multiqc                                            [DEBUG  ]  File ignored by rseqc/junction_annotation because it exceeded search pattern filesize limit: panc.2.2.7_output_reverse_paired_fastqc.html
[2021-12-17 17:56:52,582] multiqc                                            [DEBUG  ]  File ignored by rseqc/read_distribution because it exceeded search pattern filesize limit: panc.2.2.7_output_reverse_paired_fastqc.html
[2021-12-17 17:56:52,582] multiqc                                            [DEBUG  ]  File ignored by rseqc/infer_experiment because it exceeded search pattern filesize limit: panc.2.2.7_output_reverse_paired_fastqc.html
[2021-12-17 17:56:52,844] multiqc                                            [DEBUG  ]  File ignored by hicexplorer because it exceeded search pattern filesize limit: salmon_quant.log
[2021-12-17 17:56:52,855] multiqc                                            [DEBUG  ]  File ignored by longranger/invocation because it exceeded search pattern filesize limit: salmon_quant.log
[2021-12-17 17:56:53,001] multiqc                                            [DEBUG  ]  File ignored by hicexplorer because it exceeded search pattern filesize limit: ambig_info.tsv
[2021-12-17 17:56:53,012] multiqc                                            [DEBUG  ]  File ignored by longranger/invocation because it exceeded search pattern filesize limit: ambig_info.tsv
[2021-12-17 17:56:53,012] multiqc                                            [DEBUG  ]  File ignored by rockhopper because it exceeded search pattern filesize limit: ambig_info.tsv
[2021-12-17 17:56:53,012] multiqc                                            [DEBUG  ]  File ignored by rseqc/bam_stat because it exceeded search pattern filesize limit: ambig_info.tsv
[2021-12-17 17:56:53,012] multiqc                                            [DEBUG  ]  File ignored by rseqc/junction_annotation because it exceeded search pattern filesize limit: ambig_info.tsv
[2021-12-17 17:56:53,012] multiqc                                            [DEBUG  ]  File ignored by rseqc/read_distribution because it exceeded search pattern filesize limit: ambig_info.tsv
[2021-12-17 17:56:53,012] multiqc                                            [DEBUG  ]  File ignored by rseqc/infer_experiment because it exceeded search pattern filesize limit: ambig_info.tsv
[2021-12-17 17:56:58,120] multiqc                                            [DEBUG  ]  File ignored by hicexplorer because it exceeded search pattern filesize limit: salmon_quant.log
[2021-12-17 17:56:58,134] multiqc                                            [DEBUG  ]  File ignored by longranger/invocation because it exceeded search pattern filesize limit: salmon_quant.log
[2021-12-17 17:56:58,270] multiqc                                            [DEBUG  ]  Ignoring file as matched an ignore pattern: BioIVT_panc3_2_5_S303_R1_001.fastq.gz
[2021-12-17 17:56:58,270] multiqc                                            [DEBUG  ]  Ignoring file as matched an ignore pattern: BioIVT_panc3_2_5_S303_R2_001.fastq.gz
[2021-12-17 17:56:58,271] multiqc                                            [DEBUG  ]  Ignoring file as matched an ignore pattern: panc.3.2.5_output_forward_paired.fq.gz
[2021-12-17 17:56:58,271] multiqc                                            [DEBUG  ]  Ignoring file as matched an ignore pattern: panc.3.2.5_output_reverse_paired.fq.gz
[2021-12-17 17:56:58,302] multiqc                                            [DEBUG  ]  File ignored by hicexplorer because it exceeded search pattern filesize limit: panc.3.2.5_output_forward_paired_fastqc.html
[2021-12-17 17:56:58,314] multiqc                                            [DEBUG  ]  File ignored by longranger/invocation because it exceeded search pattern filesize limit: panc.3.2.5_output_forward_paired_fastqc.html
[2021-12-17 17:56:58,314] multiqc                                            [DEBUG  ]  File ignored by rockhopper because it exceeded search pattern filesize limit: panc.3.2.5_output_forward_paired_fastqc.html
[2021-12-17 17:56:58,314] multiqc                                            [DEBUG  ]  File ignored by rseqc/bam_stat because it exceeded search pattern filesize limit: panc.3.2.5_output_forward_paired_fastqc.html
[2021-12-17 17:56:58,314] multiqc                                            [DEBUG  ]  File ignored by rseqc/junction_annotation because it exceeded search pattern filesize limit: panc.3.2.5_output_forward_paired_fastqc.html
[2021-12-17 17:56:58,315] multiqc                                            [DEBUG  ]  File ignored by rseqc/read_distribution because it exceeded search pattern filesize limit: panc.3.2.5_output_forward_paired_fastqc.html
[2021-12-17 17:56:58,315] multiqc                                            [DEBUG  ]  File ignored by rseqc/infer_experiment because it exceeded search pattern filesize limit: panc.3.2.5_output_forward_paired_fastqc.html
[2021-12-17 17:56:58,462] multiqc                                            [DEBUG  ]  File ignored by hicexplorer because it exceeded search pattern filesize limit: panc.3.2.5_output_reverse_paired_fastqc.html
[2021-12-17 17:56:58,473] multiqc                                            [DEBUG  ]  File ignored by longranger/invocation because it exceeded search pattern filesize limit: panc.3.2.5_output_reverse_paired_fastqc.html
[2021-12-17 17:56:58,473] multiqc                                            [DEBUG  ]  File ignored by rockhopper because it exceeded search pattern filesize limit: panc.3.2.5_output_reverse_paired_fastqc.html
[2021-12-17 17:56:58,473] multiqc                                            [DEBUG  ]  File ignored by rseqc/bam_stat because it exceeded search pattern filesize limit: panc.3.2.5_output_reverse_paired_fastqc.html
[2021-12-17 17:56:58,473] multiqc                                            [DEBUG  ]  File ignored by rseqc/junction_annotation because it exceeded search pattern filesize limit: panc.3.2.5_output_reverse_paired_fastqc.html
[2021-12-17 17:56:58,474] multiqc                                            [DEBUG  ]  File ignored by rseqc/read_distribution because it exceeded search pattern filesize limit: panc.3.2.5_output_reverse_paired_fastqc.html
[2021-12-17 17:56:58,474] multiqc                                            [DEBUG  ]  File ignored by rseqc/infer_experiment because it exceeded search pattern filesize limit: panc.3.2.5_output_reverse_paired_fastqc.html
[2021-12-17 17:56:58,729] multiqc                                            [DEBUG  ]  File ignored by hicexplorer because it exceeded search pattern filesize limit: salmon_quant.log
[2021-12-17 17:56:58,740] multiqc                                            [DEBUG  ]  File ignored by longranger/invocation because it exceeded search pattern filesize limit: salmon_quant.log
[2021-12-17 17:56:58,884] multiqc                                            [DEBUG  ]  File ignored by hicexplorer because it exceeded search pattern filesize limit: ambig_info.tsv
[2021-12-17 17:56:58,894] multiqc                                            [DEBUG  ]  File ignored by longranger/invocation because it exceeded search pattern filesize limit: ambig_info.tsv
[2021-12-17 17:56:58,894] multiqc                                            [DEBUG  ]  File ignored by rockhopper because it exceeded search pattern filesize limit: ambig_info.tsv
[2021-12-17 17:56:58,895] multiqc                                            [DEBUG  ]  File ignored by rseqc/bam_stat because it exceeded search pattern filesize limit: ambig_info.tsv
[2021-12-17 17:56:58,895] multiqc                                            [DEBUG  ]  File ignored by rseqc/junction_annotation because it exceeded search pattern filesize limit: ambig_info.tsv
[2021-12-17 17:56:58,895] multiqc                                            [DEBUG  ]  File ignored by rseqc/read_distribution because it exceeded search pattern filesize limit: ambig_info.tsv
[2021-12-17 17:56:58,895] multiqc                                            [DEBUG  ]  File ignored by rseqc/infer_experiment because it exceeded search pattern filesize limit: ambig_info.tsv
[2021-12-17 17:57:03,989] multiqc                                            [DEBUG  ]  File ignored by hicexplorer because it exceeded search pattern filesize limit: salmon_quant.log
[2021-12-17 17:57:04,000] multiqc                                            [DEBUG  ]  File ignored by longranger/invocation because it exceeded search pattern filesize limit: salmon_quant.log
[2021-12-17 17:57:04,124] multiqc                                            [DEBUG  ]  Ignoring file as matched an ignore pattern: BioIVT_panc4_3_9_S304_R1_001.fastq.gz
[2021-12-17 17:57:04,124] multiqc                                            [DEBUG  ]  Ignoring file as matched an ignore pattern: BioIVT_panc4_3_9_S304_R2_001.fastq.gz
[2021-12-17 17:57:04,124] multiqc                                            [DEBUG  ]  Ignoring file as matched an ignore pattern: panc.4.3.9_output_forward_paired.fq.gz
[2021-12-17 17:57:04,125] multiqc                                            [DEBUG  ]  Ignoring file as matched an ignore pattern: panc.4.3.9_output_reverse_paired.fq.gz
[2021-12-17 17:57:04,154] multiqc                                            [DEBUG  ]  File ignored by hicexplorer because it exceeded search pattern filesize limit: panc.4.3.9_output_forward_paired_fastqc.html
[2021-12-17 17:57:04,166] multiqc                                            [DEBUG  ]  File ignored by longranger/invocation because it exceeded search pattern filesize limit: panc.4.3.9_output_forward_paired_fastqc.html
[2021-12-17 17:57:04,166] multiqc                                            [DEBUG  ]  File ignored by rockhopper because it exceeded search pattern filesize limit: panc.4.3.9_output_forward_paired_fastqc.html
[2021-12-17 17:57:04,166] multiqc                                            [DEBUG  ]  File ignored by rseqc/bam_stat because it exceeded search pattern filesize limit: panc.4.3.9_output_forward_paired_fastqc.html
[2021-12-17 17:57:04,166] multiqc                                            [DEBUG  ]  File ignored by rseqc/junction_annotation because it exceeded search pattern filesize limit: panc.4.3.9_output_forward_paired_fastqc.html
[2021-12-17 17:57:04,166] multiqc                                            [DEBUG  ]  File ignored by rseqc/read_distribution because it exceeded search pattern filesize limit: panc.4.3.9_output_forward_paired_fastqc.html
[2021-12-17 17:57:04,166] multiqc                                            [DEBUG  ]  File ignored by rseqc/infer_experiment because it exceeded search pattern filesize limit: panc.4.3.9_output_forward_paired_fastqc.html
[2021-12-17 17:57:04,313] multiqc                                            [DEBUG  ]  File ignored by hicexplorer because it exceeded search pattern filesize limit: panc.4.3.9_output_reverse_paired_fastqc.html
[2021-12-17 17:57:04,325] multiqc                                            [DEBUG  ]  File ignored by longranger/invocation because it exceeded search pattern filesize limit: panc.4.3.9_output_reverse_paired_fastqc.html
[2021-12-17 17:57:04,325] multiqc                                            [DEBUG  ]  File ignored by rockhopper because it exceeded search pattern filesize limit: panc.4.3.9_output_reverse_paired_fastqc.html
[2021-12-17 17:57:04,325] multiqc                                            [DEBUG  ]  File ignored by rseqc/bam_stat because it exceeded search pattern filesize limit: panc.4.3.9_output_reverse_paired_fastqc.html
[2021-12-17 17:57:04,325] multiqc                                            [DEBUG  ]  File ignored by rseqc/junction_annotation because it exceeded search pattern filesize limit: panc.4.3.9_output_reverse_paired_fastqc.html
[2021-12-17 17:57:04,325] multiqc                                            [DEBUG  ]  File ignored by rseqc/read_distribution because it exceeded search pattern filesize limit: panc.4.3.9_output_reverse_paired_fastqc.html
[2021-12-17 17:57:04,326] multiqc                                            [DEBUG  ]  File ignored by rseqc/infer_experiment because it exceeded search pattern filesize limit: panc.4.3.9_output_reverse_paired_fastqc.html
[2021-12-17 17:57:04,584] multiqc                                            [DEBUG  ]  File ignored by hicexplorer because it exceeded search pattern filesize limit: salmon_quant.log
[2021-12-17 17:57:04,595] multiqc                                            [DEBUG  ]  File ignored by longranger/invocation because it exceeded search pattern filesize limit: salmon_quant.log
[2021-12-17 17:57:04,740] multiqc                                            [DEBUG  ]  File ignored by hicexplorer because it exceeded search pattern filesize limit: ambig_info.tsv
[2021-12-17 17:57:04,751] multiqc                                            [DEBUG  ]  File ignored by longranger/invocation because it exceeded search pattern filesize limit: ambig_info.tsv
[2021-12-17 17:57:04,751] multiqc                                            [DEBUG  ]  File ignored by rockhopper because it exceeded search pattern filesize limit: ambig_info.tsv
[2021-12-17 17:57:04,752] multiqc                                            [DEBUG  ]  File ignored by rseqc/bam_stat because it exceeded search pattern filesize limit: ambig_info.tsv
[2021-12-17 17:57:04,752] multiqc                                            [DEBUG  ]  File ignored by rseqc/junction_annotation because it exceeded search pattern filesize limit: ambig_info.tsv
[2021-12-17 17:57:04,752] multiqc                                            [DEBUG  ]  File ignored by rseqc/read_distribution because it exceeded search pattern filesize limit: ambig_info.tsv
[2021-12-17 17:57:04,752] multiqc                                            [DEBUG  ]  File ignored by rseqc/infer_experiment because it exceeded search pattern filesize limit: ambig_info.tsv
[2021-12-17 17:57:09,850] multiqc                                            [DEBUG  ]  File ignored by hicexplorer because it exceeded search pattern filesize limit: salmon_quant.log
[2021-12-17 17:57:09,861] multiqc                                            [DEBUG  ]  File ignored by longranger/invocation because it exceeded search pattern filesize limit: salmon_quant.log
[2021-12-17 17:57:09,983] multiqc                                            [DEBUG  ]  Ignoring file as matched an ignore pattern: BioIVT_panc5_4_5_S305_R1_001.fastq.gz
[2021-12-17 17:57:09,984] multiqc                                            [DEBUG  ]  Ignoring file as matched an ignore pattern: BioIVT_panc5_4_5_S305_R2_001.fastq.gz
[2021-12-17 17:57:09,984] multiqc                                            [DEBUG  ]  Ignoring file as matched an ignore pattern: panc.5.4.5_output_forward_paired.fq.gz
[2021-12-17 17:57:09,985] multiqc                                            [DEBUG  ]  Ignoring file as matched an ignore pattern: panc.5.4.5_output_reverse_paired.fq.gz
[2021-12-17 17:57:10,014] multiqc                                            [DEBUG  ]  File ignored by hicexplorer because it exceeded search pattern filesize limit: panc.5.4.5_output_forward_paired_fastqc.html
[2021-12-17 17:57:10,025] multiqc                                            [DEBUG  ]  File ignored by longranger/invocation because it exceeded search pattern filesize limit: panc.5.4.5_output_forward_paired_fastqc.html
[2021-12-17 17:57:10,025] multiqc                                            [DEBUG  ]  File ignored by rockhopper because it exceeded search pattern filesize limit: panc.5.4.5_output_forward_paired_fastqc.html
[2021-12-17 17:57:10,025] multiqc                                            [DEBUG  ]  File ignored by rseqc/bam_stat because it exceeded search pattern filesize limit: panc.5.4.5_output_forward_paired_fastqc.html
[2021-12-17 17:57:10,025] multiqc                                            [DEBUG  ]  File ignored by rseqc/junction_annotation because it exceeded search pattern filesize limit: panc.5.4.5_output_forward_paired_fastqc.html
[2021-12-17 17:57:10,026] multiqc                                            [DEBUG  ]  File ignored by rseqc/read_distribution because it exceeded search pattern filesize limit: panc.5.4.5_output_forward_paired_fastqc.html
[2021-12-17 17:57:10,026] multiqc                                            [DEBUG  ]  File ignored by rseqc/infer_experiment because it exceeded search pattern filesize limit: panc.5.4.5_output_forward_paired_fastqc.html
[2021-12-17 17:57:10,173] multiqc                                            [DEBUG  ]  File ignored by hicexplorer because it exceeded search pattern filesize limit: panc.5.4.5_output_reverse_paired_fastqc.html
[2021-12-17 17:57:10,184] multiqc                                            [DEBUG  ]  File ignored by longranger/invocation because it exceeded search pattern filesize limit: panc.5.4.5_output_reverse_paired_fastqc.html
[2021-12-17 17:57:10,184] multiqc                                            [DEBUG  ]  File ignored by rockhopper because it exceeded search pattern filesize limit: panc.5.4.5_output_reverse_paired_fastqc.html
[2021-12-17 17:57:10,185] multiqc                                            [DEBUG  ]  File ignored by rseqc/bam_stat because it exceeded search pattern filesize limit: panc.5.4.5_output_reverse_paired_fastqc.html
[2021-12-17 17:57:10,185] multiqc                                            [DEBUG  ]  File ignored by rseqc/junction_annotation because it exceeded search pattern filesize limit: panc.5.4.5_output_reverse_paired_fastqc.html
[2021-12-17 17:57:10,185] multiqc                                            [DEBUG  ]  File ignored by rseqc/read_distribution because it exceeded search pattern filesize limit: panc.5.4.5_output_reverse_paired_fastqc.html
[2021-12-17 17:57:10,185] multiqc                                            [DEBUG  ]  File ignored by rseqc/infer_experiment because it exceeded search pattern filesize limit: panc.5.4.5_output_reverse_paired_fastqc.html
[2021-12-17 17:57:10,443] multiqc                                            [DEBUG  ]  File ignored by hicexplorer because it exceeded search pattern filesize limit: salmon_quant.log
[2021-12-17 17:57:10,454] multiqc                                            [DEBUG  ]  File ignored by longranger/invocation because it exceeded search pattern filesize limit: salmon_quant.log
[2021-12-17 17:57:10,600] multiqc                                            [DEBUG  ]  File ignored by hicexplorer because it exceeded search pattern filesize limit: ambig_info.tsv
[2021-12-17 17:57:10,611] multiqc                                            [DEBUG  ]  File ignored by longranger/invocation because it exceeded search pattern filesize limit: ambig_info.tsv
[2021-12-17 17:57:10,611] multiqc                                            [DEBUG  ]  File ignored by rockhopper because it exceeded search pattern filesize limit: ambig_info.tsv
[2021-12-17 17:57:10,611] multiqc                                            [DEBUG  ]  File ignored by rseqc/bam_stat because it exceeded search pattern filesize limit: ambig_info.tsv
[2021-12-17 17:57:10,612] multiqc                                            [DEBUG  ]  File ignored by rseqc/junction_annotation because it exceeded search pattern filesize limit: ambig_info.tsv
[2021-12-17 17:57:10,612] multiqc                                            [DEBUG  ]  File ignored by rseqc/read_distribution because it exceeded search pattern filesize limit: ambig_info.tsv
[2021-12-17 17:57:10,612] multiqc                                            [DEBUG  ]  File ignored by rseqc/infer_experiment because it exceeded search pattern filesize limit: ambig_info.tsv
[2021-12-17 17:57:15,702] multiqc                                            [DEBUG  ]  File ignored by hicexplorer because it exceeded search pattern filesize limit: salmon_quant.log
[2021-12-17 17:57:15,713] multiqc                                            [DEBUG  ]  File ignored by longranger/invocation because it exceeded search pattern filesize limit: salmon_quant.log
[2021-12-17 17:57:15,833] multiqc                                            [DEBUG  ]  Ignoring file as matched an ignore pattern: BioIVT_panc6_2-5_S88_R1_001.fastq.gz
[2021-12-17 17:57:15,833] multiqc                                            [DEBUG  ]  Ignoring file as matched an ignore pattern: BioIVT_panc6_2-5_S88_R2_001.fastq.gz
[2021-12-17 17:57:15,833] multiqc                                            [DEBUG  ]  Ignoring file as matched an ignore pattern: panc.6.2.5_output_forward_paired.fq.gz
[2021-12-17 17:57:15,834] multiqc                                            [DEBUG  ]  Ignoring file as matched an ignore pattern: panc.6.2.5_output_reverse_paired.fq.gz
[2021-12-17 17:57:15,862] multiqc                                            [DEBUG  ]  File ignored by hicexplorer because it exceeded search pattern filesize limit: panc.6.2.5_output_forward_paired_fastqc.html
[2021-12-17 17:57:15,874] multiqc                                            [DEBUG  ]  File ignored by longranger/invocation because it exceeded search pattern filesize limit: panc.6.2.5_output_forward_paired_fastqc.html
[2021-12-17 17:57:15,874] multiqc                                            [DEBUG  ]  File ignored by rockhopper because it exceeded search pattern filesize limit: panc.6.2.5_output_forward_paired_fastqc.html
[2021-12-17 17:57:15,874] multiqc                                            [DEBUG  ]  File ignored by rseqc/bam_stat because it exceeded search pattern filesize limit: panc.6.2.5_output_forward_paired_fastqc.html
[2021-12-17 17:57:15,874] multiqc                                            [DEBUG  ]  File ignored by rseqc/junction_annotation because it exceeded search pattern filesize limit: panc.6.2.5_output_forward_paired_fastqc.html
[2021-12-17 17:57:15,874] multiqc                                            [DEBUG  ]  File ignored by rseqc/read_distribution because it exceeded search pattern filesize limit: panc.6.2.5_output_forward_paired_fastqc.html
[2021-12-17 17:57:15,874] multiqc                                            [DEBUG  ]  File ignored by rseqc/infer_experiment because it exceeded search pattern filesize limit: panc.6.2.5_output_forward_paired_fastqc.html
[2021-12-17 17:57:16,032] multiqc                                            [DEBUG  ]  File ignored by hicexplorer because it exceeded search pattern filesize limit: panc.6.2.5_output_reverse_paired_fastqc.html
[2021-12-17 17:57:16,043] multiqc                                            [DEBUG  ]  File ignored by longranger/invocation because it exceeded search pattern filesize limit: panc.6.2.5_output_reverse_paired_fastqc.html
[2021-12-17 17:57:16,043] multiqc                                            [DEBUG  ]  File ignored by rockhopper because it exceeded search pattern filesize limit: panc.6.2.5_output_reverse_paired_fastqc.html
[2021-12-17 17:57:16,043] multiqc                                            [DEBUG  ]  File ignored by rseqc/bam_stat because it exceeded search pattern filesize limit: panc.6.2.5_output_reverse_paired_fastqc.html
[2021-12-17 17:57:16,043] multiqc                                            [DEBUG  ]  File ignored by rseqc/junction_annotation because it exceeded search pattern filesize limit: panc.6.2.5_output_reverse_paired_fastqc.html
[2021-12-17 17:57:16,044] multiqc                                            [DEBUG  ]  File ignored by rseqc/read_distribution because it exceeded search pattern filesize limit: panc.6.2.5_output_reverse_paired_fastqc.html
[2021-12-17 17:57:16,044] multiqc                                            [DEBUG  ]  File ignored by rseqc/infer_experiment because it exceeded search pattern filesize limit: panc.6.2.5_output_reverse_paired_fastqc.html
[2021-12-17 17:57:16,311] multiqc                                            [DEBUG  ]  File ignored by hicexplorer because it exceeded search pattern filesize limit: salmon_quant.log
[2021-12-17 17:57:16,322] multiqc                                            [DEBUG  ]  File ignored by longranger/invocation because it exceeded search pattern filesize limit: salmon_quant.log
[2021-12-17 17:57:16,469] multiqc                                            [DEBUG  ]  File ignored by hicexplorer because it exceeded search pattern filesize limit: ambig_info.tsv
[2021-12-17 17:57:16,480] multiqc                                            [DEBUG  ]  File ignored by longranger/invocation because it exceeded search pattern filesize limit: ambig_info.tsv
[2021-12-17 17:57:16,480] multiqc                                            [DEBUG  ]  File ignored by rockhopper because it exceeded search pattern filesize limit: ambig_info.tsv
[2021-12-17 17:57:16,480] multiqc                                            [DEBUG  ]  File ignored by rseqc/bam_stat because it exceeded search pattern filesize limit: ambig_info.tsv
[2021-12-17 17:57:16,480] multiqc                                            [DEBUG  ]  File ignored by rseqc/junction_annotation because it exceeded search pattern filesize limit: ambig_info.tsv
[2021-12-17 17:57:16,481] multiqc                                            [DEBUG  ]  File ignored by rseqc/read_distribution because it exceeded search pattern filesize limit: ambig_info.tsv
[2021-12-17 17:57:16,481] multiqc                                            [DEBUG  ]  File ignored by rseqc/infer_experiment because it exceeded search pattern filesize limit: ambig_info.tsv
[2021-12-17 17:57:21,752] multiqc                                            [DEBUG  ]  File ignored by hicexplorer because it exceeded search pattern filesize limit: salmon_quant.log
[2021-12-17 17:57:21,762] multiqc                                            [DEBUG  ]  File ignored by longranger/invocation because it exceeded search pattern filesize limit: salmon_quant.log
[2021-12-17 17:57:21,879] multiqc                                            [DEBUG  ]  Ignoring file as matched an ignore pattern: BioIVT0215_S206_R1_001.fastq.gz
[2021-12-17 17:57:21,879] multiqc                                            [DEBUG  ]  Ignoring file as matched an ignore pattern: BioIVT0215_S206_R2_001.fastq.gz
[2021-12-17 17:57:21,880] multiqc                                            [DEBUG  ]  Ignoring file as matched an ignore pattern: panc.7.1.1_output_forward_paired.fq.gz
[2021-12-17 17:57:21,880] multiqc                                            [DEBUG  ]  Ignoring file as matched an ignore pattern: panc.7.1.1_output_reverse_paired.fq.gz
[2021-12-17 17:57:21,908] multiqc                                            [DEBUG  ]  File ignored by hicexplorer because it exceeded search pattern filesize limit: panc.7.1.1_output_reverse_paired_fastqc.html
[2021-12-17 17:57:21,919] multiqc                                            [DEBUG  ]  File ignored by longranger/invocation because it exceeded search pattern filesize limit: panc.7.1.1_output_reverse_paired_fastqc.html
[2021-12-17 17:57:21,919] multiqc                                            [DEBUG  ]  File ignored by rockhopper because it exceeded search pattern filesize limit: panc.7.1.1_output_reverse_paired_fastqc.html
[2021-12-17 17:57:21,919] multiqc                                            [DEBUG  ]  File ignored by rseqc/bam_stat because it exceeded search pattern filesize limit: panc.7.1.1_output_reverse_paired_fastqc.html
[2021-12-17 17:57:21,919] multiqc                                            [DEBUG  ]  File ignored by rseqc/junction_annotation because it exceeded search pattern filesize limit: panc.7.1.1_output_reverse_paired_fastqc.html
[2021-12-17 17:57:21,920] multiqc                                            [DEBUG  ]  File ignored by rseqc/read_distribution because it exceeded search pattern filesize limit: panc.7.1.1_output_reverse_paired_fastqc.html
[2021-12-17 17:57:21,920] multiqc                                            [DEBUG  ]  File ignored by rseqc/infer_experiment because it exceeded search pattern filesize limit: panc.7.1.1_output_reverse_paired_fastqc.html
[2021-12-17 17:57:22,058] multiqc                                            [DEBUG  ]  File ignored by hicexplorer because it exceeded search pattern filesize limit: panc.7.1.1_output_forward_paired_fastqc.html
[2021-12-17 17:57:22,068] multiqc                                            [DEBUG  ]  File ignored by longranger/invocation because it exceeded search pattern filesize limit: panc.7.1.1_output_forward_paired_fastqc.html
[2021-12-17 17:57:22,068] multiqc                                            [DEBUG  ]  File ignored by rockhopper because it exceeded search pattern filesize limit: panc.7.1.1_output_forward_paired_fastqc.html
[2021-12-17 17:57:22,068] multiqc                                            [DEBUG  ]  File ignored by rseqc/bam_stat because it exceeded search pattern filesize limit: panc.7.1.1_output_forward_paired_fastqc.html
[2021-12-17 17:57:22,068] multiqc                                            [DEBUG  ]  File ignored by rseqc/junction_annotation because it exceeded search pattern filesize limit: panc.7.1.1_output_forward_paired_fastqc.html
[2021-12-17 17:57:22,068] multiqc                                            [DEBUG  ]  File ignored by rseqc/read_distribution because it exceeded search pattern filesize limit: panc.7.1.1_output_forward_paired_fastqc.html
[2021-12-17 17:57:22,068] multiqc                                            [DEBUG  ]  File ignored by rseqc/infer_experiment because it exceeded search pattern filesize limit: panc.7.1.1_output_forward_paired_fastqc.html
[2021-12-17 17:57:22,313] multiqc                                            [DEBUG  ]  File ignored by hicexplorer because it exceeded search pattern filesize limit: salmon_quant.log
[2021-12-17 17:57:22,324] multiqc                                            [DEBUG  ]  File ignored by longranger/invocation because it exceeded search pattern filesize limit: salmon_quant.log
[2021-12-17 17:57:22,466] multiqc                                            [DEBUG  ]  File ignored by hicexplorer because it exceeded search pattern filesize limit: ambig_info.tsv
[2021-12-17 17:57:22,477] multiqc                                            [DEBUG  ]  File ignored by longranger/invocation because it exceeded search pattern filesize limit: ambig_info.tsv
[2021-12-17 17:57:22,477] multiqc                                            [DEBUG  ]  File ignored by rockhopper because it exceeded search pattern filesize limit: ambig_info.tsv
[2021-12-17 17:57:22,477] multiqc                                            [DEBUG  ]  File ignored by rseqc/bam_stat because it exceeded search pattern filesize limit: ambig_info.tsv
[2021-12-17 17:57:22,477] multiqc                                            [DEBUG  ]  File ignored by rseqc/junction_annotation because it exceeded search pattern filesize limit: ambig_info.tsv
[2021-12-17 17:57:22,477] multiqc                                            [DEBUG  ]  File ignored by rseqc/read_distribution because it exceeded search pattern filesize limit: ambig_info.tsv
[2021-12-17 17:57:22,477] multiqc                                            [DEBUG  ]  File ignored by rseqc/infer_experiment because it exceeded search pattern filesize limit: ambig_info.tsv
[2021-12-17 17:57:22,594] multiqc                                            [DEBUG  ]  File ignored by stacks/sumstats because it exceeded search pattern filesize limit: ambig_info.tsv
[2021-12-17 17:57:27,667] multiqc                                            [DEBUG  ]  File ignored by hicexplorer because it exceeded search pattern filesize limit: salmon_quant.log
[2021-12-17 17:57:27,678] multiqc                                            [DEBUG  ]  File ignored by longranger/invocation because it exceeded search pattern filesize limit: salmon_quant.log
[2021-12-17 17:57:27,801] multiqc                                            [DEBUG  ]  Ignoring file as matched an ignore pattern: BioIVT_panc7_2-5_S89_R1_001.fastq.gz
[2021-12-17 17:57:27,802] multiqc                                            [DEBUG  ]  Ignoring file as matched an ignore pattern: BioIVT_panc7_2-5_S89_R2_001.fastq.gz
[2021-12-17 17:57:27,802] multiqc                                            [DEBUG  ]  Ignoring file as matched an ignore pattern: panc.7.2.5_output_forward_paired.fq.gz
[2021-12-17 17:57:27,803] multiqc                                            [DEBUG  ]  Ignoring file as matched an ignore pattern: panc.7.2.5_output_reverse_paired.fq.gz
[2021-12-17 17:57:27,832] multiqc                                            [DEBUG  ]  File ignored by hicexplorer because it exceeded search pattern filesize limit: panc.7.2.5_output_reverse_paired_fastqc.html
[2021-12-17 17:57:27,844] multiqc                                            [DEBUG  ]  File ignored by longranger/invocation because it exceeded search pattern filesize limit: panc.7.2.5_output_reverse_paired_fastqc.html
[2021-12-17 17:57:27,844] multiqc                                            [DEBUG  ]  File ignored by rockhopper because it exceeded search pattern filesize limit: panc.7.2.5_output_reverse_paired_fastqc.html
[2021-12-17 17:57:27,844] multiqc                                            [DEBUG  ]  File ignored by rseqc/bam_stat because it exceeded search pattern filesize limit: panc.7.2.5_output_reverse_paired_fastqc.html
[2021-12-17 17:57:27,844] multiqc                                            [DEBUG  ]  File ignored by rseqc/junction_annotation because it exceeded search pattern filesize limit: panc.7.2.5_output_reverse_paired_fastqc.html
[2021-12-17 17:57:27,844] multiqc                                            [DEBUG  ]  File ignored by rseqc/read_distribution because it exceeded search pattern filesize limit: panc.7.2.5_output_reverse_paired_fastqc.html
[2021-12-17 17:57:27,844] multiqc                                            [DEBUG  ]  File ignored by rseqc/infer_experiment because it exceeded search pattern filesize limit: panc.7.2.5_output_reverse_paired_fastqc.html
[2021-12-17 17:57:28,004] multiqc                                            [DEBUG  ]  File ignored by hicexplorer because it exceeded search pattern filesize limit: panc.7.2.5_output_forward_paired_fastqc.html
[2021-12-17 17:57:28,016] multiqc                                            [DEBUG  ]  File ignored by longranger/invocation because it exceeded search pattern filesize limit: panc.7.2.5_output_forward_paired_fastqc.html
[2021-12-17 17:57:28,016] multiqc                                            [DEBUG  ]  File ignored by rockhopper because it exceeded search pattern filesize limit: panc.7.2.5_output_forward_paired_fastqc.html
[2021-12-17 17:57:28,016] multiqc                                            [DEBUG  ]  File ignored by rseqc/bam_stat because it exceeded search pattern filesize limit: panc.7.2.5_output_forward_paired_fastqc.html
[2021-12-17 17:57:28,016] multiqc                                            [DEBUG  ]  File ignored by rseqc/junction_annotation because it exceeded search pattern filesize limit: panc.7.2.5_output_forward_paired_fastqc.html
[2021-12-17 17:57:28,016] multiqc                                            [DEBUG  ]  File ignored by rseqc/read_distribution because it exceeded search pattern filesize limit: panc.7.2.5_output_forward_paired_fastqc.html
[2021-12-17 17:57:28,016] multiqc                                            [DEBUG  ]  File ignored by rseqc/infer_experiment because it exceeded search pattern filesize limit: panc.7.2.5_output_forward_paired_fastqc.html
[2021-12-17 17:57:28,277] multiqc                                            [DEBUG  ]  File ignored by hicexplorer because it exceeded search pattern filesize limit: salmon_quant.log
[2021-12-17 17:57:28,287] multiqc                                            [DEBUG  ]  File ignored by longranger/invocation because it exceeded search pattern filesize limit: salmon_quant.log
[2021-12-17 17:57:28,431] multiqc                                            [DEBUG  ]  File ignored by hicexplorer because it exceeded search pattern filesize limit: ambig_info.tsv
[2021-12-17 17:57:28,443] multiqc                                            [DEBUG  ]  File ignored by longranger/invocation because it exceeded search pattern filesize limit: ambig_info.tsv
[2021-12-17 17:57:28,443] multiqc                                            [DEBUG  ]  File ignored by rockhopper because it exceeded search pattern filesize limit: ambig_info.tsv
[2021-12-17 17:57:28,443] multiqc                                            [DEBUG  ]  File ignored by rseqc/bam_stat because it exceeded search pattern filesize limit: ambig_info.tsv
[2021-12-17 17:57:28,443] multiqc                                            [DEBUG  ]  File ignored by rseqc/junction_annotation because it exceeded search pattern filesize limit: ambig_info.tsv
[2021-12-17 17:57:28,443] multiqc                                            [DEBUG  ]  File ignored by rseqc/read_distribution because it exceeded search pattern filesize limit: ambig_info.tsv
[2021-12-17 17:57:28,443] multiqc                                            [DEBUG  ]  File ignored by rseqc/infer_experiment because it exceeded search pattern filesize limit: ambig_info.tsv
[2021-12-17 17:57:33,715] multiqc                                            [DEBUG  ]  File ignored by hicexplorer because it exceeded search pattern filesize limit: salmon_quant.log
[2021-12-17 17:57:33,726] multiqc                                            [DEBUG  ]  File ignored by longranger/invocation because it exceeded search pattern filesize limit: salmon_quant.log
[2021-12-17 17:57:33,841] multiqc                                            [DEBUG  ]  Ignoring file as matched an ignore pattern: BioIVT_panc8_2-5_S90_R1_001.fastq.gz
[2021-12-17 17:57:33,841] multiqc                                            [DEBUG  ]  Ignoring file as matched an ignore pattern: BioIVT_panc8_2-5_S90_R2_001.fastq.gz
[2021-12-17 17:57:33,842] multiqc                                            [DEBUG  ]  Ignoring file as matched an ignore pattern: panc.8.2.5_output_forward_paired.fq.gz
[2021-12-17 17:57:33,842] multiqc                                            [DEBUG  ]  Ignoring file as matched an ignore pattern: panc.8.2.5_output_reverse_paired.fq.gz
[2021-12-17 17:57:33,868] multiqc                                            [DEBUG  ]  File ignored by hicexplorer because it exceeded search pattern filesize limit: panc.8.2.5_output_forward_paired_fastqc.html
[2021-12-17 17:57:33,878] multiqc                                            [DEBUG  ]  File ignored by longranger/invocation because it exceeded search pattern filesize limit: panc.8.2.5_output_forward_paired_fastqc.html
[2021-12-17 17:57:33,878] multiqc                                            [DEBUG  ]  File ignored by rockhopper because it exceeded search pattern filesize limit: panc.8.2.5_output_forward_paired_fastqc.html
[2021-12-17 17:57:33,878] multiqc                                            [DEBUG  ]  File ignored by rseqc/bam_stat because it exceeded search pattern filesize limit: panc.8.2.5_output_forward_paired_fastqc.html
[2021-12-17 17:57:33,879] multiqc                                            [DEBUG  ]  File ignored by rseqc/junction_annotation because it exceeded search pattern filesize limit: panc.8.2.5_output_forward_paired_fastqc.html
[2021-12-17 17:57:33,879] multiqc                                            [DEBUG  ]  File ignored by rseqc/read_distribution because it exceeded search pattern filesize limit: panc.8.2.5_output_forward_paired_fastqc.html
[2021-12-17 17:57:33,879] multiqc                                            [DEBUG  ]  File ignored by rseqc/infer_experiment because it exceeded search pattern filesize limit: panc.8.2.5_output_forward_paired_fastqc.html
[2021-12-17 17:57:34,024] multiqc                                            [DEBUG  ]  File ignored by hicexplorer because it exceeded search pattern filesize limit: panc.8.2.5_output_reverse_paired_fastqc.html
[2021-12-17 17:57:34,033] multiqc                                            [DEBUG  ]  File ignored by longranger/invocation because it exceeded search pattern filesize limit: panc.8.2.5_output_reverse_paired_fastqc.html
[2021-12-17 17:57:34,033] multiqc                                            [DEBUG  ]  File ignored by rockhopper because it exceeded search pattern filesize limit: panc.8.2.5_output_reverse_paired_fastqc.html
[2021-12-17 17:57:34,033] multiqc                                            [DEBUG  ]  File ignored by rseqc/bam_stat because it exceeded search pattern filesize limit: panc.8.2.5_output_reverse_paired_fastqc.html
[2021-12-17 17:57:34,033] multiqc                                            [DEBUG  ]  File ignored by rseqc/junction_annotation because it exceeded search pattern filesize limit: panc.8.2.5_output_reverse_paired_fastqc.html
[2021-12-17 17:57:34,033] multiqc                                            [DEBUG  ]  File ignored by rseqc/read_distribution because it exceeded search pattern filesize limit: panc.8.2.5_output_reverse_paired_fastqc.html
[2021-12-17 17:57:34,034] multiqc                                            [DEBUG  ]  File ignored by rseqc/infer_experiment because it exceeded search pattern filesize limit: panc.8.2.5_output_reverse_paired_fastqc.html
[2021-12-17 17:57:34,272] multiqc                                            [DEBUG  ]  File ignored by hicexplorer because it exceeded search pattern filesize limit: salmon_quant.log
[2021-12-17 17:57:34,282] multiqc                                            [DEBUG  ]  File ignored by longranger/invocation because it exceeded search pattern filesize limit: salmon_quant.log
[2021-12-17 17:57:34,426] multiqc                                            [DEBUG  ]  File ignored by hicexplorer because it exceeded search pattern filesize limit: ambig_info.tsv
[2021-12-17 17:57:34,436] multiqc                                            [DEBUG  ]  File ignored by longranger/invocation because it exceeded search pattern filesize limit: ambig_info.tsv
[2021-12-17 17:57:34,436] multiqc                                            [DEBUG  ]  File ignored by rockhopper because it exceeded search pattern filesize limit: ambig_info.tsv
[2021-12-17 17:57:34,436] multiqc                                            [DEBUG  ]  File ignored by rseqc/bam_stat because it exceeded search pattern filesize limit: ambig_info.tsv
[2021-12-17 17:57:34,436] multiqc                                            [DEBUG  ]  File ignored by rseqc/junction_annotation because it exceeded search pattern filesize limit: ambig_info.tsv
[2021-12-17 17:57:34,436] multiqc                                            [DEBUG  ]  File ignored by rseqc/read_distribution because it exceeded search pattern filesize limit: ambig_info.tsv
[2021-12-17 17:57:34,436] multiqc                                            [DEBUG  ]  File ignored by rseqc/infer_experiment because it exceeded search pattern filesize limit: ambig_info.tsv
[2021-12-17 17:57:34,553] multiqc                                            [DEBUG  ]  File ignored by stacks/sumstats because it exceeded search pattern filesize limit: ambig_info.tsv
[2021-12-17 17:57:39,619] multiqc                                            [DEBUG  ]  File ignored by hicexplorer because it exceeded search pattern filesize limit: salmon_quant.log
[2021-12-17 17:57:39,630] multiqc                                            [DEBUG  ]  File ignored by longranger/invocation because it exceeded search pattern filesize limit: salmon_quant.log
[2021-12-17 17:57:39,754] multiqc                                            [DEBUG  ]  Ignoring file as matched an ignore pattern: BioIVT0218_S213_R1_001.fastq.gz
[2021-12-17 17:57:39,755] multiqc                                            [DEBUG  ]  Ignoring file as matched an ignore pattern: BioIVT0218_S213_R2_001.fastq.gz
[2021-12-17 17:57:39,756] multiqc                                            [DEBUG  ]  Ignoring file as matched an ignore pattern: panc.9.1.1_output_forward_paired.fq.gz
[2021-12-17 17:57:39,756] multiqc                                            [DEBUG  ]  Ignoring file as matched an ignore pattern: panc.9.1.1_output_reverse_paired.fq.gz
[2021-12-17 17:57:39,785] multiqc                                            [DEBUG  ]  File ignored by hicexplorer because it exceeded search pattern filesize limit: panc.9.1.1_output_forward_paired_fastqc.html
[2021-12-17 17:57:39,796] multiqc                                            [DEBUG  ]  File ignored by longranger/invocation because it exceeded search pattern filesize limit: panc.9.1.1_output_forward_paired_fastqc.html
[2021-12-17 17:57:39,796] multiqc                                            [DEBUG  ]  File ignored by rockhopper because it exceeded search pattern filesize limit: panc.9.1.1_output_forward_paired_fastqc.html
[2021-12-17 17:57:39,796] multiqc                                            [DEBUG  ]  File ignored by rseqc/bam_stat because it exceeded search pattern filesize limit: panc.9.1.1_output_forward_paired_fastqc.html
[2021-12-17 17:57:39,796] multiqc                                            [DEBUG  ]  File ignored by rseqc/junction_annotation because it exceeded search pattern filesize limit: panc.9.1.1_output_forward_paired_fastqc.html
[2021-12-17 17:57:39,796] multiqc                                            [DEBUG  ]  File ignored by rseqc/read_distribution because it exceeded search pattern filesize limit: panc.9.1.1_output_forward_paired_fastqc.html
[2021-12-17 17:57:39,796] multiqc                                            [DEBUG  ]  File ignored by rseqc/infer_experiment because it exceeded search pattern filesize limit: panc.9.1.1_output_forward_paired_fastqc.html
[2021-12-17 17:57:39,941] multiqc                                            [DEBUG  ]  File ignored by hicexplorer because it exceeded search pattern filesize limit: panc.9.1.1_output_reverse_paired_fastqc.html
[2021-12-17 17:57:39,952] multiqc                                            [DEBUG  ]  File ignored by longranger/invocation because it exceeded search pattern filesize limit: panc.9.1.1_output_reverse_paired_fastqc.html
[2021-12-17 17:57:39,952] multiqc                                            [DEBUG  ]  File ignored by rockhopper because it exceeded search pattern filesize limit: panc.9.1.1_output_reverse_paired_fastqc.html
[2021-12-17 17:57:39,953] multiqc                                            [DEBUG  ]  File ignored by rseqc/bam_stat because it exceeded search pattern filesize limit: panc.9.1.1_output_reverse_paired_fastqc.html
[2021-12-17 17:57:39,953] multiqc                                            [DEBUG  ]  File ignored by rseqc/junction_annotation because it exceeded search pattern filesize limit: panc.9.1.1_output_reverse_paired_fastqc.html
[2021-12-17 17:57:39,953] multiqc                                            [DEBUG  ]  File ignored by rseqc/read_distribution because it exceeded search pattern filesize limit: panc.9.1.1_output_reverse_paired_fastqc.html
[2021-12-17 17:57:39,953] multiqc                                            [DEBUG  ]  File ignored by rseqc/infer_experiment because it exceeded search pattern filesize limit: panc.9.1.1_output_reverse_paired_fastqc.html
[2021-12-17 17:57:40,210] multiqc                                            [DEBUG  ]  File ignored by hicexplorer because it exceeded search pattern filesize limit: salmon_quant.log
[2021-12-17 17:57:40,221] multiqc                                            [DEBUG  ]  File ignored by longranger/invocation because it exceeded search pattern filesize limit: salmon_quant.log
[2021-12-17 17:57:40,366] multiqc                                            [DEBUG  ]  File ignored by hicexplorer because it exceeded search pattern filesize limit: ambig_info.tsv
[2021-12-17 17:57:40,377] multiqc                                            [DEBUG  ]  File ignored by longranger/invocation because it exceeded search pattern filesize limit: ambig_info.tsv
[2021-12-17 17:57:40,377] multiqc                                            [DEBUG  ]  File ignored by rockhopper because it exceeded search pattern filesize limit: ambig_info.tsv
[2021-12-17 17:57:40,377] multiqc                                            [DEBUG  ]  File ignored by rseqc/bam_stat because it exceeded search pattern filesize limit: ambig_info.tsv
[2021-12-17 17:57:40,377] multiqc                                            [DEBUG  ]  File ignored by rseqc/junction_annotation because it exceeded search pattern filesize limit: ambig_info.tsv
[2021-12-17 17:57:40,377] multiqc                                            [DEBUG  ]  File ignored by rseqc/read_distribution because it exceeded search pattern filesize limit: ambig_info.tsv
[2021-12-17 17:57:40,377] multiqc                                            [DEBUG  ]  File ignored by rseqc/infer_experiment because it exceeded search pattern filesize limit: ambig_info.tsv
[2021-12-17 17:57:45,645] multiqc                                            [DEBUG  ]  File ignored by hicexplorer because it exceeded search pattern filesize limit: salmon_quant.log
[2021-12-17 17:57:45,655] multiqc                                            [DEBUG  ]  File ignored by longranger/invocation because it exceeded search pattern filesize limit: salmon_quant.log
[2021-12-17 17:57:45,774] multiqc                                            [DEBUG  ]  Ignoring file as matched an ignore pattern: BioIVT_panc9_2-5_S91_R1_001.fastq.gz
[2021-12-17 17:57:45,775] multiqc                                            [DEBUG  ]  Ignoring file as matched an ignore pattern: BioIVT_panc9_2-5_S91_R2_001.fastq.gz
[2021-12-17 17:57:45,775] multiqc                                            [DEBUG  ]  Ignoring file as matched an ignore pattern: panc.9.2.5_output_forward_paired.fq.gz
[2021-12-17 17:57:45,776] multiqc                                            [DEBUG  ]  Ignoring file as matched an ignore pattern: panc.9.2.5_output_reverse_paired.fq.gz
[2021-12-17 17:57:45,805] multiqc                                            [DEBUG  ]  File ignored by hicexplorer because it exceeded search pattern filesize limit: panc.9.2.5_output_reverse_paired_fastqc.html
[2021-12-17 17:57:45,816] multiqc                                            [DEBUG  ]  File ignored by longranger/invocation because it exceeded search pattern filesize limit: panc.9.2.5_output_reverse_paired_fastqc.html
[2021-12-17 17:57:45,817] multiqc                                            [DEBUG  ]  File ignored by rockhopper because it exceeded search pattern filesize limit: panc.9.2.5_output_reverse_paired_fastqc.html
[2021-12-17 17:57:45,817] multiqc                                            [DEBUG  ]  File ignored by rseqc/bam_stat because it exceeded search pattern filesize limit: panc.9.2.5_output_reverse_paired_fastqc.html
[2021-12-17 17:57:45,817] multiqc                                            [DEBUG  ]  File ignored by rseqc/junction_annotation because it exceeded search pattern filesize limit: panc.9.2.5_output_reverse_paired_fastqc.html
[2021-12-17 17:57:45,817] multiqc                                            [DEBUG  ]  File ignored by rseqc/read_distribution because it exceeded search pattern filesize limit: panc.9.2.5_output_reverse_paired_fastqc.html
[2021-12-17 17:57:45,817] multiqc                                            [DEBUG  ]  File ignored by rseqc/infer_experiment because it exceeded search pattern filesize limit: panc.9.2.5_output_reverse_paired_fastqc.html
[2021-12-17 17:57:45,972] multiqc                                            [DEBUG  ]  File ignored by hicexplorer because it exceeded search pattern filesize limit: panc.9.2.5_output_forward_paired_fastqc.html
[2021-12-17 17:57:45,983] multiqc                                            [DEBUG  ]  File ignored by longranger/invocation because it exceeded search pattern filesize limit: panc.9.2.5_output_forward_paired_fastqc.html
[2021-12-17 17:57:45,983] multiqc                                            [DEBUG  ]  File ignored by rockhopper because it exceeded search pattern filesize limit: panc.9.2.5_output_forward_paired_fastqc.html
[2021-12-17 17:57:45,984] multiqc                                            [DEBUG  ]  File ignored by rseqc/bam_stat because it exceeded search pattern filesize limit: panc.9.2.5_output_forward_paired_fastqc.html
[2021-12-17 17:57:45,984] multiqc                                            [DEBUG  ]  File ignored by rseqc/junction_annotation because it exceeded search pattern filesize limit: panc.9.2.5_output_forward_paired_fastqc.html
[2021-12-17 17:57:45,984] multiqc                                            [DEBUG  ]  File ignored by rseqc/read_distribution because it exceeded search pattern filesize limit: panc.9.2.5_output_forward_paired_fastqc.html
[2021-12-17 17:57:45,984] multiqc                                            [DEBUG  ]  File ignored by rseqc/infer_experiment because it exceeded search pattern filesize limit: panc.9.2.5_output_forward_paired_fastqc.html
[2021-12-17 17:57:46,250] multiqc                                            [DEBUG  ]  File ignored by hicexplorer because it exceeded search pattern filesize limit: salmon_quant.log
[2021-12-17 17:57:46,261] multiqc                                            [DEBUG  ]  File ignored by longranger/invocation because it exceeded search pattern filesize limit: salmon_quant.log
[2021-12-17 17:57:46,406] multiqc                                            [DEBUG  ]  File ignored by hicexplorer because it exceeded search pattern filesize limit: ambig_info.tsv
[2021-12-17 17:57:46,417] multiqc                                            [DEBUG  ]  File ignored by longranger/invocation because it exceeded search pattern filesize limit: ambig_info.tsv
[2021-12-17 17:57:46,417] multiqc                                            [DEBUG  ]  File ignored by rockhopper because it exceeded search pattern filesize limit: ambig_info.tsv
[2021-12-17 17:57:46,417] multiqc                                            [DEBUG  ]  File ignored by rseqc/bam_stat because it exceeded search pattern filesize limit: ambig_info.tsv
[2021-12-17 17:57:46,417] multiqc                                            [DEBUG  ]  File ignored by rseqc/junction_annotation because it exceeded search pattern filesize limit: ambig_info.tsv
[2021-12-17 17:57:46,417] multiqc                                            [DEBUG  ]  File ignored by rseqc/read_distribution because it exceeded search pattern filesize limit: ambig_info.tsv
[2021-12-17 17:57:46,417] multiqc                                            [DEBUG  ]  File ignored by rseqc/infer_experiment because it exceeded search pattern filesize limit: ambig_info.tsv
[2021-12-17 17:57:51,690] multiqc                                            [DEBUG  ]  File ignored by hicexplorer because it exceeded search pattern filesize limit: salmon_quant.log
[2021-12-17 17:57:51,702] multiqc                                            [DEBUG  ]  File ignored by longranger/invocation because it exceeded search pattern filesize limit: salmon_quant.log
[2021-12-17 17:57:51,826] multiqc                                            [DEBUG  ]  Ignoring file as matched an ignore pattern: bioIVT0224_S214_R1_001.fastq.gz
[2021-12-17 17:57:51,827] multiqc                                            [DEBUG  ]  Ignoring file as matched an ignore pattern: bioIVT0224_S214_R2_001.fastq.gz
[2021-12-17 17:57:51,827] multiqc                                            [DEBUG  ]  Ignoring file as matched an ignore pattern: panc.6.1.1_output_forward_paired.fq.gz
[2021-12-17 17:57:51,828] multiqc                                            [DEBUG  ]  Ignoring file as matched an ignore pattern: panc.6.1.1_output_reverse_paired.fq.gz
[2021-12-17 17:57:51,856] multiqc                                            [DEBUG  ]  File ignored by hicexplorer because it exceeded search pattern filesize limit: panc.6.1.1_output_forward_paired_fastqc.html
[2021-12-17 17:57:51,867] multiqc                                            [DEBUG  ]  File ignored by longranger/invocation because it exceeded search pattern filesize limit: panc.6.1.1_output_forward_paired_fastqc.html
[2021-12-17 17:57:51,868] multiqc                                            [DEBUG  ]  File ignored by rockhopper because it exceeded search pattern filesize limit: panc.6.1.1_output_forward_paired_fastqc.html
[2021-12-17 17:57:51,868] multiqc                                            [DEBUG  ]  File ignored by rseqc/bam_stat because it exceeded search pattern filesize limit: panc.6.1.1_output_forward_paired_fastqc.html
[2021-12-17 17:57:51,868] multiqc                                            [DEBUG  ]  File ignored by rseqc/junction_annotation because it exceeded search pattern filesize limit: panc.6.1.1_output_forward_paired_fastqc.html
[2021-12-17 17:57:51,868] multiqc                                            [DEBUG  ]  File ignored by rseqc/read_distribution because it exceeded search pattern filesize limit: panc.6.1.1_output_forward_paired_fastqc.html
[2021-12-17 17:57:51,868] multiqc                                            [DEBUG  ]  File ignored by rseqc/infer_experiment because it exceeded search pattern filesize limit: panc.6.1.1_output_forward_paired_fastqc.html
[2021-12-17 17:57:52,011] multiqc                                            [DEBUG  ]  File ignored by hicexplorer because it exceeded search pattern filesize limit: panc.6.1.1_output_reverse_paired_fastqc.html
[2021-12-17 17:57:52,021] multiqc                                            [DEBUG  ]  File ignored by longranger/invocation because it exceeded search pattern filesize limit: panc.6.1.1_output_reverse_paired_fastqc.html
[2021-12-17 17:57:52,022] multiqc                                            [DEBUG  ]  File ignored by rockhopper because it exceeded search pattern filesize limit: panc.6.1.1_output_reverse_paired_fastqc.html
[2021-12-17 17:57:52,022] multiqc                                            [DEBUG  ]  File ignored by rseqc/bam_stat because it exceeded search pattern filesize limit: panc.6.1.1_output_reverse_paired_fastqc.html
[2021-12-17 17:57:52,022] multiqc                                            [DEBUG  ]  File ignored by rseqc/junction_annotation because it exceeded search pattern filesize limit: panc.6.1.1_output_reverse_paired_fastqc.html
[2021-12-17 17:57:52,022] multiqc                                            [DEBUG  ]  File ignored by rseqc/read_distribution because it exceeded search pattern filesize limit: panc.6.1.1_output_reverse_paired_fastqc.html
[2021-12-17 17:57:52,022] multiqc                                            [DEBUG  ]  File ignored by rseqc/infer_experiment because it exceeded search pattern filesize limit: panc.6.1.1_output_reverse_paired_fastqc.html
[2021-12-17 17:57:52,275] multiqc                                            [DEBUG  ]  File ignored by hicexplorer because it exceeded search pattern filesize limit: salmon_quant.log
[2021-12-17 17:57:52,285] multiqc                                            [DEBUG  ]  File ignored by longranger/invocation because it exceeded search pattern filesize limit: salmon_quant.log
[2021-12-17 17:57:52,418] multiqc                                            [DEBUG  ]  File ignored by hicexplorer because it exceeded search pattern filesize limit: ambig_info.tsv
[2021-12-17 17:57:52,427] multiqc                                            [DEBUG  ]  File ignored by longranger/invocation because it exceeded search pattern filesize limit: ambig_info.tsv
[2021-12-17 17:57:52,427] multiqc                                            [DEBUG  ]  File ignored by rockhopper because it exceeded search pattern filesize limit: ambig_info.tsv
[2021-12-17 17:57:52,428] multiqc                                            [DEBUG  ]  File ignored by rseqc/bam_stat because it exceeded search pattern filesize limit: ambig_info.tsv
[2021-12-17 17:57:52,428] multiqc                                            [DEBUG  ]  File ignored by rseqc/junction_annotation because it exceeded search pattern filesize limit: ambig_info.tsv
[2021-12-17 17:57:52,428] multiqc                                            [DEBUG  ]  File ignored by rseqc/read_distribution because it exceeded search pattern filesize limit: ambig_info.tsv
[2021-12-17 17:57:52,428] multiqc                                            [DEBUG  ]  File ignored by rseqc/infer_experiment because it exceeded search pattern filesize limit: ambig_info.tsv
[2021-12-17 17:57:57,722] multiqc                                            [DEBUG  ]  File ignored by hicexplorer because it exceeded search pattern filesize limit: salmon_quant.log
[2021-12-17 17:57:57,733] multiqc                                            [DEBUG  ]  File ignored by longranger/invocation because it exceeded search pattern filesize limit: salmon_quant.log
[2021-12-17 17:57:58,584] multiqc.plots.bargraph                             [DEBUG  ]  Using matplotlib version 3.1.3
[2021-12-17 17:57:58,586] multiqc.plots.linegraph                            [DEBUG  ]  Using matplotlib version 3.1.3
[2021-12-17 17:57:58,589] multiqc                                            [DEBUG  ]  No samples found: custom_content
[2021-12-17 17:57:58,597] multiqc                                            [DEBUG  ]  No samples found: conpair
[2021-12-17 17:57:58,606] multiqc                                            [DEBUG  ]  No samples found: peddy
[2021-12-17 17:57:58,614] multiqc                                            [DEBUG  ]  No samples found: somalier
[2021-12-17 17:57:58,622] multiqc                                            [DEBUG  ]  No samples found: methylQA
[2021-12-17 17:57:58,635] multiqc                                            [DEBUG  ]  No samples found: mosdepth
[2021-12-17 17:57:58,644] multiqc                                            [DEBUG  ]  No samples found: phantompeakqualtools
[2021-12-17 17:57:58,650] multiqc                                            [DEBUG  ]  No samples found: qualimap
[2021-12-17 17:57:58,659] multiqc                                            [DEBUG  ]  No samples found: preseq
[2021-12-17 17:57:58,667] multiqc                                            [DEBUG  ]  No samples found: quast
[2021-12-17 17:57:58,676] multiqc                                            [DEBUG  ]  No samples found: qorts
[2021-12-17 17:57:58,684] multiqc                                            [DEBUG  ]  No samples found: rna_seqc
[2021-12-17 17:57:58,692] multiqc                                            [DEBUG  ]  No samples found: rockhopper
[2021-12-17 17:57:58,701] multiqc                                            [DEBUG  ]  No samples found: rsem
[2021-12-17 17:57:58,720] multiqc                                            [DEBUG  ]  No samples found: rseqc
[2021-12-17 17:57:58,728] multiqc                                            [DEBUG  ]  No samples found: busco
[2021-12-17 17:57:58,736] multiqc                                            [DEBUG  ]  No samples found: goleft_indexcov
[2021-12-17 17:57:58,745] multiqc                                            [DEBUG  ]  No samples found: disambiguate
[2021-12-17 17:57:58,753] multiqc                                            [DEBUG  ]  No samples found: supernova
[2021-12-17 17:57:58,773] multiqc                                            [DEBUG  ]  No samples found: deeptools
[2021-12-17 17:57:58,781] multiqc                                            [DEBUG  ]  No samples found: sargasso
[2021-12-17 17:57:58,789] multiqc                                            [DEBUG  ]  No samples found: verifybamid
[2021-12-17 17:57:58,798] multiqc                                            [DEBUG  ]  No samples found: mirtrace
[2021-12-17 17:57:58,809] multiqc                                            [DEBUG  ]  No samples found: happy
[2021-12-17 17:57:58,817] multiqc                                            [DEBUG  ]  No samples found: mirtop
[2021-12-17 17:57:58,828] multiqc                                            [DEBUG  ]  No samples found: homer
[2021-12-17 17:57:58,837] multiqc                                            [DEBUG  ]  No samples found: macs2
[2021-12-17 17:57:58,846] multiqc                                            [DEBUG  ]  No samples found: theta2
[2021-12-17 17:57:58,854] multiqc                                            [DEBUG  ]  No samples found: snpeff
[2021-12-17 17:57:58,865] multiqc                                            [DEBUG  ]  No samples found: gatk
[2021-12-17 17:57:58,873] multiqc                                            [DEBUG  ]  No samples found: htseq
[2021-12-17 17:57:58,883] multiqc                                            [DEBUG  ]  No samples found: bcftools
[2021-12-17 17:57:58,891] multiqc                                            [DEBUG  ]  No samples found: featureCounts
[2021-12-17 17:57:58,902] multiqc                                            [DEBUG  ]  No samples found: fgbio
[2021-12-17 17:57:58,922] multiqc                                            [DEBUG  ]  No samples found: dragen
[2021-12-17 17:57:58,930] multiqc                                            [DEBUG  ]  No samples found: dedup
[2021-12-17 17:57:58,938] multiqc                                            [DEBUG  ]  No samples found: damageprofiler
[2021-12-17 17:57:58,971] multiqc                                            [DEBUG  ]  No samples found: biobambam2
[2021-12-17 17:57:58,979] multiqc                                            [DEBUG  ]  No samples found: mtnucratio
[2021-12-17 17:57:58,984] multiqc                                            [DEBUG  ]  No samples found: picard
[2021-12-17 17:57:58,993] multiqc                                            [DEBUG  ]  No samples found: prokka
[2021-12-17 17:57:59,002] multiqc                                            [DEBUG  ]  No samples found: samblaster
[2021-12-17 17:57:59,016] multiqc                                            [DEBUG  ]  No samples found: samtools
[2021-12-17 17:57:59,024] multiqc                                            [DEBUG  ]  No samples found: sexdeterrmine
[2021-12-17 17:57:59,034] multiqc                                            [DEBUG  ]  No samples found: bamtools
[2021-12-17 17:57:59,043] multiqc                                            [DEBUG  ]  No samples found: jellyfish
[2021-12-17 17:57:59,056] multiqc                                            [DEBUG  ]  No samples found: vcftools
[2021-12-17 17:57:59,064] multiqc                                            [DEBUG  ]  No samples found: longranger
[2021-12-17 17:57:59,073] multiqc                                            [DEBUG  ]  No samples found: stacks
[2021-12-17 17:57:59,081] multiqc                                            [DEBUG  ]  No samples found: varscan2
[2021-12-17 17:57:59,104] multiqc                                            [DEBUG  ]  No samples found: bbmap
[2021-12-17 17:57:59,112] multiqc                                            [DEBUG  ]  No samples found: bismark
[2021-12-17 17:57:59,121] multiqc                                            [DEBUG  ]  No samples found: biscuit
[2021-12-17 17:57:59,130] multiqc                                            [DEBUG  ]  No samples found: hicexplorer
[2021-12-17 17:57:59,138] multiqc                                            [DEBUG  ]  No samples found: hicup
[2021-12-17 17:57:59,146] multiqc                                            [DEBUG  ]  No samples found: hicpro
[2021-12-17 17:57:59,244] multiqc.modules.salmon.salmon                      [INFO   ]  Found 28 meta reports
[2021-12-17 17:57:59,246] multiqc.modules.salmon.salmon                      [INFO   ]  Found 28 fragment length distributions
[2021-12-17 17:57:59,533] multiqc                                            [DEBUG  ]  No samples found: kallisto
[2021-12-17 17:57:59,541] multiqc                                            [DEBUG  ]  No samples found: slamdunk
[2021-12-17 17:57:59,550] multiqc                                            [DEBUG  ]  No samples found: star
[2021-12-17 17:57:59,558] multiqc                                            [DEBUG  ]  No samples found: hisat2
[2021-12-17 17:57:59,566] multiqc                                            [DEBUG  ]  No samples found: tophat
[2021-12-17 17:57:59,574] multiqc                                            [DEBUG  ]  No samples found: bowtie2
[2021-12-17 17:57:59,583] multiqc                                            [DEBUG  ]  No samples found: bowtie1
[2021-12-17 17:57:59,591] multiqc                                            [DEBUG  ]  No samples found: snpsplit
[2021-12-17 17:57:59,599] multiqc                                            [DEBUG  ]  No samples found: kat
[2021-12-17 17:57:59,610] multiqc                                            [DEBUG  ]  No samples found: leehom
[2021-12-17 17:57:59,618] multiqc                                            [DEBUG  ]  No samples found: adapterRemoval
[2021-12-17 17:57:59,626] multiqc                                            [DEBUG  ]  No samples found: clipandmerge
[2021-12-17 17:57:59,633] multiqc                                            [DEBUG  ]  No samples found: cutadapt
[2021-12-17 17:57:59,641] multiqc                                            [DEBUG  ]  No samples found: flexbar
[2021-12-17 17:57:59,649] multiqc                                            [DEBUG  ]  No samples found: kaiju
[2021-12-17 17:57:59,657] multiqc                                            [DEBUG  ]  No samples found: kraken
[2021-12-17 17:57:59,665] multiqc                                            [DEBUG  ]  No samples found: malt
[2021-12-17 17:57:59,673] multiqc                                            [DEBUG  ]  No samples found: trimmomatic
[2021-12-17 17:57:59,682] multiqc                                            [DEBUG  ]  No samples found: sickle
[2021-12-17 17:57:59,690] multiqc                                            [DEBUG  ]  No samples found: skewer
[2021-12-17 17:57:59,698] multiqc                                            [DEBUG  ]  No samples found: sortmerna
[2021-12-17 17:57:59,706] multiqc                                            [DEBUG  ]  No samples found: biobloomtools
[2021-12-17 17:57:59,715] multiqc                                            [DEBUG  ]  No samples found: fastq_screen
[2021-12-17 17:57:59,723] multiqc                                            [DEBUG  ]  No samples found: afterqc
[2021-12-17 17:57:59,731] multiqc                                            [DEBUG  ]  No samples found: fastp
[2021-12-17 17:58:02,062] multiqc.modules.fastqc.fastqc                      [INFO   ]  Found 28 reports
[2021-12-17 17:58:02,672] multiqc                                            [DEBUG  ]  No samples found: pycoqc
[2021-12-17 17:58:02,680] multiqc                                            [DEBUG  ]  No samples found: minionqc
[2021-12-17 17:58:02,689] multiqc                                            [DEBUG  ]  No samples found: multivcfanalyzer
[2021-12-17 17:58:02,697] multiqc                                            [DEBUG  ]  No samples found: clusterflow
[2021-12-17 17:58:02,705] multiqc                                            [DEBUG  ]  No samples found: bcl2fastq
[2021-12-17 17:58:02,714] multiqc                                            [DEBUG  ]  No samples found: interop
[2021-12-17 17:58:02,722] multiqc                                            [DEBUG  ]  No samples found: ivar
[2021-12-17 17:58:02,731] multiqc                                            [DEBUG  ]  No samples found: flash
[2021-12-17 17:58:02,739] multiqc                                            [DEBUG  ]  No samples found: seqyclean
[2021-12-17 17:58:02,837] multiqc                                            [INFO   ]  Compressing plot data
[2021-12-17 17:58:04,318] multiqc                                            [INFO   ]  Report      : ../data/output_data/rna_qc/ucsc.rmsk.salmon/multiqc.bioIvt_panc.2021-12-17-17.53.30-PST.html
[2021-12-17 17:58:04,319] multiqc                                            [INFO   ]  Data        : ../data/output_data/rna_qc/ucsc.rmsk.salmon/multiqc.bioIvt_panc.2021-12-17-17.53.30-PST_data
[2021-12-17 17:58:04,319] multiqc                                            [DEBUG  ]  Moving data file from '/data/tmp/tmpjfn4uw9w/multiqc_data' to '/public/groups/kimlab/exRNA_disease_biomarkers//data/output_data/rna_qc/ucsc.rmsk.salmon/multiqc.bioIvt_panc.2021-12-17-17.53.30-PST_data'
[2021-12-17 17:58:04,656] multiqc                                            [INFO   ]  MultiQC complete
