[2021-12-17 02:04:02,475] multiqc                                            [DEBUG  ]  No MultiQC config found: /public/groups/kimlab/.install_bin/anaconda3/lib/python3.7/site-packages/multiqc_config.yaml
[2021-12-17 02:04:02,475] multiqc                                            [DEBUG  ]  No MultiQC config found: /public/home/rreggiar/.multiqc_config.yaml
[2021-12-17 02:04:02,475] multiqc                                            [DEBUG  ]  No MultiQC config found: multiqc_config.yaml
[2021-12-17 02:04:02,475] multiqc                                            [DEBUG  ]  Command used: /public/groups/kimlab/.install_bin/anaconda3/bin/multiqc /public/groups/kimlab/exRNA_disease_biomarkers/data/input_data/panc1_intra/ --filename multiqc..2021-12-17-01.49.22-PST -o /public/groups/kimlab/exRNA_disease_biomarkers/data/output_data/rna_qc
[2021-12-17 02:04:03,590] multiqc                                            [WARNING]  MultiQC Version v1.11 now available!
[2021-12-17 02:04:03,590] multiqc                                            [INFO   ]  This is MultiQC v1.9
[2021-12-17 02:04:03,590] multiqc                                            [DEBUG  ]  Command     : /public/groups/kimlab/.install_bin/anaconda3/bin/multiqc /public/groups/kimlab/exRNA_disease_biomarkers/data/input_data/panc1_intra/ --filename multiqc..2021-12-17-01.49.22-PST -o /public/groups/kimlab/exRNA_disease_biomarkers/data/output_data/rna_qc
[2021-12-17 02:04:03,590] multiqc                                            [DEBUG  ]  Working dir : /public/groups/kimlab/exRNA_disease_biomarkers/bin
[2021-12-17 02:04:03,590] multiqc                                            [INFO   ]  Template    : default
[2021-12-17 02:04:03,591] multiqc                                            [DEBUG  ]  Running Python 3.7.6 (default, Jan  8 2020, 19:59:22)  [GCC 7.3.0]
[2021-12-17 02:04:03,591] multiqc                                            [INFO   ]  Searching   : /public/groups/kimlab/exRNA_disease_biomarkers/data/input_data/panc1_intra
[2021-12-17 02:04:03,591] multiqc                                            [DEBUG  ]  Analysing modules: custom_content, conpair, peddy, somalier, methylQA, mosdepth, phantompeakqualtools, qualimap, preseq, quast, qorts, rna_seqc, rockhopper, rsem, rseqc, busco, goleft_indexcov, disambiguate, supernova, deeptools, sargasso, verifybamid, mirtrace, happy, mirtop, homer, macs2, theta2, snpeff, gatk, htseq, bcftools, featureCounts, fgbio, dragen, dedup, damageprofiler, biobambam2, mtnucratio, picard, prokka, samblaster, samtools, sexdeterrmine, bamtools, jellyfish, vcftools, longranger, stacks, varscan2, bbmap, bismark, biscuit, hicexplorer, hicup, hicpro, salmon, kallisto, slamdunk, star, hisat2, tophat, bowtie2, bowtie1, snpsplit, kat, leehom, adapterRemoval, clipandmerge, cutadapt, flexbar, kaiju, kraken, malt, trimmomatic, sickle, skewer, sortmerna, biobloomtools, fastq_screen, afterqc, fastp, fastqc, pycoqc, minionqc, multivcfanalyzer, clusterflow, bcl2fastq, interop, ivar, flash, seqyclean
[2021-12-17 02:04:03,592] multiqc                                            [DEBUG  ]  Using temporary directory for creating report: /data/tmp/tmp8tds9757
[2021-12-17 02:04:04,110] multiqc                                            [DEBUG  ]  Ignoring file as matched an ignore pattern: PANC-1_si_Control1_R1_001.fastq.gz
[2021-12-17 02:04:04,111] multiqc                                            [DEBUG  ]  Ignoring file as matched an ignore pattern: PANC-1_si_Control1_R2_001.fastq.gz
[2021-12-17 02:04:04,111] multiqc                                            [DEBUG  ]  Ignoring file as matched an ignore pattern: ctrl.1.intra_output_forward_paired.fq.gz
[2021-12-17 02:04:04,111] multiqc                                            [DEBUG  ]  Ignoring file as matched an ignore pattern: ctrl.1.intra_output_reverse_paired.fq.gz
[2021-12-17 02:04:04,171] multiqc                                            [DEBUG  ]  File ignored by hicexplorer because it exceeded search pattern filesize limit: ctrl.1.intra_output_forward_paired_fastqc.html
[2021-12-17 02:04:04,187] multiqc                                            [DEBUG  ]  File ignored by longranger/invocation because it exceeded search pattern filesize limit: ctrl.1.intra_output_forward_paired_fastqc.html
[2021-12-17 02:04:04,187] multiqc                                            [DEBUG  ]  File ignored by rockhopper because it exceeded search pattern filesize limit: ctrl.1.intra_output_forward_paired_fastqc.html
[2021-12-17 02:04:04,187] multiqc                                            [DEBUG  ]  File ignored by rseqc/bam_stat because it exceeded search pattern filesize limit: ctrl.1.intra_output_forward_paired_fastqc.html
[2021-12-17 02:04:04,187] multiqc                                            [DEBUG  ]  File ignored by rseqc/junction_annotation because it exceeded search pattern filesize limit: ctrl.1.intra_output_forward_paired_fastqc.html
[2021-12-17 02:04:04,187] multiqc                                            [DEBUG  ]  File ignored by rseqc/read_distribution because it exceeded search pattern filesize limit: ctrl.1.intra_output_forward_paired_fastqc.html
[2021-12-17 02:04:04,187] multiqc                                            [DEBUG  ]  File ignored by rseqc/infer_experiment because it exceeded search pattern filesize limit: ctrl.1.intra_output_forward_paired_fastqc.html
[2021-12-17 02:04:04,356] multiqc                                            [DEBUG  ]  File ignored by hicexplorer because it exceeded search pattern filesize limit: ctrl.1.intra_output_reverse_paired_fastqc.html
[2021-12-17 02:04:04,370] multiqc                                            [DEBUG  ]  File ignored by longranger/invocation because it exceeded search pattern filesize limit: ctrl.1.intra_output_reverse_paired_fastqc.html
[2021-12-17 02:04:04,370] multiqc                                            [DEBUG  ]  File ignored by rockhopper because it exceeded search pattern filesize limit: ctrl.1.intra_output_reverse_paired_fastqc.html
[2021-12-17 02:04:04,370] multiqc                                            [DEBUG  ]  File ignored by rseqc/bam_stat because it exceeded search pattern filesize limit: ctrl.1.intra_output_reverse_paired_fastqc.html
[2021-12-17 02:04:04,370] multiqc                                            [DEBUG  ]  File ignored by rseqc/junction_annotation because it exceeded search pattern filesize limit: ctrl.1.intra_output_reverse_paired_fastqc.html
[2021-12-17 02:04:04,370] multiqc                                            [DEBUG  ]  File ignored by rseqc/read_distribution because it exceeded search pattern filesize limit: ctrl.1.intra_output_reverse_paired_fastqc.html
[2021-12-17 02:04:04,370] multiqc                                            [DEBUG  ]  File ignored by rseqc/infer_experiment because it exceeded search pattern filesize limit: ctrl.1.intra_output_reverse_paired_fastqc.html
[2021-12-17 02:04:04,669] multiqc                                            [DEBUG  ]  File ignored by hicexplorer because it exceeded search pattern filesize limit: salmon_quant.log
[2021-12-17 02:04:04,683] multiqc                                            [DEBUG  ]  File ignored by longranger/invocation because it exceeded search pattern filesize limit: salmon_quant.log
[2021-12-17 02:04:04,846] multiqc                                            [DEBUG  ]  File ignored by hicexplorer because it exceeded search pattern filesize limit: ambig_info.tsv
[2021-12-17 02:04:04,859] multiqc                                            [DEBUG  ]  File ignored by longranger/invocation because it exceeded search pattern filesize limit: ambig_info.tsv
[2021-12-17 02:04:04,859] multiqc                                            [DEBUG  ]  File ignored by rockhopper because it exceeded search pattern filesize limit: ambig_info.tsv
[2021-12-17 02:04:04,859] multiqc                                            [DEBUG  ]  File ignored by rseqc/bam_stat because it exceeded search pattern filesize limit: ambig_info.tsv
[2021-12-17 02:04:04,859] multiqc                                            [DEBUG  ]  File ignored by rseqc/junction_annotation because it exceeded search pattern filesize limit: ambig_info.tsv
[2021-12-17 02:04:04,860] multiqc                                            [DEBUG  ]  File ignored by rseqc/read_distribution because it exceeded search pattern filesize limit: ambig_info.tsv
[2021-12-17 02:04:04,860] multiqc                                            [DEBUG  ]  File ignored by rseqc/infer_experiment because it exceeded search pattern filesize limit: ambig_info.tsv
[2021-12-17 02:04:04,969] multiqc                                            [DEBUG  ]  File ignored by stacks/sumstats because it exceeded search pattern filesize limit: ambig_info.tsv
[2021-12-17 02:04:09,702] multiqc                                            [DEBUG  ]  Ignoring file as matched an ignore pattern: PANC-1_si_Control2_R1_001.fastq.gz
[2021-12-17 02:04:09,703] multiqc                                            [DEBUG  ]  Ignoring file as matched an ignore pattern: PANC-1_si_Control2_R2_001.fastq.gz
[2021-12-17 02:04:09,703] multiqc                                            [DEBUG  ]  Ignoring file as matched an ignore pattern: ctrl.2.intra_output_forward_paired.fq.gz
[2021-12-17 02:04:09,703] multiqc                                            [DEBUG  ]  Ignoring file as matched an ignore pattern: ctrl.2.intra_output_reverse_paired.fq.gz
[2021-12-17 02:04:09,738] multiqc                                            [DEBUG  ]  File ignored by hicexplorer because it exceeded search pattern filesize limit: ctrl.2.intra_output_forward_paired_fastqc.html
[2021-12-17 02:04:09,751] multiqc                                            [DEBUG  ]  File ignored by longranger/invocation because it exceeded search pattern filesize limit: ctrl.2.intra_output_forward_paired_fastqc.html
[2021-12-17 02:04:09,752] multiqc                                            [DEBUG  ]  File ignored by rockhopper because it exceeded search pattern filesize limit: ctrl.2.intra_output_forward_paired_fastqc.html
[2021-12-17 02:04:09,752] multiqc                                            [DEBUG  ]  File ignored by rseqc/bam_stat because it exceeded search pattern filesize limit: ctrl.2.intra_output_forward_paired_fastqc.html
[2021-12-17 02:04:09,752] multiqc                                            [DEBUG  ]  File ignored by rseqc/junction_annotation because it exceeded search pattern filesize limit: ctrl.2.intra_output_forward_paired_fastqc.html
[2021-12-17 02:04:09,752] multiqc                                            [DEBUG  ]  File ignored by rseqc/read_distribution because it exceeded search pattern filesize limit: ctrl.2.intra_output_forward_paired_fastqc.html
[2021-12-17 02:04:09,752] multiqc                                            [DEBUG  ]  File ignored by rseqc/infer_experiment because it exceeded search pattern filesize limit: ctrl.2.intra_output_forward_paired_fastqc.html
[2021-12-17 02:04:09,915] multiqc                                            [DEBUG  ]  File ignored by hicexplorer because it exceeded search pattern filesize limit: ctrl.2.intra_output_reverse_paired_fastqc.html
[2021-12-17 02:04:09,930] multiqc                                            [DEBUG  ]  File ignored by longranger/invocation because it exceeded search pattern filesize limit: ctrl.2.intra_output_reverse_paired_fastqc.html
[2021-12-17 02:04:09,930] multiqc                                            [DEBUG  ]  File ignored by rockhopper because it exceeded search pattern filesize limit: ctrl.2.intra_output_reverse_paired_fastqc.html
[2021-12-17 02:04:09,930] multiqc                                            [DEBUG  ]  File ignored by rseqc/bam_stat because it exceeded search pattern filesize limit: ctrl.2.intra_output_reverse_paired_fastqc.html
[2021-12-17 02:04:09,930] multiqc                                            [DEBUG  ]  File ignored by rseqc/junction_annotation because it exceeded search pattern filesize limit: ctrl.2.intra_output_reverse_paired_fastqc.html
[2021-12-17 02:04:09,930] multiqc                                            [DEBUG  ]  File ignored by rseqc/read_distribution because it exceeded search pattern filesize limit: ctrl.2.intra_output_reverse_paired_fastqc.html
[2021-12-17 02:04:09,930] multiqc                                            [DEBUG  ]  File ignored by rseqc/infer_experiment because it exceeded search pattern filesize limit: ctrl.2.intra_output_reverse_paired_fastqc.html
[2021-12-17 02:04:10,231] multiqc                                            [DEBUG  ]  File ignored by hicexplorer because it exceeded search pattern filesize limit: salmon_quant.log
[2021-12-17 02:04:10,245] multiqc                                            [DEBUG  ]  File ignored by longranger/invocation because it exceeded search pattern filesize limit: salmon_quant.log
[2021-12-17 02:04:10,414] multiqc                                            [DEBUG  ]  File ignored by hicexplorer because it exceeded search pattern filesize limit: ambig_info.tsv
[2021-12-17 02:04:10,427] multiqc                                            [DEBUG  ]  File ignored by longranger/invocation because it exceeded search pattern filesize limit: ambig_info.tsv
[2021-12-17 02:04:10,427] multiqc                                            [DEBUG  ]  File ignored by rockhopper because it exceeded search pattern filesize limit: ambig_info.tsv
[2021-12-17 02:04:10,427] multiqc                                            [DEBUG  ]  File ignored by rseqc/bam_stat because it exceeded search pattern filesize limit: ambig_info.tsv
[2021-12-17 02:04:10,427] multiqc                                            [DEBUG  ]  File ignored by rseqc/junction_annotation because it exceeded search pattern filesize limit: ambig_info.tsv
[2021-12-17 02:04:10,428] multiqc                                            [DEBUG  ]  File ignored by rseqc/read_distribution because it exceeded search pattern filesize limit: ambig_info.tsv
[2021-12-17 02:04:10,428] multiqc                                            [DEBUG  ]  File ignored by rseqc/infer_experiment because it exceeded search pattern filesize limit: ambig_info.tsv
[2021-12-17 02:04:10,538] multiqc                                            [DEBUG  ]  File ignored by stacks/sumstats because it exceeded search pattern filesize limit: ambig_info.tsv
[2021-12-17 02:04:15,260] multiqc                                            [DEBUG  ]  Ignoring file as matched an ignore pattern: PANC-1_si_KRAS1_R1_001.fastq.gz
[2021-12-17 02:04:15,261] multiqc                                            [DEBUG  ]  Ignoring file as matched an ignore pattern: PANC-1_si_KRAS1_R2_001.fastq.gz
[2021-12-17 02:04:15,261] multiqc                                            [DEBUG  ]  Ignoring file as matched an ignore pattern: ctrl.3.intra_output_forward_paired.fq.gz
[2021-12-17 02:04:15,261] multiqc                                            [DEBUG  ]  Ignoring file as matched an ignore pattern: ctrl.3.intra_output_reverse_paired.fq.gz
[2021-12-17 02:04:15,295] multiqc                                            [DEBUG  ]  File ignored by hicexplorer because it exceeded search pattern filesize limit: ctrl.3.intra_output_forward_paired_fastqc.html
[2021-12-17 02:04:15,309] multiqc                                            [DEBUG  ]  File ignored by longranger/invocation because it exceeded search pattern filesize limit: ctrl.3.intra_output_forward_paired_fastqc.html
[2021-12-17 02:04:15,309] multiqc                                            [DEBUG  ]  File ignored by rockhopper because it exceeded search pattern filesize limit: ctrl.3.intra_output_forward_paired_fastqc.html
[2021-12-17 02:04:15,309] multiqc                                            [DEBUG  ]  File ignored by rseqc/bam_stat because it exceeded search pattern filesize limit: ctrl.3.intra_output_forward_paired_fastqc.html
[2021-12-17 02:04:15,309] multiqc                                            [DEBUG  ]  File ignored by rseqc/junction_annotation because it exceeded search pattern filesize limit: ctrl.3.intra_output_forward_paired_fastqc.html
[2021-12-17 02:04:15,309] multiqc                                            [DEBUG  ]  File ignored by rseqc/read_distribution because it exceeded search pattern filesize limit: ctrl.3.intra_output_forward_paired_fastqc.html
[2021-12-17 02:04:15,309] multiqc                                            [DEBUG  ]  File ignored by rseqc/infer_experiment because it exceeded search pattern filesize limit: ctrl.3.intra_output_forward_paired_fastqc.html
[2021-12-17 02:04:15,470] multiqc                                            [DEBUG  ]  File ignored by hicexplorer because it exceeded search pattern filesize limit: ctrl.3.intra_output_reverse_paired_fastqc.html
[2021-12-17 02:04:15,482] multiqc                                            [DEBUG  ]  File ignored by longranger/invocation because it exceeded search pattern filesize limit: ctrl.3.intra_output_reverse_paired_fastqc.html
[2021-12-17 02:04:15,482] multiqc                                            [DEBUG  ]  File ignored by rockhopper because it exceeded search pattern filesize limit: ctrl.3.intra_output_reverse_paired_fastqc.html
[2021-12-17 02:04:15,483] multiqc                                            [DEBUG  ]  File ignored by rseqc/bam_stat because it exceeded search pattern filesize limit: ctrl.3.intra_output_reverse_paired_fastqc.html
[2021-12-17 02:04:15,483] multiqc                                            [DEBUG  ]  File ignored by rseqc/junction_annotation because it exceeded search pattern filesize limit: ctrl.3.intra_output_reverse_paired_fastqc.html
[2021-12-17 02:04:15,483] multiqc                                            [DEBUG  ]  File ignored by rseqc/read_distribution because it exceeded search pattern filesize limit: ctrl.3.intra_output_reverse_paired_fastqc.html
[2021-12-17 02:04:15,483] multiqc                                            [DEBUG  ]  File ignored by rseqc/infer_experiment because it exceeded search pattern filesize limit: ctrl.3.intra_output_reverse_paired_fastqc.html
[2021-12-17 02:04:15,784] multiqc                                            [DEBUG  ]  File ignored by hicexplorer because it exceeded search pattern filesize limit: salmon_quant.log
[2021-12-17 02:04:15,797] multiqc                                            [DEBUG  ]  File ignored by longranger/invocation because it exceeded search pattern filesize limit: salmon_quant.log
[2021-12-17 02:04:15,966] multiqc                                            [DEBUG  ]  File ignored by hicexplorer because it exceeded search pattern filesize limit: ambig_info.tsv
[2021-12-17 02:04:15,979] multiqc                                            [DEBUG  ]  File ignored by longranger/invocation because it exceeded search pattern filesize limit: ambig_info.tsv
[2021-12-17 02:04:15,979] multiqc                                            [DEBUG  ]  File ignored by rockhopper because it exceeded search pattern filesize limit: ambig_info.tsv
[2021-12-17 02:04:15,979] multiqc                                            [DEBUG  ]  File ignored by rseqc/bam_stat because it exceeded search pattern filesize limit: ambig_info.tsv
[2021-12-17 02:04:15,979] multiqc                                            [DEBUG  ]  File ignored by rseqc/junction_annotation because it exceeded search pattern filesize limit: ambig_info.tsv
[2021-12-17 02:04:15,980] multiqc                                            [DEBUG  ]  File ignored by rseqc/read_distribution because it exceeded search pattern filesize limit: ambig_info.tsv
[2021-12-17 02:04:15,980] multiqc                                            [DEBUG  ]  File ignored by rseqc/infer_experiment because it exceeded search pattern filesize limit: ambig_info.tsv
[2021-12-17 02:04:16,096] multiqc                                            [DEBUG  ]  File ignored by stacks/sumstats because it exceeded search pattern filesize limit: ambig_info.tsv
[2021-12-17 02:04:21,019] multiqc                                            [DEBUG  ]  Ignoring file as matched an ignore pattern: PANC-1_si_Control3_R1_001.fastq.gz
[2021-12-17 02:04:21,019] multiqc                                            [DEBUG  ]  Ignoring file as matched an ignore pattern: PANC-1_si_Control3_R2_001.fastq.gz
[2021-12-17 02:04:21,019] multiqc                                            [DEBUG  ]  Ignoring file as matched an ignore pattern: kras.1.intra_output_forward_paired.fq.gz
[2021-12-17 02:04:21,019] multiqc                                            [DEBUG  ]  Ignoring file as matched an ignore pattern: kras.1.intra_output_reverse_paired.fq.gz
[2021-12-17 02:04:21,053] multiqc                                            [DEBUG  ]  File ignored by hicexplorer because it exceeded search pattern filesize limit: kras.1.intra_output_forward_paired_fastqc.html
[2021-12-17 02:04:21,066] multiqc                                            [DEBUG  ]  File ignored by longranger/invocation because it exceeded search pattern filesize limit: kras.1.intra_output_forward_paired_fastqc.html
[2021-12-17 02:04:21,066] multiqc                                            [DEBUG  ]  File ignored by rockhopper because it exceeded search pattern filesize limit: kras.1.intra_output_forward_paired_fastqc.html
[2021-12-17 02:04:21,067] multiqc                                            [DEBUG  ]  File ignored by rseqc/bam_stat because it exceeded search pattern filesize limit: kras.1.intra_output_forward_paired_fastqc.html
[2021-12-17 02:04:21,067] multiqc                                            [DEBUG  ]  File ignored by rseqc/junction_annotation because it exceeded search pattern filesize limit: kras.1.intra_output_forward_paired_fastqc.html
[2021-12-17 02:04:21,067] multiqc                                            [DEBUG  ]  File ignored by rseqc/read_distribution because it exceeded search pattern filesize limit: kras.1.intra_output_forward_paired_fastqc.html
[2021-12-17 02:04:21,067] multiqc                                            [DEBUG  ]  File ignored by rseqc/infer_experiment because it exceeded search pattern filesize limit: kras.1.intra_output_forward_paired_fastqc.html
[2021-12-17 02:04:21,229] multiqc                                            [DEBUG  ]  File ignored by hicexplorer because it exceeded search pattern filesize limit: kras.1.intra_output_reverse_paired_fastqc.html
[2021-12-17 02:04:21,242] multiqc                                            [DEBUG  ]  File ignored by longranger/invocation because it exceeded search pattern filesize limit: kras.1.intra_output_reverse_paired_fastqc.html
[2021-12-17 02:04:21,242] multiqc                                            [DEBUG  ]  File ignored by rockhopper because it exceeded search pattern filesize limit: kras.1.intra_output_reverse_paired_fastqc.html
[2021-12-17 02:04:21,243] multiqc                                            [DEBUG  ]  File ignored by rseqc/bam_stat because it exceeded search pattern filesize limit: kras.1.intra_output_reverse_paired_fastqc.html
[2021-12-17 02:04:21,243] multiqc                                            [DEBUG  ]  File ignored by rseqc/junction_annotation because it exceeded search pattern filesize limit: kras.1.intra_output_reverse_paired_fastqc.html
[2021-12-17 02:04:21,243] multiqc                                            [DEBUG  ]  File ignored by rseqc/read_distribution because it exceeded search pattern filesize limit: kras.1.intra_output_reverse_paired_fastqc.html
[2021-12-17 02:04:21,243] multiqc                                            [DEBUG  ]  File ignored by rseqc/infer_experiment because it exceeded search pattern filesize limit: kras.1.intra_output_reverse_paired_fastqc.html
[2021-12-17 02:04:21,536] multiqc                                            [DEBUG  ]  File ignored by hicexplorer because it exceeded search pattern filesize limit: salmon_quant.log
[2021-12-17 02:04:21,548] multiqc                                            [DEBUG  ]  File ignored by longranger/invocation because it exceeded search pattern filesize limit: salmon_quant.log
[2021-12-17 02:04:21,696] multiqc                                            [DEBUG  ]  File ignored by hicexplorer because it exceeded search pattern filesize limit: ambig_info.tsv
[2021-12-17 02:04:21,706] multiqc                                            [DEBUG  ]  File ignored by longranger/invocation because it exceeded search pattern filesize limit: ambig_info.tsv
[2021-12-17 02:04:21,706] multiqc                                            [DEBUG  ]  File ignored by rockhopper because it exceeded search pattern filesize limit: ambig_info.tsv
[2021-12-17 02:04:21,706] multiqc                                            [DEBUG  ]  File ignored by rseqc/bam_stat because it exceeded search pattern filesize limit: ambig_info.tsv
[2021-12-17 02:04:21,706] multiqc                                            [DEBUG  ]  File ignored by rseqc/junction_annotation because it exceeded search pattern filesize limit: ambig_info.tsv
[2021-12-17 02:04:21,706] multiqc                                            [DEBUG  ]  File ignored by rseqc/read_distribution because it exceeded search pattern filesize limit: ambig_info.tsv
[2021-12-17 02:04:21,706] multiqc                                            [DEBUG  ]  File ignored by rseqc/infer_experiment because it exceeded search pattern filesize limit: ambig_info.tsv
[2021-12-17 02:04:21,821] multiqc                                            [DEBUG  ]  File ignored by stacks/sumstats because it exceeded search pattern filesize limit: ambig_info.tsv
[2021-12-17 02:04:26,749] multiqc                                            [DEBUG  ]  Ignoring file as matched an ignore pattern: PANC-1_si_KRAS2_R1_001.fastq.gz
[2021-12-17 02:04:26,749] multiqc                                            [DEBUG  ]  Ignoring file as matched an ignore pattern: PANC-1_si_KRAS2_R2_001.fastq.gz
[2021-12-17 02:04:26,749] multiqc                                            [DEBUG  ]  Ignoring file as matched an ignore pattern: kras.2.intra_output_forward_paired.fq.gz
[2021-12-17 02:04:26,750] multiqc                                            [DEBUG  ]  Ignoring file as matched an ignore pattern: kras.2.intra_output_reverse_paired.fq.gz
[2021-12-17 02:04:26,784] multiqc                                            [DEBUG  ]  File ignored by hicexplorer because it exceeded search pattern filesize limit: kras.2.intra_output_forward_paired_fastqc.html
[2021-12-17 02:04:26,798] multiqc                                            [DEBUG  ]  File ignored by longranger/invocation because it exceeded search pattern filesize limit: kras.2.intra_output_forward_paired_fastqc.html
[2021-12-17 02:04:26,798] multiqc                                            [DEBUG  ]  File ignored by rockhopper because it exceeded search pattern filesize limit: kras.2.intra_output_forward_paired_fastqc.html
[2021-12-17 02:04:26,798] multiqc                                            [DEBUG  ]  File ignored by rseqc/bam_stat because it exceeded search pattern filesize limit: kras.2.intra_output_forward_paired_fastqc.html
[2021-12-17 02:04:26,799] multiqc                                            [DEBUG  ]  File ignored by rseqc/junction_annotation because it exceeded search pattern filesize limit: kras.2.intra_output_forward_paired_fastqc.html
[2021-12-17 02:04:26,799] multiqc                                            [DEBUG  ]  File ignored by rseqc/read_distribution because it exceeded search pattern filesize limit: kras.2.intra_output_forward_paired_fastqc.html
[2021-12-17 02:04:26,799] multiqc                                            [DEBUG  ]  File ignored by rseqc/infer_experiment because it exceeded search pattern filesize limit: kras.2.intra_output_forward_paired_fastqc.html
[2021-12-17 02:04:26,965] multiqc                                            [DEBUG  ]  File ignored by hicexplorer because it exceeded search pattern filesize limit: kras.2.intra_output_reverse_paired_fastqc.html
[2021-12-17 02:04:26,979] multiqc                                            [DEBUG  ]  File ignored by longranger/invocation because it exceeded search pattern filesize limit: kras.2.intra_output_reverse_paired_fastqc.html
[2021-12-17 02:04:26,979] multiqc                                            [DEBUG  ]  File ignored by rockhopper because it exceeded search pattern filesize limit: kras.2.intra_output_reverse_paired_fastqc.html
[2021-12-17 02:04:26,979] multiqc                                            [DEBUG  ]  File ignored by rseqc/bam_stat because it exceeded search pattern filesize limit: kras.2.intra_output_reverse_paired_fastqc.html
[2021-12-17 02:04:26,979] multiqc                                            [DEBUG  ]  File ignored by rseqc/junction_annotation because it exceeded search pattern filesize limit: kras.2.intra_output_reverse_paired_fastqc.html
[2021-12-17 02:04:26,979] multiqc                                            [DEBUG  ]  File ignored by rseqc/read_distribution because it exceeded search pattern filesize limit: kras.2.intra_output_reverse_paired_fastqc.html
[2021-12-17 02:04:26,979] multiqc                                            [DEBUG  ]  File ignored by rseqc/infer_experiment because it exceeded search pattern filesize limit: kras.2.intra_output_reverse_paired_fastqc.html
[2021-12-17 02:04:27,280] multiqc                                            [DEBUG  ]  File ignored by hicexplorer because it exceeded search pattern filesize limit: salmon_quant.log
[2021-12-17 02:04:27,293] multiqc                                            [DEBUG  ]  File ignored by longranger/invocation because it exceeded search pattern filesize limit: salmon_quant.log
[2021-12-17 02:04:27,453] multiqc                                            [DEBUG  ]  File ignored by hicexplorer because it exceeded search pattern filesize limit: ambig_info.tsv
[2021-12-17 02:04:27,466] multiqc                                            [DEBUG  ]  File ignored by longranger/invocation because it exceeded search pattern filesize limit: ambig_info.tsv
[2021-12-17 02:04:27,466] multiqc                                            [DEBUG  ]  File ignored by rockhopper because it exceeded search pattern filesize limit: ambig_info.tsv
[2021-12-17 02:04:27,466] multiqc                                            [DEBUG  ]  File ignored by rseqc/bam_stat because it exceeded search pattern filesize limit: ambig_info.tsv
[2021-12-17 02:04:27,466] multiqc                                            [DEBUG  ]  File ignored by rseqc/junction_annotation because it exceeded search pattern filesize limit: ambig_info.tsv
[2021-12-17 02:04:27,466] multiqc                                            [DEBUG  ]  File ignored by rseqc/read_distribution because it exceeded search pattern filesize limit: ambig_info.tsv
[2021-12-17 02:04:27,466] multiqc                                            [DEBUG  ]  File ignored by rseqc/infer_experiment because it exceeded search pattern filesize limit: ambig_info.tsv
[2021-12-17 02:04:27,577] multiqc                                            [DEBUG  ]  File ignored by stacks/sumstats because it exceeded search pattern filesize limit: ambig_info.tsv
[2021-12-17 02:04:32,355] multiqc                                            [DEBUG  ]  Ignoring file as matched an ignore pattern: PANC-1_si_KRAS3_R1_001.fastq.gz
[2021-12-17 02:04:32,355] multiqc                                            [DEBUG  ]  Ignoring file as matched an ignore pattern: PANC-1_si_KRAS3_R2_001.fastq.gz
[2021-12-17 02:04:32,355] multiqc                                            [DEBUG  ]  Ignoring file as matched an ignore pattern: kras.3.intra_output_forward_paired.fq.gz
[2021-12-17 02:04:32,355] multiqc                                            [DEBUG  ]  Ignoring file as matched an ignore pattern: kras.3.intra_output_reverse_paired.fq.gz
[2021-12-17 02:04:32,388] multiqc                                            [DEBUG  ]  File ignored by hicexplorer because it exceeded search pattern filesize limit: kras.3.intra_output_forward_paired_fastqc.html
[2021-12-17 02:04:32,402] multiqc                                            [DEBUG  ]  File ignored by longranger/invocation because it exceeded search pattern filesize limit: kras.3.intra_output_forward_paired_fastqc.html
[2021-12-17 02:04:32,402] multiqc                                            [DEBUG  ]  File ignored by rockhopper because it exceeded search pattern filesize limit: kras.3.intra_output_forward_paired_fastqc.html
[2021-12-17 02:04:32,403] multiqc                                            [DEBUG  ]  File ignored by rseqc/bam_stat because it exceeded search pattern filesize limit: kras.3.intra_output_forward_paired_fastqc.html
[2021-12-17 02:04:32,403] multiqc                                            [DEBUG  ]  File ignored by rseqc/junction_annotation because it exceeded search pattern filesize limit: kras.3.intra_output_forward_paired_fastqc.html
[2021-12-17 02:04:32,403] multiqc                                            [DEBUG  ]  File ignored by rseqc/read_distribution because it exceeded search pattern filesize limit: kras.3.intra_output_forward_paired_fastqc.html
[2021-12-17 02:04:32,403] multiqc                                            [DEBUG  ]  File ignored by rseqc/infer_experiment because it exceeded search pattern filesize limit: kras.3.intra_output_forward_paired_fastqc.html
[2021-12-17 02:04:32,568] multiqc                                            [DEBUG  ]  File ignored by hicexplorer because it exceeded search pattern filesize limit: kras.3.intra_output_reverse_paired_fastqc.html
[2021-12-17 02:04:32,582] multiqc                                            [DEBUG  ]  File ignored by longranger/invocation because it exceeded search pattern filesize limit: kras.3.intra_output_reverse_paired_fastqc.html
[2021-12-17 02:04:32,582] multiqc                                            [DEBUG  ]  File ignored by rockhopper because it exceeded search pattern filesize limit: kras.3.intra_output_reverse_paired_fastqc.html
[2021-12-17 02:04:32,582] multiqc                                            [DEBUG  ]  File ignored by rseqc/bam_stat because it exceeded search pattern filesize limit: kras.3.intra_output_reverse_paired_fastqc.html
[2021-12-17 02:04:32,582] multiqc                                            [DEBUG  ]  File ignored by rseqc/junction_annotation because it exceeded search pattern filesize limit: kras.3.intra_output_reverse_paired_fastqc.html
[2021-12-17 02:04:32,582] multiqc                                            [DEBUG  ]  File ignored by rseqc/read_distribution because it exceeded search pattern filesize limit: kras.3.intra_output_reverse_paired_fastqc.html
[2021-12-17 02:04:32,582] multiqc                                            [DEBUG  ]  File ignored by rseqc/infer_experiment because it exceeded search pattern filesize limit: kras.3.intra_output_reverse_paired_fastqc.html
[2021-12-17 02:04:32,874] multiqc                                            [DEBUG  ]  File ignored by hicexplorer because it exceeded search pattern filesize limit: salmon_quant.log
[2021-12-17 02:04:32,887] multiqc                                            [DEBUG  ]  File ignored by longranger/invocation because it exceeded search pattern filesize limit: salmon_quant.log
[2021-12-17 02:04:33,050] multiqc                                            [DEBUG  ]  File ignored by hicexplorer because it exceeded search pattern filesize limit: ambig_info.tsv
[2021-12-17 02:04:33,064] multiqc                                            [DEBUG  ]  File ignored by longranger/invocation because it exceeded search pattern filesize limit: ambig_info.tsv
[2021-12-17 02:04:33,064] multiqc                                            [DEBUG  ]  File ignored by rockhopper because it exceeded search pattern filesize limit: ambig_info.tsv
[2021-12-17 02:04:33,064] multiqc                                            [DEBUG  ]  File ignored by rseqc/bam_stat because it exceeded search pattern filesize limit: ambig_info.tsv
[2021-12-17 02:04:33,064] multiqc                                            [DEBUG  ]  File ignored by rseqc/junction_annotation because it exceeded search pattern filesize limit: ambig_info.tsv
[2021-12-17 02:04:33,064] multiqc                                            [DEBUG  ]  File ignored by rseqc/read_distribution because it exceeded search pattern filesize limit: ambig_info.tsv
[2021-12-17 02:04:33,064] multiqc                                            [DEBUG  ]  File ignored by rseqc/infer_experiment because it exceeded search pattern filesize limit: ambig_info.tsv
[2021-12-17 02:04:33,177] multiqc                                            [DEBUG  ]  File ignored by stacks/sumstats because it exceeded search pattern filesize limit: ambig_info.tsv
[2021-12-17 02:04:38,669] multiqc.plots.bargraph                             [DEBUG  ]  Using matplotlib version 3.1.3
[2021-12-17 02:04:38,671] multiqc.plots.linegraph                            [DEBUG  ]  Using matplotlib version 3.1.3
[2021-12-17 02:04:38,675] multiqc                                            [DEBUG  ]  No samples found: custom_content
[2021-12-17 02:04:38,686] multiqc                                            [DEBUG  ]  No samples found: conpair
[2021-12-17 02:04:38,695] multiqc                                            [DEBUG  ]  No samples found: peddy
[2021-12-17 02:04:38,705] multiqc                                            [DEBUG  ]  No samples found: somalier
[2021-12-17 02:04:38,714] multiqc                                            [DEBUG  ]  No samples found: methylQA
[2021-12-17 02:04:38,729] multiqc                                            [DEBUG  ]  No samples found: mosdepth
[2021-12-17 02:04:38,739] multiqc                                            [DEBUG  ]  No samples found: phantompeakqualtools
[2021-12-17 02:04:38,746] multiqc                                            [DEBUG  ]  No samples found: qualimap
[2021-12-17 02:04:38,755] multiqc                                            [DEBUG  ]  No samples found: preseq
[2021-12-17 02:04:38,765] multiqc                                            [DEBUG  ]  No samples found: quast
[2021-12-17 02:04:38,774] multiqc                                            [DEBUG  ]  No samples found: qorts
[2021-12-17 02:04:38,783] multiqc                                            [DEBUG  ]  No samples found: rna_seqc
[2021-12-17 02:04:38,793] multiqc                                            [DEBUG  ]  No samples found: rockhopper
[2021-12-17 02:04:38,802] multiqc                                            [DEBUG  ]  No samples found: rsem
[2021-12-17 02:04:38,825] multiqc                                            [DEBUG  ]  No samples found: rseqc
[2021-12-17 02:04:38,835] multiqc                                            [DEBUG  ]  No samples found: busco
[2021-12-17 02:04:38,844] multiqc                                            [DEBUG  ]  No samples found: goleft_indexcov
[2021-12-17 02:04:38,854] multiqc                                            [DEBUG  ]  No samples found: disambiguate
[2021-12-17 02:04:38,864] multiqc                                            [DEBUG  ]  No samples found: supernova
[2021-12-17 02:04:38,886] multiqc                                            [DEBUG  ]  No samples found: deeptools
[2021-12-17 02:04:38,896] multiqc                                            [DEBUG  ]  No samples found: sargasso
[2021-12-17 02:04:38,905] multiqc                                            [DEBUG  ]  No samples found: verifybamid
[2021-12-17 02:04:38,915] multiqc                                            [DEBUG  ]  No samples found: mirtrace
[2021-12-17 02:04:38,924] multiqc                                            [DEBUG  ]  No samples found: happy
[2021-12-17 02:04:38,934] multiqc                                            [DEBUG  ]  No samples found: mirtop
[2021-12-17 02:04:38,946] multiqc                                            [DEBUG  ]  No samples found: homer
[2021-12-17 02:04:38,957] multiqc                                            [DEBUG  ]  No samples found: macs2
[2021-12-17 02:04:38,967] multiqc                                            [DEBUG  ]  No samples found: theta2
[2021-12-17 02:04:38,976] multiqc                                            [DEBUG  ]  No samples found: snpeff
[2021-12-17 02:04:38,989] multiqc                                            [DEBUG  ]  No samples found: gatk
[2021-12-17 02:04:38,998] multiqc                                            [DEBUG  ]  No samples found: htseq
[2021-12-17 02:04:39,009] multiqc                                            [DEBUG  ]  No samples found: bcftools
[2021-12-17 02:04:39,018] multiqc                                            [DEBUG  ]  No samples found: featureCounts
[2021-12-17 02:04:39,030] multiqc                                            [DEBUG  ]  No samples found: fgbio
[2021-12-17 02:04:39,053] multiqc                                            [DEBUG  ]  No samples found: dragen
[2021-12-17 02:04:39,062] multiqc                                            [DEBUG  ]  No samples found: dedup
[2021-12-17 02:04:39,071] multiqc                                            [DEBUG  ]  No samples found: damageprofiler
[2021-12-17 02:04:39,111] multiqc                                            [DEBUG  ]  No samples found: biobambam2
[2021-12-17 02:04:39,121] multiqc                                            [DEBUG  ]  No samples found: mtnucratio
[2021-12-17 02:04:39,126] multiqc                                            [DEBUG  ]  No samples found: picard
[2021-12-17 02:04:39,135] multiqc                                            [DEBUG  ]  No samples found: prokka
[2021-12-17 02:04:39,144] multiqc                                            [DEBUG  ]  No samples found: samblaster
[2021-12-17 02:04:39,160] multiqc                                            [DEBUG  ]  No samples found: samtools
[2021-12-17 02:04:39,173] multiqc                                            [DEBUG  ]  No samples found: sexdeterrmine
[2021-12-17 02:04:39,183] multiqc                                            [DEBUG  ]  No samples found: bamtools
[2021-12-17 02:04:39,192] multiqc                                            [DEBUG  ]  No samples found: jellyfish
[2021-12-17 02:04:39,207] multiqc                                            [DEBUG  ]  No samples found: vcftools
[2021-12-17 02:04:39,217] multiqc                                            [DEBUG  ]  No samples found: longranger
[2021-12-17 02:04:39,226] multiqc                                            [DEBUG  ]  No samples found: stacks
[2021-12-17 02:04:39,236] multiqc                                            [DEBUG  ]  No samples found: varscan2
[2021-12-17 02:04:39,263] multiqc                                            [DEBUG  ]  No samples found: bbmap
[2021-12-17 02:04:39,272] multiqc                                            [DEBUG  ]  No samples found: bismark
[2021-12-17 02:04:39,282] multiqc                                            [DEBUG  ]  No samples found: biscuit
[2021-12-17 02:04:39,291] multiqc                                            [DEBUG  ]  No samples found: hicexplorer
[2021-12-17 02:04:39,301] multiqc                                            [DEBUG  ]  No samples found: hicup
[2021-12-17 02:04:39,310] multiqc                                            [DEBUG  ]  No samples found: hicpro
[2021-12-17 02:04:39,336] multiqc.modules.salmon.salmon                      [INFO   ]  Found 6 meta reports
[2021-12-17 02:04:39,337] multiqc.modules.salmon.salmon                      [INFO   ]  Found 6 fragment length distributions
[2021-12-17 02:04:39,410] multiqc                                            [DEBUG  ]  No samples found: kallisto
[2021-12-17 02:04:39,419] multiqc                                            [DEBUG  ]  No samples found: slamdunk
[2021-12-17 02:04:39,429] multiqc                                            [DEBUG  ]  No samples found: star
[2021-12-17 02:04:39,438] multiqc                                            [DEBUG  ]  No samples found: hisat2
[2021-12-17 02:04:39,447] multiqc                                            [DEBUG  ]  No samples found: tophat
[2021-12-17 02:04:39,456] multiqc                                            [DEBUG  ]  No samples found: bowtie2
[2021-12-17 02:04:39,466] multiqc                                            [DEBUG  ]  No samples found: bowtie1
[2021-12-17 02:04:39,475] multiqc                                            [DEBUG  ]  No samples found: snpsplit
[2021-12-17 02:04:39,485] multiqc                                            [DEBUG  ]  No samples found: kat
[2021-12-17 02:04:39,494] multiqc                                            [DEBUG  ]  No samples found: leehom
[2021-12-17 02:04:39,503] multiqc                                            [DEBUG  ]  No samples found: adapterRemoval
[2021-12-17 02:04:39,513] multiqc                                            [DEBUG  ]  No samples found: clipandmerge
[2021-12-17 02:04:39,522] multiqc                                            [DEBUG  ]  No samples found: cutadapt
[2021-12-17 02:04:39,531] multiqc                                            [DEBUG  ]  No samples found: flexbar
[2021-12-17 02:04:39,541] multiqc                                            [DEBUG  ]  No samples found: kaiju
[2021-12-17 02:04:39,550] multiqc                                            [DEBUG  ]  No samples found: kraken
[2021-12-17 02:04:39,559] multiqc                                            [DEBUG  ]  No samples found: malt
[2021-12-17 02:04:39,569] multiqc                                            [DEBUG  ]  No samples found: trimmomatic
[2021-12-17 02:04:39,578] multiqc                                            [DEBUG  ]  No samples found: sickle
[2021-12-17 02:04:39,588] multiqc                                            [DEBUG  ]  No samples found: skewer
[2021-12-17 02:04:39,597] multiqc                                            [DEBUG  ]  No samples found: sortmerna
[2021-12-17 02:04:39,606] multiqc                                            [DEBUG  ]  No samples found: biobloomtools
[2021-12-17 02:04:39,615] multiqc                                            [DEBUG  ]  No samples found: fastq_screen
[2021-12-17 02:04:39,625] multiqc                                            [DEBUG  ]  No samples found: afterqc
[2021-12-17 02:04:39,634] multiqc                                            [DEBUG  ]  No samples found: fastp
[2021-12-17 02:04:40,237] multiqc.modules.fastqc.fastqc                      [INFO   ]  Found 12 reports
[2021-12-17 02:04:40,556] multiqc                                            [DEBUG  ]  No samples found: pycoqc
[2021-12-17 02:04:40,565] multiqc                                            [DEBUG  ]  No samples found: minionqc
[2021-12-17 02:04:40,575] multiqc                                            [DEBUG  ]  No samples found: multivcfanalyzer
[2021-12-17 02:04:40,584] multiqc                                            [DEBUG  ]  No samples found: clusterflow
[2021-12-17 02:04:40,594] multiqc                                            [DEBUG  ]  No samples found: bcl2fastq
[2021-12-17 02:04:40,603] multiqc                                            [DEBUG  ]  No samples found: interop
[2021-12-17 02:04:40,612] multiqc                                            [DEBUG  ]  No samples found: ivar
[2021-12-17 02:04:40,621] multiqc                                            [DEBUG  ]  No samples found: flash
[2021-12-17 02:04:40,631] multiqc                                            [DEBUG  ]  No samples found: seqyclean
[2021-12-17 02:04:40,669] multiqc                                            [INFO   ]  Compressing plot data
[2021-12-17 02:04:41,172] multiqc                                            [INFO   ]  Report      : ../data/output_data/rna_qc/multiqc..2021-12-17-01.49.22-PST.html
[2021-12-17 02:04:41,172] multiqc                                            [INFO   ]  Data        : ../data/output_data/rna_qc/multiqc..2021-12-17-01.49.22-PST_data
[2021-12-17 02:04:41,172] multiqc                                            [DEBUG  ]  Moving data file from '/data/tmp/tmp8tds9757/multiqc_data' to '/public/groups/kimlab/exRNA_disease_biomarkers/data/output_data/rna_qc/multiqc..2021-12-17-01.49.22-PST_data'
[2021-12-17 02:04:43,947] multiqc                                            [INFO   ]  MultiQC complete
