[2021-12-17 15:51:50,209] multiqc                                            [DEBUG  ]  No MultiQC config found: /public/groups/kimlab/.install_bin/anaconda3/lib/python3.7/site-packages/multiqc_config.yaml
[2021-12-17 15:51:50,209] multiqc                                            [DEBUG  ]  No MultiQC config found: /public/home/rreggiar/.multiqc_config.yaml
[2021-12-17 15:51:50,209] multiqc                                            [DEBUG  ]  No MultiQC config found: multiqc_config.yaml
[2021-12-17 15:51:50,209] multiqc                                            [DEBUG  ]  Command used: /public/groups/kimlab/.install_bin/anaconda3/bin/multiqc /public/groups/kimlab/exRNA_disease_biomarkers//data/input_data/bioIvt_ctrl --filename multiqc.bioIvt_ctrl.2021-12-17-15.50.00-PST -o /public/groups/kimlab/exRNA_disease_biomarkers//data/output_data/rna_qc/ucsc.rmsk.salmon
[2021-12-17 15:51:50,952] multiqc                                            [WARNING]  MultiQC Version v1.11 now available!
[2021-12-17 15:51:50,953] multiqc                                            [INFO   ]  This is MultiQC v1.9
[2021-12-17 15:51:50,953] multiqc                                            [DEBUG  ]  Command     : /public/groups/kimlab/.install_bin/anaconda3/bin/multiqc /public/groups/kimlab/exRNA_disease_biomarkers//data/input_data/bioIvt_ctrl --filename multiqc.bioIvt_ctrl.2021-12-17-15.50.00-PST -o /public/groups/kimlab/exRNA_disease_biomarkers//data/output_data/rna_qc/ucsc.rmsk.salmon
[2021-12-17 15:51:50,953] multiqc                                            [DEBUG  ]  Working dir : /public/groups/kimlab/exRNA_disease_biomarkers/bin
[2021-12-17 15:51:50,953] multiqc                                            [INFO   ]  Template    : default
[2021-12-17 15:51:50,953] multiqc                                            [DEBUG  ]  Running Python 3.7.6 (default, Jan  8 2020, 19:59:22)  [GCC 7.3.0]
[2021-12-17 15:51:50,953] multiqc                                            [INFO   ]  Searching   : /public/groups/kimlab/exRNA_disease_biomarkers/data/input_data/bioIvt_ctrl
[2021-12-17 15:51:50,954] multiqc                                            [DEBUG  ]  Analysing modules: custom_content, conpair, peddy, somalier, methylQA, mosdepth, phantompeakqualtools, qualimap, preseq, quast, qorts, rna_seqc, rockhopper, rsem, rseqc, busco, goleft_indexcov, disambiguate, supernova, deeptools, sargasso, verifybamid, mirtrace, happy, mirtop, homer, macs2, theta2, snpeff, gatk, htseq, bcftools, featureCounts, fgbio, dragen, dedup, damageprofiler, biobambam2, mtnucratio, picard, prokka, samblaster, samtools, sexdeterrmine, bamtools, jellyfish, vcftools, longranger, stacks, varscan2, bbmap, bismark, biscuit, hicexplorer, hicup, hicpro, salmon, kallisto, slamdunk, star, hisat2, tophat, bowtie2, bowtie1, snpsplit, kat, leehom, adapterRemoval, clipandmerge, cutadapt, flexbar, kaiju, kraken, malt, trimmomatic, sickle, skewer, sortmerna, biobloomtools, fastq_screen, afterqc, fastp, fastqc, pycoqc, minionqc, multivcfanalyzer, clusterflow, bcl2fastq, interop, ivar, flash, seqyclean
[2021-12-17 15:51:50,954] multiqc                                            [DEBUG  ]  Using temporary directory for creating report: /data/tmp/tmpz693bztj
[2021-12-17 15:51:51,405] multiqc                                            [DEBUG  ]  Ignoring file as matched an ignore pattern: BioIVT_ctrl1_0_5_S295_R1_001.fastq.gz
[2021-12-17 15:51:51,406] multiqc                                            [DEBUG  ]  Ignoring file as matched an ignore pattern: BioIVT_ctrl1_0_5_S295_R2_001.fastq.gz
[2021-12-17 15:51:51,406] multiqc                                            [DEBUG  ]  Ignoring file as matched an ignore pattern: ctrl.1.0.5_output_forward_paired.fq.gz
[2021-12-17 15:51:51,406] multiqc                                            [DEBUG  ]  Ignoring file as matched an ignore pattern: ctrl.1.0.5_output_reverse_paired.fq.gz
[2021-12-17 15:51:51,462] multiqc                                            [DEBUG  ]  File ignored by hicexplorer because it exceeded search pattern filesize limit: ctrl.1.0.5_output_forward_paired_fastqc.html
[2021-12-17 15:51:51,474] multiqc                                            [DEBUG  ]  File ignored by longranger/invocation because it exceeded search pattern filesize limit: ctrl.1.0.5_output_forward_paired_fastqc.html
[2021-12-17 15:51:51,474] multiqc                                            [DEBUG  ]  File ignored by rockhopper because it exceeded search pattern filesize limit: ctrl.1.0.5_output_forward_paired_fastqc.html
[2021-12-17 15:51:51,474] multiqc                                            [DEBUG  ]  File ignored by rseqc/bam_stat because it exceeded search pattern filesize limit: ctrl.1.0.5_output_forward_paired_fastqc.html
[2021-12-17 15:51:51,474] multiqc                                            [DEBUG  ]  File ignored by rseqc/junction_annotation because it exceeded search pattern filesize limit: ctrl.1.0.5_output_forward_paired_fastqc.html
[2021-12-17 15:51:51,474] multiqc                                            [DEBUG  ]  File ignored by rseqc/read_distribution because it exceeded search pattern filesize limit: ctrl.1.0.5_output_forward_paired_fastqc.html
[2021-12-17 15:51:51,475] multiqc                                            [DEBUG  ]  File ignored by rseqc/infer_experiment because it exceeded search pattern filesize limit: ctrl.1.0.5_output_forward_paired_fastqc.html
[2021-12-17 15:51:51,665] multiqc                                            [DEBUG  ]  File ignored by hicexplorer because it exceeded search pattern filesize limit: ctrl.1.0.5_output_reverse_paired_fastqc.html
[2021-12-17 15:51:51,676] multiqc                                            [DEBUG  ]  File ignored by longranger/invocation because it exceeded search pattern filesize limit: ctrl.1.0.5_output_reverse_paired_fastqc.html
[2021-12-17 15:51:51,676] multiqc                                            [DEBUG  ]  File ignored by rockhopper because it exceeded search pattern filesize limit: ctrl.1.0.5_output_reverse_paired_fastqc.html
[2021-12-17 15:51:51,676] multiqc                                            [DEBUG  ]  File ignored by rseqc/bam_stat because it exceeded search pattern filesize limit: ctrl.1.0.5_output_reverse_paired_fastqc.html
[2021-12-17 15:51:51,677] multiqc                                            [DEBUG  ]  File ignored by rseqc/junction_annotation because it exceeded search pattern filesize limit: ctrl.1.0.5_output_reverse_paired_fastqc.html
[2021-12-17 15:51:51,677] multiqc                                            [DEBUG  ]  File ignored by rseqc/read_distribution because it exceeded search pattern filesize limit: ctrl.1.0.5_output_reverse_paired_fastqc.html
[2021-12-17 15:51:51,677] multiqc                                            [DEBUG  ]  File ignored by rseqc/infer_experiment because it exceeded search pattern filesize limit: ctrl.1.0.5_output_reverse_paired_fastqc.html
[2021-12-17 15:51:51,965] multiqc                                            [DEBUG  ]  File ignored by hicexplorer because it exceeded search pattern filesize limit: salmon_quant.log
[2021-12-17 15:51:51,976] multiqc                                            [DEBUG  ]  File ignored by longranger/invocation because it exceeded search pattern filesize limit: salmon_quant.log
[2021-12-17 15:51:52,116] multiqc                                            [DEBUG  ]  File ignored by hicexplorer because it exceeded search pattern filesize limit: ambig_info.tsv
[2021-12-17 15:51:52,127] multiqc                                            [DEBUG  ]  File ignored by longranger/invocation because it exceeded search pattern filesize limit: ambig_info.tsv
[2021-12-17 15:51:52,127] multiqc                                            [DEBUG  ]  File ignored by rockhopper because it exceeded search pattern filesize limit: ambig_info.tsv
[2021-12-17 15:51:52,127] multiqc                                            [DEBUG  ]  File ignored by rseqc/bam_stat because it exceeded search pattern filesize limit: ambig_info.tsv
[2021-12-17 15:51:52,127] multiqc                                            [DEBUG  ]  File ignored by rseqc/junction_annotation because it exceeded search pattern filesize limit: ambig_info.tsv
[2021-12-17 15:51:52,127] multiqc                                            [DEBUG  ]  File ignored by rseqc/read_distribution because it exceeded search pattern filesize limit: ambig_info.tsv
[2021-12-17 15:51:52,127] multiqc                                            [DEBUG  ]  File ignored by rseqc/infer_experiment because it exceeded search pattern filesize limit: ambig_info.tsv
[2021-12-17 15:51:57,294] multiqc                                            [DEBUG  ]  File ignored by hicexplorer because it exceeded search pattern filesize limit: salmon_quant.log
[2021-12-17 15:51:57,304] multiqc                                            [DEBUG  ]  File ignored by longranger/invocation because it exceeded search pattern filesize limit: salmon_quant.log
[2021-12-17 15:51:57,434] multiqc                                            [DEBUG  ]  Ignoring file as matched an ignore pattern: BioIVT_ctrl1_1_5_S296_R1_001.fastq.gz
[2021-12-17 15:51:57,434] multiqc                                            [DEBUG  ]  Ignoring file as matched an ignore pattern: BioIVT_ctrl1_1_5_S296_R2_001.fastq.gz
[2021-12-17 15:51:57,435] multiqc                                            [DEBUG  ]  Ignoring file as matched an ignore pattern: ctrl.1.1.5_output_forward_paired.fq.gz
[2021-12-17 15:51:57,435] multiqc                                            [DEBUG  ]  Ignoring file as matched an ignore pattern: ctrl.1.1.5_output_reverse_paired.fq.gz
[2021-12-17 15:51:57,465] multiqc                                            [DEBUG  ]  File ignored by hicexplorer because it exceeded search pattern filesize limit: ctrl.1.1.5_output_forward_paired_fastqc.html
[2021-12-17 15:51:57,477] multiqc                                            [DEBUG  ]  File ignored by longranger/invocation because it exceeded search pattern filesize limit: ctrl.1.1.5_output_forward_paired_fastqc.html
[2021-12-17 15:51:57,477] multiqc                                            [DEBUG  ]  File ignored by rockhopper because it exceeded search pattern filesize limit: ctrl.1.1.5_output_forward_paired_fastqc.html
[2021-12-17 15:51:57,477] multiqc                                            [DEBUG  ]  File ignored by rseqc/bam_stat because it exceeded search pattern filesize limit: ctrl.1.1.5_output_forward_paired_fastqc.html
[2021-12-17 15:51:57,477] multiqc                                            [DEBUG  ]  File ignored by rseqc/junction_annotation because it exceeded search pattern filesize limit: ctrl.1.1.5_output_forward_paired_fastqc.html
[2021-12-17 15:51:57,477] multiqc                                            [DEBUG  ]  File ignored by rseqc/read_distribution because it exceeded search pattern filesize limit: ctrl.1.1.5_output_forward_paired_fastqc.html
[2021-12-17 15:51:57,478] multiqc                                            [DEBUG  ]  File ignored by rseqc/infer_experiment because it exceeded search pattern filesize limit: ctrl.1.1.5_output_forward_paired_fastqc.html
[2021-12-17 15:51:57,658] multiqc                                            [DEBUG  ]  File ignored by hicexplorer because it exceeded search pattern filesize limit: ctrl.1.1.5_output_reverse_paired_fastqc.html
[2021-12-17 15:51:57,669] multiqc                                            [DEBUG  ]  File ignored by longranger/invocation because it exceeded search pattern filesize limit: ctrl.1.1.5_output_reverse_paired_fastqc.html
[2021-12-17 15:51:57,669] multiqc                                            [DEBUG  ]  File ignored by rockhopper because it exceeded search pattern filesize limit: ctrl.1.1.5_output_reverse_paired_fastqc.html
[2021-12-17 15:51:57,669] multiqc                                            [DEBUG  ]  File ignored by rseqc/bam_stat because it exceeded search pattern filesize limit: ctrl.1.1.5_output_reverse_paired_fastqc.html
[2021-12-17 15:51:57,669] multiqc                                            [DEBUG  ]  File ignored by rseqc/junction_annotation because it exceeded search pattern filesize limit: ctrl.1.1.5_output_reverse_paired_fastqc.html
[2021-12-17 15:51:57,669] multiqc                                            [DEBUG  ]  File ignored by rseqc/read_distribution because it exceeded search pattern filesize limit: ctrl.1.1.5_output_reverse_paired_fastqc.html
[2021-12-17 15:51:57,669] multiqc                                            [DEBUG  ]  File ignored by rseqc/infer_experiment because it exceeded search pattern filesize limit: ctrl.1.1.5_output_reverse_paired_fastqc.html
[2021-12-17 15:51:57,968] multiqc                                            [DEBUG  ]  File ignored by hicexplorer because it exceeded search pattern filesize limit: salmon_quant.log
[2021-12-17 15:51:57,978] multiqc                                            [DEBUG  ]  File ignored by longranger/invocation because it exceeded search pattern filesize limit: salmon_quant.log
[2021-12-17 15:51:58,113] multiqc                                            [DEBUG  ]  File ignored by hicexplorer because it exceeded search pattern filesize limit: ambig_info.tsv
[2021-12-17 15:51:58,124] multiqc                                            [DEBUG  ]  File ignored by longranger/invocation because it exceeded search pattern filesize limit: ambig_info.tsv
[2021-12-17 15:51:58,124] multiqc                                            [DEBUG  ]  File ignored by rockhopper because it exceeded search pattern filesize limit: ambig_info.tsv
[2021-12-17 15:51:58,124] multiqc                                            [DEBUG  ]  File ignored by rseqc/bam_stat because it exceeded search pattern filesize limit: ambig_info.tsv
[2021-12-17 15:51:58,124] multiqc                                            [DEBUG  ]  File ignored by rseqc/junction_annotation because it exceeded search pattern filesize limit: ambig_info.tsv
[2021-12-17 15:51:58,124] multiqc                                            [DEBUG  ]  File ignored by rseqc/read_distribution because it exceeded search pattern filesize limit: ambig_info.tsv
[2021-12-17 15:51:58,124] multiqc                                            [DEBUG  ]  File ignored by rseqc/infer_experiment because it exceeded search pattern filesize limit: ambig_info.tsv
[2021-12-17 15:52:03,266] multiqc                                            [DEBUG  ]  File ignored by hicexplorer because it exceeded search pattern filesize limit: salmon_quant.log
[2021-12-17 15:52:03,277] multiqc                                            [DEBUG  ]  File ignored by longranger/invocation because it exceeded search pattern filesize limit: salmon_quant.log
[2021-12-17 15:52:03,401] multiqc                                            [DEBUG  ]  Ignoring file as matched an ignore pattern: BioIVT_ctrl1_2_0_S299_R1_001.fastq.gz
[2021-12-17 15:52:03,402] multiqc                                            [DEBUG  ]  Ignoring file as matched an ignore pattern: BioIVT_ctrl1_2_0_S299_R2_001.fastq.gz
[2021-12-17 15:52:03,402] multiqc                                            [DEBUG  ]  Ignoring file as matched an ignore pattern: ctrl.1.2.0_output_forward_paired.fq.gz
[2021-12-17 15:52:03,403] multiqc                                            [DEBUG  ]  Ignoring file as matched an ignore pattern: ctrl.1.2.0_output_reverse_paired.fq.gz
[2021-12-17 15:52:03,430] multiqc                                            [DEBUG  ]  File ignored by hicexplorer because it exceeded search pattern filesize limit: ctrl.1.2.0_output_reverse_paired_fastqc.html
[2021-12-17 15:52:03,440] multiqc                                            [DEBUG  ]  File ignored by longranger/invocation because it exceeded search pattern filesize limit: ctrl.1.2.0_output_reverse_paired_fastqc.html
[2021-12-17 15:52:03,440] multiqc                                            [DEBUG  ]  File ignored by rockhopper because it exceeded search pattern filesize limit: ctrl.1.2.0_output_reverse_paired_fastqc.html
[2021-12-17 15:52:03,440] multiqc                                            [DEBUG  ]  File ignored by rseqc/bam_stat because it exceeded search pattern filesize limit: ctrl.1.2.0_output_reverse_paired_fastqc.html
[2021-12-17 15:52:03,441] multiqc                                            [DEBUG  ]  File ignored by rseqc/junction_annotation because it exceeded search pattern filesize limit: ctrl.1.2.0_output_reverse_paired_fastqc.html
[2021-12-17 15:52:03,441] multiqc                                            [DEBUG  ]  File ignored by rseqc/read_distribution because it exceeded search pattern filesize limit: ctrl.1.2.0_output_reverse_paired_fastqc.html
[2021-12-17 15:52:03,441] multiqc                                            [DEBUG  ]  File ignored by rseqc/infer_experiment because it exceeded search pattern filesize limit: ctrl.1.2.0_output_reverse_paired_fastqc.html
[2021-12-17 15:52:03,628] multiqc                                            [DEBUG  ]  File ignored by hicexplorer because it exceeded search pattern filesize limit: ctrl.1.2.0_output_forward_paired_fastqc.html
[2021-12-17 15:52:03,639] multiqc                                            [DEBUG  ]  File ignored by longranger/invocation because it exceeded search pattern filesize limit: ctrl.1.2.0_output_forward_paired_fastqc.html
[2021-12-17 15:52:03,639] multiqc                                            [DEBUG  ]  File ignored by rockhopper because it exceeded search pattern filesize limit: ctrl.1.2.0_output_forward_paired_fastqc.html
[2021-12-17 15:52:03,639] multiqc                                            [DEBUG  ]  File ignored by rseqc/bam_stat because it exceeded search pattern filesize limit: ctrl.1.2.0_output_forward_paired_fastqc.html
[2021-12-17 15:52:03,639] multiqc                                            [DEBUG  ]  File ignored by rseqc/junction_annotation because it exceeded search pattern filesize limit: ctrl.1.2.0_output_forward_paired_fastqc.html
[2021-12-17 15:52:03,640] multiqc                                            [DEBUG  ]  File ignored by rseqc/read_distribution because it exceeded search pattern filesize limit: ctrl.1.2.0_output_forward_paired_fastqc.html
[2021-12-17 15:52:03,640] multiqc                                            [DEBUG  ]  File ignored by rseqc/infer_experiment because it exceeded search pattern filesize limit: ctrl.1.2.0_output_forward_paired_fastqc.html
[2021-12-17 15:52:03,923] multiqc                                            [DEBUG  ]  File ignored by hicexplorer because it exceeded search pattern filesize limit: salmon_quant.log
[2021-12-17 15:52:03,934] multiqc                                            [DEBUG  ]  File ignored by longranger/invocation because it exceeded search pattern filesize limit: salmon_quant.log
[2021-12-17 15:52:04,076] multiqc                                            [DEBUG  ]  File ignored by hicexplorer because it exceeded search pattern filesize limit: ambig_info.tsv
[2021-12-17 15:52:04,087] multiqc                                            [DEBUG  ]  File ignored by longranger/invocation because it exceeded search pattern filesize limit: ambig_info.tsv
[2021-12-17 15:52:04,087] multiqc                                            [DEBUG  ]  File ignored by rockhopper because it exceeded search pattern filesize limit: ambig_info.tsv
[2021-12-17 15:52:04,088] multiqc                                            [DEBUG  ]  File ignored by rseqc/bam_stat because it exceeded search pattern filesize limit: ambig_info.tsv
[2021-12-17 15:52:04,088] multiqc                                            [DEBUG  ]  File ignored by rseqc/junction_annotation because it exceeded search pattern filesize limit: ambig_info.tsv
[2021-12-17 15:52:04,088] multiqc                                            [DEBUG  ]  File ignored by rseqc/read_distribution because it exceeded search pattern filesize limit: ambig_info.tsv
[2021-12-17 15:52:04,088] multiqc                                            [DEBUG  ]  File ignored by rseqc/infer_experiment because it exceeded search pattern filesize limit: ambig_info.tsv
[2021-12-17 15:52:09,367] multiqc                                            [DEBUG  ]  File ignored by hicexplorer because it exceeded search pattern filesize limit: salmon_quant.log
[2021-12-17 15:52:09,377] multiqc                                            [DEBUG  ]  File ignored by longranger/invocation because it exceeded search pattern filesize limit: salmon_quant.log
[2021-12-17 15:52:09,501] multiqc                                            [DEBUG  ]  Ignoring file as matched an ignore pattern: BioIVT_ctrl1_3_0_S297_R1_001.fastq.gz
[2021-12-17 15:52:09,501] multiqc                                            [DEBUG  ]  Ignoring file as matched an ignore pattern: BioIVT_ctrl1_3_0_S297_R2_001.fastq.gz
[2021-12-17 15:52:09,501] multiqc                                            [DEBUG  ]  Ignoring file as matched an ignore pattern: ctrl.1.3.0_output_forward_paired.fq.gz
[2021-12-17 15:52:09,502] multiqc                                            [DEBUG  ]  Ignoring file as matched an ignore pattern: ctrl.1.3.0_output_reverse_paired.fq.gz
[2021-12-17 15:52:09,532] multiqc                                            [DEBUG  ]  File ignored by hicexplorer because it exceeded search pattern filesize limit: ctrl.1.3.0_output_reverse_paired_fastqc.html
[2021-12-17 15:52:09,544] multiqc                                            [DEBUG  ]  File ignored by longranger/invocation because it exceeded search pattern filesize limit: ctrl.1.3.0_output_reverse_paired_fastqc.html
[2021-12-17 15:52:09,544] multiqc                                            [DEBUG  ]  File ignored by rockhopper because it exceeded search pattern filesize limit: ctrl.1.3.0_output_reverse_paired_fastqc.html
[2021-12-17 15:52:09,544] multiqc                                            [DEBUG  ]  File ignored by rseqc/bam_stat because it exceeded search pattern filesize limit: ctrl.1.3.0_output_reverse_paired_fastqc.html
[2021-12-17 15:52:09,544] multiqc                                            [DEBUG  ]  File ignored by rseqc/junction_annotation because it exceeded search pattern filesize limit: ctrl.1.3.0_output_reverse_paired_fastqc.html
[2021-12-17 15:52:09,544] multiqc                                            [DEBUG  ]  File ignored by rseqc/read_distribution because it exceeded search pattern filesize limit: ctrl.1.3.0_output_reverse_paired_fastqc.html
[2021-12-17 15:52:09,545] multiqc                                            [DEBUG  ]  File ignored by rseqc/infer_experiment because it exceeded search pattern filesize limit: ctrl.1.3.0_output_reverse_paired_fastqc.html
[2021-12-17 15:52:09,729] multiqc                                            [DEBUG  ]  File ignored by hicexplorer because it exceeded search pattern filesize limit: ctrl.1.3.0_output_forward_paired_fastqc.html
[2021-12-17 15:52:09,740] multiqc                                            [DEBUG  ]  File ignored by longranger/invocation because it exceeded search pattern filesize limit: ctrl.1.3.0_output_forward_paired_fastqc.html
[2021-12-17 15:52:09,740] multiqc                                            [DEBUG  ]  File ignored by rockhopper because it exceeded search pattern filesize limit: ctrl.1.3.0_output_forward_paired_fastqc.html
[2021-12-17 15:52:09,740] multiqc                                            [DEBUG  ]  File ignored by rseqc/bam_stat because it exceeded search pattern filesize limit: ctrl.1.3.0_output_forward_paired_fastqc.html
[2021-12-17 15:52:09,740] multiqc                                            [DEBUG  ]  File ignored by rseqc/junction_annotation because it exceeded search pattern filesize limit: ctrl.1.3.0_output_forward_paired_fastqc.html
[2021-12-17 15:52:09,740] multiqc                                            [DEBUG  ]  File ignored by rseqc/read_distribution because it exceeded search pattern filesize limit: ctrl.1.3.0_output_forward_paired_fastqc.html
[2021-12-17 15:52:09,740] multiqc                                            [DEBUG  ]  File ignored by rseqc/infer_experiment because it exceeded search pattern filesize limit: ctrl.1.3.0_output_forward_paired_fastqc.html
[2021-12-17 15:52:10,031] multiqc                                            [DEBUG  ]  File ignored by hicexplorer because it exceeded search pattern filesize limit: salmon_quant.log
[2021-12-17 15:52:10,040] multiqc                                            [DEBUG  ]  File ignored by longranger/invocation because it exceeded search pattern filesize limit: salmon_quant.log
[2021-12-17 15:52:10,180] multiqc                                            [DEBUG  ]  File ignored by hicexplorer because it exceeded search pattern filesize limit: ambig_info.tsv
[2021-12-17 15:52:10,190] multiqc                                            [DEBUG  ]  File ignored by longranger/invocation because it exceeded search pattern filesize limit: ambig_info.tsv
[2021-12-17 15:52:10,191] multiqc                                            [DEBUG  ]  File ignored by rockhopper because it exceeded search pattern filesize limit: ambig_info.tsv
[2021-12-17 15:52:10,191] multiqc                                            [DEBUG  ]  File ignored by rseqc/bam_stat because it exceeded search pattern filesize limit: ambig_info.tsv
[2021-12-17 15:52:10,191] multiqc                                            [DEBUG  ]  File ignored by rseqc/junction_annotation because it exceeded search pattern filesize limit: ambig_info.tsv
[2021-12-17 15:52:10,191] multiqc                                            [DEBUG  ]  File ignored by rseqc/read_distribution because it exceeded search pattern filesize limit: ambig_info.tsv
[2021-12-17 15:52:10,191] multiqc                                            [DEBUG  ]  File ignored by rseqc/infer_experiment because it exceeded search pattern filesize limit: ambig_info.tsv
[2021-12-17 15:52:15,384] multiqc                                            [DEBUG  ]  File ignored by hicexplorer because it exceeded search pattern filesize limit: salmon_quant.log
[2021-12-17 15:52:15,394] multiqc                                            [DEBUG  ]  File ignored by longranger/invocation because it exceeded search pattern filesize limit: salmon_quant.log
[2021-12-17 15:52:15,517] multiqc                                            [DEBUG  ]  Ignoring file as matched an ignore pattern: BioIVT_ctrl1_5_0_S298_R1_001.fastq.gz
[2021-12-17 15:52:15,518] multiqc                                            [DEBUG  ]  Ignoring file as matched an ignore pattern: BioIVT_ctrl1_5_0_S298_R2_001.fastq.gz
[2021-12-17 15:52:15,518] multiqc                                            [DEBUG  ]  Ignoring file as matched an ignore pattern: ctrl.1.5.0_output_forward_paired.fq.gz
[2021-12-17 15:52:15,519] multiqc                                            [DEBUG  ]  Ignoring file as matched an ignore pattern: ctrl.1.5.0_output_reverse_paired.fq.gz
[2021-12-17 15:52:15,549] multiqc                                            [DEBUG  ]  File ignored by hicexplorer because it exceeded search pattern filesize limit: ctrl.1.5.0_output_forward_paired_fastqc.html
[2021-12-17 15:52:15,560] multiqc                                            [DEBUG  ]  File ignored by longranger/invocation because it exceeded search pattern filesize limit: ctrl.1.5.0_output_forward_paired_fastqc.html
[2021-12-17 15:52:15,560] multiqc                                            [DEBUG  ]  File ignored by rockhopper because it exceeded search pattern filesize limit: ctrl.1.5.0_output_forward_paired_fastqc.html
[2021-12-17 15:52:15,560] multiqc                                            [DEBUG  ]  File ignored by rseqc/bam_stat because it exceeded search pattern filesize limit: ctrl.1.5.0_output_forward_paired_fastqc.html
[2021-12-17 15:52:15,560] multiqc                                            [DEBUG  ]  File ignored by rseqc/junction_annotation because it exceeded search pattern filesize limit: ctrl.1.5.0_output_forward_paired_fastqc.html
[2021-12-17 15:52:15,560] multiqc                                            [DEBUG  ]  File ignored by rseqc/read_distribution because it exceeded search pattern filesize limit: ctrl.1.5.0_output_forward_paired_fastqc.html
[2021-12-17 15:52:15,560] multiqc                                            [DEBUG  ]  File ignored by rseqc/infer_experiment because it exceeded search pattern filesize limit: ctrl.1.5.0_output_forward_paired_fastqc.html
[2021-12-17 15:52:15,768] multiqc                                            [DEBUG  ]  File ignored by hicexplorer because it exceeded search pattern filesize limit: ctrl.1.5.0_output_reverse_paired_fastqc.html
[2021-12-17 15:52:15,778] multiqc                                            [DEBUG  ]  File ignored by longranger/invocation because it exceeded search pattern filesize limit: ctrl.1.5.0_output_reverse_paired_fastqc.html
[2021-12-17 15:52:15,778] multiqc                                            [DEBUG  ]  File ignored by rockhopper because it exceeded search pattern filesize limit: ctrl.1.5.0_output_reverse_paired_fastqc.html
[2021-12-17 15:52:15,778] multiqc                                            [DEBUG  ]  File ignored by rseqc/bam_stat because it exceeded search pattern filesize limit: ctrl.1.5.0_output_reverse_paired_fastqc.html
[2021-12-17 15:52:15,778] multiqc                                            [DEBUG  ]  File ignored by rseqc/junction_annotation because it exceeded search pattern filesize limit: ctrl.1.5.0_output_reverse_paired_fastqc.html
[2021-12-17 15:52:15,779] multiqc                                            [DEBUG  ]  File ignored by rseqc/read_distribution because it exceeded search pattern filesize limit: ctrl.1.5.0_output_reverse_paired_fastqc.html
[2021-12-17 15:52:15,779] multiqc                                            [DEBUG  ]  File ignored by rseqc/infer_experiment because it exceeded search pattern filesize limit: ctrl.1.5.0_output_reverse_paired_fastqc.html
[2021-12-17 15:52:16,087] multiqc                                            [DEBUG  ]  File ignored by hicexplorer because it exceeded search pattern filesize limit: salmon_quant.log
[2021-12-17 15:52:16,098] multiqc                                            [DEBUG  ]  File ignored by longranger/invocation because it exceeded search pattern filesize limit: salmon_quant.log
[2021-12-17 15:52:16,276] multiqc                                            [DEBUG  ]  File ignored by hicexplorer because it exceeded search pattern filesize limit: ambig_info.tsv
[2021-12-17 15:52:16,288] multiqc                                            [DEBUG  ]  File ignored by longranger/invocation because it exceeded search pattern filesize limit: ambig_info.tsv
[2021-12-17 15:52:16,288] multiqc                                            [DEBUG  ]  File ignored by rockhopper because it exceeded search pattern filesize limit: ambig_info.tsv
[2021-12-17 15:52:16,288] multiqc                                            [DEBUG  ]  File ignored by rseqc/bam_stat because it exceeded search pattern filesize limit: ambig_info.tsv
[2021-12-17 15:52:16,288] multiqc                                            [DEBUG  ]  File ignored by rseqc/junction_annotation because it exceeded search pattern filesize limit: ambig_info.tsv
[2021-12-17 15:52:16,289] multiqc                                            [DEBUG  ]  File ignored by rseqc/read_distribution because it exceeded search pattern filesize limit: ambig_info.tsv
[2021-12-17 15:52:16,289] multiqc                                            [DEBUG  ]  File ignored by rseqc/infer_experiment because it exceeded search pattern filesize limit: ambig_info.tsv
[2021-12-17 15:52:21,517] multiqc                                            [DEBUG  ]  File ignored by hicexplorer because it exceeded search pattern filesize limit: salmon_quant.log
[2021-12-17 15:52:21,530] multiqc                                            [DEBUG  ]  File ignored by longranger/invocation because it exceeded search pattern filesize limit: salmon_quant.log
[2021-12-17 15:52:21,645] multiqc                                            [DEBUG  ]  Ignoring file as matched an ignore pattern: BioIVT_ctrl2_3_4_S300_R1_001.fastq.gz
[2021-12-17 15:52:21,645] multiqc                                            [DEBUG  ]  Ignoring file as matched an ignore pattern: BioIVT_ctrl2_3_4_S300_R2_001.fastq.gz
[2021-12-17 15:52:21,646] multiqc                                            [DEBUG  ]  Ignoring file as matched an ignore pattern: ctrl.2.3.4_output_forward_paired.fq.gz
[2021-12-17 15:52:21,646] multiqc                                            [DEBUG  ]  Ignoring file as matched an ignore pattern: ctrl.2.3.4_output_reverse_paired.fq.gz
[2021-12-17 15:52:21,674] multiqc                                            [DEBUG  ]  File ignored by hicexplorer because it exceeded search pattern filesize limit: ctrl.2.3.4_output_forward_paired_fastqc.html
[2021-12-17 15:52:21,685] multiqc                                            [DEBUG  ]  File ignored by longranger/invocation because it exceeded search pattern filesize limit: ctrl.2.3.4_output_forward_paired_fastqc.html
[2021-12-17 15:52:21,685] multiqc                                            [DEBUG  ]  File ignored by rockhopper because it exceeded search pattern filesize limit: ctrl.2.3.4_output_forward_paired_fastqc.html
[2021-12-17 15:52:21,685] multiqc                                            [DEBUG  ]  File ignored by rseqc/bam_stat because it exceeded search pattern filesize limit: ctrl.2.3.4_output_forward_paired_fastqc.html
[2021-12-17 15:52:21,685] multiqc                                            [DEBUG  ]  File ignored by rseqc/junction_annotation because it exceeded search pattern filesize limit: ctrl.2.3.4_output_forward_paired_fastqc.html
[2021-12-17 15:52:21,685] multiqc                                            [DEBUG  ]  File ignored by rseqc/read_distribution because it exceeded search pattern filesize limit: ctrl.2.3.4_output_forward_paired_fastqc.html
[2021-12-17 15:52:21,686] multiqc                                            [DEBUG  ]  File ignored by rseqc/infer_experiment because it exceeded search pattern filesize limit: ctrl.2.3.4_output_forward_paired_fastqc.html
[2021-12-17 15:52:21,871] multiqc                                            [DEBUG  ]  File ignored by hicexplorer because it exceeded search pattern filesize limit: ctrl.2.3.4_output_reverse_paired_fastqc.html
[2021-12-17 15:52:21,882] multiqc                                            [DEBUG  ]  File ignored by longranger/invocation because it exceeded search pattern filesize limit: ctrl.2.3.4_output_reverse_paired_fastqc.html
[2021-12-17 15:52:21,882] multiqc                                            [DEBUG  ]  File ignored by rockhopper because it exceeded search pattern filesize limit: ctrl.2.3.4_output_reverse_paired_fastqc.html
[2021-12-17 15:52:21,882] multiqc                                            [DEBUG  ]  File ignored by rseqc/bam_stat because it exceeded search pattern filesize limit: ctrl.2.3.4_output_reverse_paired_fastqc.html
[2021-12-17 15:52:21,882] multiqc                                            [DEBUG  ]  File ignored by rseqc/junction_annotation because it exceeded search pattern filesize limit: ctrl.2.3.4_output_reverse_paired_fastqc.html
[2021-12-17 15:52:21,882] multiqc                                            [DEBUG  ]  File ignored by rseqc/read_distribution because it exceeded search pattern filesize limit: ctrl.2.3.4_output_reverse_paired_fastqc.html
[2021-12-17 15:52:21,883] multiqc                                            [DEBUG  ]  File ignored by rseqc/infer_experiment because it exceeded search pattern filesize limit: ctrl.2.3.4_output_reverse_paired_fastqc.html
[2021-12-17 15:52:22,168] multiqc                                            [DEBUG  ]  File ignored by hicexplorer because it exceeded search pattern filesize limit: salmon_quant.log
[2021-12-17 15:52:22,179] multiqc                                            [DEBUG  ]  File ignored by longranger/invocation because it exceeded search pattern filesize limit: salmon_quant.log
[2021-12-17 15:52:22,308] multiqc                                            [DEBUG  ]  File ignored by hicexplorer because it exceeded search pattern filesize limit: ambig_info.tsv
[2021-12-17 15:52:22,318] multiqc                                            [DEBUG  ]  File ignored by longranger/invocation because it exceeded search pattern filesize limit: ambig_info.tsv
[2021-12-17 15:52:22,318] multiqc                                            [DEBUG  ]  File ignored by rockhopper because it exceeded search pattern filesize limit: ambig_info.tsv
[2021-12-17 15:52:22,318] multiqc                                            [DEBUG  ]  File ignored by rseqc/bam_stat because it exceeded search pattern filesize limit: ambig_info.tsv
[2021-12-17 15:52:22,318] multiqc                                            [DEBUG  ]  File ignored by rseqc/junction_annotation because it exceeded search pattern filesize limit: ambig_info.tsv
[2021-12-17 15:52:22,318] multiqc                                            [DEBUG  ]  File ignored by rseqc/read_distribution because it exceeded search pattern filesize limit: ambig_info.tsv
[2021-12-17 15:52:22,318] multiqc                                            [DEBUG  ]  File ignored by rseqc/infer_experiment because it exceeded search pattern filesize limit: ambig_info.tsv
[2021-12-17 15:52:22,432] multiqc                                            [DEBUG  ]  File ignored by stacks/sumstats because it exceeded search pattern filesize limit: ambig_info.tsv
[2021-12-17 15:52:27,363] multiqc                                            [DEBUG  ]  File ignored by hicexplorer because it exceeded search pattern filesize limit: salmon_quant.log
[2021-12-17 15:52:27,373] multiqc                                            [DEBUG  ]  File ignored by longranger/invocation because it exceeded search pattern filesize limit: salmon_quant.log
[2021-12-17 15:52:27,493] multiqc                                            [DEBUG  ]  Ignoring file as matched an ignore pattern: BioIVT_ctrl3_2-5_S87_R1_001.fastq.gz
[2021-12-17 15:52:27,493] multiqc                                            [DEBUG  ]  Ignoring file as matched an ignore pattern: BioIVT_ctrl3_2-5_S87_R2_001.fastq.gz
[2021-12-17 15:52:27,494] multiqc                                            [DEBUG  ]  Ignoring file as matched an ignore pattern: ctrl.3.2.5_output_forward_paired.fq.gz
[2021-12-17 15:52:27,494] multiqc                                            [DEBUG  ]  Ignoring file as matched an ignore pattern: ctrl.3.2.5_output_reverse_paired.fq.gz
[2021-12-17 15:52:27,525] multiqc                                            [DEBUG  ]  File ignored by hicexplorer because it exceeded search pattern filesize limit: ctrl.3.2.5_output_forward_paired_fastqc.html
[2021-12-17 15:52:27,536] multiqc                                            [DEBUG  ]  File ignored by longranger/invocation because it exceeded search pattern filesize limit: ctrl.3.2.5_output_forward_paired_fastqc.html
[2021-12-17 15:52:27,536] multiqc                                            [DEBUG  ]  File ignored by rockhopper because it exceeded search pattern filesize limit: ctrl.3.2.5_output_forward_paired_fastqc.html
[2021-12-17 15:52:27,537] multiqc                                            [DEBUG  ]  File ignored by rseqc/bam_stat because it exceeded search pattern filesize limit: ctrl.3.2.5_output_forward_paired_fastqc.html
[2021-12-17 15:52:27,537] multiqc                                            [DEBUG  ]  File ignored by rseqc/junction_annotation because it exceeded search pattern filesize limit: ctrl.3.2.5_output_forward_paired_fastqc.html
[2021-12-17 15:52:27,537] multiqc                                            [DEBUG  ]  File ignored by rseqc/read_distribution because it exceeded search pattern filesize limit: ctrl.3.2.5_output_forward_paired_fastqc.html
[2021-12-17 15:52:27,537] multiqc                                            [DEBUG  ]  File ignored by rseqc/infer_experiment because it exceeded search pattern filesize limit: ctrl.3.2.5_output_forward_paired_fastqc.html
[2021-12-17 15:52:27,744] multiqc                                            [DEBUG  ]  File ignored by hicexplorer because it exceeded search pattern filesize limit: ctrl.3.2.5_output_reverse_paired_fastqc.html
[2021-12-17 15:52:27,754] multiqc                                            [DEBUG  ]  File ignored by longranger/invocation because it exceeded search pattern filesize limit: ctrl.3.2.5_output_reverse_paired_fastqc.html
[2021-12-17 15:52:27,755] multiqc                                            [DEBUG  ]  File ignored by rockhopper because it exceeded search pattern filesize limit: ctrl.3.2.5_output_reverse_paired_fastqc.html
[2021-12-17 15:52:27,755] multiqc                                            [DEBUG  ]  File ignored by rseqc/bam_stat because it exceeded search pattern filesize limit: ctrl.3.2.5_output_reverse_paired_fastqc.html
[2021-12-17 15:52:27,755] multiqc                                            [DEBUG  ]  File ignored by rseqc/junction_annotation because it exceeded search pattern filesize limit: ctrl.3.2.5_output_reverse_paired_fastqc.html
[2021-12-17 15:52:27,755] multiqc                                            [DEBUG  ]  File ignored by rseqc/read_distribution because it exceeded search pattern filesize limit: ctrl.3.2.5_output_reverse_paired_fastqc.html
[2021-12-17 15:52:27,755] multiqc                                            [DEBUG  ]  File ignored by rseqc/infer_experiment because it exceeded search pattern filesize limit: ctrl.3.2.5_output_reverse_paired_fastqc.html
[2021-12-17 15:52:28,060] multiqc                                            [DEBUG  ]  File ignored by hicexplorer because it exceeded search pattern filesize limit: salmon_quant.log
[2021-12-17 15:52:28,070] multiqc                                            [DEBUG  ]  File ignored by longranger/invocation because it exceeded search pattern filesize limit: salmon_quant.log
[2021-12-17 15:52:28,206] multiqc                                            [DEBUG  ]  File ignored by hicexplorer because it exceeded search pattern filesize limit: ambig_info.tsv
[2021-12-17 15:52:28,217] multiqc                                            [DEBUG  ]  File ignored by longranger/invocation because it exceeded search pattern filesize limit: ambig_info.tsv
[2021-12-17 15:52:28,218] multiqc                                            [DEBUG  ]  File ignored by rockhopper because it exceeded search pattern filesize limit: ambig_info.tsv
[2021-12-17 15:52:28,218] multiqc                                            [DEBUG  ]  File ignored by rseqc/bam_stat because it exceeded search pattern filesize limit: ambig_info.tsv
[2021-12-17 15:52:28,218] multiqc                                            [DEBUG  ]  File ignored by rseqc/junction_annotation because it exceeded search pattern filesize limit: ambig_info.tsv
[2021-12-17 15:52:28,218] multiqc                                            [DEBUG  ]  File ignored by rseqc/read_distribution because it exceeded search pattern filesize limit: ambig_info.tsv
[2021-12-17 15:52:28,218] multiqc                                            [DEBUG  ]  File ignored by rseqc/infer_experiment because it exceeded search pattern filesize limit: ambig_info.tsv
[2021-12-17 15:52:28,331] multiqc                                            [DEBUG  ]  File ignored by stacks/sumstats because it exceeded search pattern filesize limit: ambig_info.tsv
[2021-12-17 15:52:33,314] multiqc                                            [DEBUG  ]  File ignored by hicexplorer because it exceeded search pattern filesize limit: salmon_quant.log
[2021-12-17 15:52:33,325] multiqc                                            [DEBUG  ]  File ignored by longranger/invocation because it exceeded search pattern filesize limit: salmon_quant.log
[2021-12-17 15:52:34,142] multiqc.plots.bargraph                             [DEBUG  ]  Using matplotlib version 3.1.3
[2021-12-17 15:52:34,144] multiqc.plots.linegraph                            [DEBUG  ]  Using matplotlib version 3.1.3
[2021-12-17 15:52:34,147] multiqc                                            [DEBUG  ]  No samples found: custom_content
[2021-12-17 15:52:34,156] multiqc                                            [DEBUG  ]  No samples found: conpair
[2021-12-17 15:52:34,165] multiqc                                            [DEBUG  ]  No samples found: peddy
[2021-12-17 15:52:34,174] multiqc                                            [DEBUG  ]  No samples found: somalier
[2021-12-17 15:52:34,183] multiqc                                            [DEBUG  ]  No samples found: methylQA
[2021-12-17 15:52:34,196] multiqc                                            [DEBUG  ]  No samples found: mosdepth
[2021-12-17 15:52:34,205] multiqc                                            [DEBUG  ]  No samples found: phantompeakqualtools
[2021-12-17 15:52:34,211] multiqc                                            [DEBUG  ]  No samples found: qualimap
[2021-12-17 15:52:34,220] multiqc                                            [DEBUG  ]  No samples found: preseq
[2021-12-17 15:52:34,229] multiqc                                            [DEBUG  ]  No samples found: quast
[2021-12-17 15:52:34,237] multiqc                                            [DEBUG  ]  No samples found: qorts
[2021-12-17 15:52:34,246] multiqc                                            [DEBUG  ]  No samples found: rna_seqc
[2021-12-17 15:52:34,254] multiqc                                            [DEBUG  ]  No samples found: rockhopper
[2021-12-17 15:52:34,262] multiqc                                            [DEBUG  ]  No samples found: rsem
[2021-12-17 15:52:34,280] multiqc                                            [DEBUG  ]  No samples found: rseqc
[2021-12-17 15:52:34,288] multiqc                                            [DEBUG  ]  No samples found: busco
[2021-12-17 15:52:34,296] multiqc                                            [DEBUG  ]  No samples found: goleft_indexcov
[2021-12-17 15:52:34,305] multiqc                                            [DEBUG  ]  No samples found: disambiguate
[2021-12-17 15:52:34,313] multiqc                                            [DEBUG  ]  No samples found: supernova
[2021-12-17 15:52:34,331] multiqc                                            [DEBUG  ]  No samples found: deeptools
[2021-12-17 15:52:34,340] multiqc                                            [DEBUG  ]  No samples found: sargasso
[2021-12-17 15:52:34,348] multiqc                                            [DEBUG  ]  No samples found: verifybamid
[2021-12-17 15:52:34,357] multiqc                                            [DEBUG  ]  No samples found: mirtrace
[2021-12-17 15:52:34,366] multiqc                                            [DEBUG  ]  No samples found: happy
[2021-12-17 15:52:34,374] multiqc                                            [DEBUG  ]  No samples found: mirtop
[2021-12-17 15:52:34,385] multiqc                                            [DEBUG  ]  No samples found: homer
[2021-12-17 15:52:34,395] multiqc                                            [DEBUG  ]  No samples found: macs2
[2021-12-17 15:52:34,403] multiqc                                            [DEBUG  ]  No samples found: theta2
[2021-12-17 15:52:34,412] multiqc                                            [DEBUG  ]  No samples found: snpeff
[2021-12-17 15:52:34,424] multiqc                                            [DEBUG  ]  No samples found: gatk
[2021-12-17 15:52:34,432] multiqc                                            [DEBUG  ]  No samples found: htseq
[2021-12-17 15:52:34,442] multiqc                                            [DEBUG  ]  No samples found: bcftools
[2021-12-17 15:52:34,451] multiqc                                            [DEBUG  ]  No samples found: featureCounts
[2021-12-17 15:52:34,461] multiqc                                            [DEBUG  ]  No samples found: fgbio
[2021-12-17 15:52:34,481] multiqc                                            [DEBUG  ]  No samples found: dragen
[2021-12-17 15:52:34,490] multiqc                                            [DEBUG  ]  No samples found: dedup
[2021-12-17 15:52:34,499] multiqc                                            [DEBUG  ]  No samples found: damageprofiler
[2021-12-17 15:52:34,532] multiqc                                            [DEBUG  ]  No samples found: biobambam2
[2021-12-17 15:52:34,540] multiqc                                            [DEBUG  ]  No samples found: mtnucratio
[2021-12-17 15:52:34,546] multiqc                                            [DEBUG  ]  No samples found: picard
[2021-12-17 15:52:34,555] multiqc                                            [DEBUG  ]  No samples found: prokka
[2021-12-17 15:52:34,563] multiqc                                            [DEBUG  ]  No samples found: samblaster
[2021-12-17 15:52:34,577] multiqc                                            [DEBUG  ]  No samples found: samtools
[2021-12-17 15:52:34,586] multiqc                                            [DEBUG  ]  No samples found: sexdeterrmine
[2021-12-17 15:52:34,596] multiqc                                            [DEBUG  ]  No samples found: bamtools
[2021-12-17 15:52:34,604] multiqc                                            [DEBUG  ]  No samples found: jellyfish
[2021-12-17 15:52:34,616] multiqc                                            [DEBUG  ]  No samples found: vcftools
[2021-12-17 15:52:34,625] multiqc                                            [DEBUG  ]  No samples found: longranger
[2021-12-17 15:52:34,633] multiqc                                            [DEBUG  ]  No samples found: stacks
[2021-12-17 15:52:34,641] multiqc                                            [DEBUG  ]  No samples found: varscan2
[2021-12-17 15:52:34,662] multiqc                                            [DEBUG  ]  No samples found: bbmap
[2021-12-17 15:52:34,671] multiqc                                            [DEBUG  ]  No samples found: bismark
[2021-12-17 15:52:34,679] multiqc                                            [DEBUG  ]  No samples found: biscuit
[2021-12-17 15:52:34,688] multiqc                                            [DEBUG  ]  No samples found: hicexplorer
[2021-12-17 15:52:34,696] multiqc                                            [DEBUG  ]  No samples found: hicup
[2021-12-17 15:52:34,704] multiqc                                            [DEBUG  ]  No samples found: hicpro
[2021-12-17 15:52:34,746] multiqc.modules.salmon.salmon                      [INFO   ]  Found 14 meta reports
[2021-12-17 15:52:34,748] multiqc.modules.salmon.salmon                      [INFO   ]  Found 14 fragment length distributions
[2021-12-17 15:52:34,904] multiqc                                            [DEBUG  ]  No samples found: kallisto
[2021-12-17 15:52:34,913] multiqc                                            [DEBUG  ]  No samples found: slamdunk
[2021-12-17 15:52:34,922] multiqc                                            [DEBUG  ]  No samples found: star
[2021-12-17 15:52:34,931] multiqc                                            [DEBUG  ]  No samples found: hisat2
[2021-12-17 15:52:34,939] multiqc                                            [DEBUG  ]  No samples found: tophat
[2021-12-17 15:52:34,948] multiqc                                            [DEBUG  ]  No samples found: bowtie2
[2021-12-17 15:52:34,957] multiqc                                            [DEBUG  ]  No samples found: bowtie1
[2021-12-17 15:52:34,965] multiqc                                            [DEBUG  ]  No samples found: snpsplit
[2021-12-17 15:52:34,972] multiqc                                            [DEBUG  ]  No samples found: kat
[2021-12-17 15:52:34,982] multiqc                                            [DEBUG  ]  No samples found: leehom
[2021-12-17 15:52:34,990] multiqc                                            [DEBUG  ]  No samples found: adapterRemoval
[2021-12-17 15:52:34,998] multiqc                                            [DEBUG  ]  No samples found: clipandmerge
[2021-12-17 15:52:35,006] multiqc                                            [DEBUG  ]  No samples found: cutadapt
[2021-12-17 15:52:35,015] multiqc                                            [DEBUG  ]  No samples found: flexbar
[2021-12-17 15:52:35,023] multiqc                                            [DEBUG  ]  No samples found: kaiju
[2021-12-17 15:52:35,031] multiqc                                            [DEBUG  ]  No samples found: kraken
[2021-12-17 15:52:35,039] multiqc                                            [DEBUG  ]  No samples found: malt
[2021-12-17 15:52:35,047] multiqc                                            [DEBUG  ]  No samples found: trimmomatic
[2021-12-17 15:52:35,055] multiqc                                            [DEBUG  ]  No samples found: sickle
[2021-12-17 15:52:35,063] multiqc                                            [DEBUG  ]  No samples found: skewer
[2021-12-17 15:52:35,072] multiqc                                            [DEBUG  ]  No samples found: sortmerna
[2021-12-17 15:52:35,080] multiqc                                            [DEBUG  ]  No samples found: biobloomtools
[2021-12-17 15:52:35,089] multiqc                                            [DEBUG  ]  No samples found: fastq_screen
[2021-12-17 15:52:35,098] multiqc                                            [DEBUG  ]  No samples found: afterqc
[2021-12-17 15:52:35,106] multiqc                                            [DEBUG  ]  No samples found: fastp
[2021-12-17 15:52:36,020] multiqc.modules.fastqc.fastqc                      [INFO   ]  Found 14 reports
[2021-12-17 15:52:36,294] multiqc                                            [DEBUG  ]  No samples found: pycoqc
[2021-12-17 15:52:36,303] multiqc                                            [DEBUG  ]  No samples found: minionqc
[2021-12-17 15:52:36,312] multiqc                                            [DEBUG  ]  No samples found: multivcfanalyzer
[2021-12-17 15:52:36,321] multiqc                                            [DEBUG  ]  No samples found: clusterflow
[2021-12-17 15:52:36,330] multiqc                                            [DEBUG  ]  No samples found: bcl2fastq
[2021-12-17 15:52:36,339] multiqc                                            [DEBUG  ]  No samples found: interop
[2021-12-17 15:52:36,347] multiqc                                            [DEBUG  ]  No samples found: ivar
[2021-12-17 15:52:36,356] multiqc                                            [DEBUG  ]  No samples found: flash
[2021-12-17 15:52:36,365] multiqc                                            [DEBUG  ]  No samples found: seqyclean
[2021-12-17 15:52:36,416] multiqc                                            [INFO   ]  Compressing plot data
[2021-12-17 15:52:37,202] multiqc                                            [INFO   ]  Report      : ../data/output_data/rna_qc/ucsc.rmsk.salmon/multiqc.bioIvt_ctrl.2021-12-17-15.50.00-PST.html
[2021-12-17 15:52:37,203] multiqc                                            [INFO   ]  Data        : ../data/output_data/rna_qc/ucsc.rmsk.salmon/multiqc.bioIvt_ctrl.2021-12-17-15.50.00-PST_data
[2021-12-17 15:52:37,203] multiqc                                            [DEBUG  ]  Moving data file from '/data/tmp/tmpz693bztj/multiqc_data' to '/public/groups/kimlab/exRNA_disease_biomarkers//data/output_data/rna_qc/ucsc.rmsk.salmon/multiqc.bioIvt_ctrl.2021-12-17-15.50.00-PST_data'
[2021-12-17 15:52:37,539] multiqc                                            [INFO   ]  MultiQC complete
