[2021-12-16 23:04:01,368] multiqc                                            [DEBUG  ]  No MultiQC config found: /public/groups/kimlab/.install_bin/anaconda3/lib/python3.7/site-packages/multiqc_config.yaml
[2021-12-16 23:04:01,368] multiqc                                            [DEBUG  ]  No MultiQC config found: /public/home/rreggiar/.multiqc_config.yaml
[2021-12-16 23:04:01,368] multiqc                                            [DEBUG  ]  No MultiQC config found: multiqc_config.yaml
[2021-12-16 23:04:01,368] multiqc                                            [DEBUG  ]  Command used: /public/groups/kimlab/.install_bin/anaconda3/bin/multiqc /public/groups/kimlab/exRNA_disease_biomarkers/data/input_data/bioIvt_ctrl/ --filename multiqc..2021-12-16-23.02.18-PST -o /public/groups/kimlab/exRNA_disease_biomarkers/data/output_data/rna_qc
[2021-12-16 23:04:02,197] multiqc                                            [WARNING]  MultiQC Version v1.11 now available!
[2021-12-16 23:04:02,201] multiqc                                            [INFO   ]  This is MultiQC v1.9
[2021-12-16 23:04:02,202] multiqc                                            [DEBUG  ]  Command     : /public/groups/kimlab/.install_bin/anaconda3/bin/multiqc /public/groups/kimlab/exRNA_disease_biomarkers/data/input_data/bioIvt_ctrl/ --filename multiqc..2021-12-16-23.02.18-PST -o /public/groups/kimlab/exRNA_disease_biomarkers/data/output_data/rna_qc
[2021-12-16 23:04:02,202] multiqc                                            [DEBUG  ]  Working dir : /public/groups/kimlab/exRNA_disease_biomarkers/bin
[2021-12-16 23:04:02,203] multiqc                                            [INFO   ]  Template    : default
[2021-12-16 23:04:02,203] multiqc                                            [DEBUG  ]  Running Python 3.7.6 (default, Jan  8 2020, 19:59:22)  [GCC 7.3.0]
[2021-12-16 23:04:02,204] multiqc                                            [INFO   ]  Searching   : /public/groups/kimlab/exRNA_disease_biomarkers/data/input_data/bioIvt_ctrl
[2021-12-16 23:04:02,208] multiqc                                            [DEBUG  ]  Analysing modules: custom_content, conpair, peddy, somalier, methylQA, mosdepth, phantompeakqualtools, qualimap, preseq, quast, qorts, rna_seqc, rockhopper, rsem, rseqc, busco, goleft_indexcov, disambiguate, supernova, deeptools, sargasso, verifybamid, mirtrace, happy, mirtop, homer, macs2, theta2, snpeff, gatk, htseq, bcftools, featureCounts, fgbio, dragen, dedup, damageprofiler, biobambam2, mtnucratio, picard, prokka, samblaster, samtools, sexdeterrmine, bamtools, jellyfish, vcftools, longranger, stacks, varscan2, bbmap, bismark, biscuit, hicexplorer, hicup, hicpro, salmon, kallisto, slamdunk, star, hisat2, tophat, bowtie2, bowtie1, snpsplit, kat, leehom, adapterRemoval, clipandmerge, cutadapt, flexbar, kaiju, kraken, malt, trimmomatic, sickle, skewer, sortmerna, biobloomtools, fastq_screen, afterqc, fastp, fastqc, pycoqc, minionqc, multivcfanalyzer, clusterflow, bcl2fastq, interop, ivar, flash, seqyclean
[2021-12-16 23:04:02,210] multiqc                                            [DEBUG  ]  Using temporary directory for creating report: /data/tmp/tmp06zy3mgt
[2021-12-16 23:04:02,521] multiqc                                            [DEBUG  ]  Ignoring file as matched an ignore pattern: BioIVT_ctrl1_0_5_S295_R1_001.fastq.gz
[2021-12-16 23:04:02,521] multiqc                                            [DEBUG  ]  Ignoring file as matched an ignore pattern: BioIVT_ctrl1_0_5_S295_R2_001.fastq.gz
[2021-12-16 23:04:02,522] multiqc                                            [DEBUG  ]  Ignoring file as matched an ignore pattern: ctrl.1.0.5_output_forward_paired.fq.gz
[2021-12-16 23:04:02,522] multiqc                                            [DEBUG  ]  Ignoring file as matched an ignore pattern: ctrl.1.0.5_output_reverse_paired.fq.gz
[2021-12-16 23:04:02,589] multiqc                                            [DEBUG  ]  File ignored by hicexplorer because it exceeded search pattern filesize limit: ctrl.1.0.5_output_forward_paired_fastqc.html
[2021-12-16 23:04:02,605] multiqc                                            [DEBUG  ]  File ignored by longranger/invocation because it exceeded search pattern filesize limit: ctrl.1.0.5_output_forward_paired_fastqc.html
[2021-12-16 23:04:02,606] multiqc                                            [DEBUG  ]  File ignored by rockhopper because it exceeded search pattern filesize limit: ctrl.1.0.5_output_forward_paired_fastqc.html
[2021-12-16 23:04:02,606] multiqc                                            [DEBUG  ]  File ignored by rseqc/bam_stat because it exceeded search pattern filesize limit: ctrl.1.0.5_output_forward_paired_fastqc.html
[2021-12-16 23:04:02,606] multiqc                                            [DEBUG  ]  File ignored by rseqc/junction_annotation because it exceeded search pattern filesize limit: ctrl.1.0.5_output_forward_paired_fastqc.html
[2021-12-16 23:04:02,606] multiqc                                            [DEBUG  ]  File ignored by rseqc/read_distribution because it exceeded search pattern filesize limit: ctrl.1.0.5_output_forward_paired_fastqc.html
[2021-12-16 23:04:02,606] multiqc                                            [DEBUG  ]  File ignored by rseqc/infer_experiment because it exceeded search pattern filesize limit: ctrl.1.0.5_output_forward_paired_fastqc.html
[2021-12-16 23:04:02,768] multiqc                                            [DEBUG  ]  File ignored by hicexplorer because it exceeded search pattern filesize limit: ctrl.1.0.5_output_reverse_paired_fastqc.html
[2021-12-16 23:04:02,782] multiqc                                            [DEBUG  ]  File ignored by longranger/invocation because it exceeded search pattern filesize limit: ctrl.1.0.5_output_reverse_paired_fastqc.html
[2021-12-16 23:04:02,782] multiqc                                            [DEBUG  ]  File ignored by rockhopper because it exceeded search pattern filesize limit: ctrl.1.0.5_output_reverse_paired_fastqc.html
[2021-12-16 23:04:02,782] multiqc                                            [DEBUG  ]  File ignored by rseqc/bam_stat because it exceeded search pattern filesize limit: ctrl.1.0.5_output_reverse_paired_fastqc.html
[2021-12-16 23:04:02,782] multiqc                                            [DEBUG  ]  File ignored by rseqc/junction_annotation because it exceeded search pattern filesize limit: ctrl.1.0.5_output_reverse_paired_fastqc.html
[2021-12-16 23:04:02,782] multiqc                                            [DEBUG  ]  File ignored by rseqc/read_distribution because it exceeded search pattern filesize limit: ctrl.1.0.5_output_reverse_paired_fastqc.html
[2021-12-16 23:04:02,782] multiqc                                            [DEBUG  ]  File ignored by rseqc/infer_experiment because it exceeded search pattern filesize limit: ctrl.1.0.5_output_reverse_paired_fastqc.html
[2021-12-16 23:04:03,078] multiqc                                            [DEBUG  ]  File ignored by hicexplorer because it exceeded search pattern filesize limit: salmon_quant.log
[2021-12-16 23:04:03,091] multiqc                                            [DEBUG  ]  File ignored by longranger/invocation because it exceeded search pattern filesize limit: salmon_quant.log
[2021-12-16 23:04:03,260] multiqc                                            [DEBUG  ]  File ignored by hicexplorer because it exceeded search pattern filesize limit: ambig_info.tsv
[2021-12-16 23:04:03,274] multiqc                                            [DEBUG  ]  File ignored by longranger/invocation because it exceeded search pattern filesize limit: ambig_info.tsv
[2021-12-16 23:04:03,274] multiqc                                            [DEBUG  ]  File ignored by rockhopper because it exceeded search pattern filesize limit: ambig_info.tsv
[2021-12-16 23:04:03,274] multiqc                                            [DEBUG  ]  File ignored by rseqc/bam_stat because it exceeded search pattern filesize limit: ambig_info.tsv
[2021-12-16 23:04:03,274] multiqc                                            [DEBUG  ]  File ignored by rseqc/junction_annotation because it exceeded search pattern filesize limit: ambig_info.tsv
[2021-12-16 23:04:03,274] multiqc                                            [DEBUG  ]  File ignored by rseqc/read_distribution because it exceeded search pattern filesize limit: ambig_info.tsv
[2021-12-16 23:04:03,275] multiqc                                            [DEBUG  ]  File ignored by rseqc/infer_experiment because it exceeded search pattern filesize limit: ambig_info.tsv
[2021-12-16 23:04:08,617] multiqc                                            [DEBUG  ]  Ignoring file as matched an ignore pattern: BioIVT_ctrl1_1_5_S296_R1_001.fastq.gz
[2021-12-16 23:04:08,618] multiqc                                            [DEBUG  ]  Ignoring file as matched an ignore pattern: BioIVT_ctrl1_1_5_S296_R2_001.fastq.gz
[2021-12-16 23:04:08,618] multiqc                                            [DEBUG  ]  Ignoring file as matched an ignore pattern: ctrl.1.1.5_output_forward_paired.fq.gz
[2021-12-16 23:04:08,618] multiqc                                            [DEBUG  ]  Ignoring file as matched an ignore pattern: ctrl.1.1.5_output_reverse_paired.fq.gz
[2021-12-16 23:04:08,653] multiqc                                            [DEBUG  ]  File ignored by hicexplorer because it exceeded search pattern filesize limit: ctrl.1.1.5_output_forward_paired_fastqc.html
[2021-12-16 23:04:08,666] multiqc                                            [DEBUG  ]  File ignored by longranger/invocation because it exceeded search pattern filesize limit: ctrl.1.1.5_output_forward_paired_fastqc.html
[2021-12-16 23:04:08,666] multiqc                                            [DEBUG  ]  File ignored by rockhopper because it exceeded search pattern filesize limit: ctrl.1.1.5_output_forward_paired_fastqc.html
[2021-12-16 23:04:08,667] multiqc                                            [DEBUG  ]  File ignored by rseqc/bam_stat because it exceeded search pattern filesize limit: ctrl.1.1.5_output_forward_paired_fastqc.html
[2021-12-16 23:04:08,667] multiqc                                            [DEBUG  ]  File ignored by rseqc/junction_annotation because it exceeded search pattern filesize limit: ctrl.1.1.5_output_forward_paired_fastqc.html
[2021-12-16 23:04:08,667] multiqc                                            [DEBUG  ]  File ignored by rseqc/read_distribution because it exceeded search pattern filesize limit: ctrl.1.1.5_output_forward_paired_fastqc.html
[2021-12-16 23:04:08,667] multiqc                                            [DEBUG  ]  File ignored by rseqc/infer_experiment because it exceeded search pattern filesize limit: ctrl.1.1.5_output_forward_paired_fastqc.html
[2021-12-16 23:04:08,822] multiqc                                            [DEBUG  ]  File ignored by hicexplorer because it exceeded search pattern filesize limit: ctrl.1.1.5_output_reverse_paired_fastqc.html
[2021-12-16 23:04:08,835] multiqc                                            [DEBUG  ]  File ignored by longranger/invocation because it exceeded search pattern filesize limit: ctrl.1.1.5_output_reverse_paired_fastqc.html
[2021-12-16 23:04:08,835] multiqc                                            [DEBUG  ]  File ignored by rockhopper because it exceeded search pattern filesize limit: ctrl.1.1.5_output_reverse_paired_fastqc.html
[2021-12-16 23:04:08,836] multiqc                                            [DEBUG  ]  File ignored by rseqc/bam_stat because it exceeded search pattern filesize limit: ctrl.1.1.5_output_reverse_paired_fastqc.html
[2021-12-16 23:04:08,836] multiqc                                            [DEBUG  ]  File ignored by rseqc/junction_annotation because it exceeded search pattern filesize limit: ctrl.1.1.5_output_reverse_paired_fastqc.html
[2021-12-16 23:04:08,836] multiqc                                            [DEBUG  ]  File ignored by rseqc/read_distribution because it exceeded search pattern filesize limit: ctrl.1.1.5_output_reverse_paired_fastqc.html
[2021-12-16 23:04:08,836] multiqc                                            [DEBUG  ]  File ignored by rseqc/infer_experiment because it exceeded search pattern filesize limit: ctrl.1.1.5_output_reverse_paired_fastqc.html
[2021-12-16 23:04:09,118] multiqc                                            [DEBUG  ]  File ignored by hicexplorer because it exceeded search pattern filesize limit: salmon_quant.log
[2021-12-16 23:04:09,129] multiqc                                            [DEBUG  ]  File ignored by longranger/invocation because it exceeded search pattern filesize limit: salmon_quant.log
[2021-12-16 23:04:09,286] multiqc                                            [DEBUG  ]  File ignored by hicexplorer because it exceeded search pattern filesize limit: ambig_info.tsv
[2021-12-16 23:04:09,300] multiqc                                            [DEBUG  ]  File ignored by longranger/invocation because it exceeded search pattern filesize limit: ambig_info.tsv
[2021-12-16 23:04:09,300] multiqc                                            [DEBUG  ]  File ignored by rockhopper because it exceeded search pattern filesize limit: ambig_info.tsv
[2021-12-16 23:04:09,300] multiqc                                            [DEBUG  ]  File ignored by rseqc/bam_stat because it exceeded search pattern filesize limit: ambig_info.tsv
[2021-12-16 23:04:09,300] multiqc                                            [DEBUG  ]  File ignored by rseqc/junction_annotation because it exceeded search pattern filesize limit: ambig_info.tsv
[2021-12-16 23:04:09,300] multiqc                                            [DEBUG  ]  File ignored by rseqc/read_distribution because it exceeded search pattern filesize limit: ambig_info.tsv
[2021-12-16 23:04:09,300] multiqc                                            [DEBUG  ]  File ignored by rseqc/infer_experiment because it exceeded search pattern filesize limit: ambig_info.tsv
[2021-12-16 23:04:14,132] multiqc                                            [DEBUG  ]  Ignoring file as matched an ignore pattern: BioIVT_ctrl1_2_0_S299_R1_001.fastq.gz
[2021-12-16 23:04:14,133] multiqc                                            [DEBUG  ]  Ignoring file as matched an ignore pattern: BioIVT_ctrl1_2_0_S299_R2_001.fastq.gz
[2021-12-16 23:04:14,133] multiqc                                            [DEBUG  ]  Ignoring file as matched an ignore pattern: ctrl.1.2.0_output_forward_paired.fq.gz
[2021-12-16 23:04:14,133] multiqc                                            [DEBUG  ]  Ignoring file as matched an ignore pattern: ctrl.1.2.0_output_reverse_paired.fq.gz
[2021-12-16 23:04:14,183] multiqc                                            [DEBUG  ]  File ignored by hicexplorer because it exceeded search pattern filesize limit: ctrl.1.2.0_output_reverse_paired_fastqc.html
[2021-12-16 23:04:14,204] multiqc                                            [DEBUG  ]  File ignored by longranger/invocation because it exceeded search pattern filesize limit: ctrl.1.2.0_output_reverse_paired_fastqc.html
[2021-12-16 23:04:14,205] multiqc                                            [DEBUG  ]  File ignored by rockhopper because it exceeded search pattern filesize limit: ctrl.1.2.0_output_reverse_paired_fastqc.html
[2021-12-16 23:04:14,205] multiqc                                            [DEBUG  ]  File ignored by rseqc/bam_stat because it exceeded search pattern filesize limit: ctrl.1.2.0_output_reverse_paired_fastqc.html
[2021-12-16 23:04:14,205] multiqc                                            [DEBUG  ]  File ignored by rseqc/junction_annotation because it exceeded search pattern filesize limit: ctrl.1.2.0_output_reverse_paired_fastqc.html
[2021-12-16 23:04:14,205] multiqc                                            [DEBUG  ]  File ignored by rseqc/read_distribution because it exceeded search pattern filesize limit: ctrl.1.2.0_output_reverse_paired_fastqc.html
[2021-12-16 23:04:14,205] multiqc                                            [DEBUG  ]  File ignored by rseqc/infer_experiment because it exceeded search pattern filesize limit: ctrl.1.2.0_output_reverse_paired_fastqc.html
[2021-12-16 23:04:14,387] multiqc                                            [DEBUG  ]  File ignored by hicexplorer because it exceeded search pattern filesize limit: ctrl.1.2.0_output_forward_paired_fastqc.html
[2021-12-16 23:04:14,408] multiqc                                            [DEBUG  ]  File ignored by longranger/invocation because it exceeded search pattern filesize limit: ctrl.1.2.0_output_forward_paired_fastqc.html
[2021-12-16 23:04:14,409] multiqc                                            [DEBUG  ]  File ignored by rockhopper because it exceeded search pattern filesize limit: ctrl.1.2.0_output_forward_paired_fastqc.html
[2021-12-16 23:04:14,409] multiqc                                            [DEBUG  ]  File ignored by rseqc/bam_stat because it exceeded search pattern filesize limit: ctrl.1.2.0_output_forward_paired_fastqc.html
[2021-12-16 23:04:14,409] multiqc                                            [DEBUG  ]  File ignored by rseqc/junction_annotation because it exceeded search pattern filesize limit: ctrl.1.2.0_output_forward_paired_fastqc.html
[2021-12-16 23:04:14,409] multiqc                                            [DEBUG  ]  File ignored by rseqc/read_distribution because it exceeded search pattern filesize limit: ctrl.1.2.0_output_forward_paired_fastqc.html
[2021-12-16 23:04:14,409] multiqc                                            [DEBUG  ]  File ignored by rseqc/infer_experiment because it exceeded search pattern filesize limit: ctrl.1.2.0_output_forward_paired_fastqc.html
[2021-12-16 23:04:14,707] multiqc                                            [DEBUG  ]  File ignored by hicexplorer because it exceeded search pattern filesize limit: salmon_quant.log
[2021-12-16 23:04:14,720] multiqc                                            [DEBUG  ]  File ignored by longranger/invocation because it exceeded search pattern filesize limit: salmon_quant.log
[2021-12-16 23:04:14,880] multiqc                                            [DEBUG  ]  File ignored by hicexplorer because it exceeded search pattern filesize limit: ambig_info.tsv
[2021-12-16 23:04:14,893] multiqc                                            [DEBUG  ]  File ignored by longranger/invocation because it exceeded search pattern filesize limit: ambig_info.tsv
[2021-12-16 23:04:14,893] multiqc                                            [DEBUG  ]  File ignored by rockhopper because it exceeded search pattern filesize limit: ambig_info.tsv
[2021-12-16 23:04:14,893] multiqc                                            [DEBUG  ]  File ignored by rseqc/bam_stat because it exceeded search pattern filesize limit: ambig_info.tsv
[2021-12-16 23:04:14,894] multiqc                                            [DEBUG  ]  File ignored by rseqc/junction_annotation because it exceeded search pattern filesize limit: ambig_info.tsv
[2021-12-16 23:04:14,894] multiqc                                            [DEBUG  ]  File ignored by rseqc/read_distribution because it exceeded search pattern filesize limit: ambig_info.tsv
[2021-12-16 23:04:14,894] multiqc                                            [DEBUG  ]  File ignored by rseqc/infer_experiment because it exceeded search pattern filesize limit: ambig_info.tsv
[2021-12-16 23:04:19,893] multiqc                                            [DEBUG  ]  Ignoring file as matched an ignore pattern: BioIVT_ctrl1_3_0_S297_R1_001.fastq.gz
[2021-12-16 23:04:19,894] multiqc                                            [DEBUG  ]  Ignoring file as matched an ignore pattern: BioIVT_ctrl1_3_0_S297_R2_001.fastq.gz
[2021-12-16 23:04:19,894] multiqc                                            [DEBUG  ]  Ignoring file as matched an ignore pattern: ctrl.1.3.0_output_forward_paired.fq.gz
[2021-12-16 23:04:19,894] multiqc                                            [DEBUG  ]  Ignoring file as matched an ignore pattern: ctrl.1.3.0_output_reverse_paired.fq.gz
[2021-12-16 23:04:19,924] multiqc                                            [DEBUG  ]  File ignored by hicexplorer because it exceeded search pattern filesize limit: ctrl.1.3.0_output_reverse_paired_fastqc.html
[2021-12-16 23:04:19,935] multiqc                                            [DEBUG  ]  File ignored by longranger/invocation because it exceeded search pattern filesize limit: ctrl.1.3.0_output_reverse_paired_fastqc.html
[2021-12-16 23:04:19,935] multiqc                                            [DEBUG  ]  File ignored by rockhopper because it exceeded search pattern filesize limit: ctrl.1.3.0_output_reverse_paired_fastqc.html
[2021-12-16 23:04:19,935] multiqc                                            [DEBUG  ]  File ignored by rseqc/bam_stat because it exceeded search pattern filesize limit: ctrl.1.3.0_output_reverse_paired_fastqc.html
[2021-12-16 23:04:19,935] multiqc                                            [DEBUG  ]  File ignored by rseqc/junction_annotation because it exceeded search pattern filesize limit: ctrl.1.3.0_output_reverse_paired_fastqc.html
[2021-12-16 23:04:19,935] multiqc                                            [DEBUG  ]  File ignored by rseqc/read_distribution because it exceeded search pattern filesize limit: ctrl.1.3.0_output_reverse_paired_fastqc.html
[2021-12-16 23:04:19,935] multiqc                                            [DEBUG  ]  File ignored by rseqc/infer_experiment because it exceeded search pattern filesize limit: ctrl.1.3.0_output_reverse_paired_fastqc.html
[2021-12-16 23:04:20,086] multiqc                                            [DEBUG  ]  File ignored by hicexplorer because it exceeded search pattern filesize limit: ctrl.1.3.0_output_forward_paired_fastqc.html
[2021-12-16 23:04:20,099] multiqc                                            [DEBUG  ]  File ignored by longranger/invocation because it exceeded search pattern filesize limit: ctrl.1.3.0_output_forward_paired_fastqc.html
[2021-12-16 23:04:20,099] multiqc                                            [DEBUG  ]  File ignored by rockhopper because it exceeded search pattern filesize limit: ctrl.1.3.0_output_forward_paired_fastqc.html
[2021-12-16 23:04:20,099] multiqc                                            [DEBUG  ]  File ignored by rseqc/bam_stat because it exceeded search pattern filesize limit: ctrl.1.3.0_output_forward_paired_fastqc.html
[2021-12-16 23:04:20,099] multiqc                                            [DEBUG  ]  File ignored by rseqc/junction_annotation because it exceeded search pattern filesize limit: ctrl.1.3.0_output_forward_paired_fastqc.html
[2021-12-16 23:04:20,099] multiqc                                            [DEBUG  ]  File ignored by rseqc/read_distribution because it exceeded search pattern filesize limit: ctrl.1.3.0_output_forward_paired_fastqc.html
[2021-12-16 23:04:20,099] multiqc                                            [DEBUG  ]  File ignored by rseqc/infer_experiment because it exceeded search pattern filesize limit: ctrl.1.3.0_output_forward_paired_fastqc.html
[2021-12-16 23:04:20,365] multiqc                                            [DEBUG  ]  File ignored by hicexplorer because it exceeded search pattern filesize limit: salmon_quant.log
[2021-12-16 23:04:20,376] multiqc                                            [DEBUG  ]  File ignored by longranger/invocation because it exceeded search pattern filesize limit: salmon_quant.log
[2021-12-16 23:04:20,528] multiqc                                            [DEBUG  ]  File ignored by hicexplorer because it exceeded search pattern filesize limit: ambig_info.tsv
[2021-12-16 23:04:20,541] multiqc                                            [DEBUG  ]  File ignored by longranger/invocation because it exceeded search pattern filesize limit: ambig_info.tsv
[2021-12-16 23:04:20,541] multiqc                                            [DEBUG  ]  File ignored by rockhopper because it exceeded search pattern filesize limit: ambig_info.tsv
[2021-12-16 23:04:20,542] multiqc                                            [DEBUG  ]  File ignored by rseqc/bam_stat because it exceeded search pattern filesize limit: ambig_info.tsv
[2021-12-16 23:04:20,542] multiqc                                            [DEBUG  ]  File ignored by rseqc/junction_annotation because it exceeded search pattern filesize limit: ambig_info.tsv
[2021-12-16 23:04:20,542] multiqc                                            [DEBUG  ]  File ignored by rseqc/read_distribution because it exceeded search pattern filesize limit: ambig_info.tsv
[2021-12-16 23:04:20,542] multiqc                                            [DEBUG  ]  File ignored by rseqc/infer_experiment because it exceeded search pattern filesize limit: ambig_info.tsv
[2021-12-16 23:04:25,402] multiqc                                            [DEBUG  ]  Ignoring file as matched an ignore pattern: BioIVT_ctrl1_5_0_S298_R1_001.fastq.gz
[2021-12-16 23:04:25,403] multiqc                                            [DEBUG  ]  Ignoring file as matched an ignore pattern: BioIVT_ctrl1_5_0_S298_R2_001.fastq.gz
[2021-12-16 23:04:25,403] multiqc                                            [DEBUG  ]  Ignoring file as matched an ignore pattern: ctrl.1.5.0_output_forward_paired.fq.gz
[2021-12-16 23:04:25,403] multiqc                                            [DEBUG  ]  Ignoring file as matched an ignore pattern: ctrl.1.5.0_output_reverse_paired.fq.gz
[2021-12-16 23:04:25,432] multiqc                                            [DEBUG  ]  File ignored by hicexplorer because it exceeded search pattern filesize limit: ctrl.1.5.0_output_forward_paired_fastqc.html
[2021-12-16 23:04:25,444] multiqc                                            [DEBUG  ]  File ignored by longranger/invocation because it exceeded search pattern filesize limit: ctrl.1.5.0_output_forward_paired_fastqc.html
[2021-12-16 23:04:25,444] multiqc                                            [DEBUG  ]  File ignored by rockhopper because it exceeded search pattern filesize limit: ctrl.1.5.0_output_forward_paired_fastqc.html
[2021-12-16 23:04:25,444] multiqc                                            [DEBUG  ]  File ignored by rseqc/bam_stat because it exceeded search pattern filesize limit: ctrl.1.5.0_output_forward_paired_fastqc.html
[2021-12-16 23:04:25,444] multiqc                                            [DEBUG  ]  File ignored by rseqc/junction_annotation because it exceeded search pattern filesize limit: ctrl.1.5.0_output_forward_paired_fastqc.html
[2021-12-16 23:04:25,444] multiqc                                            [DEBUG  ]  File ignored by rseqc/read_distribution because it exceeded search pattern filesize limit: ctrl.1.5.0_output_forward_paired_fastqc.html
[2021-12-16 23:04:25,445] multiqc                                            [DEBUG  ]  File ignored by rseqc/infer_experiment because it exceeded search pattern filesize limit: ctrl.1.5.0_output_forward_paired_fastqc.html
[2021-12-16 23:04:25,593] multiqc                                            [DEBUG  ]  File ignored by hicexplorer because it exceeded search pattern filesize limit: ctrl.1.5.0_output_reverse_paired_fastqc.html
[2021-12-16 23:04:25,604] multiqc                                            [DEBUG  ]  File ignored by longranger/invocation because it exceeded search pattern filesize limit: ctrl.1.5.0_output_reverse_paired_fastqc.html
[2021-12-16 23:04:25,605] multiqc                                            [DEBUG  ]  File ignored by rockhopper because it exceeded search pattern filesize limit: ctrl.1.5.0_output_reverse_paired_fastqc.html
[2021-12-16 23:04:25,605] multiqc                                            [DEBUG  ]  File ignored by rseqc/bam_stat because it exceeded search pattern filesize limit: ctrl.1.5.0_output_reverse_paired_fastqc.html
[2021-12-16 23:04:25,605] multiqc                                            [DEBUG  ]  File ignored by rseqc/junction_annotation because it exceeded search pattern filesize limit: ctrl.1.5.0_output_reverse_paired_fastqc.html
[2021-12-16 23:04:25,605] multiqc                                            [DEBUG  ]  File ignored by rseqc/read_distribution because it exceeded search pattern filesize limit: ctrl.1.5.0_output_reverse_paired_fastqc.html
[2021-12-16 23:04:25,605] multiqc                                            [DEBUG  ]  File ignored by rseqc/infer_experiment because it exceeded search pattern filesize limit: ctrl.1.5.0_output_reverse_paired_fastqc.html
[2021-12-16 23:04:25,836] multiqc                                            [DEBUG  ]  File ignored by hicexplorer because it exceeded search pattern filesize limit: salmon_quant.log
[2021-12-16 23:04:25,846] multiqc                                            [DEBUG  ]  File ignored by longranger/invocation because it exceeded search pattern filesize limit: salmon_quant.log
[2021-12-16 23:04:25,976] multiqc                                            [DEBUG  ]  File ignored by hicexplorer because it exceeded search pattern filesize limit: ambig_info.tsv
[2021-12-16 23:04:25,986] multiqc                                            [DEBUG  ]  File ignored by longranger/invocation because it exceeded search pattern filesize limit: ambig_info.tsv
[2021-12-16 23:04:25,986] multiqc                                            [DEBUG  ]  File ignored by rockhopper because it exceeded search pattern filesize limit: ambig_info.tsv
[2021-12-16 23:04:25,986] multiqc                                            [DEBUG  ]  File ignored by rseqc/bam_stat because it exceeded search pattern filesize limit: ambig_info.tsv
[2021-12-16 23:04:25,986] multiqc                                            [DEBUG  ]  File ignored by rseqc/junction_annotation because it exceeded search pattern filesize limit: ambig_info.tsv
[2021-12-16 23:04:25,987] multiqc                                            [DEBUG  ]  File ignored by rseqc/read_distribution because it exceeded search pattern filesize limit: ambig_info.tsv
[2021-12-16 23:04:25,987] multiqc                                            [DEBUG  ]  File ignored by rseqc/infer_experiment because it exceeded search pattern filesize limit: ambig_info.tsv
[2021-12-16 23:04:30,874] multiqc                                            [DEBUG  ]  Ignoring file as matched an ignore pattern: BioIVT_ctrl2_3_4_S300_R1_001.fastq.gz
[2021-12-16 23:04:30,874] multiqc                                            [DEBUG  ]  Ignoring file as matched an ignore pattern: BioIVT_ctrl2_3_4_S300_R2_001.fastq.gz
[2021-12-16 23:04:30,874] multiqc                                            [DEBUG  ]  Ignoring file as matched an ignore pattern: ctrl.2.3.4_output_forward_paired.fq.gz
[2021-12-16 23:04:30,875] multiqc                                            [DEBUG  ]  Ignoring file as matched an ignore pattern: ctrl.2.3.4_output_reverse_paired.fq.gz
[2021-12-16 23:04:30,901] multiqc                                            [DEBUG  ]  File ignored by hicexplorer because it exceeded search pattern filesize limit: ctrl.2.3.4_output_forward_paired_fastqc.html
[2021-12-16 23:04:30,911] multiqc                                            [DEBUG  ]  File ignored by longranger/invocation because it exceeded search pattern filesize limit: ctrl.2.3.4_output_forward_paired_fastqc.html
[2021-12-16 23:04:30,911] multiqc                                            [DEBUG  ]  File ignored by rockhopper because it exceeded search pattern filesize limit: ctrl.2.3.4_output_forward_paired_fastqc.html
[2021-12-16 23:04:30,911] multiqc                                            [DEBUG  ]  File ignored by rseqc/bam_stat because it exceeded search pattern filesize limit: ctrl.2.3.4_output_forward_paired_fastqc.html
[2021-12-16 23:04:30,911] multiqc                                            [DEBUG  ]  File ignored by rseqc/junction_annotation because it exceeded search pattern filesize limit: ctrl.2.3.4_output_forward_paired_fastqc.html
[2021-12-16 23:04:30,911] multiqc                                            [DEBUG  ]  File ignored by rseqc/read_distribution because it exceeded search pattern filesize limit: ctrl.2.3.4_output_forward_paired_fastqc.html
[2021-12-16 23:04:30,911] multiqc                                            [DEBUG  ]  File ignored by rseqc/infer_experiment because it exceeded search pattern filesize limit: ctrl.2.3.4_output_forward_paired_fastqc.html
[2021-12-16 23:04:31,051] multiqc                                            [DEBUG  ]  File ignored by hicexplorer because it exceeded search pattern filesize limit: ctrl.2.3.4_output_reverse_paired_fastqc.html
[2021-12-16 23:04:31,062] multiqc                                            [DEBUG  ]  File ignored by longranger/invocation because it exceeded search pattern filesize limit: ctrl.2.3.4_output_reverse_paired_fastqc.html
[2021-12-16 23:04:31,062] multiqc                                            [DEBUG  ]  File ignored by rockhopper because it exceeded search pattern filesize limit: ctrl.2.3.4_output_reverse_paired_fastqc.html
[2021-12-16 23:04:31,062] multiqc                                            [DEBUG  ]  File ignored by rseqc/bam_stat because it exceeded search pattern filesize limit: ctrl.2.3.4_output_reverse_paired_fastqc.html
[2021-12-16 23:04:31,062] multiqc                                            [DEBUG  ]  File ignored by rseqc/junction_annotation because it exceeded search pattern filesize limit: ctrl.2.3.4_output_reverse_paired_fastqc.html
[2021-12-16 23:04:31,062] multiqc                                            [DEBUG  ]  File ignored by rseqc/read_distribution because it exceeded search pattern filesize limit: ctrl.2.3.4_output_reverse_paired_fastqc.html
[2021-12-16 23:04:31,062] multiqc                                            [DEBUG  ]  File ignored by rseqc/infer_experiment because it exceeded search pattern filesize limit: ctrl.2.3.4_output_reverse_paired_fastqc.html
[2021-12-16 23:04:31,300] multiqc                                            [DEBUG  ]  File ignored by hicexplorer because it exceeded search pattern filesize limit: salmon_quant.log
[2021-12-16 23:04:31,309] multiqc                                            [DEBUG  ]  File ignored by longranger/invocation because it exceeded search pattern filesize limit: salmon_quant.log
[2021-12-16 23:04:31,435] multiqc                                            [DEBUG  ]  File ignored by hicexplorer because it exceeded search pattern filesize limit: ambig_info.tsv
[2021-12-16 23:04:31,445] multiqc                                            [DEBUG  ]  File ignored by longranger/invocation because it exceeded search pattern filesize limit: ambig_info.tsv
[2021-12-16 23:04:31,445] multiqc                                            [DEBUG  ]  File ignored by rockhopper because it exceeded search pattern filesize limit: ambig_info.tsv
[2021-12-16 23:04:31,446] multiqc                                            [DEBUG  ]  File ignored by rseqc/bam_stat because it exceeded search pattern filesize limit: ambig_info.tsv
[2021-12-16 23:04:31,446] multiqc                                            [DEBUG  ]  File ignored by rseqc/junction_annotation because it exceeded search pattern filesize limit: ambig_info.tsv
[2021-12-16 23:04:31,446] multiqc                                            [DEBUG  ]  File ignored by rseqc/read_distribution because it exceeded search pattern filesize limit: ambig_info.tsv
[2021-12-16 23:04:31,446] multiqc                                            [DEBUG  ]  File ignored by rseqc/infer_experiment because it exceeded search pattern filesize limit: ambig_info.tsv
[2021-12-16 23:04:31,548] multiqc                                            [DEBUG  ]  File ignored by stacks/sumstats because it exceeded search pattern filesize limit: ambig_info.tsv
[2021-12-16 23:04:36,218] multiqc                                            [DEBUG  ]  Ignoring file as matched an ignore pattern: BioIVT_ctrl3_2-5_S87_R1_001.fastq.gz
[2021-12-16 23:04:36,218] multiqc                                            [DEBUG  ]  Ignoring file as matched an ignore pattern: BioIVT_ctrl3_2-5_S87_R2_001.fastq.gz
[2021-12-16 23:04:36,218] multiqc                                            [DEBUG  ]  Ignoring file as matched an ignore pattern: ctrl.3.2.5_output_forward_paired.fq.gz
[2021-12-16 23:04:36,218] multiqc                                            [DEBUG  ]  Ignoring file as matched an ignore pattern: ctrl.3.2.5_output_reverse_paired.fq.gz
[2021-12-16 23:04:36,246] multiqc                                            [DEBUG  ]  File ignored by hicexplorer because it exceeded search pattern filesize limit: ctrl.3.2.5_output_forward_paired_fastqc.html
[2021-12-16 23:04:36,257] multiqc                                            [DEBUG  ]  File ignored by longranger/invocation because it exceeded search pattern filesize limit: ctrl.3.2.5_output_forward_paired_fastqc.html
[2021-12-16 23:04:36,257] multiqc                                            [DEBUG  ]  File ignored by rockhopper because it exceeded search pattern filesize limit: ctrl.3.2.5_output_forward_paired_fastqc.html
[2021-12-16 23:04:36,257] multiqc                                            [DEBUG  ]  File ignored by rseqc/bam_stat because it exceeded search pattern filesize limit: ctrl.3.2.5_output_forward_paired_fastqc.html
[2021-12-16 23:04:36,257] multiqc                                            [DEBUG  ]  File ignored by rseqc/junction_annotation because it exceeded search pattern filesize limit: ctrl.3.2.5_output_forward_paired_fastqc.html
[2021-12-16 23:04:36,257] multiqc                                            [DEBUG  ]  File ignored by rseqc/read_distribution because it exceeded search pattern filesize limit: ctrl.3.2.5_output_forward_paired_fastqc.html
[2021-12-16 23:04:36,257] multiqc                                            [DEBUG  ]  File ignored by rseqc/infer_experiment because it exceeded search pattern filesize limit: ctrl.3.2.5_output_forward_paired_fastqc.html
[2021-12-16 23:04:36,407] multiqc                                            [DEBUG  ]  File ignored by hicexplorer because it exceeded search pattern filesize limit: ctrl.3.2.5_output_reverse_paired_fastqc.html
[2021-12-16 23:04:36,417] multiqc                                            [DEBUG  ]  File ignored by longranger/invocation because it exceeded search pattern filesize limit: ctrl.3.2.5_output_reverse_paired_fastqc.html
[2021-12-16 23:04:36,418] multiqc                                            [DEBUG  ]  File ignored by rockhopper because it exceeded search pattern filesize limit: ctrl.3.2.5_output_reverse_paired_fastqc.html
[2021-12-16 23:04:36,418] multiqc                                            [DEBUG  ]  File ignored by rseqc/bam_stat because it exceeded search pattern filesize limit: ctrl.3.2.5_output_reverse_paired_fastqc.html
[2021-12-16 23:04:36,418] multiqc                                            [DEBUG  ]  File ignored by rseqc/junction_annotation because it exceeded search pattern filesize limit: ctrl.3.2.5_output_reverse_paired_fastqc.html
[2021-12-16 23:04:36,418] multiqc                                            [DEBUG  ]  File ignored by rseqc/read_distribution because it exceeded search pattern filesize limit: ctrl.3.2.5_output_reverse_paired_fastqc.html
[2021-12-16 23:04:36,418] multiqc                                            [DEBUG  ]  File ignored by rseqc/infer_experiment because it exceeded search pattern filesize limit: ctrl.3.2.5_output_reverse_paired_fastqc.html
[2021-12-16 23:04:36,671] multiqc                                            [DEBUG  ]  File ignored by hicexplorer because it exceeded search pattern filesize limit: salmon_quant.log
[2021-12-16 23:04:36,682] multiqc                                            [DEBUG  ]  File ignored by longranger/invocation because it exceeded search pattern filesize limit: salmon_quant.log
[2021-12-16 23:04:36,820] multiqc                                            [DEBUG  ]  File ignored by hicexplorer because it exceeded search pattern filesize limit: ambig_info.tsv
[2021-12-16 23:04:36,830] multiqc                                            [DEBUG  ]  File ignored by longranger/invocation because it exceeded search pattern filesize limit: ambig_info.tsv
[2021-12-16 23:04:36,830] multiqc                                            [DEBUG  ]  File ignored by rockhopper because it exceeded search pattern filesize limit: ambig_info.tsv
[2021-12-16 23:04:36,830] multiqc                                            [DEBUG  ]  File ignored by rseqc/bam_stat because it exceeded search pattern filesize limit: ambig_info.tsv
[2021-12-16 23:04:36,830] multiqc                                            [DEBUG  ]  File ignored by rseqc/junction_annotation because it exceeded search pattern filesize limit: ambig_info.tsv
[2021-12-16 23:04:36,830] multiqc                                            [DEBUG  ]  File ignored by rseqc/read_distribution because it exceeded search pattern filesize limit: ambig_info.tsv
[2021-12-16 23:04:36,831] multiqc                                            [DEBUG  ]  File ignored by rseqc/infer_experiment because it exceeded search pattern filesize limit: ambig_info.tsv
[2021-12-16 23:04:36,927] multiqc                                            [DEBUG  ]  File ignored by stacks/sumstats because it exceeded search pattern filesize limit: ambig_info.tsv
[2021-12-16 23:04:42,331] multiqc.plots.bargraph                             [DEBUG  ]  Using matplotlib version 3.1.3
[2021-12-16 23:04:42,332] multiqc.plots.linegraph                            [DEBUG  ]  Using matplotlib version 3.1.3
[2021-12-16 23:04:42,335] multiqc                                            [DEBUG  ]  No samples found: custom_content
[2021-12-16 23:04:42,343] multiqc                                            [DEBUG  ]  No samples found: conpair
[2021-12-16 23:04:42,352] multiqc                                            [DEBUG  ]  No samples found: peddy
[2021-12-16 23:04:42,360] multiqc                                            [DEBUG  ]  No samples found: somalier
[2021-12-16 23:04:42,368] multiqc                                            [DEBUG  ]  No samples found: methylQA
[2021-12-16 23:04:42,380] multiqc                                            [DEBUG  ]  No samples found: mosdepth
[2021-12-16 23:04:42,388] multiqc                                            [DEBUG  ]  No samples found: phantompeakqualtools
[2021-12-16 23:04:42,394] multiqc                                            [DEBUG  ]  No samples found: qualimap
[2021-12-16 23:04:42,402] multiqc                                            [DEBUG  ]  No samples found: preseq
[2021-12-16 23:04:42,410] multiqc                                            [DEBUG  ]  No samples found: quast
[2021-12-16 23:04:42,418] multiqc                                            [DEBUG  ]  No samples found: qorts
[2021-12-16 23:04:42,426] multiqc                                            [DEBUG  ]  No samples found: rna_seqc
[2021-12-16 23:04:42,434] multiqc                                            [DEBUG  ]  No samples found: rockhopper
[2021-12-16 23:04:42,442] multiqc                                            [DEBUG  ]  No samples found: rsem
[2021-12-16 23:04:42,459] multiqc                                            [DEBUG  ]  No samples found: rseqc
[2021-12-16 23:04:42,467] multiqc                                            [DEBUG  ]  No samples found: busco
[2021-12-16 23:04:42,475] multiqc                                            [DEBUG  ]  No samples found: goleft_indexcov
[2021-12-16 23:04:42,483] multiqc                                            [DEBUG  ]  No samples found: disambiguate
[2021-12-16 23:04:42,491] multiqc                                            [DEBUG  ]  No samples found: supernova
[2021-12-16 23:04:42,509] multiqc                                            [DEBUG  ]  No samples found: deeptools
[2021-12-16 23:04:42,516] multiqc                                            [DEBUG  ]  No samples found: sargasso
[2021-12-16 23:04:42,524] multiqc                                            [DEBUG  ]  No samples found: verifybamid
[2021-12-16 23:04:42,532] multiqc                                            [DEBUG  ]  No samples found: mirtrace
[2021-12-16 23:04:42,540] multiqc                                            [DEBUG  ]  No samples found: happy
[2021-12-16 23:04:42,548] multiqc                                            [DEBUG  ]  No samples found: mirtop
[2021-12-16 23:04:42,559] multiqc                                            [DEBUG  ]  No samples found: homer
[2021-12-16 23:04:42,568] multiqc                                            [DEBUG  ]  No samples found: macs2
[2021-12-16 23:04:42,576] multiqc                                            [DEBUG  ]  No samples found: theta2
[2021-12-16 23:04:42,586] multiqc                                            [DEBUG  ]  No samples found: snpeff
[2021-12-16 23:04:42,596] multiqc                                            [DEBUG  ]  No samples found: gatk
[2021-12-16 23:04:42,603] multiqc                                            [DEBUG  ]  No samples found: htseq
[2021-12-16 23:04:42,611] multiqc                                            [DEBUG  ]  No samples found: bcftools
[2021-12-16 23:04:42,619] multiqc                                            [DEBUG  ]  No samples found: featureCounts
[2021-12-16 23:04:42,628] multiqc                                            [DEBUG  ]  No samples found: fgbio
[2021-12-16 23:04:42,644] multiqc                                            [DEBUG  ]  No samples found: dragen
[2021-12-16 23:04:42,652] multiqc                                            [DEBUG  ]  No samples found: dedup
[2021-12-16 23:04:42,659] multiqc                                            [DEBUG  ]  No samples found: damageprofiler
[2021-12-16 23:04:42,685] multiqc                                            [DEBUG  ]  No samples found: biobambam2
[2021-12-16 23:04:42,692] multiqc                                            [DEBUG  ]  No samples found: mtnucratio
[2021-12-16 23:04:42,697] multiqc                                            [DEBUG  ]  No samples found: picard
[2021-12-16 23:04:42,704] multiqc                                            [DEBUG  ]  No samples found: prokka
[2021-12-16 23:04:42,712] multiqc                                            [DEBUG  ]  No samples found: samblaster
[2021-12-16 23:04:42,723] multiqc                                            [DEBUG  ]  No samples found: samtools
[2021-12-16 23:04:42,730] multiqc                                            [DEBUG  ]  No samples found: sexdeterrmine
[2021-12-16 23:04:42,739] multiqc                                            [DEBUG  ]  No samples found: bamtools
[2021-12-16 23:04:42,746] multiqc                                            [DEBUG  ]  No samples found: jellyfish
[2021-12-16 23:04:42,758] multiqc                                            [DEBUG  ]  No samples found: vcftools
[2021-12-16 23:04:42,766] multiqc                                            [DEBUG  ]  No samples found: longranger
[2021-12-16 23:04:42,774] multiqc                                            [DEBUG  ]  No samples found: stacks
[2021-12-16 23:04:42,782] multiqc                                            [DEBUG  ]  No samples found: varscan2
[2021-12-16 23:04:42,802] multiqc                                            [DEBUG  ]  No samples found: bbmap
[2021-12-16 23:04:42,809] multiqc                                            [DEBUG  ]  No samples found: bismark
[2021-12-16 23:04:42,817] multiqc                                            [DEBUG  ]  No samples found: biscuit
[2021-12-16 23:04:42,825] multiqc                                            [DEBUG  ]  No samples found: hicexplorer
[2021-12-16 23:04:42,832] multiqc                                            [DEBUG  ]  No samples found: hicup
[2021-12-16 23:04:42,840] multiqc                                            [DEBUG  ]  No samples found: hicpro
[2021-12-16 23:04:42,862] multiqc.modules.salmon.salmon                      [INFO   ]  Found 7 meta reports
[2021-12-16 23:04:42,863] multiqc.modules.salmon.salmon                      [INFO   ]  Found 7 fragment length distributions
[2021-12-16 23:04:42,945] multiqc                                            [DEBUG  ]  No samples found: kallisto
[2021-12-16 23:04:42,953] multiqc                                            [DEBUG  ]  No samples found: slamdunk
[2021-12-16 23:04:42,960] multiqc                                            [DEBUG  ]  No samples found: star
[2021-12-16 23:04:42,969] multiqc                                            [DEBUG  ]  No samples found: hisat2
[2021-12-16 23:04:42,977] multiqc                                            [DEBUG  ]  No samples found: tophat
[2021-12-16 23:04:42,985] multiqc                                            [DEBUG  ]  No samples found: bowtie2
[2021-12-16 23:04:42,993] multiqc                                            [DEBUG  ]  No samples found: bowtie1
[2021-12-16 23:04:43,000] multiqc                                            [DEBUG  ]  No samples found: snpsplit
[2021-12-16 23:04:43,008] multiqc                                            [DEBUG  ]  No samples found: kat
[2021-12-16 23:04:43,015] multiqc                                            [DEBUG  ]  No samples found: leehom
[2021-12-16 23:04:43,025] multiqc                                            [DEBUG  ]  No samples found: adapterRemoval
[2021-12-16 23:04:43,033] multiqc                                            [DEBUG  ]  No samples found: clipandmerge
[2021-12-16 23:04:43,041] multiqc                                            [DEBUG  ]  No samples found: cutadapt
[2021-12-16 23:04:43,048] multiqc                                            [DEBUG  ]  No samples found: flexbar
[2021-12-16 23:04:43,055] multiqc                                            [DEBUG  ]  No samples found: kaiju
[2021-12-16 23:04:43,062] multiqc                                            [DEBUG  ]  No samples found: kraken
[2021-12-16 23:04:43,070] multiqc                                            [DEBUG  ]  No samples found: malt
[2021-12-16 23:04:43,077] multiqc                                            [DEBUG  ]  No samples found: trimmomatic
[2021-12-16 23:04:43,084] multiqc                                            [DEBUG  ]  No samples found: sickle
[2021-12-16 23:04:43,091] multiqc                                            [DEBUG  ]  No samples found: skewer
[2021-12-16 23:04:43,098] multiqc                                            [DEBUG  ]  No samples found: sortmerna
[2021-12-16 23:04:43,106] multiqc                                            [DEBUG  ]  No samples found: biobloomtools
[2021-12-16 23:04:43,114] multiqc                                            [DEBUG  ]  No samples found: fastq_screen
[2021-12-16 23:04:43,122] multiqc                                            [DEBUG  ]  No samples found: afterqc
[2021-12-16 23:04:43,130] multiqc                                            [DEBUG  ]  No samples found: fastp
[2021-12-16 23:04:44,005] multiqc.modules.fastqc.fastqc                      [INFO   ]  Found 14 reports
[2021-12-16 23:04:44,275] multiqc                                            [DEBUG  ]  No samples found: pycoqc
[2021-12-16 23:04:44,283] multiqc                                            [DEBUG  ]  No samples found: minionqc
[2021-12-16 23:04:44,291] multiqc                                            [DEBUG  ]  No samples found: multivcfanalyzer
[2021-12-16 23:04:44,298] multiqc                                            [DEBUG  ]  No samples found: clusterflow
[2021-12-16 23:04:44,306] multiqc                                            [DEBUG  ]  No samples found: bcl2fastq
[2021-12-16 23:04:44,313] multiqc                                            [DEBUG  ]  No samples found: interop
[2021-12-16 23:04:44,321] multiqc                                            [DEBUG  ]  No samples found: ivar
[2021-12-16 23:04:44,329] multiqc                                            [DEBUG  ]  No samples found: flash
[2021-12-16 23:04:44,336] multiqc                                            [DEBUG  ]  No samples found: seqyclean
[2021-12-16 23:04:44,377] multiqc                                            [INFO   ]  Compressing plot data
[2021-12-16 23:04:44,890] multiqc                                            [INFO   ]  Report      : ../data/output_data/rna_qc/multiqc..2021-12-16-23.02.18-PST.html
[2021-12-16 23:04:44,890] multiqc                                            [INFO   ]  Data        : ../data/output_data/rna_qc/multiqc..2021-12-16-23.02.18-PST_data
[2021-12-16 23:04:44,890] multiqc                                            [DEBUG  ]  Moving data file from '/data/tmp/tmp06zy3mgt/multiqc_data' to '/public/groups/kimlab/exRNA_disease_biomarkers/data/output_data/rna_qc/multiqc..2021-12-16-23.02.18-PST_data'
[2021-12-16 23:04:45,319] multiqc                                            [INFO   ]  MultiQC complete
