[2021-12-17 00:51:29,508] multiqc                                            [DEBUG  ]  No MultiQC config found: /public/groups/kimlab/.install_bin/anaconda3/lib/python3.7/site-packages/multiqc_config.yaml
[2021-12-17 00:51:29,509] multiqc                                            [DEBUG  ]  No MultiQC config found: /public/home/rreggiar/.multiqc_config.yaml
[2021-12-17 00:51:29,509] multiqc                                            [DEBUG  ]  No MultiQC config found: multiqc_config.yaml
[2021-12-17 00:51:29,509] multiqc                                            [DEBUG  ]  Command used: /public/groups/kimlab/.install_bin/anaconda3/bin/multiqc /public/groups/kimlab/exRNA_disease_biomarkers/data/input_data/bioIvt_covid --filename multiqc..2021-12-17-00.47.30-PST -o /public/groups/kimlab/exRNA_disease_biomarkers/data/output_data/rna_qc
[2021-12-17 00:51:30,242] multiqc                                            [WARNING]  MultiQC Version v1.11 now available!
[2021-12-17 00:51:30,243] multiqc                                            [INFO   ]  This is MultiQC v1.9
[2021-12-17 00:51:30,243] multiqc                                            [DEBUG  ]  Command     : /public/groups/kimlab/.install_bin/anaconda3/bin/multiqc /public/groups/kimlab/exRNA_disease_biomarkers/data/input_data/bioIvt_covid --filename multiqc..2021-12-17-00.47.30-PST -o /public/groups/kimlab/exRNA_disease_biomarkers/data/output_data/rna_qc
[2021-12-17 00:51:30,243] multiqc                                            [DEBUG  ]  Working dir : /public/groups/kimlab/exRNA_disease_biomarkers/bin
[2021-12-17 00:51:30,243] multiqc                                            [INFO   ]  Template    : default
[2021-12-17 00:51:30,243] multiqc                                            [DEBUG  ]  Running Python 3.7.6 (default, Jan  8 2020, 19:59:22)  [GCC 7.3.0]
[2021-12-17 00:51:30,243] multiqc                                            [INFO   ]  Searching   : /public/groups/kimlab/exRNA_disease_biomarkers/data/input_data/bioIvt_covid
[2021-12-17 00:51:30,244] multiqc                                            [DEBUG  ]  Analysing modules: custom_content, conpair, peddy, somalier, methylQA, mosdepth, phantompeakqualtools, qualimap, preseq, quast, qorts, rna_seqc, rockhopper, rsem, rseqc, busco, goleft_indexcov, disambiguate, supernova, deeptools, sargasso, verifybamid, mirtrace, happy, mirtop, homer, macs2, theta2, snpeff, gatk, htseq, bcftools, featureCounts, fgbio, dragen, dedup, damageprofiler, biobambam2, mtnucratio, picard, prokka, samblaster, samtools, sexdeterrmine, bamtools, jellyfish, vcftools, longranger, stacks, varscan2, bbmap, bismark, biscuit, hicexplorer, hicup, hicpro, salmon, kallisto, slamdunk, star, hisat2, tophat, bowtie2, bowtie1, snpsplit, kat, leehom, adapterRemoval, clipandmerge, cutadapt, flexbar, kaiju, kraken, malt, trimmomatic, sickle, skewer, sortmerna, biobloomtools, fastq_screen, afterqc, fastp, fastqc, pycoqc, minionqc, multivcfanalyzer, clusterflow, bcl2fastq, interop, ivar, flash, seqyclean
[2021-12-17 00:51:30,245] multiqc                                            [DEBUG  ]  Using temporary directory for creating report: /data/tmp/tmpnjked_8x
[2021-12-17 00:51:30,491] multiqc                                            [DEBUG  ]  Ignoring file as matched an ignore pattern: HMN373381_S64_R1_001.fastq.gz
[2021-12-17 00:51:30,492] multiqc                                            [DEBUG  ]  Ignoring file as matched an ignore pattern: HMN373381_S64_R2_001.fastq.gz
[2021-12-17 00:51:30,492] multiqc                                            [DEBUG  ]  Ignoring file as matched an ignore pattern: covid.381.0.80_output_forward_paired.fq.gz
[2021-12-17 00:51:30,492] multiqc                                            [DEBUG  ]  Ignoring file as matched an ignore pattern: covid.381.0.80_output_reverse_paired.fq.gz
[2021-12-17 00:51:30,545] multiqc                                            [DEBUG  ]  File ignored by hicexplorer because it exceeded search pattern filesize limit: covid.381.0.80_output_forward_paired_fastqc.html
[2021-12-17 00:51:30,557] multiqc                                            [DEBUG  ]  File ignored by longranger/invocation because it exceeded search pattern filesize limit: covid.381.0.80_output_forward_paired_fastqc.html
[2021-12-17 00:51:30,557] multiqc                                            [DEBUG  ]  File ignored by rockhopper because it exceeded search pattern filesize limit: covid.381.0.80_output_forward_paired_fastqc.html
[2021-12-17 00:51:30,557] multiqc                                            [DEBUG  ]  File ignored by rseqc/bam_stat because it exceeded search pattern filesize limit: covid.381.0.80_output_forward_paired_fastqc.html
[2021-12-17 00:51:30,557] multiqc                                            [DEBUG  ]  File ignored by rseqc/junction_annotation because it exceeded search pattern filesize limit: covid.381.0.80_output_forward_paired_fastqc.html
[2021-12-17 00:51:30,558] multiqc                                            [DEBUG  ]  File ignored by rseqc/read_distribution because it exceeded search pattern filesize limit: covid.381.0.80_output_forward_paired_fastqc.html
[2021-12-17 00:51:30,558] multiqc                                            [DEBUG  ]  File ignored by rseqc/infer_experiment because it exceeded search pattern filesize limit: covid.381.0.80_output_forward_paired_fastqc.html
[2021-12-17 00:51:30,700] multiqc                                            [DEBUG  ]  File ignored by hicexplorer because it exceeded search pattern filesize limit: covid.381.0.80_output_reverse_paired_fastqc.html
[2021-12-17 00:51:30,711] multiqc                                            [DEBUG  ]  File ignored by longranger/invocation because it exceeded search pattern filesize limit: covid.381.0.80_output_reverse_paired_fastqc.html
[2021-12-17 00:51:30,711] multiqc                                            [DEBUG  ]  File ignored by rockhopper because it exceeded search pattern filesize limit: covid.381.0.80_output_reverse_paired_fastqc.html
[2021-12-17 00:51:30,711] multiqc                                            [DEBUG  ]  File ignored by rseqc/bam_stat because it exceeded search pattern filesize limit: covid.381.0.80_output_reverse_paired_fastqc.html
[2021-12-17 00:51:30,711] multiqc                                            [DEBUG  ]  File ignored by rseqc/junction_annotation because it exceeded search pattern filesize limit: covid.381.0.80_output_reverse_paired_fastqc.html
[2021-12-17 00:51:30,711] multiqc                                            [DEBUG  ]  File ignored by rseqc/read_distribution because it exceeded search pattern filesize limit: covid.381.0.80_output_reverse_paired_fastqc.html
[2021-12-17 00:51:30,711] multiqc                                            [DEBUG  ]  File ignored by rseqc/infer_experiment because it exceeded search pattern filesize limit: covid.381.0.80_output_reverse_paired_fastqc.html
[2021-12-17 00:51:30,951] multiqc                                            [DEBUG  ]  File ignored by hicexplorer because it exceeded search pattern filesize limit: salmon_quant.log
[2021-12-17 00:51:30,961] multiqc                                            [DEBUG  ]  File ignored by longranger/invocation because it exceeded search pattern filesize limit: salmon_quant.log
[2021-12-17 00:51:31,092] multiqc                                            [DEBUG  ]  File ignored by hicexplorer because it exceeded search pattern filesize limit: ambig_info.tsv
[2021-12-17 00:51:31,102] multiqc                                            [DEBUG  ]  File ignored by longranger/invocation because it exceeded search pattern filesize limit: ambig_info.tsv
[2021-12-17 00:51:31,102] multiqc                                            [DEBUG  ]  File ignored by rockhopper because it exceeded search pattern filesize limit: ambig_info.tsv
[2021-12-17 00:51:31,102] multiqc                                            [DEBUG  ]  File ignored by rseqc/bam_stat because it exceeded search pattern filesize limit: ambig_info.tsv
[2021-12-17 00:51:31,102] multiqc                                            [DEBUG  ]  File ignored by rseqc/junction_annotation because it exceeded search pattern filesize limit: ambig_info.tsv
[2021-12-17 00:51:31,102] multiqc                                            [DEBUG  ]  File ignored by rseqc/read_distribution because it exceeded search pattern filesize limit: ambig_info.tsv
[2021-12-17 00:51:31,102] multiqc                                            [DEBUG  ]  File ignored by rseqc/infer_experiment because it exceeded search pattern filesize limit: ambig_info.tsv
[2021-12-17 00:51:36,269] multiqc                                            [DEBUG  ]  Ignoring file as matched an ignore pattern: HMN373396_S68_R1_001.fastq.gz
[2021-12-17 00:51:36,269] multiqc                                            [DEBUG  ]  Ignoring file as matched an ignore pattern: HMN373396_S68_R2_001.fastq.gz
[2021-12-17 00:51:36,269] multiqc                                            [DEBUG  ]  Ignoring file as matched an ignore pattern: covid.396.0.68_output_forward_paired.fq.gz
[2021-12-17 00:51:36,270] multiqc                                            [DEBUG  ]  Ignoring file as matched an ignore pattern: covid.396.0.68_output_reverse_paired.fq.gz
[2021-12-17 00:51:36,299] multiqc                                            [DEBUG  ]  File ignored by hicexplorer because it exceeded search pattern filesize limit: covid.396.0.68_output_forward_paired_fastqc.html
[2021-12-17 00:51:36,308] multiqc                                            [DEBUG  ]  File ignored by longranger/invocation because it exceeded search pattern filesize limit: covid.396.0.68_output_forward_paired_fastqc.html
[2021-12-17 00:51:36,309] multiqc                                            [DEBUG  ]  File ignored by rockhopper because it exceeded search pattern filesize limit: covid.396.0.68_output_forward_paired_fastqc.html
[2021-12-17 00:51:36,309] multiqc                                            [DEBUG  ]  File ignored by rseqc/bam_stat because it exceeded search pattern filesize limit: covid.396.0.68_output_forward_paired_fastqc.html
[2021-12-17 00:51:36,309] multiqc                                            [DEBUG  ]  File ignored by rseqc/junction_annotation because it exceeded search pattern filesize limit: covid.396.0.68_output_forward_paired_fastqc.html
[2021-12-17 00:51:36,309] multiqc                                            [DEBUG  ]  File ignored by rseqc/read_distribution because it exceeded search pattern filesize limit: covid.396.0.68_output_forward_paired_fastqc.html
[2021-12-17 00:51:36,309] multiqc                                            [DEBUG  ]  File ignored by rseqc/infer_experiment because it exceeded search pattern filesize limit: covid.396.0.68_output_forward_paired_fastqc.html
[2021-12-17 00:51:36,451] multiqc                                            [DEBUG  ]  File ignored by hicexplorer because it exceeded search pattern filesize limit: covid.396.0.68_output_reverse_paired_fastqc.html
[2021-12-17 00:51:36,462] multiqc                                            [DEBUG  ]  File ignored by longranger/invocation because it exceeded search pattern filesize limit: covid.396.0.68_output_reverse_paired_fastqc.html
[2021-12-17 00:51:36,462] multiqc                                            [DEBUG  ]  File ignored by rockhopper because it exceeded search pattern filesize limit: covid.396.0.68_output_reverse_paired_fastqc.html
[2021-12-17 00:51:36,462] multiqc                                            [DEBUG  ]  File ignored by rseqc/bam_stat because it exceeded search pattern filesize limit: covid.396.0.68_output_reverse_paired_fastqc.html
[2021-12-17 00:51:36,462] multiqc                                            [DEBUG  ]  File ignored by rseqc/junction_annotation because it exceeded search pattern filesize limit: covid.396.0.68_output_reverse_paired_fastqc.html
[2021-12-17 00:51:36,462] multiqc                                            [DEBUG  ]  File ignored by rseqc/read_distribution because it exceeded search pattern filesize limit: covid.396.0.68_output_reverse_paired_fastqc.html
[2021-12-17 00:51:36,462] multiqc                                            [DEBUG  ]  File ignored by rseqc/infer_experiment because it exceeded search pattern filesize limit: covid.396.0.68_output_reverse_paired_fastqc.html
[2021-12-17 00:51:36,699] multiqc                                            [DEBUG  ]  File ignored by hicexplorer because it exceeded search pattern filesize limit: salmon_quant.log
[2021-12-17 00:51:36,709] multiqc                                            [DEBUG  ]  File ignored by longranger/invocation because it exceeded search pattern filesize limit: salmon_quant.log
[2021-12-17 00:51:36,843] multiqc                                            [DEBUG  ]  File ignored by hicexplorer because it exceeded search pattern filesize limit: ambig_info.tsv
[2021-12-17 00:51:36,853] multiqc                                            [DEBUG  ]  File ignored by longranger/invocation because it exceeded search pattern filesize limit: ambig_info.tsv
[2021-12-17 00:51:36,853] multiqc                                            [DEBUG  ]  File ignored by rockhopper because it exceeded search pattern filesize limit: ambig_info.tsv
[2021-12-17 00:51:36,853] multiqc                                            [DEBUG  ]  File ignored by rseqc/bam_stat because it exceeded search pattern filesize limit: ambig_info.tsv
[2021-12-17 00:51:36,853] multiqc                                            [DEBUG  ]  File ignored by rseqc/junction_annotation because it exceeded search pattern filesize limit: ambig_info.tsv
[2021-12-17 00:51:36,853] multiqc                                            [DEBUG  ]  File ignored by rseqc/read_distribution because it exceeded search pattern filesize limit: ambig_info.tsv
[2021-12-17 00:51:36,853] multiqc                                            [DEBUG  ]  File ignored by rseqc/infer_experiment because it exceeded search pattern filesize limit: ambig_info.tsv
[2021-12-17 00:51:42,057] multiqc                                            [DEBUG  ]  Ignoring file as matched an ignore pattern: HMN368400_S70_R1_001.fastq.gz
[2021-12-17 00:51:42,057] multiqc                                            [DEBUG  ]  Ignoring file as matched an ignore pattern: HMN368400_S70_R2_001.fastq.gz
[2021-12-17 00:51:42,057] multiqc                                            [DEBUG  ]  Ignoring file as matched an ignore pattern: covid.400.0.56_output_forward_paired.fq.gz
[2021-12-17 00:51:42,057] multiqc                                            [DEBUG  ]  Ignoring file as matched an ignore pattern: covid.400.0.56_output_reverse_paired.fq.gz
[2021-12-17 00:51:42,088] multiqc                                            [DEBUG  ]  File ignored by hicexplorer because it exceeded search pattern filesize limit: covid.400.0.56_output_reverse_paired_fastqc.html
[2021-12-17 00:51:42,098] multiqc                                            [DEBUG  ]  File ignored by longranger/invocation because it exceeded search pattern filesize limit: covid.400.0.56_output_reverse_paired_fastqc.html
[2021-12-17 00:51:42,098] multiqc                                            [DEBUG  ]  File ignored by rockhopper because it exceeded search pattern filesize limit: covid.400.0.56_output_reverse_paired_fastqc.html
[2021-12-17 00:51:42,098] multiqc                                            [DEBUG  ]  File ignored by rseqc/bam_stat because it exceeded search pattern filesize limit: covid.400.0.56_output_reverse_paired_fastqc.html
[2021-12-17 00:51:42,098] multiqc                                            [DEBUG  ]  File ignored by rseqc/junction_annotation because it exceeded search pattern filesize limit: covid.400.0.56_output_reverse_paired_fastqc.html
[2021-12-17 00:51:42,099] multiqc                                            [DEBUG  ]  File ignored by rseqc/read_distribution because it exceeded search pattern filesize limit: covid.400.0.56_output_reverse_paired_fastqc.html
[2021-12-17 00:51:42,099] multiqc                                            [DEBUG  ]  File ignored by rseqc/infer_experiment because it exceeded search pattern filesize limit: covid.400.0.56_output_reverse_paired_fastqc.html
[2021-12-17 00:51:42,240] multiqc                                            [DEBUG  ]  File ignored by hicexplorer because it exceeded search pattern filesize limit: covid.400.0.56_output_forward_paired_fastqc.html
[2021-12-17 00:51:42,250] multiqc                                            [DEBUG  ]  File ignored by longranger/invocation because it exceeded search pattern filesize limit: covid.400.0.56_output_forward_paired_fastqc.html
[2021-12-17 00:51:42,250] multiqc                                            [DEBUG  ]  File ignored by rockhopper because it exceeded search pattern filesize limit: covid.400.0.56_output_forward_paired_fastqc.html
[2021-12-17 00:51:42,250] multiqc                                            [DEBUG  ]  File ignored by rseqc/bam_stat because it exceeded search pattern filesize limit: covid.400.0.56_output_forward_paired_fastqc.html
[2021-12-17 00:51:42,250] multiqc                                            [DEBUG  ]  File ignored by rseqc/junction_annotation because it exceeded search pattern filesize limit: covid.400.0.56_output_forward_paired_fastqc.html
[2021-12-17 00:51:42,251] multiqc                                            [DEBUG  ]  File ignored by rseqc/read_distribution because it exceeded search pattern filesize limit: covid.400.0.56_output_forward_paired_fastqc.html
[2021-12-17 00:51:42,251] multiqc                                            [DEBUG  ]  File ignored by rseqc/infer_experiment because it exceeded search pattern filesize limit: covid.400.0.56_output_forward_paired_fastqc.html
[2021-12-17 00:51:42,489] multiqc                                            [DEBUG  ]  File ignored by hicexplorer because it exceeded search pattern filesize limit: salmon_quant.log
[2021-12-17 00:51:42,499] multiqc                                            [DEBUG  ]  File ignored by longranger/invocation because it exceeded search pattern filesize limit: salmon_quant.log
[2021-12-17 00:51:42,634] multiqc                                            [DEBUG  ]  File ignored by hicexplorer because it exceeded search pattern filesize limit: ambig_info.tsv
[2021-12-17 00:51:42,644] multiqc                                            [DEBUG  ]  File ignored by longranger/invocation because it exceeded search pattern filesize limit: ambig_info.tsv
[2021-12-17 00:51:42,644] multiqc                                            [DEBUG  ]  File ignored by rockhopper because it exceeded search pattern filesize limit: ambig_info.tsv
[2021-12-17 00:51:42,644] multiqc                                            [DEBUG  ]  File ignored by rseqc/bam_stat because it exceeded search pattern filesize limit: ambig_info.tsv
[2021-12-17 00:51:42,644] multiqc                                            [DEBUG  ]  File ignored by rseqc/junction_annotation because it exceeded search pattern filesize limit: ambig_info.tsv
[2021-12-17 00:51:42,644] multiqc                                            [DEBUG  ]  File ignored by rseqc/read_distribution because it exceeded search pattern filesize limit: ambig_info.tsv
[2021-12-17 00:51:42,644] multiqc                                            [DEBUG  ]  File ignored by rseqc/infer_experiment because it exceeded search pattern filesize limit: ambig_info.tsv
[2021-12-17 00:51:42,761] multiqc                                            [DEBUG  ]  File ignored by stacks/sumstats because it exceeded search pattern filesize limit: ambig_info.tsv
[2021-12-17 00:51:47,927] multiqc                                            [DEBUG  ]  Ignoring file as matched an ignore pattern: HMN373411_S67_R1_001.fastq.gz
[2021-12-17 00:51:47,928] multiqc                                            [DEBUG  ]  Ignoring file as matched an ignore pattern: HMN373411_S67_R2_001.fastq.gz
[2021-12-17 00:51:47,928] multiqc                                            [DEBUG  ]  Ignoring file as matched an ignore pattern: covid.411.0.75_output_forward_paired.fq.gz
[2021-12-17 00:51:47,928] multiqc                                            [DEBUG  ]  Ignoring file as matched an ignore pattern: covid.411.0.75_output_reverse_paired.fq.gz
[2021-12-17 00:51:47,956] multiqc                                            [DEBUG  ]  File ignored by hicexplorer because it exceeded search pattern filesize limit: covid.411.0.75_output_forward_paired_fastqc.html
[2021-12-17 00:51:47,966] multiqc                                            [DEBUG  ]  File ignored by longranger/invocation because it exceeded search pattern filesize limit: covid.411.0.75_output_forward_paired_fastqc.html
[2021-12-17 00:51:47,966] multiqc                                            [DEBUG  ]  File ignored by rockhopper because it exceeded search pattern filesize limit: covid.411.0.75_output_forward_paired_fastqc.html
[2021-12-17 00:51:47,966] multiqc                                            [DEBUG  ]  File ignored by rseqc/bam_stat because it exceeded search pattern filesize limit: covid.411.0.75_output_forward_paired_fastqc.html
[2021-12-17 00:51:47,966] multiqc                                            [DEBUG  ]  File ignored by rseqc/junction_annotation because it exceeded search pattern filesize limit: covid.411.0.75_output_forward_paired_fastqc.html
[2021-12-17 00:51:47,967] multiqc                                            [DEBUG  ]  File ignored by rseqc/read_distribution because it exceeded search pattern filesize limit: covid.411.0.75_output_forward_paired_fastqc.html
[2021-12-17 00:51:47,967] multiqc                                            [DEBUG  ]  File ignored by rseqc/infer_experiment because it exceeded search pattern filesize limit: covid.411.0.75_output_forward_paired_fastqc.html
[2021-12-17 00:51:48,104] multiqc                                            [DEBUG  ]  File ignored by hicexplorer because it exceeded search pattern filesize limit: covid.411.0.75_output_reverse_paired_fastqc.html
[2021-12-17 00:51:48,115] multiqc                                            [DEBUG  ]  File ignored by longranger/invocation because it exceeded search pattern filesize limit: covid.411.0.75_output_reverse_paired_fastqc.html
[2021-12-17 00:51:48,115] multiqc                                            [DEBUG  ]  File ignored by rockhopper because it exceeded search pattern filesize limit: covid.411.0.75_output_reverse_paired_fastqc.html
[2021-12-17 00:51:48,115] multiqc                                            [DEBUG  ]  File ignored by rseqc/bam_stat because it exceeded search pattern filesize limit: covid.411.0.75_output_reverse_paired_fastqc.html
[2021-12-17 00:51:48,115] multiqc                                            [DEBUG  ]  File ignored by rseqc/junction_annotation because it exceeded search pattern filesize limit: covid.411.0.75_output_reverse_paired_fastqc.html
[2021-12-17 00:51:48,115] multiqc                                            [DEBUG  ]  File ignored by rseqc/read_distribution because it exceeded search pattern filesize limit: covid.411.0.75_output_reverse_paired_fastqc.html
[2021-12-17 00:51:48,115] multiqc                                            [DEBUG  ]  File ignored by rseqc/infer_experiment because it exceeded search pattern filesize limit: covid.411.0.75_output_reverse_paired_fastqc.html
[2021-12-17 00:51:48,364] multiqc                                            [DEBUG  ]  File ignored by hicexplorer because it exceeded search pattern filesize limit: salmon_quant.log
[2021-12-17 00:51:48,375] multiqc                                            [DEBUG  ]  File ignored by longranger/invocation because it exceeded search pattern filesize limit: salmon_quant.log
[2021-12-17 00:51:48,526] multiqc                                            [DEBUG  ]  File ignored by hicexplorer because it exceeded search pattern filesize limit: ambig_info.tsv
[2021-12-17 00:51:48,538] multiqc                                            [DEBUG  ]  File ignored by longranger/invocation because it exceeded search pattern filesize limit: ambig_info.tsv
[2021-12-17 00:51:48,538] multiqc                                            [DEBUG  ]  File ignored by rockhopper because it exceeded search pattern filesize limit: ambig_info.tsv
[2021-12-17 00:51:48,538] multiqc                                            [DEBUG  ]  File ignored by rseqc/bam_stat because it exceeded search pattern filesize limit: ambig_info.tsv
[2021-12-17 00:51:48,538] multiqc                                            [DEBUG  ]  File ignored by rseqc/junction_annotation because it exceeded search pattern filesize limit: ambig_info.tsv
[2021-12-17 00:51:48,538] multiqc                                            [DEBUG  ]  File ignored by rseqc/read_distribution because it exceeded search pattern filesize limit: ambig_info.tsv
[2021-12-17 00:51:48,539] multiqc                                            [DEBUG  ]  File ignored by rseqc/infer_experiment because it exceeded search pattern filesize limit: ambig_info.tsv
[2021-12-17 00:51:48,652] multiqc                                            [DEBUG  ]  File ignored by stacks/sumstats because it exceeded search pattern filesize limit: ambig_info.tsv
[2021-12-17 00:51:53,744] multiqc                                            [DEBUG  ]  Ignoring file as matched an ignore pattern: HMN373412_S69_R1_001.fastq.gz
[2021-12-17 00:51:53,744] multiqc                                            [DEBUG  ]  Ignoring file as matched an ignore pattern: HMN373412_S69_R2_001.fastq.gz
[2021-12-17 00:51:53,745] multiqc                                            [DEBUG  ]  Ignoring file as matched an ignore pattern: covid.412.0.64_output_forward_paired.fq.gz
[2021-12-17 00:51:53,745] multiqc                                            [DEBUG  ]  Ignoring file as matched an ignore pattern: covid.412.0.64_output_reverse_paired.fq.gz
[2021-12-17 00:51:53,770] multiqc                                            [DEBUG  ]  File ignored by hicexplorer because it exceeded search pattern filesize limit: covid.412.0.64_output_forward_paired_fastqc.html
[2021-12-17 00:51:53,780] multiqc                                            [DEBUG  ]  File ignored by longranger/invocation because it exceeded search pattern filesize limit: covid.412.0.64_output_forward_paired_fastqc.html
[2021-12-17 00:51:53,780] multiqc                                            [DEBUG  ]  File ignored by rockhopper because it exceeded search pattern filesize limit: covid.412.0.64_output_forward_paired_fastqc.html
[2021-12-17 00:51:53,780] multiqc                                            [DEBUG  ]  File ignored by rseqc/bam_stat because it exceeded search pattern filesize limit: covid.412.0.64_output_forward_paired_fastqc.html
[2021-12-17 00:51:53,780] multiqc                                            [DEBUG  ]  File ignored by rseqc/junction_annotation because it exceeded search pattern filesize limit: covid.412.0.64_output_forward_paired_fastqc.html
[2021-12-17 00:51:53,780] multiqc                                            [DEBUG  ]  File ignored by rseqc/read_distribution because it exceeded search pattern filesize limit: covid.412.0.64_output_forward_paired_fastqc.html
[2021-12-17 00:51:53,781] multiqc                                            [DEBUG  ]  File ignored by rseqc/infer_experiment because it exceeded search pattern filesize limit: covid.412.0.64_output_forward_paired_fastqc.html
[2021-12-17 00:51:53,922] multiqc                                            [DEBUG  ]  File ignored by hicexplorer because it exceeded search pattern filesize limit: covid.412.0.64_output_reverse_paired_fastqc.html
[2021-12-17 00:51:53,933] multiqc                                            [DEBUG  ]  File ignored by longranger/invocation because it exceeded search pattern filesize limit: covid.412.0.64_output_reverse_paired_fastqc.html
[2021-12-17 00:51:53,933] multiqc                                            [DEBUG  ]  File ignored by rockhopper because it exceeded search pattern filesize limit: covid.412.0.64_output_reverse_paired_fastqc.html
[2021-12-17 00:51:53,933] multiqc                                            [DEBUG  ]  File ignored by rseqc/bam_stat because it exceeded search pattern filesize limit: covid.412.0.64_output_reverse_paired_fastqc.html
[2021-12-17 00:51:53,933] multiqc                                            [DEBUG  ]  File ignored by rseqc/junction_annotation because it exceeded search pattern filesize limit: covid.412.0.64_output_reverse_paired_fastqc.html
[2021-12-17 00:51:53,933] multiqc                                            [DEBUG  ]  File ignored by rseqc/read_distribution because it exceeded search pattern filesize limit: covid.412.0.64_output_reverse_paired_fastqc.html
[2021-12-17 00:51:53,933] multiqc                                            [DEBUG  ]  File ignored by rseqc/infer_experiment because it exceeded search pattern filesize limit: covid.412.0.64_output_reverse_paired_fastqc.html
[2021-12-17 00:51:54,171] multiqc                                            [DEBUG  ]  File ignored by hicexplorer because it exceeded search pattern filesize limit: salmon_quant.log
[2021-12-17 00:51:54,181] multiqc                                            [DEBUG  ]  File ignored by longranger/invocation because it exceeded search pattern filesize limit: salmon_quant.log
[2021-12-17 00:51:54,319] multiqc                                            [DEBUG  ]  File ignored by hicexplorer because it exceeded search pattern filesize limit: ambig_info.tsv
[2021-12-17 00:51:54,328] multiqc                                            [DEBUG  ]  File ignored by longranger/invocation because it exceeded search pattern filesize limit: ambig_info.tsv
[2021-12-17 00:51:54,328] multiqc                                            [DEBUG  ]  File ignored by rockhopper because it exceeded search pattern filesize limit: ambig_info.tsv
[2021-12-17 00:51:54,329] multiqc                                            [DEBUG  ]  File ignored by rseqc/bam_stat because it exceeded search pattern filesize limit: ambig_info.tsv
[2021-12-17 00:51:54,329] multiqc                                            [DEBUG  ]  File ignored by rseqc/junction_annotation because it exceeded search pattern filesize limit: ambig_info.tsv
[2021-12-17 00:51:54,329] multiqc                                            [DEBUG  ]  File ignored by rseqc/read_distribution because it exceeded search pattern filesize limit: ambig_info.tsv
[2021-12-17 00:51:54,329] multiqc                                            [DEBUG  ]  File ignored by rseqc/infer_experiment because it exceeded search pattern filesize limit: ambig_info.tsv
[2021-12-17 00:51:59,593] multiqc                                            [DEBUG  ]  Ignoring file as matched an ignore pattern: HMN373426_S65_R1_001.fastq.gz
[2021-12-17 00:51:59,593] multiqc                                            [DEBUG  ]  Ignoring file as matched an ignore pattern: HMN373426_S65_R2_001.fastq.gz
[2021-12-17 00:51:59,593] multiqc                                            [DEBUG  ]  Ignoring file as matched an ignore pattern: covid.426.0.80_output_forward_paired.fq.gz
[2021-12-17 00:51:59,594] multiqc                                            [DEBUG  ]  Ignoring file as matched an ignore pattern: covid.426.0.80_output_reverse_paired.fq.gz
[2021-12-17 00:51:59,620] multiqc                                            [DEBUG  ]  File ignored by hicexplorer because it exceeded search pattern filesize limit: covid.426.0.80_output_forward_paired_fastqc.html
[2021-12-17 00:51:59,631] multiqc                                            [DEBUG  ]  File ignored by longranger/invocation because it exceeded search pattern filesize limit: covid.426.0.80_output_forward_paired_fastqc.html
[2021-12-17 00:51:59,631] multiqc                                            [DEBUG  ]  File ignored by rockhopper because it exceeded search pattern filesize limit: covid.426.0.80_output_forward_paired_fastqc.html
[2021-12-17 00:51:59,631] multiqc                                            [DEBUG  ]  File ignored by rseqc/bam_stat because it exceeded search pattern filesize limit: covid.426.0.80_output_forward_paired_fastqc.html
[2021-12-17 00:51:59,631] multiqc                                            [DEBUG  ]  File ignored by rseqc/junction_annotation because it exceeded search pattern filesize limit: covid.426.0.80_output_forward_paired_fastqc.html
[2021-12-17 00:51:59,631] multiqc                                            [DEBUG  ]  File ignored by rseqc/read_distribution because it exceeded search pattern filesize limit: covid.426.0.80_output_forward_paired_fastqc.html
[2021-12-17 00:51:59,632] multiqc                                            [DEBUG  ]  File ignored by rseqc/infer_experiment because it exceeded search pattern filesize limit: covid.426.0.80_output_forward_paired_fastqc.html
[2021-12-17 00:51:59,771] multiqc                                            [DEBUG  ]  File ignored by hicexplorer because it exceeded search pattern filesize limit: covid.426.0.80_output_reverse_paired_fastqc.html
[2021-12-17 00:51:59,781] multiqc                                            [DEBUG  ]  File ignored by longranger/invocation because it exceeded search pattern filesize limit: covid.426.0.80_output_reverse_paired_fastqc.html
[2021-12-17 00:51:59,781] multiqc                                            [DEBUG  ]  File ignored by rockhopper because it exceeded search pattern filesize limit: covid.426.0.80_output_reverse_paired_fastqc.html
[2021-12-17 00:51:59,781] multiqc                                            [DEBUG  ]  File ignored by rseqc/bam_stat because it exceeded search pattern filesize limit: covid.426.0.80_output_reverse_paired_fastqc.html
[2021-12-17 00:51:59,781] multiqc                                            [DEBUG  ]  File ignored by rseqc/junction_annotation because it exceeded search pattern filesize limit: covid.426.0.80_output_reverse_paired_fastqc.html
[2021-12-17 00:51:59,781] multiqc                                            [DEBUG  ]  File ignored by rseqc/read_distribution because it exceeded search pattern filesize limit: covid.426.0.80_output_reverse_paired_fastqc.html
[2021-12-17 00:51:59,781] multiqc                                            [DEBUG  ]  File ignored by rseqc/infer_experiment because it exceeded search pattern filesize limit: covid.426.0.80_output_reverse_paired_fastqc.html
[2021-12-17 00:52:00,026] multiqc                                            [DEBUG  ]  File ignored by hicexplorer because it exceeded search pattern filesize limit: salmon_quant.log
[2021-12-17 00:52:00,035] multiqc                                            [DEBUG  ]  File ignored by longranger/invocation because it exceeded search pattern filesize limit: salmon_quant.log
[2021-12-17 00:52:00,171] multiqc                                            [DEBUG  ]  File ignored by hicexplorer because it exceeded search pattern filesize limit: ambig_info.tsv
[2021-12-17 00:52:00,180] multiqc                                            [DEBUG  ]  File ignored by longranger/invocation because it exceeded search pattern filesize limit: ambig_info.tsv
[2021-12-17 00:52:00,180] multiqc                                            [DEBUG  ]  File ignored by rockhopper because it exceeded search pattern filesize limit: ambig_info.tsv
[2021-12-17 00:52:00,181] multiqc                                            [DEBUG  ]  File ignored by rseqc/bam_stat because it exceeded search pattern filesize limit: ambig_info.tsv
[2021-12-17 00:52:00,181] multiqc                                            [DEBUG  ]  File ignored by rseqc/junction_annotation because it exceeded search pattern filesize limit: ambig_info.tsv
[2021-12-17 00:52:00,181] multiqc                                            [DEBUG  ]  File ignored by rseqc/read_distribution because it exceeded search pattern filesize limit: ambig_info.tsv
[2021-12-17 00:52:00,181] multiqc                                            [DEBUG  ]  File ignored by rseqc/infer_experiment because it exceeded search pattern filesize limit: ambig_info.tsv
[2021-12-17 00:52:00,297] multiqc                                            [DEBUG  ]  File ignored by stacks/sumstats because it exceeded search pattern filesize limit: ambig_info.tsv
[2021-12-17 00:52:05,290] multiqc                                            [DEBUG  ]  Ignoring file as matched an ignore pattern: HMN373427_S66_R1_001.fastq.gz
[2021-12-17 00:52:05,290] multiqc                                            [DEBUG  ]  Ignoring file as matched an ignore pattern: HMN373427_S66_R2_001.fastq.gz
[2021-12-17 00:52:05,290] multiqc                                            [DEBUG  ]  Ignoring file as matched an ignore pattern: covid.427.0.80_output_forward_paired.fq.gz
[2021-12-17 00:52:05,290] multiqc                                            [DEBUG  ]  Ignoring file as matched an ignore pattern: covid.427.0.80_output_reverse_paired.fq.gz
[2021-12-17 00:52:05,316] multiqc                                            [DEBUG  ]  File ignored by hicexplorer because it exceeded search pattern filesize limit: covid.427.0.80_output_forward_paired_fastqc.html
[2021-12-17 00:52:05,326] multiqc                                            [DEBUG  ]  File ignored by longranger/invocation because it exceeded search pattern filesize limit: covid.427.0.80_output_forward_paired_fastqc.html
[2021-12-17 00:52:05,326] multiqc                                            [DEBUG  ]  File ignored by rockhopper because it exceeded search pattern filesize limit: covid.427.0.80_output_forward_paired_fastqc.html
[2021-12-17 00:52:05,326] multiqc                                            [DEBUG  ]  File ignored by rseqc/bam_stat because it exceeded search pattern filesize limit: covid.427.0.80_output_forward_paired_fastqc.html
[2021-12-17 00:52:05,326] multiqc                                            [DEBUG  ]  File ignored by rseqc/junction_annotation because it exceeded search pattern filesize limit: covid.427.0.80_output_forward_paired_fastqc.html
[2021-12-17 00:52:05,326] multiqc                                            [DEBUG  ]  File ignored by rseqc/read_distribution because it exceeded search pattern filesize limit: covid.427.0.80_output_forward_paired_fastqc.html
[2021-12-17 00:52:05,327] multiqc                                            [DEBUG  ]  File ignored by rseqc/infer_experiment because it exceeded search pattern filesize limit: covid.427.0.80_output_forward_paired_fastqc.html
[2021-12-17 00:52:05,464] multiqc                                            [DEBUG  ]  File ignored by hicexplorer because it exceeded search pattern filesize limit: covid.427.0.80_output_reverse_paired_fastqc.html
[2021-12-17 00:52:05,475] multiqc                                            [DEBUG  ]  File ignored by longranger/invocation because it exceeded search pattern filesize limit: covid.427.0.80_output_reverse_paired_fastqc.html
[2021-12-17 00:52:05,475] multiqc                                            [DEBUG  ]  File ignored by rockhopper because it exceeded search pattern filesize limit: covid.427.0.80_output_reverse_paired_fastqc.html
[2021-12-17 00:52:05,475] multiqc                                            [DEBUG  ]  File ignored by rseqc/bam_stat because it exceeded search pattern filesize limit: covid.427.0.80_output_reverse_paired_fastqc.html
[2021-12-17 00:52:05,475] multiqc                                            [DEBUG  ]  File ignored by rseqc/junction_annotation because it exceeded search pattern filesize limit: covid.427.0.80_output_reverse_paired_fastqc.html
[2021-12-17 00:52:05,475] multiqc                                            [DEBUG  ]  File ignored by rseqc/read_distribution because it exceeded search pattern filesize limit: covid.427.0.80_output_reverse_paired_fastqc.html
[2021-12-17 00:52:05,475] multiqc                                            [DEBUG  ]  File ignored by rseqc/infer_experiment because it exceeded search pattern filesize limit: covid.427.0.80_output_reverse_paired_fastqc.html
[2021-12-17 00:52:05,715] multiqc                                            [DEBUG  ]  File ignored by hicexplorer because it exceeded search pattern filesize limit: salmon_quant.log
[2021-12-17 00:52:05,725] multiqc                                            [DEBUG  ]  File ignored by longranger/invocation because it exceeded search pattern filesize limit: salmon_quant.log
[2021-12-17 00:52:05,861] multiqc                                            [DEBUG  ]  File ignored by hicexplorer because it exceeded search pattern filesize limit: ambig_info.tsv
[2021-12-17 00:52:05,871] multiqc                                            [DEBUG  ]  File ignored by longranger/invocation because it exceeded search pattern filesize limit: ambig_info.tsv
[2021-12-17 00:52:05,871] multiqc                                            [DEBUG  ]  File ignored by rockhopper because it exceeded search pattern filesize limit: ambig_info.tsv
[2021-12-17 00:52:05,871] multiqc                                            [DEBUG  ]  File ignored by rseqc/bam_stat because it exceeded search pattern filesize limit: ambig_info.tsv
[2021-12-17 00:52:05,871] multiqc                                            [DEBUG  ]  File ignored by rseqc/junction_annotation because it exceeded search pattern filesize limit: ambig_info.tsv
[2021-12-17 00:52:05,871] multiqc                                            [DEBUG  ]  File ignored by rseqc/read_distribution because it exceeded search pattern filesize limit: ambig_info.tsv
[2021-12-17 00:52:05,871] multiqc                                            [DEBUG  ]  File ignored by rseqc/infer_experiment because it exceeded search pattern filesize limit: ambig_info.tsv
[2021-12-17 00:52:11,063] multiqc                                            [DEBUG  ]  Ignoring file as matched an ignore pattern: HMN373432_S74_R1_001.fastq.gz
[2021-12-17 00:52:11,063] multiqc                                            [DEBUG  ]  Ignoring file as matched an ignore pattern: HMN373432_S74_R2_001.fastq.gz
[2021-12-17 00:52:11,063] multiqc                                            [DEBUG  ]  Ignoring file as matched an ignore pattern: covid.432.0.58_output_forward_paired.fq.gz
[2021-12-17 00:52:11,064] multiqc                                            [DEBUG  ]  Ignoring file as matched an ignore pattern: covid.432.0.58_output_reverse_paired.fq.gz
[2021-12-17 00:52:11,093] multiqc                                            [DEBUG  ]  File ignored by hicexplorer because it exceeded search pattern filesize limit: covid.432.0.58_output_reverse_paired_fastqc.html
[2021-12-17 00:52:11,103] multiqc                                            [DEBUG  ]  File ignored by longranger/invocation because it exceeded search pattern filesize limit: covid.432.0.58_output_reverse_paired_fastqc.html
[2021-12-17 00:52:11,103] multiqc                                            [DEBUG  ]  File ignored by rockhopper because it exceeded search pattern filesize limit: covid.432.0.58_output_reverse_paired_fastqc.html
[2021-12-17 00:52:11,103] multiqc                                            [DEBUG  ]  File ignored by rseqc/bam_stat because it exceeded search pattern filesize limit: covid.432.0.58_output_reverse_paired_fastqc.html
[2021-12-17 00:52:11,103] multiqc                                            [DEBUG  ]  File ignored by rseqc/junction_annotation because it exceeded search pattern filesize limit: covid.432.0.58_output_reverse_paired_fastqc.html
[2021-12-17 00:52:11,104] multiqc                                            [DEBUG  ]  File ignored by rseqc/read_distribution because it exceeded search pattern filesize limit: covid.432.0.58_output_reverse_paired_fastqc.html
[2021-12-17 00:52:11,104] multiqc                                            [DEBUG  ]  File ignored by rseqc/infer_experiment because it exceeded search pattern filesize limit: covid.432.0.58_output_reverse_paired_fastqc.html
[2021-12-17 00:52:11,245] multiqc                                            [DEBUG  ]  File ignored by hicexplorer because it exceeded search pattern filesize limit: covid.432.0.58_output_forward_paired_fastqc.html
[2021-12-17 00:52:11,256] multiqc                                            [DEBUG  ]  File ignored by longranger/invocation because it exceeded search pattern filesize limit: covid.432.0.58_output_forward_paired_fastqc.html
[2021-12-17 00:52:11,256] multiqc                                            [DEBUG  ]  File ignored by rockhopper because it exceeded search pattern filesize limit: covid.432.0.58_output_forward_paired_fastqc.html
[2021-12-17 00:52:11,256] multiqc                                            [DEBUG  ]  File ignored by rseqc/bam_stat because it exceeded search pattern filesize limit: covid.432.0.58_output_forward_paired_fastqc.html
[2021-12-17 00:52:11,256] multiqc                                            [DEBUG  ]  File ignored by rseqc/junction_annotation because it exceeded search pattern filesize limit: covid.432.0.58_output_forward_paired_fastqc.html
[2021-12-17 00:52:11,256] multiqc                                            [DEBUG  ]  File ignored by rseqc/read_distribution because it exceeded search pattern filesize limit: covid.432.0.58_output_forward_paired_fastqc.html
[2021-12-17 00:52:11,256] multiqc                                            [DEBUG  ]  File ignored by rseqc/infer_experiment because it exceeded search pattern filesize limit: covid.432.0.58_output_forward_paired_fastqc.html
[2021-12-17 00:52:11,498] multiqc                                            [DEBUG  ]  File ignored by hicexplorer because it exceeded search pattern filesize limit: salmon_quant.log
[2021-12-17 00:52:11,509] multiqc                                            [DEBUG  ]  File ignored by longranger/invocation because it exceeded search pattern filesize limit: salmon_quant.log
[2021-12-17 00:52:11,653] multiqc                                            [DEBUG  ]  File ignored by hicexplorer because it exceeded search pattern filesize limit: ambig_info.tsv
[2021-12-17 00:52:11,664] multiqc                                            [DEBUG  ]  File ignored by longranger/invocation because it exceeded search pattern filesize limit: ambig_info.tsv
[2021-12-17 00:52:11,664] multiqc                                            [DEBUG  ]  File ignored by rockhopper because it exceeded search pattern filesize limit: ambig_info.tsv
[2021-12-17 00:52:11,664] multiqc                                            [DEBUG  ]  File ignored by rseqc/bam_stat because it exceeded search pattern filesize limit: ambig_info.tsv
[2021-12-17 00:52:11,664] multiqc                                            [DEBUG  ]  File ignored by rseqc/junction_annotation because it exceeded search pattern filesize limit: ambig_info.tsv
[2021-12-17 00:52:11,664] multiqc                                            [DEBUG  ]  File ignored by rseqc/read_distribution because it exceeded search pattern filesize limit: ambig_info.tsv
[2021-12-17 00:52:11,665] multiqc                                            [DEBUG  ]  File ignored by rseqc/infer_experiment because it exceeded search pattern filesize limit: ambig_info.tsv
[2021-12-17 00:52:16,877] multiqc                                            [DEBUG  ]  Ignoring file as matched an ignore pattern: HMN373440_S71_R1_001.fastq.gz
[2021-12-17 00:52:16,877] multiqc                                            [DEBUG  ]  Ignoring file as matched an ignore pattern: HMN373440_S71_R2_001.fastq.gz
[2021-12-17 00:52:16,878] multiqc                                            [DEBUG  ]  Ignoring file as matched an ignore pattern: covid.440.0.60_output_forward_paired.fq.gz
[2021-12-17 00:52:16,878] multiqc                                            [DEBUG  ]  Ignoring file as matched an ignore pattern: covid.440.0.60_output_reverse_paired.fq.gz
[2021-12-17 00:52:16,905] multiqc                                            [DEBUG  ]  File ignored by hicexplorer because it exceeded search pattern filesize limit: covid.440.0.60_output_forward_paired_fastqc.html
[2021-12-17 00:52:16,916] multiqc                                            [DEBUG  ]  File ignored by longranger/invocation because it exceeded search pattern filesize limit: covid.440.0.60_output_forward_paired_fastqc.html
[2021-12-17 00:52:16,916] multiqc                                            [DEBUG  ]  File ignored by rockhopper because it exceeded search pattern filesize limit: covid.440.0.60_output_forward_paired_fastqc.html
[2021-12-17 00:52:16,917] multiqc                                            [DEBUG  ]  File ignored by rseqc/bam_stat because it exceeded search pattern filesize limit: covid.440.0.60_output_forward_paired_fastqc.html
[2021-12-17 00:52:16,917] multiqc                                            [DEBUG  ]  File ignored by rseqc/junction_annotation because it exceeded search pattern filesize limit: covid.440.0.60_output_forward_paired_fastqc.html
[2021-12-17 00:52:16,917] multiqc                                            [DEBUG  ]  File ignored by rseqc/read_distribution because it exceeded search pattern filesize limit: covid.440.0.60_output_forward_paired_fastqc.html
[2021-12-17 00:52:16,917] multiqc                                            [DEBUG  ]  File ignored by rseqc/infer_experiment because it exceeded search pattern filesize limit: covid.440.0.60_output_forward_paired_fastqc.html
[2021-12-17 00:52:17,059] multiqc                                            [DEBUG  ]  File ignored by hicexplorer because it exceeded search pattern filesize limit: covid.440.0.60_output_reverse_paired_fastqc.html
[2021-12-17 00:52:17,070] multiqc                                            [DEBUG  ]  File ignored by longranger/invocation because it exceeded search pattern filesize limit: covid.440.0.60_output_reverse_paired_fastqc.html
[2021-12-17 00:52:17,070] multiqc                                            [DEBUG  ]  File ignored by rockhopper because it exceeded search pattern filesize limit: covid.440.0.60_output_reverse_paired_fastqc.html
[2021-12-17 00:52:17,070] multiqc                                            [DEBUG  ]  File ignored by rseqc/bam_stat because it exceeded search pattern filesize limit: covid.440.0.60_output_reverse_paired_fastqc.html
[2021-12-17 00:52:17,070] multiqc                                            [DEBUG  ]  File ignored by rseqc/junction_annotation because it exceeded search pattern filesize limit: covid.440.0.60_output_reverse_paired_fastqc.html
[2021-12-17 00:52:17,071] multiqc                                            [DEBUG  ]  File ignored by rseqc/read_distribution because it exceeded search pattern filesize limit: covid.440.0.60_output_reverse_paired_fastqc.html
[2021-12-17 00:52:17,071] multiqc                                            [DEBUG  ]  File ignored by rseqc/infer_experiment because it exceeded search pattern filesize limit: covid.440.0.60_output_reverse_paired_fastqc.html
[2021-12-17 00:52:17,312] multiqc                                            [DEBUG  ]  File ignored by hicexplorer because it exceeded search pattern filesize limit: salmon_quant.log
[2021-12-17 00:52:17,323] multiqc                                            [DEBUG  ]  File ignored by longranger/invocation because it exceeded search pattern filesize limit: salmon_quant.log
[2021-12-17 00:52:17,464] multiqc                                            [DEBUG  ]  File ignored by hicexplorer because it exceeded search pattern filesize limit: ambig_info.tsv
[2021-12-17 00:52:17,474] multiqc                                            [DEBUG  ]  File ignored by longranger/invocation because it exceeded search pattern filesize limit: ambig_info.tsv
[2021-12-17 00:52:17,474] multiqc                                            [DEBUG  ]  File ignored by rockhopper because it exceeded search pattern filesize limit: ambig_info.tsv
[2021-12-17 00:52:17,475] multiqc                                            [DEBUG  ]  File ignored by rseqc/bam_stat because it exceeded search pattern filesize limit: ambig_info.tsv
[2021-12-17 00:52:17,475] multiqc                                            [DEBUG  ]  File ignored by rseqc/junction_annotation because it exceeded search pattern filesize limit: ambig_info.tsv
[2021-12-17 00:52:17,475] multiqc                                            [DEBUG  ]  File ignored by rseqc/read_distribution because it exceeded search pattern filesize limit: ambig_info.tsv
[2021-12-17 00:52:17,475] multiqc                                            [DEBUG  ]  File ignored by rseqc/infer_experiment because it exceeded search pattern filesize limit: ambig_info.tsv
[2021-12-17 00:52:22,745] multiqc                                            [DEBUG  ]  Ignoring file as matched an ignore pattern: HMN373441_S75_R1_001.fastq.gz
[2021-12-17 00:52:22,745] multiqc                                            [DEBUG  ]  Ignoring file as matched an ignore pattern: HMN373441_S75_R2_001.fastq.gz
[2021-12-17 00:52:22,746] multiqc                                            [DEBUG  ]  Ignoring file as matched an ignore pattern: covid.441.0.64_output_forward_paired.fq.gz
[2021-12-17 00:52:22,746] multiqc                                            [DEBUG  ]  Ignoring file as matched an ignore pattern: covid.441.0.64_output_reverse_paired.fq.gz
[2021-12-17 00:52:22,772] multiqc                                            [DEBUG  ]  File ignored by hicexplorer because it exceeded search pattern filesize limit: covid.441.0.64_output_forward_paired_fastqc.html
[2021-12-17 00:52:22,782] multiqc                                            [DEBUG  ]  File ignored by longranger/invocation because it exceeded search pattern filesize limit: covid.441.0.64_output_forward_paired_fastqc.html
[2021-12-17 00:52:22,783] multiqc                                            [DEBUG  ]  File ignored by rockhopper because it exceeded search pattern filesize limit: covid.441.0.64_output_forward_paired_fastqc.html
[2021-12-17 00:52:22,783] multiqc                                            [DEBUG  ]  File ignored by rseqc/bam_stat because it exceeded search pattern filesize limit: covid.441.0.64_output_forward_paired_fastqc.html
[2021-12-17 00:52:22,783] multiqc                                            [DEBUG  ]  File ignored by rseqc/junction_annotation because it exceeded search pattern filesize limit: covid.441.0.64_output_forward_paired_fastqc.html
[2021-12-17 00:52:22,783] multiqc                                            [DEBUG  ]  File ignored by rseqc/read_distribution because it exceeded search pattern filesize limit: covid.441.0.64_output_forward_paired_fastqc.html
[2021-12-17 00:52:22,783] multiqc                                            [DEBUG  ]  File ignored by rseqc/infer_experiment because it exceeded search pattern filesize limit: covid.441.0.64_output_forward_paired_fastqc.html
[2021-12-17 00:52:22,924] multiqc                                            [DEBUG  ]  File ignored by hicexplorer because it exceeded search pattern filesize limit: covid.441.0.64_output_reverse_paired_fastqc.html
[2021-12-17 00:52:22,936] multiqc                                            [DEBUG  ]  File ignored by longranger/invocation because it exceeded search pattern filesize limit: covid.441.0.64_output_reverse_paired_fastqc.html
[2021-12-17 00:52:22,936] multiqc                                            [DEBUG  ]  File ignored by rockhopper because it exceeded search pattern filesize limit: covid.441.0.64_output_reverse_paired_fastqc.html
[2021-12-17 00:52:22,936] multiqc                                            [DEBUG  ]  File ignored by rseqc/bam_stat because it exceeded search pattern filesize limit: covid.441.0.64_output_reverse_paired_fastqc.html
[2021-12-17 00:52:22,936] multiqc                                            [DEBUG  ]  File ignored by rseqc/junction_annotation because it exceeded search pattern filesize limit: covid.441.0.64_output_reverse_paired_fastqc.html
[2021-12-17 00:52:22,936] multiqc                                            [DEBUG  ]  File ignored by rseqc/read_distribution because it exceeded search pattern filesize limit: covid.441.0.64_output_reverse_paired_fastqc.html
[2021-12-17 00:52:22,936] multiqc                                            [DEBUG  ]  File ignored by rseqc/infer_experiment because it exceeded search pattern filesize limit: covid.441.0.64_output_reverse_paired_fastqc.html
[2021-12-17 00:52:23,185] multiqc                                            [DEBUG  ]  File ignored by hicexplorer because it exceeded search pattern filesize limit: salmon_quant.log
[2021-12-17 00:52:23,196] multiqc                                            [DEBUG  ]  File ignored by longranger/invocation because it exceeded search pattern filesize limit: salmon_quant.log
[2021-12-17 00:52:23,338] multiqc                                            [DEBUG  ]  File ignored by hicexplorer because it exceeded search pattern filesize limit: ambig_info.tsv
[2021-12-17 00:52:23,349] multiqc                                            [DEBUG  ]  File ignored by longranger/invocation because it exceeded search pattern filesize limit: ambig_info.tsv
[2021-12-17 00:52:23,349] multiqc                                            [DEBUG  ]  File ignored by rockhopper because it exceeded search pattern filesize limit: ambig_info.tsv
[2021-12-17 00:52:23,349] multiqc                                            [DEBUG  ]  File ignored by rseqc/bam_stat because it exceeded search pattern filesize limit: ambig_info.tsv
[2021-12-17 00:52:23,349] multiqc                                            [DEBUG  ]  File ignored by rseqc/junction_annotation because it exceeded search pattern filesize limit: ambig_info.tsv
[2021-12-17 00:52:23,349] multiqc                                            [DEBUG  ]  File ignored by rseqc/read_distribution because it exceeded search pattern filesize limit: ambig_info.tsv
[2021-12-17 00:52:23,350] multiqc                                            [DEBUG  ]  File ignored by rseqc/infer_experiment because it exceeded search pattern filesize limit: ambig_info.tsv
[2021-12-17 00:52:28,579] multiqc                                            [DEBUG  ]  Ignoring file as matched an ignore pattern: HMN373442_S72_R1_001.fastq.gz
[2021-12-17 00:52:28,579] multiqc                                            [DEBUG  ]  Ignoring file as matched an ignore pattern: HMN373442_S72_R2_001.fastq.gz
[2021-12-17 00:52:28,579] multiqc                                            [DEBUG  ]  Ignoring file as matched an ignore pattern: covid.442.0.61_output_forward_paired.fq.gz
[2021-12-17 00:52:28,580] multiqc                                            [DEBUG  ]  Ignoring file as matched an ignore pattern: covid.442.0.61_output_reverse_paired.fq.gz
[2021-12-17 00:52:28,608] multiqc                                            [DEBUG  ]  File ignored by hicexplorer because it exceeded search pattern filesize limit: covid.442.0.61_output_forward_paired_fastqc.html
[2021-12-17 00:52:28,620] multiqc                                            [DEBUG  ]  File ignored by longranger/invocation because it exceeded search pattern filesize limit: covid.442.0.61_output_forward_paired_fastqc.html
[2021-12-17 00:52:28,620] multiqc                                            [DEBUG  ]  File ignored by rockhopper because it exceeded search pattern filesize limit: covid.442.0.61_output_forward_paired_fastqc.html
[2021-12-17 00:52:28,620] multiqc                                            [DEBUG  ]  File ignored by rseqc/bam_stat because it exceeded search pattern filesize limit: covid.442.0.61_output_forward_paired_fastqc.html
[2021-12-17 00:52:28,620] multiqc                                            [DEBUG  ]  File ignored by rseqc/junction_annotation because it exceeded search pattern filesize limit: covid.442.0.61_output_forward_paired_fastqc.html
[2021-12-17 00:52:28,621] multiqc                                            [DEBUG  ]  File ignored by rseqc/read_distribution because it exceeded search pattern filesize limit: covid.442.0.61_output_forward_paired_fastqc.html
[2021-12-17 00:52:28,621] multiqc                                            [DEBUG  ]  File ignored by rseqc/infer_experiment because it exceeded search pattern filesize limit: covid.442.0.61_output_forward_paired_fastqc.html
[2021-12-17 00:52:28,763] multiqc                                            [DEBUG  ]  File ignored by hicexplorer because it exceeded search pattern filesize limit: covid.442.0.61_output_reverse_paired_fastqc.html
[2021-12-17 00:52:28,775] multiqc                                            [DEBUG  ]  File ignored by longranger/invocation because it exceeded search pattern filesize limit: covid.442.0.61_output_reverse_paired_fastqc.html
[2021-12-17 00:52:28,775] multiqc                                            [DEBUG  ]  File ignored by rockhopper because it exceeded search pattern filesize limit: covid.442.0.61_output_reverse_paired_fastqc.html
[2021-12-17 00:52:28,775] multiqc                                            [DEBUG  ]  File ignored by rseqc/bam_stat because it exceeded search pattern filesize limit: covid.442.0.61_output_reverse_paired_fastqc.html
[2021-12-17 00:52:28,775] multiqc                                            [DEBUG  ]  File ignored by rseqc/junction_annotation because it exceeded search pattern filesize limit: covid.442.0.61_output_reverse_paired_fastqc.html
[2021-12-17 00:52:28,775] multiqc                                            [DEBUG  ]  File ignored by rseqc/read_distribution because it exceeded search pattern filesize limit: covid.442.0.61_output_reverse_paired_fastqc.html
[2021-12-17 00:52:28,775] multiqc                                            [DEBUG  ]  File ignored by rseqc/infer_experiment because it exceeded search pattern filesize limit: covid.442.0.61_output_reverse_paired_fastqc.html
[2021-12-17 00:52:29,033] multiqc                                            [DEBUG  ]  File ignored by hicexplorer because it exceeded search pattern filesize limit: salmon_quant.log
[2021-12-17 00:52:29,045] multiqc                                            [DEBUG  ]  File ignored by longranger/invocation because it exceeded search pattern filesize limit: salmon_quant.log
[2021-12-17 00:52:29,191] multiqc                                            [DEBUG  ]  File ignored by hicexplorer because it exceeded search pattern filesize limit: ambig_info.tsv
[2021-12-17 00:52:29,203] multiqc                                            [DEBUG  ]  File ignored by longranger/invocation because it exceeded search pattern filesize limit: ambig_info.tsv
[2021-12-17 00:52:29,203] multiqc                                            [DEBUG  ]  File ignored by rockhopper because it exceeded search pattern filesize limit: ambig_info.tsv
[2021-12-17 00:52:29,203] multiqc                                            [DEBUG  ]  File ignored by rseqc/bam_stat because it exceeded search pattern filesize limit: ambig_info.tsv
[2021-12-17 00:52:29,203] multiqc                                            [DEBUG  ]  File ignored by rseqc/junction_annotation because it exceeded search pattern filesize limit: ambig_info.tsv
[2021-12-17 00:52:29,203] multiqc                                            [DEBUG  ]  File ignored by rseqc/read_distribution because it exceeded search pattern filesize limit: ambig_info.tsv
[2021-12-17 00:52:29,203] multiqc                                            [DEBUG  ]  File ignored by rseqc/infer_experiment because it exceeded search pattern filesize limit: ambig_info.tsv
[2021-12-17 00:52:34,420] multiqc                                            [DEBUG  ]  Ignoring file as matched an ignore pattern: HMN373450_S73_R1_001.fastq.gz
[2021-12-17 00:52:34,421] multiqc                                            [DEBUG  ]  Ignoring file as matched an ignore pattern: HMN373450_S73_R2_001.fastq.gz
[2021-12-17 00:52:34,421] multiqc                                            [DEBUG  ]  Ignoring file as matched an ignore pattern: covid.450.0.84_output_forward_paired.fq.gz
[2021-12-17 00:52:34,422] multiqc                                            [DEBUG  ]  Ignoring file as matched an ignore pattern: covid.450.0.84_output_reverse_paired.fq.gz
[2021-12-17 00:52:34,453] multiqc                                            [DEBUG  ]  File ignored by hicexplorer because it exceeded search pattern filesize limit: covid.450.0.84_output_forward_paired_fastqc.html
[2021-12-17 00:52:34,465] multiqc                                            [DEBUG  ]  File ignored by longranger/invocation because it exceeded search pattern filesize limit: covid.450.0.84_output_forward_paired_fastqc.html
[2021-12-17 00:52:34,465] multiqc                                            [DEBUG  ]  File ignored by rockhopper because it exceeded search pattern filesize limit: covid.450.0.84_output_forward_paired_fastqc.html
[2021-12-17 00:52:34,465] multiqc                                            [DEBUG  ]  File ignored by rseqc/bam_stat because it exceeded search pattern filesize limit: covid.450.0.84_output_forward_paired_fastqc.html
[2021-12-17 00:52:34,465] multiqc                                            [DEBUG  ]  File ignored by rseqc/junction_annotation because it exceeded search pattern filesize limit: covid.450.0.84_output_forward_paired_fastqc.html
[2021-12-17 00:52:34,466] multiqc                                            [DEBUG  ]  File ignored by rseqc/read_distribution because it exceeded search pattern filesize limit: covid.450.0.84_output_forward_paired_fastqc.html
[2021-12-17 00:52:34,466] multiqc                                            [DEBUG  ]  File ignored by rseqc/infer_experiment because it exceeded search pattern filesize limit: covid.450.0.84_output_forward_paired_fastqc.html
[2021-12-17 00:52:34,609] multiqc                                            [DEBUG  ]  File ignored by hicexplorer because it exceeded search pattern filesize limit: covid.450.0.84_output_reverse_paired_fastqc.html
[2021-12-17 00:52:34,621] multiqc                                            [DEBUG  ]  File ignored by longranger/invocation because it exceeded search pattern filesize limit: covid.450.0.84_output_reverse_paired_fastqc.html
[2021-12-17 00:52:34,621] multiqc                                            [DEBUG  ]  File ignored by rockhopper because it exceeded search pattern filesize limit: covid.450.0.84_output_reverse_paired_fastqc.html
[2021-12-17 00:52:34,621] multiqc                                            [DEBUG  ]  File ignored by rseqc/bam_stat because it exceeded search pattern filesize limit: covid.450.0.84_output_reverse_paired_fastqc.html
[2021-12-17 00:52:34,621] multiqc                                            [DEBUG  ]  File ignored by rseqc/junction_annotation because it exceeded search pattern filesize limit: covid.450.0.84_output_reverse_paired_fastqc.html
[2021-12-17 00:52:34,621] multiqc                                            [DEBUG  ]  File ignored by rseqc/read_distribution because it exceeded search pattern filesize limit: covid.450.0.84_output_reverse_paired_fastqc.html
[2021-12-17 00:52:34,621] multiqc                                            [DEBUG  ]  File ignored by rseqc/infer_experiment because it exceeded search pattern filesize limit: covid.450.0.84_output_reverse_paired_fastqc.html
[2021-12-17 00:52:34,878] multiqc                                            [DEBUG  ]  File ignored by hicexplorer because it exceeded search pattern filesize limit: salmon_quant.log
[2021-12-17 00:52:34,889] multiqc                                            [DEBUG  ]  File ignored by longranger/invocation because it exceeded search pattern filesize limit: salmon_quant.log
[2021-12-17 00:52:35,036] multiqc                                            [DEBUG  ]  File ignored by hicexplorer because it exceeded search pattern filesize limit: ambig_info.tsv
[2021-12-17 00:52:35,047] multiqc                                            [DEBUG  ]  File ignored by longranger/invocation because it exceeded search pattern filesize limit: ambig_info.tsv
[2021-12-17 00:52:35,048] multiqc                                            [DEBUG  ]  File ignored by rockhopper because it exceeded search pattern filesize limit: ambig_info.tsv
[2021-12-17 00:52:35,048] multiqc                                            [DEBUG  ]  File ignored by rseqc/bam_stat because it exceeded search pattern filesize limit: ambig_info.tsv
[2021-12-17 00:52:35,048] multiqc                                            [DEBUG  ]  File ignored by rseqc/junction_annotation because it exceeded search pattern filesize limit: ambig_info.tsv
[2021-12-17 00:52:35,048] multiqc                                            [DEBUG  ]  File ignored by rseqc/read_distribution because it exceeded search pattern filesize limit: ambig_info.tsv
[2021-12-17 00:52:35,048] multiqc                                            [DEBUG  ]  File ignored by rseqc/infer_experiment because it exceeded search pattern filesize limit: ambig_info.tsv
[2021-12-17 00:52:41,127] multiqc.plots.bargraph                             [DEBUG  ]  Using matplotlib version 3.1.3
[2021-12-17 00:52:41,129] multiqc.plots.linegraph                            [DEBUG  ]  Using matplotlib version 3.1.3
[2021-12-17 00:52:41,132] multiqc                                            [DEBUG  ]  No samples found: custom_content
[2021-12-17 00:52:41,141] multiqc                                            [DEBUG  ]  No samples found: conpair
[2021-12-17 00:52:41,149] multiqc                                            [DEBUG  ]  No samples found: peddy
[2021-12-17 00:52:41,158] multiqc                                            [DEBUG  ]  No samples found: somalier
[2021-12-17 00:52:41,166] multiqc                                            [DEBUG  ]  No samples found: methylQA
[2021-12-17 00:52:41,179] multiqc                                            [DEBUG  ]  No samples found: mosdepth
[2021-12-17 00:52:41,187] multiqc                                            [DEBUG  ]  No samples found: phantompeakqualtools
[2021-12-17 00:52:41,194] multiqc                                            [DEBUG  ]  No samples found: qualimap
[2021-12-17 00:52:41,202] multiqc                                            [DEBUG  ]  No samples found: preseq
[2021-12-17 00:52:41,210] multiqc                                            [DEBUG  ]  No samples found: quast
[2021-12-17 00:52:41,219] multiqc                                            [DEBUG  ]  No samples found: qorts
[2021-12-17 00:52:41,227] multiqc                                            [DEBUG  ]  No samples found: rna_seqc
[2021-12-17 00:52:41,236] multiqc                                            [DEBUG  ]  No samples found: rockhopper
[2021-12-17 00:52:41,244] multiqc                                            [DEBUG  ]  No samples found: rsem
[2021-12-17 00:52:41,264] multiqc                                            [DEBUG  ]  No samples found: rseqc
[2021-12-17 00:52:41,272] multiqc                                            [DEBUG  ]  No samples found: busco
[2021-12-17 00:52:41,281] multiqc                                            [DEBUG  ]  No samples found: goleft_indexcov
[2021-12-17 00:52:41,289] multiqc                                            [DEBUG  ]  No samples found: disambiguate
[2021-12-17 00:52:41,298] multiqc                                            [DEBUG  ]  No samples found: supernova
[2021-12-17 00:52:41,317] multiqc                                            [DEBUG  ]  No samples found: deeptools
[2021-12-17 00:52:41,325] multiqc                                            [DEBUG  ]  No samples found: sargasso
[2021-12-17 00:52:41,334] multiqc                                            [DEBUG  ]  No samples found: verifybamid
[2021-12-17 00:52:41,342] multiqc                                            [DEBUG  ]  No samples found: mirtrace
[2021-12-17 00:52:41,351] multiqc                                            [DEBUG  ]  No samples found: happy
[2021-12-17 00:52:41,359] multiqc                                            [DEBUG  ]  No samples found: mirtop
[2021-12-17 00:52:41,370] multiqc                                            [DEBUG  ]  No samples found: homer
[2021-12-17 00:52:41,379] multiqc                                            [DEBUG  ]  No samples found: macs2
[2021-12-17 00:52:41,387] multiqc                                            [DEBUG  ]  No samples found: theta2
[2021-12-17 00:52:41,395] multiqc                                            [DEBUG  ]  No samples found: snpeff
[2021-12-17 00:52:41,406] multiqc                                            [DEBUG  ]  No samples found: gatk
[2021-12-17 00:52:41,414] multiqc                                            [DEBUG  ]  No samples found: htseq
[2021-12-17 00:52:41,424] multiqc                                            [DEBUG  ]  No samples found: bcftools
[2021-12-17 00:52:41,433] multiqc                                            [DEBUG  ]  No samples found: featureCounts
[2021-12-17 00:52:41,443] multiqc                                            [DEBUG  ]  No samples found: fgbio
[2021-12-17 00:52:41,461] multiqc                                            [DEBUG  ]  No samples found: dragen
[2021-12-17 00:52:41,469] multiqc                                            [DEBUG  ]  No samples found: dedup
[2021-12-17 00:52:41,478] multiqc                                            [DEBUG  ]  No samples found: damageprofiler
[2021-12-17 00:52:41,508] multiqc                                            [DEBUG  ]  No samples found: biobambam2
[2021-12-17 00:52:41,516] multiqc                                            [DEBUG  ]  No samples found: mtnucratio
[2021-12-17 00:52:41,521] multiqc                                            [DEBUG  ]  No samples found: picard
[2021-12-17 00:52:41,530] multiqc                                            [DEBUG  ]  No samples found: prokka
[2021-12-17 00:52:41,538] multiqc                                            [DEBUG  ]  No samples found: samblaster
[2021-12-17 00:52:41,551] multiqc                                            [DEBUG  ]  No samples found: samtools
[2021-12-17 00:52:41,559] multiqc                                            [DEBUG  ]  No samples found: sexdeterrmine
[2021-12-17 00:52:41,569] multiqc                                            [DEBUG  ]  No samples found: bamtools
[2021-12-17 00:52:41,577] multiqc                                            [DEBUG  ]  No samples found: jellyfish
[2021-12-17 00:52:41,590] multiqc                                            [DEBUG  ]  No samples found: vcftools
[2021-12-17 00:52:41,598] multiqc                                            [DEBUG  ]  No samples found: longranger
[2021-12-17 00:52:41,607] multiqc                                            [DEBUG  ]  No samples found: stacks
[2021-12-17 00:52:41,615] multiqc                                            [DEBUG  ]  No samples found: varscan2
[2021-12-17 00:52:41,636] multiqc                                            [DEBUG  ]  No samples found: bbmap
[2021-12-17 00:52:41,644] multiqc                                            [DEBUG  ]  No samples found: bismark
[2021-12-17 00:52:41,653] multiqc                                            [DEBUG  ]  No samples found: biscuit
[2021-12-17 00:52:41,662] multiqc                                            [DEBUG  ]  No samples found: hicexplorer
[2021-12-17 00:52:41,670] multiqc                                            [DEBUG  ]  No samples found: hicup
[2021-12-17 00:52:41,678] multiqc                                            [DEBUG  ]  No samples found: hicpro
[2021-12-17 00:52:41,728] multiqc.modules.salmon.salmon                      [INFO   ]  Found 12 meta reports
[2021-12-17 00:52:41,729] multiqc.modules.salmon.salmon                      [INFO   ]  Found 12 fragment length distributions
[2021-12-17 00:52:41,864] multiqc                                            [DEBUG  ]  No samples found: kallisto
[2021-12-17 00:52:41,872] multiqc                                            [DEBUG  ]  No samples found: slamdunk
[2021-12-17 00:52:41,881] multiqc                                            [DEBUG  ]  No samples found: star
[2021-12-17 00:52:41,889] multiqc                                            [DEBUG  ]  No samples found: hisat2
[2021-12-17 00:52:41,898] multiqc                                            [DEBUG  ]  No samples found: tophat
[2021-12-17 00:52:41,906] multiqc                                            [DEBUG  ]  No samples found: bowtie2
[2021-12-17 00:52:41,915] multiqc                                            [DEBUG  ]  No samples found: bowtie1
[2021-12-17 00:52:41,923] multiqc                                            [DEBUG  ]  No samples found: snpsplit
[2021-12-17 00:52:41,931] multiqc                                            [DEBUG  ]  No samples found: kat
[2021-12-17 00:52:41,940] multiqc                                            [DEBUG  ]  No samples found: leehom
[2021-12-17 00:52:41,948] multiqc                                            [DEBUG  ]  No samples found: adapterRemoval
[2021-12-17 00:52:41,957] multiqc                                            [DEBUG  ]  No samples found: clipandmerge
[2021-12-17 00:52:41,965] multiqc                                            [DEBUG  ]  No samples found: cutadapt
[2021-12-17 00:52:41,974] multiqc                                            [DEBUG  ]  No samples found: flexbar
[2021-12-17 00:52:41,984] multiqc                                            [DEBUG  ]  No samples found: kaiju
[2021-12-17 00:52:41,992] multiqc                                            [DEBUG  ]  No samples found: kraken
[2021-12-17 00:52:42,000] multiqc                                            [DEBUG  ]  No samples found: malt
[2021-12-17 00:52:42,009] multiqc                                            [DEBUG  ]  No samples found: trimmomatic
[2021-12-17 00:52:42,017] multiqc                                            [DEBUG  ]  No samples found: sickle
[2021-12-17 00:52:42,026] multiqc                                            [DEBUG  ]  No samples found: skewer
[2021-12-17 00:52:42,034] multiqc                                            [DEBUG  ]  No samples found: sortmerna
[2021-12-17 00:52:42,042] multiqc                                            [DEBUG  ]  No samples found: biobloomtools
[2021-12-17 00:52:42,051] multiqc                                            [DEBUG  ]  No samples found: fastq_screen
[2021-12-17 00:52:42,059] multiqc                                            [DEBUG  ]  No samples found: afterqc
[2021-12-17 00:52:42,067] multiqc                                            [DEBUG  ]  No samples found: fastp
[2021-12-17 00:52:43,195] multiqc.modules.fastqc.fastqc                      [INFO   ]  Found 24 reports
[2021-12-17 00:52:43,559] multiqc                                            [DEBUG  ]  No samples found: pycoqc
[2021-12-17 00:52:43,567] multiqc                                            [DEBUG  ]  No samples found: minionqc
[2021-12-17 00:52:43,575] multiqc                                            [DEBUG  ]  No samples found: multivcfanalyzer
[2021-12-17 00:52:43,583] multiqc                                            [DEBUG  ]  No samples found: clusterflow
[2021-12-17 00:52:43,591] multiqc                                            [DEBUG  ]  No samples found: bcl2fastq
[2021-12-17 00:52:43,600] multiqc                                            [DEBUG  ]  No samples found: interop
[2021-12-17 00:52:43,608] multiqc                                            [DEBUG  ]  No samples found: ivar
[2021-12-17 00:52:43,616] multiqc                                            [DEBUG  ]  No samples found: flash
[2021-12-17 00:52:43,624] multiqc                                            [DEBUG  ]  No samples found: seqyclean
[2021-12-17 00:52:43,700] multiqc                                            [INFO   ]  Compressing plot data
[2021-12-17 00:52:44,729] multiqc                                            [INFO   ]  Report      : ../data/output_data/rna_qc/multiqc..2021-12-17-00.47.30-PST.html
[2021-12-17 00:52:44,730] multiqc                                            [INFO   ]  Data        : ../data/output_data/rna_qc/multiqc..2021-12-17-00.47.30-PST_data
[2021-12-17 00:52:44,730] multiqc                                            [DEBUG  ]  Moving data file from '/data/tmp/tmpnjked_8x/multiqc_data' to '/public/groups/kimlab/exRNA_disease_biomarkers/data/output_data/rna_qc/multiqc..2021-12-17-00.47.30-PST_data'
[2021-12-17 00:52:45,033] multiqc                                            [INFO   ]  MultiQC complete
