[2021-12-17 18:42:59,760] multiqc                                            [DEBUG  ]  No MultiQC config found: /public/groups/kimlab/.install_bin/anaconda3/lib/python3.7/site-packages/multiqc_config.yaml
[2021-12-17 18:42:59,760] multiqc                                            [DEBUG  ]  No MultiQC config found: /public/home/rreggiar/.multiqc_config.yaml
[2021-12-17 18:42:59,760] multiqc                                            [DEBUG  ]  No MultiQC config found: multiqc_config.yaml
[2021-12-17 18:42:59,760] multiqc                                            [DEBUG  ]  Command used: /public/groups/kimlab/.install_bin/anaconda3/bin/multiqc /public/groups/kimlab/exRNA_disease_biomarkers//data/input_data/bioIvt_panc --filename multiqc.bioIvt_panc.2021-12-17-18.39.51-PST -o /public/groups/kimlab/exRNA_disease_biomarkers//data/output_data/rna_qc/process.aware.salmon
[2021-12-17 18:43:00,504] multiqc                                            [WARNING]  MultiQC Version v1.11 now available!
[2021-12-17 18:43:00,504] multiqc                                            [INFO   ]  This is MultiQC v1.9
[2021-12-17 18:43:00,505] multiqc                                            [DEBUG  ]  Command     : /public/groups/kimlab/.install_bin/anaconda3/bin/multiqc /public/groups/kimlab/exRNA_disease_biomarkers//data/input_data/bioIvt_panc --filename multiqc.bioIvt_panc.2021-12-17-18.39.51-PST -o /public/groups/kimlab/exRNA_disease_biomarkers//data/output_data/rna_qc/process.aware.salmon
[2021-12-17 18:43:00,505] multiqc                                            [DEBUG  ]  Working dir : /public/groups/kimlab/exRNA_disease_biomarkers/bin
[2021-12-17 18:43:00,505] multiqc                                            [INFO   ]  Template    : default
[2021-12-17 18:43:00,505] multiqc                                            [DEBUG  ]  Running Python 3.7.6 (default, Jan  8 2020, 19:59:22)  [GCC 7.3.0]
[2021-12-17 18:43:00,505] multiqc                                            [INFO   ]  Searching   : /public/groups/kimlab/exRNA_disease_biomarkers/data/input_data/bioIvt_panc
[2021-12-17 18:43:00,506] multiqc                                            [DEBUG  ]  Analysing modules: custom_content, conpair, peddy, somalier, methylQA, mosdepth, phantompeakqualtools, qualimap, preseq, quast, qorts, rna_seqc, rockhopper, rsem, rseqc, busco, goleft_indexcov, disambiguate, supernova, deeptools, sargasso, verifybamid, mirtrace, happy, mirtop, homer, macs2, theta2, snpeff, gatk, htseq, bcftools, featureCounts, fgbio, dragen, dedup, damageprofiler, biobambam2, mtnucratio, picard, prokka, samblaster, samtools, sexdeterrmine, bamtools, jellyfish, vcftools, longranger, stacks, varscan2, bbmap, bismark, biscuit, hicexplorer, hicup, hicpro, salmon, kallisto, slamdunk, star, hisat2, tophat, bowtie2, bowtie1, snpsplit, kat, leehom, adapterRemoval, clipandmerge, cutadapt, flexbar, kaiju, kraken, malt, trimmomatic, sickle, skewer, sortmerna, biobloomtools, fastq_screen, afterqc, fastp, fastqc, pycoqc, minionqc, multivcfanalyzer, clusterflow, bcl2fastq, interop, ivar, flash, seqyclean
[2021-12-17 18:43:00,506] multiqc                                            [DEBUG  ]  Using temporary directory for creating report: /data/tmp/tmp5qji9lag
[2021-12-17 18:43:00,874] multiqc                                            [DEBUG  ]  Ignoring file as matched an ignore pattern: BioIVT0221_S204_R1_001.fastq.gz
[2021-12-17 18:43:00,875] multiqc                                            [DEBUG  ]  Ignoring file as matched an ignore pattern: BioIVT0221_S204_R2_001.fastq.gz
[2021-12-17 18:43:00,875] multiqc                                            [DEBUG  ]  Ignoring file as matched an ignore pattern: panc.10.1.2_output_forward_paired.fq.gz
[2021-12-17 18:43:00,876] multiqc                                            [DEBUG  ]  Ignoring file as matched an ignore pattern: panc.10.1.2_output_reverse_paired.fq.gz
[2021-12-17 18:43:00,931] multiqc                                            [DEBUG  ]  File ignored by hicexplorer because it exceeded search pattern filesize limit: panc.10.1.2_output_forward_paired_fastqc.html
[2021-12-17 18:43:00,943] multiqc                                            [DEBUG  ]  File ignored by longranger/invocation because it exceeded search pattern filesize limit: panc.10.1.2_output_forward_paired_fastqc.html
[2021-12-17 18:43:00,943] multiqc                                            [DEBUG  ]  File ignored by rockhopper because it exceeded search pattern filesize limit: panc.10.1.2_output_forward_paired_fastqc.html
[2021-12-17 18:43:00,943] multiqc                                            [DEBUG  ]  File ignored by rseqc/bam_stat because it exceeded search pattern filesize limit: panc.10.1.2_output_forward_paired_fastqc.html
[2021-12-17 18:43:00,943] multiqc                                            [DEBUG  ]  File ignored by rseqc/junction_annotation because it exceeded search pattern filesize limit: panc.10.1.2_output_forward_paired_fastqc.html
[2021-12-17 18:43:00,943] multiqc                                            [DEBUG  ]  File ignored by rseqc/read_distribution because it exceeded search pattern filesize limit: panc.10.1.2_output_forward_paired_fastqc.html
[2021-12-17 18:43:00,944] multiqc                                            [DEBUG  ]  File ignored by rseqc/infer_experiment because it exceeded search pattern filesize limit: panc.10.1.2_output_forward_paired_fastqc.html
[2021-12-17 18:43:01,089] multiqc                                            [DEBUG  ]  File ignored by hicexplorer because it exceeded search pattern filesize limit: panc.10.1.2_output_reverse_paired_fastqc.html
[2021-12-17 18:43:01,100] multiqc                                            [DEBUG  ]  File ignored by longranger/invocation because it exceeded search pattern filesize limit: panc.10.1.2_output_reverse_paired_fastqc.html
[2021-12-17 18:43:01,100] multiqc                                            [DEBUG  ]  File ignored by rockhopper because it exceeded search pattern filesize limit: panc.10.1.2_output_reverse_paired_fastqc.html
[2021-12-17 18:43:01,100] multiqc                                            [DEBUG  ]  File ignored by rseqc/bam_stat because it exceeded search pattern filesize limit: panc.10.1.2_output_reverse_paired_fastqc.html
[2021-12-17 18:43:01,100] multiqc                                            [DEBUG  ]  File ignored by rseqc/junction_annotation because it exceeded search pattern filesize limit: panc.10.1.2_output_reverse_paired_fastqc.html
[2021-12-17 18:43:01,100] multiqc                                            [DEBUG  ]  File ignored by rseqc/read_distribution because it exceeded search pattern filesize limit: panc.10.1.2_output_reverse_paired_fastqc.html
[2021-12-17 18:43:01,100] multiqc                                            [DEBUG  ]  File ignored by rseqc/infer_experiment because it exceeded search pattern filesize limit: panc.10.1.2_output_reverse_paired_fastqc.html
[2021-12-17 18:43:01,356] multiqc                                            [DEBUG  ]  File ignored by hicexplorer because it exceeded search pattern filesize limit: salmon_quant.log
[2021-12-17 18:43:01,366] multiqc                                            [DEBUG  ]  File ignored by longranger/invocation because it exceeded search pattern filesize limit: salmon_quant.log
[2021-12-17 18:43:01,526] multiqc                                            [DEBUG  ]  File ignored by hicexplorer because it exceeded search pattern filesize limit: ambig_info.tsv
[2021-12-17 18:43:01,536] multiqc                                            [DEBUG  ]  File ignored by longranger/invocation because it exceeded search pattern filesize limit: ambig_info.tsv
[2021-12-17 18:43:01,536] multiqc                                            [DEBUG  ]  File ignored by rockhopper because it exceeded search pattern filesize limit: ambig_info.tsv
[2021-12-17 18:43:01,536] multiqc                                            [DEBUG  ]  File ignored by rseqc/bam_stat because it exceeded search pattern filesize limit: ambig_info.tsv
[2021-12-17 18:43:01,537] multiqc                                            [DEBUG  ]  File ignored by rseqc/junction_annotation because it exceeded search pattern filesize limit: ambig_info.tsv
[2021-12-17 18:43:01,537] multiqc                                            [DEBUG  ]  File ignored by rseqc/read_distribution because it exceeded search pattern filesize limit: ambig_info.tsv
[2021-12-17 18:43:01,537] multiqc                                            [DEBUG  ]  File ignored by rseqc/infer_experiment because it exceeded search pattern filesize limit: ambig_info.tsv
[2021-12-17 18:43:01,650] multiqc                                            [DEBUG  ]  File ignored by stacks/sumstats because it exceeded search pattern filesize limit: ambig_info.tsv
[2021-12-17 18:43:06,687] multiqc                                            [DEBUG  ]  File ignored by hicexplorer because it exceeded search pattern filesize limit: salmon_quant.log
[2021-12-17 18:43:06,698] multiqc                                            [DEBUG  ]  File ignored by longranger/invocation because it exceeded search pattern filesize limit: salmon_quant.log
[2021-12-17 18:43:07,018] multiqc                                            [DEBUG  ]  Ignoring file as matched an ignore pattern: BioIVT_panc10_2-5_S92_R1_001.fastq.gz
[2021-12-17 18:43:07,018] multiqc                                            [DEBUG  ]  Ignoring file as matched an ignore pattern: BioIVT_panc10_2-5_S92_R2_001.fastq.gz
[2021-12-17 18:43:07,018] multiqc                                            [DEBUG  ]  Ignoring file as matched an ignore pattern: panc.10.2.5_output_forward_paired.fq.gz
[2021-12-17 18:43:07,019] multiqc                                            [DEBUG  ]  Ignoring file as matched an ignore pattern: panc.10.2.5_output_reverse_paired.fq.gz
[2021-12-17 18:43:07,046] multiqc                                            [DEBUG  ]  File ignored by hicexplorer because it exceeded search pattern filesize limit: panc.10.2.5_output_reverse_paired_fastqc.html
[2021-12-17 18:43:07,056] multiqc                                            [DEBUG  ]  File ignored by longranger/invocation because it exceeded search pattern filesize limit: panc.10.2.5_output_reverse_paired_fastqc.html
[2021-12-17 18:43:07,056] multiqc                                            [DEBUG  ]  File ignored by rockhopper because it exceeded search pattern filesize limit: panc.10.2.5_output_reverse_paired_fastqc.html
[2021-12-17 18:43:07,056] multiqc                                            [DEBUG  ]  File ignored by rseqc/bam_stat because it exceeded search pattern filesize limit: panc.10.2.5_output_reverse_paired_fastqc.html
[2021-12-17 18:43:07,056] multiqc                                            [DEBUG  ]  File ignored by rseqc/junction_annotation because it exceeded search pattern filesize limit: panc.10.2.5_output_reverse_paired_fastqc.html
[2021-12-17 18:43:07,056] multiqc                                            [DEBUG  ]  File ignored by rseqc/read_distribution because it exceeded search pattern filesize limit: panc.10.2.5_output_reverse_paired_fastqc.html
[2021-12-17 18:43:07,056] multiqc                                            [DEBUG  ]  File ignored by rseqc/infer_experiment because it exceeded search pattern filesize limit: panc.10.2.5_output_reverse_paired_fastqc.html
[2021-12-17 18:43:07,244] multiqc                                            [DEBUG  ]  File ignored by hicexplorer because it exceeded search pattern filesize limit: panc.10.2.5_output_forward_paired_fastqc.html
[2021-12-17 18:43:07,254] multiqc                                            [DEBUG  ]  File ignored by longranger/invocation because it exceeded search pattern filesize limit: panc.10.2.5_output_forward_paired_fastqc.html
[2021-12-17 18:43:07,254] multiqc                                            [DEBUG  ]  File ignored by rockhopper because it exceeded search pattern filesize limit: panc.10.2.5_output_forward_paired_fastqc.html
[2021-12-17 18:43:07,254] multiqc                                            [DEBUG  ]  File ignored by rseqc/bam_stat because it exceeded search pattern filesize limit: panc.10.2.5_output_forward_paired_fastqc.html
[2021-12-17 18:43:07,254] multiqc                                            [DEBUG  ]  File ignored by rseqc/junction_annotation because it exceeded search pattern filesize limit: panc.10.2.5_output_forward_paired_fastqc.html
[2021-12-17 18:43:07,255] multiqc                                            [DEBUG  ]  File ignored by rseqc/read_distribution because it exceeded search pattern filesize limit: panc.10.2.5_output_forward_paired_fastqc.html
[2021-12-17 18:43:07,255] multiqc                                            [DEBUG  ]  File ignored by rseqc/infer_experiment because it exceeded search pattern filesize limit: panc.10.2.5_output_forward_paired_fastqc.html
[2021-12-17 18:43:07,508] multiqc                                            [DEBUG  ]  File ignored by hicexplorer because it exceeded search pattern filesize limit: salmon_quant.log
[2021-12-17 18:43:07,518] multiqc                                            [DEBUG  ]  File ignored by longranger/invocation because it exceeded search pattern filesize limit: salmon_quant.log
[2021-12-17 18:43:07,653] multiqc                                            [DEBUG  ]  File ignored by hicexplorer because it exceeded search pattern filesize limit: ambig_info.tsv
[2021-12-17 18:43:07,663] multiqc                                            [DEBUG  ]  File ignored by longranger/invocation because it exceeded search pattern filesize limit: ambig_info.tsv
[2021-12-17 18:43:07,664] multiqc                                            [DEBUG  ]  File ignored by rockhopper because it exceeded search pattern filesize limit: ambig_info.tsv
[2021-12-17 18:43:07,664] multiqc                                            [DEBUG  ]  File ignored by rseqc/bam_stat because it exceeded search pattern filesize limit: ambig_info.tsv
[2021-12-17 18:43:07,664] multiqc                                            [DEBUG  ]  File ignored by rseqc/junction_annotation because it exceeded search pattern filesize limit: ambig_info.tsv
[2021-12-17 18:43:07,664] multiqc                                            [DEBUG  ]  File ignored by rseqc/read_distribution because it exceeded search pattern filesize limit: ambig_info.tsv
[2021-12-17 18:43:07,664] multiqc                                            [DEBUG  ]  File ignored by rseqc/infer_experiment because it exceeded search pattern filesize limit: ambig_info.tsv
[2021-12-17 18:43:12,854] multiqc                                            [DEBUG  ]  File ignored by hicexplorer because it exceeded search pattern filesize limit: salmon_quant.log
[2021-12-17 18:43:12,864] multiqc                                            [DEBUG  ]  File ignored by longranger/invocation because it exceeded search pattern filesize limit: salmon_quant.log
[2021-12-17 18:43:13,185] multiqc                                            [DEBUG  ]  Ignoring file as matched an ignore pattern: BioIVT_panc1_2_3_S301_R1_001.fastq.gz
[2021-12-17 18:43:13,185] multiqc                                            [DEBUG  ]  Ignoring file as matched an ignore pattern: BioIVT_panc1_2_3_S301_R2_001.fastq.gz
[2021-12-17 18:43:13,185] multiqc                                            [DEBUG  ]  Ignoring file as matched an ignore pattern: panc.1.2.3_output_forward_paired.fq.gz
[2021-12-17 18:43:13,186] multiqc                                            [DEBUG  ]  Ignoring file as matched an ignore pattern: panc.1.2.3_output_reverse_paired.fq.gz
[2021-12-17 18:43:13,213] multiqc                                            [DEBUG  ]  File ignored by hicexplorer because it exceeded search pattern filesize limit: panc.1.2.3_output_forward_paired_fastqc.html
[2021-12-17 18:43:13,224] multiqc                                            [DEBUG  ]  File ignored by longranger/invocation because it exceeded search pattern filesize limit: panc.1.2.3_output_forward_paired_fastqc.html
[2021-12-17 18:43:13,224] multiqc                                            [DEBUG  ]  File ignored by rockhopper because it exceeded search pattern filesize limit: panc.1.2.3_output_forward_paired_fastqc.html
[2021-12-17 18:43:13,224] multiqc                                            [DEBUG  ]  File ignored by rseqc/bam_stat because it exceeded search pattern filesize limit: panc.1.2.3_output_forward_paired_fastqc.html
[2021-12-17 18:43:13,224] multiqc                                            [DEBUG  ]  File ignored by rseqc/junction_annotation because it exceeded search pattern filesize limit: panc.1.2.3_output_forward_paired_fastqc.html
[2021-12-17 18:43:13,224] multiqc                                            [DEBUG  ]  File ignored by rseqc/read_distribution because it exceeded search pattern filesize limit: panc.1.2.3_output_forward_paired_fastqc.html
[2021-12-17 18:43:13,225] multiqc                                            [DEBUG  ]  File ignored by rseqc/infer_experiment because it exceeded search pattern filesize limit: panc.1.2.3_output_forward_paired_fastqc.html
[2021-12-17 18:43:13,373] multiqc                                            [DEBUG  ]  File ignored by hicexplorer because it exceeded search pattern filesize limit: panc.1.2.3_output_reverse_paired_fastqc.html
[2021-12-17 18:43:13,385] multiqc                                            [DEBUG  ]  File ignored by longranger/invocation because it exceeded search pattern filesize limit: panc.1.2.3_output_reverse_paired_fastqc.html
[2021-12-17 18:43:13,385] multiqc                                            [DEBUG  ]  File ignored by rockhopper because it exceeded search pattern filesize limit: panc.1.2.3_output_reverse_paired_fastqc.html
[2021-12-17 18:43:13,385] multiqc                                            [DEBUG  ]  File ignored by rseqc/bam_stat because it exceeded search pattern filesize limit: panc.1.2.3_output_reverse_paired_fastqc.html
[2021-12-17 18:43:13,386] multiqc                                            [DEBUG  ]  File ignored by rseqc/junction_annotation because it exceeded search pattern filesize limit: panc.1.2.3_output_reverse_paired_fastqc.html
[2021-12-17 18:43:13,386] multiqc                                            [DEBUG  ]  File ignored by rseqc/read_distribution because it exceeded search pattern filesize limit: panc.1.2.3_output_reverse_paired_fastqc.html
[2021-12-17 18:43:13,386] multiqc                                            [DEBUG  ]  File ignored by rseqc/infer_experiment because it exceeded search pattern filesize limit: panc.1.2.3_output_reverse_paired_fastqc.html
[2021-12-17 18:43:13,647] multiqc                                            [DEBUG  ]  File ignored by hicexplorer because it exceeded search pattern filesize limit: salmon_quant.log
[2021-12-17 18:43:13,657] multiqc                                            [DEBUG  ]  File ignored by longranger/invocation because it exceeded search pattern filesize limit: salmon_quant.log
[2021-12-17 18:43:13,829] multiqc                                            [DEBUG  ]  File ignored by hicexplorer because it exceeded search pattern filesize limit: ambig_info.tsv
[2021-12-17 18:43:13,840] multiqc                                            [DEBUG  ]  File ignored by longranger/invocation because it exceeded search pattern filesize limit: ambig_info.tsv
[2021-12-17 18:43:13,840] multiqc                                            [DEBUG  ]  File ignored by rockhopper because it exceeded search pattern filesize limit: ambig_info.tsv
[2021-12-17 18:43:13,840] multiqc                                            [DEBUG  ]  File ignored by rseqc/bam_stat because it exceeded search pattern filesize limit: ambig_info.tsv
[2021-12-17 18:43:13,840] multiqc                                            [DEBUG  ]  File ignored by rseqc/junction_annotation because it exceeded search pattern filesize limit: ambig_info.tsv
[2021-12-17 18:43:13,840] multiqc                                            [DEBUG  ]  File ignored by rseqc/read_distribution because it exceeded search pattern filesize limit: ambig_info.tsv
[2021-12-17 18:43:13,840] multiqc                                            [DEBUG  ]  File ignored by rseqc/infer_experiment because it exceeded search pattern filesize limit: ambig_info.tsv
[2021-12-17 18:43:19,094] multiqc                                            [DEBUG  ]  File ignored by hicexplorer because it exceeded search pattern filesize limit: salmon_quant.log
[2021-12-17 18:43:19,104] multiqc                                            [DEBUG  ]  File ignored by longranger/invocation because it exceeded search pattern filesize limit: salmon_quant.log
[2021-12-17 18:43:19,445] multiqc                                            [DEBUG  ]  Ignoring file as matched an ignore pattern: BioIVT_panc2_2_7_S302_R1_001.fastq.gz
[2021-12-17 18:43:19,445] multiqc                                            [DEBUG  ]  Ignoring file as matched an ignore pattern: BioIVT_panc2_2_7_S302_R2_001.fastq.gz
[2021-12-17 18:43:19,446] multiqc                                            [DEBUG  ]  Ignoring file as matched an ignore pattern: panc.2.2.7_output_forward_paired.fq.gz
[2021-12-17 18:43:19,446] multiqc                                            [DEBUG  ]  Ignoring file as matched an ignore pattern: panc.2.2.7_output_reverse_paired.fq.gz
[2021-12-17 18:43:19,474] multiqc                                            [DEBUG  ]  File ignored by hicexplorer because it exceeded search pattern filesize limit: panc.2.2.7_output_forward_paired_fastqc.html
[2021-12-17 18:43:19,485] multiqc                                            [DEBUG  ]  File ignored by longranger/invocation because it exceeded search pattern filesize limit: panc.2.2.7_output_forward_paired_fastqc.html
[2021-12-17 18:43:19,485] multiqc                                            [DEBUG  ]  File ignored by rockhopper because it exceeded search pattern filesize limit: panc.2.2.7_output_forward_paired_fastqc.html
[2021-12-17 18:43:19,485] multiqc                                            [DEBUG  ]  File ignored by rseqc/bam_stat because it exceeded search pattern filesize limit: panc.2.2.7_output_forward_paired_fastqc.html
[2021-12-17 18:43:19,485] multiqc                                            [DEBUG  ]  File ignored by rseqc/junction_annotation because it exceeded search pattern filesize limit: panc.2.2.7_output_forward_paired_fastqc.html
[2021-12-17 18:43:19,485] multiqc                                            [DEBUG  ]  File ignored by rseqc/read_distribution because it exceeded search pattern filesize limit: panc.2.2.7_output_forward_paired_fastqc.html
[2021-12-17 18:43:19,485] multiqc                                            [DEBUG  ]  File ignored by rseqc/infer_experiment because it exceeded search pattern filesize limit: panc.2.2.7_output_forward_paired_fastqc.html
[2021-12-17 18:43:19,634] multiqc                                            [DEBUG  ]  File ignored by hicexplorer because it exceeded search pattern filesize limit: panc.2.2.7_output_reverse_paired_fastqc.html
[2021-12-17 18:43:19,644] multiqc                                            [DEBUG  ]  File ignored by longranger/invocation because it exceeded search pattern filesize limit: panc.2.2.7_output_reverse_paired_fastqc.html
[2021-12-17 18:43:19,644] multiqc                                            [DEBUG  ]  File ignored by rockhopper because it exceeded search pattern filesize limit: panc.2.2.7_output_reverse_paired_fastqc.html
[2021-12-17 18:43:19,644] multiqc                                            [DEBUG  ]  File ignored by rseqc/bam_stat because it exceeded search pattern filesize limit: panc.2.2.7_output_reverse_paired_fastqc.html
[2021-12-17 18:43:19,645] multiqc                                            [DEBUG  ]  File ignored by rseqc/junction_annotation because it exceeded search pattern filesize limit: panc.2.2.7_output_reverse_paired_fastqc.html
[2021-12-17 18:43:19,645] multiqc                                            [DEBUG  ]  File ignored by rseqc/read_distribution because it exceeded search pattern filesize limit: panc.2.2.7_output_reverse_paired_fastqc.html
[2021-12-17 18:43:19,645] multiqc                                            [DEBUG  ]  File ignored by rseqc/infer_experiment because it exceeded search pattern filesize limit: panc.2.2.7_output_reverse_paired_fastqc.html
[2021-12-17 18:43:19,924] multiqc                                            [DEBUG  ]  File ignored by hicexplorer because it exceeded search pattern filesize limit: salmon_quant.log
[2021-12-17 18:43:19,933] multiqc                                            [DEBUG  ]  File ignored by longranger/invocation because it exceeded search pattern filesize limit: salmon_quant.log
[2021-12-17 18:43:20,117] multiqc                                            [DEBUG  ]  File ignored by hicexplorer because it exceeded search pattern filesize limit: ambig_info.tsv
[2021-12-17 18:43:20,129] multiqc                                            [DEBUG  ]  File ignored by longranger/invocation because it exceeded search pattern filesize limit: ambig_info.tsv
[2021-12-17 18:43:20,129] multiqc                                            [DEBUG  ]  File ignored by rockhopper because it exceeded search pattern filesize limit: ambig_info.tsv
[2021-12-17 18:43:20,129] multiqc                                            [DEBUG  ]  File ignored by rseqc/bam_stat because it exceeded search pattern filesize limit: ambig_info.tsv
[2021-12-17 18:43:20,129] multiqc                                            [DEBUG  ]  File ignored by rseqc/junction_annotation because it exceeded search pattern filesize limit: ambig_info.tsv
[2021-12-17 18:43:20,129] multiqc                                            [DEBUG  ]  File ignored by rseqc/read_distribution because it exceeded search pattern filesize limit: ambig_info.tsv
[2021-12-17 18:43:20,129] multiqc                                            [DEBUG  ]  File ignored by rseqc/infer_experiment because it exceeded search pattern filesize limit: ambig_info.tsv
[2021-12-17 18:43:25,349] multiqc                                            [DEBUG  ]  File ignored by hicexplorer because it exceeded search pattern filesize limit: salmon_quant.log
[2021-12-17 18:43:25,359] multiqc                                            [DEBUG  ]  File ignored by longranger/invocation because it exceeded search pattern filesize limit: salmon_quant.log
[2021-12-17 18:43:25,671] multiqc                                            [DEBUG  ]  Ignoring file as matched an ignore pattern: BioIVT_panc3_2_5_S303_R1_001.fastq.gz
[2021-12-17 18:43:25,671] multiqc                                            [DEBUG  ]  Ignoring file as matched an ignore pattern: BioIVT_panc3_2_5_S303_R2_001.fastq.gz
[2021-12-17 18:43:25,672] multiqc                                            [DEBUG  ]  Ignoring file as matched an ignore pattern: panc.3.2.5_output_forward_paired.fq.gz
[2021-12-17 18:43:25,672] multiqc                                            [DEBUG  ]  Ignoring file as matched an ignore pattern: panc.3.2.5_output_reverse_paired.fq.gz
[2021-12-17 18:43:25,698] multiqc                                            [DEBUG  ]  File ignored by hicexplorer because it exceeded search pattern filesize limit: panc.3.2.5_output_forward_paired_fastqc.html
[2021-12-17 18:43:25,708] multiqc                                            [DEBUG  ]  File ignored by longranger/invocation because it exceeded search pattern filesize limit: panc.3.2.5_output_forward_paired_fastqc.html
[2021-12-17 18:43:25,708] multiqc                                            [DEBUG  ]  File ignored by rockhopper because it exceeded search pattern filesize limit: panc.3.2.5_output_forward_paired_fastqc.html
[2021-12-17 18:43:25,708] multiqc                                            [DEBUG  ]  File ignored by rseqc/bam_stat because it exceeded search pattern filesize limit: panc.3.2.5_output_forward_paired_fastqc.html
[2021-12-17 18:43:25,708] multiqc                                            [DEBUG  ]  File ignored by rseqc/junction_annotation because it exceeded search pattern filesize limit: panc.3.2.5_output_forward_paired_fastqc.html
[2021-12-17 18:43:25,708] multiqc                                            [DEBUG  ]  File ignored by rseqc/read_distribution because it exceeded search pattern filesize limit: panc.3.2.5_output_forward_paired_fastqc.html
[2021-12-17 18:43:25,709] multiqc                                            [DEBUG  ]  File ignored by rseqc/infer_experiment because it exceeded search pattern filesize limit: panc.3.2.5_output_forward_paired_fastqc.html
[2021-12-17 18:43:25,854] multiqc                                            [DEBUG  ]  File ignored by hicexplorer because it exceeded search pattern filesize limit: panc.3.2.5_output_reverse_paired_fastqc.html
[2021-12-17 18:43:25,867] multiqc                                            [DEBUG  ]  File ignored by longranger/invocation because it exceeded search pattern filesize limit: panc.3.2.5_output_reverse_paired_fastqc.html
[2021-12-17 18:43:25,867] multiqc                                            [DEBUG  ]  File ignored by rockhopper because it exceeded search pattern filesize limit: panc.3.2.5_output_reverse_paired_fastqc.html
[2021-12-17 18:43:25,867] multiqc                                            [DEBUG  ]  File ignored by rseqc/bam_stat because it exceeded search pattern filesize limit: panc.3.2.5_output_reverse_paired_fastqc.html
[2021-12-17 18:43:25,867] multiqc                                            [DEBUG  ]  File ignored by rseqc/junction_annotation because it exceeded search pattern filesize limit: panc.3.2.5_output_reverse_paired_fastqc.html
[2021-12-17 18:43:25,867] multiqc                                            [DEBUG  ]  File ignored by rseqc/read_distribution because it exceeded search pattern filesize limit: panc.3.2.5_output_reverse_paired_fastqc.html
[2021-12-17 18:43:25,867] multiqc                                            [DEBUG  ]  File ignored by rseqc/infer_experiment because it exceeded search pattern filesize limit: panc.3.2.5_output_reverse_paired_fastqc.html
[2021-12-17 18:43:26,138] multiqc                                            [DEBUG  ]  File ignored by hicexplorer because it exceeded search pattern filesize limit: salmon_quant.log
[2021-12-17 18:43:26,148] multiqc                                            [DEBUG  ]  File ignored by longranger/invocation because it exceeded search pattern filesize limit: salmon_quant.log
[2021-12-17 18:43:26,313] multiqc                                            [DEBUG  ]  File ignored by hicexplorer because it exceeded search pattern filesize limit: ambig_info.tsv
[2021-12-17 18:43:26,323] multiqc                                            [DEBUG  ]  File ignored by longranger/invocation because it exceeded search pattern filesize limit: ambig_info.tsv
[2021-12-17 18:43:26,323] multiqc                                            [DEBUG  ]  File ignored by rockhopper because it exceeded search pattern filesize limit: ambig_info.tsv
[2021-12-17 18:43:26,323] multiqc                                            [DEBUG  ]  File ignored by rseqc/bam_stat because it exceeded search pattern filesize limit: ambig_info.tsv
[2021-12-17 18:43:26,323] multiqc                                            [DEBUG  ]  File ignored by rseqc/junction_annotation because it exceeded search pattern filesize limit: ambig_info.tsv
[2021-12-17 18:43:26,323] multiqc                                            [DEBUG  ]  File ignored by rseqc/read_distribution because it exceeded search pattern filesize limit: ambig_info.tsv
[2021-12-17 18:43:26,323] multiqc                                            [DEBUG  ]  File ignored by rseqc/infer_experiment because it exceeded search pattern filesize limit: ambig_info.tsv
[2021-12-17 18:43:31,574] multiqc                                            [DEBUG  ]  File ignored by hicexplorer because it exceeded search pattern filesize limit: salmon_quant.log
[2021-12-17 18:43:31,585] multiqc                                            [DEBUG  ]  File ignored by longranger/invocation because it exceeded search pattern filesize limit: salmon_quant.log
[2021-12-17 18:43:31,903] multiqc                                            [DEBUG  ]  Ignoring file as matched an ignore pattern: BioIVT_panc4_3_9_S304_R1_001.fastq.gz
[2021-12-17 18:43:31,903] multiqc                                            [DEBUG  ]  Ignoring file as matched an ignore pattern: BioIVT_panc4_3_9_S304_R2_001.fastq.gz
[2021-12-17 18:43:31,903] multiqc                                            [DEBUG  ]  Ignoring file as matched an ignore pattern: panc.4.3.9_output_forward_paired.fq.gz
[2021-12-17 18:43:31,904] multiqc                                            [DEBUG  ]  Ignoring file as matched an ignore pattern: panc.4.3.9_output_reverse_paired.fq.gz
[2021-12-17 18:43:31,931] multiqc                                            [DEBUG  ]  File ignored by hicexplorer because it exceeded search pattern filesize limit: panc.4.3.9_output_forward_paired_fastqc.html
[2021-12-17 18:43:31,942] multiqc                                            [DEBUG  ]  File ignored by longranger/invocation because it exceeded search pattern filesize limit: panc.4.3.9_output_forward_paired_fastqc.html
[2021-12-17 18:43:31,942] multiqc                                            [DEBUG  ]  File ignored by rockhopper because it exceeded search pattern filesize limit: panc.4.3.9_output_forward_paired_fastqc.html
[2021-12-17 18:43:31,942] multiqc                                            [DEBUG  ]  File ignored by rseqc/bam_stat because it exceeded search pattern filesize limit: panc.4.3.9_output_forward_paired_fastqc.html
[2021-12-17 18:43:31,942] multiqc                                            [DEBUG  ]  File ignored by rseqc/junction_annotation because it exceeded search pattern filesize limit: panc.4.3.9_output_forward_paired_fastqc.html
[2021-12-17 18:43:31,942] multiqc                                            [DEBUG  ]  File ignored by rseqc/read_distribution because it exceeded search pattern filesize limit: panc.4.3.9_output_forward_paired_fastqc.html
[2021-12-17 18:43:31,943] multiqc                                            [DEBUG  ]  File ignored by rseqc/infer_experiment because it exceeded search pattern filesize limit: panc.4.3.9_output_forward_paired_fastqc.html
[2021-12-17 18:43:32,086] multiqc                                            [DEBUG  ]  File ignored by hicexplorer because it exceeded search pattern filesize limit: panc.4.3.9_output_reverse_paired_fastqc.html
[2021-12-17 18:43:32,096] multiqc                                            [DEBUG  ]  File ignored by longranger/invocation because it exceeded search pattern filesize limit: panc.4.3.9_output_reverse_paired_fastqc.html
[2021-12-17 18:43:32,097] multiqc                                            [DEBUG  ]  File ignored by rockhopper because it exceeded search pattern filesize limit: panc.4.3.9_output_reverse_paired_fastqc.html
[2021-12-17 18:43:32,097] multiqc                                            [DEBUG  ]  File ignored by rseqc/bam_stat because it exceeded search pattern filesize limit: panc.4.3.9_output_reverse_paired_fastqc.html
[2021-12-17 18:43:32,097] multiqc                                            [DEBUG  ]  File ignored by rseqc/junction_annotation because it exceeded search pattern filesize limit: panc.4.3.9_output_reverse_paired_fastqc.html
[2021-12-17 18:43:32,097] multiqc                                            [DEBUG  ]  File ignored by rseqc/read_distribution because it exceeded search pattern filesize limit: panc.4.3.9_output_reverse_paired_fastqc.html
[2021-12-17 18:43:32,097] multiqc                                            [DEBUG  ]  File ignored by rseqc/infer_experiment because it exceeded search pattern filesize limit: panc.4.3.9_output_reverse_paired_fastqc.html
[2021-12-17 18:43:32,377] multiqc                                            [DEBUG  ]  File ignored by hicexplorer because it exceeded search pattern filesize limit: salmon_quant.log
[2021-12-17 18:43:32,387] multiqc                                            [DEBUG  ]  File ignored by longranger/invocation because it exceeded search pattern filesize limit: salmon_quant.log
[2021-12-17 18:43:32,547] multiqc                                            [DEBUG  ]  File ignored by hicexplorer because it exceeded search pattern filesize limit: ambig_info.tsv
[2021-12-17 18:43:32,557] multiqc                                            [DEBUG  ]  File ignored by longranger/invocation because it exceeded search pattern filesize limit: ambig_info.tsv
[2021-12-17 18:43:32,557] multiqc                                            [DEBUG  ]  File ignored by rockhopper because it exceeded search pattern filesize limit: ambig_info.tsv
[2021-12-17 18:43:32,557] multiqc                                            [DEBUG  ]  File ignored by rseqc/bam_stat because it exceeded search pattern filesize limit: ambig_info.tsv
[2021-12-17 18:43:32,558] multiqc                                            [DEBUG  ]  File ignored by rseqc/junction_annotation because it exceeded search pattern filesize limit: ambig_info.tsv
[2021-12-17 18:43:32,558] multiqc                                            [DEBUG  ]  File ignored by rseqc/read_distribution because it exceeded search pattern filesize limit: ambig_info.tsv
[2021-12-17 18:43:32,558] multiqc                                            [DEBUG  ]  File ignored by rseqc/infer_experiment because it exceeded search pattern filesize limit: ambig_info.tsv
[2021-12-17 18:43:37,790] multiqc                                            [DEBUG  ]  File ignored by hicexplorer because it exceeded search pattern filesize limit: salmon_quant.log
[2021-12-17 18:43:37,800] multiqc                                            [DEBUG  ]  File ignored by longranger/invocation because it exceeded search pattern filesize limit: salmon_quant.log
[2021-12-17 18:43:38,111] multiqc                                            [DEBUG  ]  Ignoring file as matched an ignore pattern: BioIVT_panc5_4_5_S305_R1_001.fastq.gz
[2021-12-17 18:43:38,112] multiqc                                            [DEBUG  ]  Ignoring file as matched an ignore pattern: BioIVT_panc5_4_5_S305_R2_001.fastq.gz
[2021-12-17 18:43:38,112] multiqc                                            [DEBUG  ]  Ignoring file as matched an ignore pattern: panc.5.4.5_output_forward_paired.fq.gz
[2021-12-17 18:43:38,113] multiqc                                            [DEBUG  ]  Ignoring file as matched an ignore pattern: panc.5.4.5_output_reverse_paired.fq.gz
[2021-12-17 18:43:38,138] multiqc                                            [DEBUG  ]  File ignored by hicexplorer because it exceeded search pattern filesize limit: panc.5.4.5_output_forward_paired_fastqc.html
[2021-12-17 18:43:38,148] multiqc                                            [DEBUG  ]  File ignored by longranger/invocation because it exceeded search pattern filesize limit: panc.5.4.5_output_forward_paired_fastqc.html
[2021-12-17 18:43:38,148] multiqc                                            [DEBUG  ]  File ignored by rockhopper because it exceeded search pattern filesize limit: panc.5.4.5_output_forward_paired_fastqc.html
[2021-12-17 18:43:38,149] multiqc                                            [DEBUG  ]  File ignored by rseqc/bam_stat because it exceeded search pattern filesize limit: panc.5.4.5_output_forward_paired_fastqc.html
[2021-12-17 18:43:38,149] multiqc                                            [DEBUG  ]  File ignored by rseqc/junction_annotation because it exceeded search pattern filesize limit: panc.5.4.5_output_forward_paired_fastqc.html
[2021-12-17 18:43:38,149] multiqc                                            [DEBUG  ]  File ignored by rseqc/read_distribution because it exceeded search pattern filesize limit: panc.5.4.5_output_forward_paired_fastqc.html
[2021-12-17 18:43:38,149] multiqc                                            [DEBUG  ]  File ignored by rseqc/infer_experiment because it exceeded search pattern filesize limit: panc.5.4.5_output_forward_paired_fastqc.html
[2021-12-17 18:43:38,294] multiqc                                            [DEBUG  ]  File ignored by hicexplorer because it exceeded search pattern filesize limit: panc.5.4.5_output_reverse_paired_fastqc.html
[2021-12-17 18:43:38,304] multiqc                                            [DEBUG  ]  File ignored by longranger/invocation because it exceeded search pattern filesize limit: panc.5.4.5_output_reverse_paired_fastqc.html
[2021-12-17 18:43:38,305] multiqc                                            [DEBUG  ]  File ignored by rockhopper because it exceeded search pattern filesize limit: panc.5.4.5_output_reverse_paired_fastqc.html
[2021-12-17 18:43:38,305] multiqc                                            [DEBUG  ]  File ignored by rseqc/bam_stat because it exceeded search pattern filesize limit: panc.5.4.5_output_reverse_paired_fastqc.html
[2021-12-17 18:43:38,305] multiqc                                            [DEBUG  ]  File ignored by rseqc/junction_annotation because it exceeded search pattern filesize limit: panc.5.4.5_output_reverse_paired_fastqc.html
[2021-12-17 18:43:38,305] multiqc                                            [DEBUG  ]  File ignored by rseqc/read_distribution because it exceeded search pattern filesize limit: panc.5.4.5_output_reverse_paired_fastqc.html
[2021-12-17 18:43:38,305] multiqc                                            [DEBUG  ]  File ignored by rseqc/infer_experiment because it exceeded search pattern filesize limit: panc.5.4.5_output_reverse_paired_fastqc.html
[2021-12-17 18:43:38,586] multiqc                                            [DEBUG  ]  File ignored by hicexplorer because it exceeded search pattern filesize limit: salmon_quant.log
[2021-12-17 18:43:38,596] multiqc                                            [DEBUG  ]  File ignored by longranger/invocation because it exceeded search pattern filesize limit: salmon_quant.log
[2021-12-17 18:43:38,766] multiqc                                            [DEBUG  ]  File ignored by hicexplorer because it exceeded search pattern filesize limit: ambig_info.tsv
[2021-12-17 18:43:38,778] multiqc                                            [DEBUG  ]  File ignored by longranger/invocation because it exceeded search pattern filesize limit: ambig_info.tsv
[2021-12-17 18:43:38,778] multiqc                                            [DEBUG  ]  File ignored by rockhopper because it exceeded search pattern filesize limit: ambig_info.tsv
[2021-12-17 18:43:38,778] multiqc                                            [DEBUG  ]  File ignored by rseqc/bam_stat because it exceeded search pattern filesize limit: ambig_info.tsv
[2021-12-17 18:43:38,779] multiqc                                            [DEBUG  ]  File ignored by rseqc/junction_annotation because it exceeded search pattern filesize limit: ambig_info.tsv
[2021-12-17 18:43:38,779] multiqc                                            [DEBUG  ]  File ignored by rseqc/read_distribution because it exceeded search pattern filesize limit: ambig_info.tsv
[2021-12-17 18:43:38,779] multiqc                                            [DEBUG  ]  File ignored by rseqc/infer_experiment because it exceeded search pattern filesize limit: ambig_info.tsv
[2021-12-17 18:43:44,006] multiqc                                            [DEBUG  ]  File ignored by hicexplorer because it exceeded search pattern filesize limit: salmon_quant.log
[2021-12-17 18:43:44,019] multiqc                                            [DEBUG  ]  File ignored by longranger/invocation because it exceeded search pattern filesize limit: salmon_quant.log
[2021-12-17 18:43:44,373] multiqc                                            [DEBUG  ]  Ignoring file as matched an ignore pattern: BioIVT_panc6_2-5_S88_R1_001.fastq.gz
[2021-12-17 18:43:44,373] multiqc                                            [DEBUG  ]  Ignoring file as matched an ignore pattern: BioIVT_panc6_2-5_S88_R2_001.fastq.gz
[2021-12-17 18:43:44,374] multiqc                                            [DEBUG  ]  Ignoring file as matched an ignore pattern: panc.6.2.5_output_forward_paired.fq.gz
[2021-12-17 18:43:44,374] multiqc                                            [DEBUG  ]  Ignoring file as matched an ignore pattern: panc.6.2.5_output_reverse_paired.fq.gz
[2021-12-17 18:43:44,404] multiqc                                            [DEBUG  ]  File ignored by hicexplorer because it exceeded search pattern filesize limit: panc.6.2.5_output_forward_paired_fastqc.html
[2021-12-17 18:43:44,415] multiqc                                            [DEBUG  ]  File ignored by longranger/invocation because it exceeded search pattern filesize limit: panc.6.2.5_output_forward_paired_fastqc.html
[2021-12-17 18:43:44,415] multiqc                                            [DEBUG  ]  File ignored by rockhopper because it exceeded search pattern filesize limit: panc.6.2.5_output_forward_paired_fastqc.html
[2021-12-17 18:43:44,415] multiqc                                            [DEBUG  ]  File ignored by rseqc/bam_stat because it exceeded search pattern filesize limit: panc.6.2.5_output_forward_paired_fastqc.html
[2021-12-17 18:43:44,415] multiqc                                            [DEBUG  ]  File ignored by rseqc/junction_annotation because it exceeded search pattern filesize limit: panc.6.2.5_output_forward_paired_fastqc.html
[2021-12-17 18:43:44,415] multiqc                                            [DEBUG  ]  File ignored by rseqc/read_distribution because it exceeded search pattern filesize limit: panc.6.2.5_output_forward_paired_fastqc.html
[2021-12-17 18:43:44,415] multiqc                                            [DEBUG  ]  File ignored by rseqc/infer_experiment because it exceeded search pattern filesize limit: panc.6.2.5_output_forward_paired_fastqc.html
[2021-12-17 18:43:44,574] multiqc                                            [DEBUG  ]  File ignored by hicexplorer because it exceeded search pattern filesize limit: panc.6.2.5_output_reverse_paired_fastqc.html
[2021-12-17 18:43:44,585] multiqc                                            [DEBUG  ]  File ignored by longranger/invocation because it exceeded search pattern filesize limit: panc.6.2.5_output_reverse_paired_fastqc.html
[2021-12-17 18:43:44,585] multiqc                                            [DEBUG  ]  File ignored by rockhopper because it exceeded search pattern filesize limit: panc.6.2.5_output_reverse_paired_fastqc.html
[2021-12-17 18:43:44,585] multiqc                                            [DEBUG  ]  File ignored by rseqc/bam_stat because it exceeded search pattern filesize limit: panc.6.2.5_output_reverse_paired_fastqc.html
[2021-12-17 18:43:44,585] multiqc                                            [DEBUG  ]  File ignored by rseqc/junction_annotation because it exceeded search pattern filesize limit: panc.6.2.5_output_reverse_paired_fastqc.html
[2021-12-17 18:43:44,585] multiqc                                            [DEBUG  ]  File ignored by rseqc/read_distribution because it exceeded search pattern filesize limit: panc.6.2.5_output_reverse_paired_fastqc.html
[2021-12-17 18:43:44,586] multiqc                                            [DEBUG  ]  File ignored by rseqc/infer_experiment because it exceeded search pattern filesize limit: panc.6.2.5_output_reverse_paired_fastqc.html
[2021-12-17 18:43:44,883] multiqc                                            [DEBUG  ]  File ignored by hicexplorer because it exceeded search pattern filesize limit: salmon_quant.log
[2021-12-17 18:43:44,894] multiqc                                            [DEBUG  ]  File ignored by longranger/invocation because it exceeded search pattern filesize limit: salmon_quant.log
[2021-12-17 18:43:45,068] multiqc                                            [DEBUG  ]  File ignored by hicexplorer because it exceeded search pattern filesize limit: ambig_info.tsv
[2021-12-17 18:43:45,079] multiqc                                            [DEBUG  ]  File ignored by longranger/invocation because it exceeded search pattern filesize limit: ambig_info.tsv
[2021-12-17 18:43:45,079] multiqc                                            [DEBUG  ]  File ignored by rockhopper because it exceeded search pattern filesize limit: ambig_info.tsv
[2021-12-17 18:43:45,079] multiqc                                            [DEBUG  ]  File ignored by rseqc/bam_stat because it exceeded search pattern filesize limit: ambig_info.tsv
[2021-12-17 18:43:45,079] multiqc                                            [DEBUG  ]  File ignored by rseqc/junction_annotation because it exceeded search pattern filesize limit: ambig_info.tsv
[2021-12-17 18:43:45,079] multiqc                                            [DEBUG  ]  File ignored by rseqc/read_distribution because it exceeded search pattern filesize limit: ambig_info.tsv
[2021-12-17 18:43:45,079] multiqc                                            [DEBUG  ]  File ignored by rseqc/infer_experiment because it exceeded search pattern filesize limit: ambig_info.tsv
[2021-12-17 18:43:50,383] multiqc                                            [DEBUG  ]  File ignored by hicexplorer because it exceeded search pattern filesize limit: salmon_quant.log
[2021-12-17 18:43:50,394] multiqc                                            [DEBUG  ]  File ignored by longranger/invocation because it exceeded search pattern filesize limit: salmon_quant.log
[2021-12-17 18:43:50,748] multiqc                                            [DEBUG  ]  Ignoring file as matched an ignore pattern: BioIVT0215_S206_R1_001.fastq.gz
[2021-12-17 18:43:50,748] multiqc                                            [DEBUG  ]  Ignoring file as matched an ignore pattern: BioIVT0215_S206_R2_001.fastq.gz
[2021-12-17 18:43:50,749] multiqc                                            [DEBUG  ]  Ignoring file as matched an ignore pattern: panc.7.1.1_output_forward_paired.fq.gz
[2021-12-17 18:43:50,749] multiqc                                            [DEBUG  ]  Ignoring file as matched an ignore pattern: panc.7.1.1_output_reverse_paired.fq.gz
[2021-12-17 18:43:50,777] multiqc                                            [DEBUG  ]  File ignored by hicexplorer because it exceeded search pattern filesize limit: panc.7.1.1_output_reverse_paired_fastqc.html
[2021-12-17 18:43:50,788] multiqc                                            [DEBUG  ]  File ignored by longranger/invocation because it exceeded search pattern filesize limit: panc.7.1.1_output_reverse_paired_fastqc.html
[2021-12-17 18:43:50,788] multiqc                                            [DEBUG  ]  File ignored by rockhopper because it exceeded search pattern filesize limit: panc.7.1.1_output_reverse_paired_fastqc.html
[2021-12-17 18:43:50,788] multiqc                                            [DEBUG  ]  File ignored by rseqc/bam_stat because it exceeded search pattern filesize limit: panc.7.1.1_output_reverse_paired_fastqc.html
[2021-12-17 18:43:50,789] multiqc                                            [DEBUG  ]  File ignored by rseqc/junction_annotation because it exceeded search pattern filesize limit: panc.7.1.1_output_reverse_paired_fastqc.html
[2021-12-17 18:43:50,789] multiqc                                            [DEBUG  ]  File ignored by rseqc/read_distribution because it exceeded search pattern filesize limit: panc.7.1.1_output_reverse_paired_fastqc.html
[2021-12-17 18:43:50,789] multiqc                                            [DEBUG  ]  File ignored by rseqc/infer_experiment because it exceeded search pattern filesize limit: panc.7.1.1_output_reverse_paired_fastqc.html
[2021-12-17 18:43:50,934] multiqc                                            [DEBUG  ]  File ignored by hicexplorer because it exceeded search pattern filesize limit: panc.7.1.1_output_forward_paired_fastqc.html
[2021-12-17 18:43:50,948] multiqc                                            [DEBUG  ]  File ignored by longranger/invocation because it exceeded search pattern filesize limit: panc.7.1.1_output_forward_paired_fastqc.html
[2021-12-17 18:43:50,948] multiqc                                            [DEBUG  ]  File ignored by rockhopper because it exceeded search pattern filesize limit: panc.7.1.1_output_forward_paired_fastqc.html
[2021-12-17 18:43:50,948] multiqc                                            [DEBUG  ]  File ignored by rseqc/bam_stat because it exceeded search pattern filesize limit: panc.7.1.1_output_forward_paired_fastqc.html
[2021-12-17 18:43:50,948] multiqc                                            [DEBUG  ]  File ignored by rseqc/junction_annotation because it exceeded search pattern filesize limit: panc.7.1.1_output_forward_paired_fastqc.html
[2021-12-17 18:43:50,948] multiqc                                            [DEBUG  ]  File ignored by rseqc/read_distribution because it exceeded search pattern filesize limit: panc.7.1.1_output_forward_paired_fastqc.html
[2021-12-17 18:43:50,948] multiqc                                            [DEBUG  ]  File ignored by rseqc/infer_experiment because it exceeded search pattern filesize limit: panc.7.1.1_output_forward_paired_fastqc.html
[2021-12-17 18:43:51,229] multiqc                                            [DEBUG  ]  File ignored by hicexplorer because it exceeded search pattern filesize limit: salmon_quant.log
[2021-12-17 18:43:51,240] multiqc                                            [DEBUG  ]  File ignored by longranger/invocation because it exceeded search pattern filesize limit: salmon_quant.log
[2021-12-17 18:43:51,421] multiqc                                            [DEBUG  ]  File ignored by hicexplorer because it exceeded search pattern filesize limit: ambig_info.tsv
[2021-12-17 18:43:51,433] multiqc                                            [DEBUG  ]  File ignored by longranger/invocation because it exceeded search pattern filesize limit: ambig_info.tsv
[2021-12-17 18:43:51,433] multiqc                                            [DEBUG  ]  File ignored by rockhopper because it exceeded search pattern filesize limit: ambig_info.tsv
[2021-12-17 18:43:51,433] multiqc                                            [DEBUG  ]  File ignored by rseqc/bam_stat because it exceeded search pattern filesize limit: ambig_info.tsv
[2021-12-17 18:43:51,433] multiqc                                            [DEBUG  ]  File ignored by rseqc/junction_annotation because it exceeded search pattern filesize limit: ambig_info.tsv
[2021-12-17 18:43:51,433] multiqc                                            [DEBUG  ]  File ignored by rseqc/read_distribution because it exceeded search pattern filesize limit: ambig_info.tsv
[2021-12-17 18:43:51,433] multiqc                                            [DEBUG  ]  File ignored by rseqc/infer_experiment because it exceeded search pattern filesize limit: ambig_info.tsv
[2021-12-17 18:43:51,549] multiqc                                            [DEBUG  ]  File ignored by stacks/sumstats because it exceeded search pattern filesize limit: ambig_info.tsv
[2021-12-17 18:43:56,631] multiqc                                            [DEBUG  ]  File ignored by hicexplorer because it exceeded search pattern filesize limit: salmon_quant.log
[2021-12-17 18:43:56,642] multiqc                                            [DEBUG  ]  File ignored by longranger/invocation because it exceeded search pattern filesize limit: salmon_quant.log
[2021-12-17 18:43:57,032] multiqc                                            [DEBUG  ]  Ignoring file as matched an ignore pattern: BioIVT_panc7_2-5_S89_R1_001.fastq.gz
[2021-12-17 18:43:57,032] multiqc                                            [DEBUG  ]  Ignoring file as matched an ignore pattern: BioIVT_panc7_2-5_S89_R2_001.fastq.gz
[2021-12-17 18:43:57,033] multiqc                                            [DEBUG  ]  Ignoring file as matched an ignore pattern: panc.7.2.5_output_forward_paired.fq.gz
[2021-12-17 18:43:57,033] multiqc                                            [DEBUG  ]  Ignoring file as matched an ignore pattern: panc.7.2.5_output_reverse_paired.fq.gz
[2021-12-17 18:43:57,065] multiqc                                            [DEBUG  ]  File ignored by hicexplorer because it exceeded search pattern filesize limit: panc.7.2.5_output_reverse_paired_fastqc.html
[2021-12-17 18:43:57,077] multiqc                                            [DEBUG  ]  File ignored by longranger/invocation because it exceeded search pattern filesize limit: panc.7.2.5_output_reverse_paired_fastqc.html
[2021-12-17 18:43:57,077] multiqc                                            [DEBUG  ]  File ignored by rockhopper because it exceeded search pattern filesize limit: panc.7.2.5_output_reverse_paired_fastqc.html
[2021-12-17 18:43:57,078] multiqc                                            [DEBUG  ]  File ignored by rseqc/bam_stat because it exceeded search pattern filesize limit: panc.7.2.5_output_reverse_paired_fastqc.html
[2021-12-17 18:43:57,078] multiqc                                            [DEBUG  ]  File ignored by rseqc/junction_annotation because it exceeded search pattern filesize limit: panc.7.2.5_output_reverse_paired_fastqc.html
[2021-12-17 18:43:57,078] multiqc                                            [DEBUG  ]  File ignored by rseqc/read_distribution because it exceeded search pattern filesize limit: panc.7.2.5_output_reverse_paired_fastqc.html
[2021-12-17 18:43:57,078] multiqc                                            [DEBUG  ]  File ignored by rseqc/infer_experiment because it exceeded search pattern filesize limit: panc.7.2.5_output_reverse_paired_fastqc.html
[2021-12-17 18:43:57,237] multiqc                                            [DEBUG  ]  File ignored by hicexplorer because it exceeded search pattern filesize limit: panc.7.2.5_output_forward_paired_fastqc.html
[2021-12-17 18:43:57,248] multiqc                                            [DEBUG  ]  File ignored by longranger/invocation because it exceeded search pattern filesize limit: panc.7.2.5_output_forward_paired_fastqc.html
[2021-12-17 18:43:57,249] multiqc                                            [DEBUG  ]  File ignored by rockhopper because it exceeded search pattern filesize limit: panc.7.2.5_output_forward_paired_fastqc.html
[2021-12-17 18:43:57,249] multiqc                                            [DEBUG  ]  File ignored by rseqc/bam_stat because it exceeded search pattern filesize limit: panc.7.2.5_output_forward_paired_fastqc.html
[2021-12-17 18:43:57,249] multiqc                                            [DEBUG  ]  File ignored by rseqc/junction_annotation because it exceeded search pattern filesize limit: panc.7.2.5_output_forward_paired_fastqc.html
[2021-12-17 18:43:57,249] multiqc                                            [DEBUG  ]  File ignored by rseqc/read_distribution because it exceeded search pattern filesize limit: panc.7.2.5_output_forward_paired_fastqc.html
[2021-12-17 18:43:57,249] multiqc                                            [DEBUG  ]  File ignored by rseqc/infer_experiment because it exceeded search pattern filesize limit: panc.7.2.5_output_forward_paired_fastqc.html
[2021-12-17 18:43:57,525] multiqc                                            [DEBUG  ]  File ignored by hicexplorer because it exceeded search pattern filesize limit: salmon_quant.log
[2021-12-17 18:43:57,536] multiqc                                            [DEBUG  ]  File ignored by longranger/invocation because it exceeded search pattern filesize limit: salmon_quant.log
[2021-12-17 18:43:57,749] multiqc                                            [DEBUG  ]  File ignored by hicexplorer because it exceeded search pattern filesize limit: ambig_info.tsv
[2021-12-17 18:43:57,762] multiqc                                            [DEBUG  ]  File ignored by longranger/invocation because it exceeded search pattern filesize limit: ambig_info.tsv
[2021-12-17 18:43:57,762] multiqc                                            [DEBUG  ]  File ignored by rockhopper because it exceeded search pattern filesize limit: ambig_info.tsv
[2021-12-17 18:43:57,762] multiqc                                            [DEBUG  ]  File ignored by rseqc/bam_stat because it exceeded search pattern filesize limit: ambig_info.tsv
[2021-12-17 18:43:57,762] multiqc                                            [DEBUG  ]  File ignored by rseqc/junction_annotation because it exceeded search pattern filesize limit: ambig_info.tsv
[2021-12-17 18:43:57,762] multiqc                                            [DEBUG  ]  File ignored by rseqc/read_distribution because it exceeded search pattern filesize limit: ambig_info.tsv
[2021-12-17 18:43:57,763] multiqc                                            [DEBUG  ]  File ignored by rseqc/infer_experiment because it exceeded search pattern filesize limit: ambig_info.tsv
[2021-12-17 18:44:03,060] multiqc                                            [DEBUG  ]  File ignored by hicexplorer because it exceeded search pattern filesize limit: salmon_quant.log
[2021-12-17 18:44:03,071] multiqc                                            [DEBUG  ]  File ignored by longranger/invocation because it exceeded search pattern filesize limit: salmon_quant.log
[2021-12-17 18:44:03,419] multiqc                                            [DEBUG  ]  Ignoring file as matched an ignore pattern: BioIVT_panc8_2-5_S90_R1_001.fastq.gz
[2021-12-17 18:44:03,420] multiqc                                            [DEBUG  ]  Ignoring file as matched an ignore pattern: BioIVT_panc8_2-5_S90_R2_001.fastq.gz
[2021-12-17 18:44:03,421] multiqc                                            [DEBUG  ]  Ignoring file as matched an ignore pattern: panc.8.2.5_output_forward_paired.fq.gz
[2021-12-17 18:44:03,421] multiqc                                            [DEBUG  ]  Ignoring file as matched an ignore pattern: panc.8.2.5_output_reverse_paired.fq.gz
[2021-12-17 18:44:03,451] multiqc                                            [DEBUG  ]  File ignored by hicexplorer because it exceeded search pattern filesize limit: panc.8.2.5_output_forward_paired_fastqc.html
[2021-12-17 18:44:03,462] multiqc                                            [DEBUG  ]  File ignored by longranger/invocation because it exceeded search pattern filesize limit: panc.8.2.5_output_forward_paired_fastqc.html
[2021-12-17 18:44:03,462] multiqc                                            [DEBUG  ]  File ignored by rockhopper because it exceeded search pattern filesize limit: panc.8.2.5_output_forward_paired_fastqc.html
[2021-12-17 18:44:03,462] multiqc                                            [DEBUG  ]  File ignored by rseqc/bam_stat because it exceeded search pattern filesize limit: panc.8.2.5_output_forward_paired_fastqc.html
[2021-12-17 18:44:03,462] multiqc                                            [DEBUG  ]  File ignored by rseqc/junction_annotation because it exceeded search pattern filesize limit: panc.8.2.5_output_forward_paired_fastqc.html
[2021-12-17 18:44:03,462] multiqc                                            [DEBUG  ]  File ignored by rseqc/read_distribution because it exceeded search pattern filesize limit: panc.8.2.5_output_forward_paired_fastqc.html
[2021-12-17 18:44:03,463] multiqc                                            [DEBUG  ]  File ignored by rseqc/infer_experiment because it exceeded search pattern filesize limit: panc.8.2.5_output_forward_paired_fastqc.html
[2021-12-17 18:44:03,616] multiqc                                            [DEBUG  ]  File ignored by hicexplorer because it exceeded search pattern filesize limit: panc.8.2.5_output_reverse_paired_fastqc.html
[2021-12-17 18:44:03,627] multiqc                                            [DEBUG  ]  File ignored by longranger/invocation because it exceeded search pattern filesize limit: panc.8.2.5_output_reverse_paired_fastqc.html
[2021-12-17 18:44:03,627] multiqc                                            [DEBUG  ]  File ignored by rockhopper because it exceeded search pattern filesize limit: panc.8.2.5_output_reverse_paired_fastqc.html
[2021-12-17 18:44:03,628] multiqc                                            [DEBUG  ]  File ignored by rseqc/bam_stat because it exceeded search pattern filesize limit: panc.8.2.5_output_reverse_paired_fastqc.html
[2021-12-17 18:44:03,628] multiqc                                            [DEBUG  ]  File ignored by rseqc/junction_annotation because it exceeded search pattern filesize limit: panc.8.2.5_output_reverse_paired_fastqc.html
[2021-12-17 18:44:03,628] multiqc                                            [DEBUG  ]  File ignored by rseqc/read_distribution because it exceeded search pattern filesize limit: panc.8.2.5_output_reverse_paired_fastqc.html
[2021-12-17 18:44:03,628] multiqc                                            [DEBUG  ]  File ignored by rseqc/infer_experiment because it exceeded search pattern filesize limit: panc.8.2.5_output_reverse_paired_fastqc.html
[2021-12-17 18:44:03,907] multiqc                                            [DEBUG  ]  File ignored by hicexplorer because it exceeded search pattern filesize limit: salmon_quant.log
[2021-12-17 18:44:03,918] multiqc                                            [DEBUG  ]  File ignored by longranger/invocation because it exceeded search pattern filesize limit: salmon_quant.log
[2021-12-17 18:44:04,091] multiqc                                            [DEBUG  ]  File ignored by hicexplorer because it exceeded search pattern filesize limit: ambig_info.tsv
[2021-12-17 18:44:04,101] multiqc                                            [DEBUG  ]  File ignored by longranger/invocation because it exceeded search pattern filesize limit: ambig_info.tsv
[2021-12-17 18:44:04,101] multiqc                                            [DEBUG  ]  File ignored by rockhopper because it exceeded search pattern filesize limit: ambig_info.tsv
[2021-12-17 18:44:04,101] multiqc                                            [DEBUG  ]  File ignored by rseqc/bam_stat because it exceeded search pattern filesize limit: ambig_info.tsv
[2021-12-17 18:44:04,101] multiqc                                            [DEBUG  ]  File ignored by rseqc/junction_annotation because it exceeded search pattern filesize limit: ambig_info.tsv
[2021-12-17 18:44:04,101] multiqc                                            [DEBUG  ]  File ignored by rseqc/read_distribution because it exceeded search pattern filesize limit: ambig_info.tsv
[2021-12-17 18:44:04,101] multiqc                                            [DEBUG  ]  File ignored by rseqc/infer_experiment because it exceeded search pattern filesize limit: ambig_info.tsv
[2021-12-17 18:44:04,217] multiqc                                            [DEBUG  ]  File ignored by stacks/sumstats because it exceeded search pattern filesize limit: ambig_info.tsv
[2021-12-17 18:44:09,302] multiqc                                            [DEBUG  ]  File ignored by hicexplorer because it exceeded search pattern filesize limit: salmon_quant.log
[2021-12-17 18:44:09,315] multiqc                                            [DEBUG  ]  File ignored by longranger/invocation because it exceeded search pattern filesize limit: salmon_quant.log
[2021-12-17 18:44:09,654] multiqc                                            [DEBUG  ]  Ignoring file as matched an ignore pattern: BioIVT0218_S213_R1_001.fastq.gz
[2021-12-17 18:44:09,655] multiqc                                            [DEBUG  ]  Ignoring file as matched an ignore pattern: BioIVT0218_S213_R2_001.fastq.gz
[2021-12-17 18:44:09,655] multiqc                                            [DEBUG  ]  Ignoring file as matched an ignore pattern: panc.9.1.1_output_forward_paired.fq.gz
[2021-12-17 18:44:09,656] multiqc                                            [DEBUG  ]  Ignoring file as matched an ignore pattern: panc.9.1.1_output_reverse_paired.fq.gz
[2021-12-17 18:44:09,686] multiqc                                            [DEBUG  ]  File ignored by hicexplorer because it exceeded search pattern filesize limit: panc.9.1.1_output_forward_paired_fastqc.html
[2021-12-17 18:44:09,697] multiqc                                            [DEBUG  ]  File ignored by longranger/invocation because it exceeded search pattern filesize limit: panc.9.1.1_output_forward_paired_fastqc.html
[2021-12-17 18:44:09,697] multiqc                                            [DEBUG  ]  File ignored by rockhopper because it exceeded search pattern filesize limit: panc.9.1.1_output_forward_paired_fastqc.html
[2021-12-17 18:44:09,697] multiqc                                            [DEBUG  ]  File ignored by rseqc/bam_stat because it exceeded search pattern filesize limit: panc.9.1.1_output_forward_paired_fastqc.html
[2021-12-17 18:44:09,697] multiqc                                            [DEBUG  ]  File ignored by rseqc/junction_annotation because it exceeded search pattern filesize limit: panc.9.1.1_output_forward_paired_fastqc.html
[2021-12-17 18:44:09,697] multiqc                                            [DEBUG  ]  File ignored by rseqc/read_distribution because it exceeded search pattern filesize limit: panc.9.1.1_output_forward_paired_fastqc.html
[2021-12-17 18:44:09,697] multiqc                                            [DEBUG  ]  File ignored by rseqc/infer_experiment because it exceeded search pattern filesize limit: panc.9.1.1_output_forward_paired_fastqc.html
[2021-12-17 18:44:09,846] multiqc                                            [DEBUG  ]  File ignored by hicexplorer because it exceeded search pattern filesize limit: panc.9.1.1_output_reverse_paired_fastqc.html
[2021-12-17 18:44:09,858] multiqc                                            [DEBUG  ]  File ignored by longranger/invocation because it exceeded search pattern filesize limit: panc.9.1.1_output_reverse_paired_fastqc.html
[2021-12-17 18:44:09,859] multiqc                                            [DEBUG  ]  File ignored by rockhopper because it exceeded search pattern filesize limit: panc.9.1.1_output_reverse_paired_fastqc.html
[2021-12-17 18:44:09,859] multiqc                                            [DEBUG  ]  File ignored by rseqc/bam_stat because it exceeded search pattern filesize limit: panc.9.1.1_output_reverse_paired_fastqc.html
[2021-12-17 18:44:09,859] multiqc                                            [DEBUG  ]  File ignored by rseqc/junction_annotation because it exceeded search pattern filesize limit: panc.9.1.1_output_reverse_paired_fastqc.html
[2021-12-17 18:44:09,859] multiqc                                            [DEBUG  ]  File ignored by rseqc/read_distribution because it exceeded search pattern filesize limit: panc.9.1.1_output_reverse_paired_fastqc.html
[2021-12-17 18:44:09,859] multiqc                                            [DEBUG  ]  File ignored by rseqc/infer_experiment because it exceeded search pattern filesize limit: panc.9.1.1_output_reverse_paired_fastqc.html
[2021-12-17 18:44:10,135] multiqc                                            [DEBUG  ]  File ignored by hicexplorer because it exceeded search pattern filesize limit: salmon_quant.log
[2021-12-17 18:44:10,148] multiqc                                            [DEBUG  ]  File ignored by longranger/invocation because it exceeded search pattern filesize limit: salmon_quant.log
[2021-12-17 18:44:10,319] multiqc                                            [DEBUG  ]  File ignored by hicexplorer because it exceeded search pattern filesize limit: ambig_info.tsv
[2021-12-17 18:44:10,331] multiqc                                            [DEBUG  ]  File ignored by longranger/invocation because it exceeded search pattern filesize limit: ambig_info.tsv
[2021-12-17 18:44:10,331] multiqc                                            [DEBUG  ]  File ignored by rockhopper because it exceeded search pattern filesize limit: ambig_info.tsv
[2021-12-17 18:44:10,331] multiqc                                            [DEBUG  ]  File ignored by rseqc/bam_stat because it exceeded search pattern filesize limit: ambig_info.tsv
[2021-12-17 18:44:10,331] multiqc                                            [DEBUG  ]  File ignored by rseqc/junction_annotation because it exceeded search pattern filesize limit: ambig_info.tsv
[2021-12-17 18:44:10,332] multiqc                                            [DEBUG  ]  File ignored by rseqc/read_distribution because it exceeded search pattern filesize limit: ambig_info.tsv
[2021-12-17 18:44:10,332] multiqc                                            [DEBUG  ]  File ignored by rseqc/infer_experiment because it exceeded search pattern filesize limit: ambig_info.tsv
[2021-12-17 18:44:15,638] multiqc                                            [DEBUG  ]  File ignored by hicexplorer because it exceeded search pattern filesize limit: salmon_quant.log
[2021-12-17 18:44:15,650] multiqc                                            [DEBUG  ]  File ignored by longranger/invocation because it exceeded search pattern filesize limit: salmon_quant.log
[2021-12-17 18:44:16,040] multiqc                                            [DEBUG  ]  Ignoring file as matched an ignore pattern: BioIVT_panc9_2-5_S91_R1_001.fastq.gz
[2021-12-17 18:44:16,041] multiqc                                            [DEBUG  ]  Ignoring file as matched an ignore pattern: BioIVT_panc9_2-5_S91_R2_001.fastq.gz
[2021-12-17 18:44:16,041] multiqc                                            [DEBUG  ]  Ignoring file as matched an ignore pattern: panc.9.2.5_output_forward_paired.fq.gz
[2021-12-17 18:44:16,042] multiqc                                            [DEBUG  ]  Ignoring file as matched an ignore pattern: panc.9.2.5_output_reverse_paired.fq.gz
[2021-12-17 18:44:16,074] multiqc                                            [DEBUG  ]  File ignored by hicexplorer because it exceeded search pattern filesize limit: panc.9.2.5_output_reverse_paired_fastqc.html
[2021-12-17 18:44:16,087] multiqc                                            [DEBUG  ]  File ignored by longranger/invocation because it exceeded search pattern filesize limit: panc.9.2.5_output_reverse_paired_fastqc.html
[2021-12-17 18:44:16,087] multiqc                                            [DEBUG  ]  File ignored by rockhopper because it exceeded search pattern filesize limit: panc.9.2.5_output_reverse_paired_fastqc.html
[2021-12-17 18:44:16,087] multiqc                                            [DEBUG  ]  File ignored by rseqc/bam_stat because it exceeded search pattern filesize limit: panc.9.2.5_output_reverse_paired_fastqc.html
[2021-12-17 18:44:16,087] multiqc                                            [DEBUG  ]  File ignored by rseqc/junction_annotation because it exceeded search pattern filesize limit: panc.9.2.5_output_reverse_paired_fastqc.html
[2021-12-17 18:44:16,088] multiqc                                            [DEBUG  ]  File ignored by rseqc/read_distribution because it exceeded search pattern filesize limit: panc.9.2.5_output_reverse_paired_fastqc.html
[2021-12-17 18:44:16,088] multiqc                                            [DEBUG  ]  File ignored by rseqc/infer_experiment because it exceeded search pattern filesize limit: panc.9.2.5_output_reverse_paired_fastqc.html
[2021-12-17 18:44:16,250] multiqc                                            [DEBUG  ]  File ignored by hicexplorer because it exceeded search pattern filesize limit: panc.9.2.5_output_forward_paired_fastqc.html
[2021-12-17 18:44:16,263] multiqc                                            [DEBUG  ]  File ignored by longranger/invocation because it exceeded search pattern filesize limit: panc.9.2.5_output_forward_paired_fastqc.html
[2021-12-17 18:44:16,263] multiqc                                            [DEBUG  ]  File ignored by rockhopper because it exceeded search pattern filesize limit: panc.9.2.5_output_forward_paired_fastqc.html
[2021-12-17 18:44:16,263] multiqc                                            [DEBUG  ]  File ignored by rseqc/bam_stat because it exceeded search pattern filesize limit: panc.9.2.5_output_forward_paired_fastqc.html
[2021-12-17 18:44:16,263] multiqc                                            [DEBUG  ]  File ignored by rseqc/junction_annotation because it exceeded search pattern filesize limit: panc.9.2.5_output_forward_paired_fastqc.html
[2021-12-17 18:44:16,264] multiqc                                            [DEBUG  ]  File ignored by rseqc/read_distribution because it exceeded search pattern filesize limit: panc.9.2.5_output_forward_paired_fastqc.html
[2021-12-17 18:44:16,264] multiqc                                            [DEBUG  ]  File ignored by rseqc/infer_experiment because it exceeded search pattern filesize limit: panc.9.2.5_output_forward_paired_fastqc.html
[2021-12-17 18:44:16,554] multiqc                                            [DEBUG  ]  File ignored by hicexplorer because it exceeded search pattern filesize limit: salmon_quant.log
[2021-12-17 18:44:16,567] multiqc                                            [DEBUG  ]  File ignored by longranger/invocation because it exceeded search pattern filesize limit: salmon_quant.log
[2021-12-17 18:44:16,729] multiqc                                            [DEBUG  ]  File ignored by hicexplorer because it exceeded search pattern filesize limit: ambig_info.tsv
[2021-12-17 18:44:16,742] multiqc                                            [DEBUG  ]  File ignored by longranger/invocation because it exceeded search pattern filesize limit: ambig_info.tsv
[2021-12-17 18:44:16,742] multiqc                                            [DEBUG  ]  File ignored by rockhopper because it exceeded search pattern filesize limit: ambig_info.tsv
[2021-12-17 18:44:16,742] multiqc                                            [DEBUG  ]  File ignored by rseqc/bam_stat because it exceeded search pattern filesize limit: ambig_info.tsv
[2021-12-17 18:44:16,742] multiqc                                            [DEBUG  ]  File ignored by rseqc/junction_annotation because it exceeded search pattern filesize limit: ambig_info.tsv
[2021-12-17 18:44:16,742] multiqc                                            [DEBUG  ]  File ignored by rseqc/read_distribution because it exceeded search pattern filesize limit: ambig_info.tsv
[2021-12-17 18:44:16,742] multiqc                                            [DEBUG  ]  File ignored by rseqc/infer_experiment because it exceeded search pattern filesize limit: ambig_info.tsv
[2021-12-17 18:44:22,042] multiqc                                            [DEBUG  ]  File ignored by hicexplorer because it exceeded search pattern filesize limit: salmon_quant.log
[2021-12-17 18:44:22,056] multiqc                                            [DEBUG  ]  File ignored by longranger/invocation because it exceeded search pattern filesize limit: salmon_quant.log
[2021-12-17 18:44:22,447] multiqc                                            [DEBUG  ]  Ignoring file as matched an ignore pattern: bioIVT0224_S214_R1_001.fastq.gz
[2021-12-17 18:44:22,448] multiqc                                            [DEBUG  ]  Ignoring file as matched an ignore pattern: bioIVT0224_S214_R2_001.fastq.gz
[2021-12-17 18:44:22,448] multiqc                                            [DEBUG  ]  Ignoring file as matched an ignore pattern: panc.6.1.1_output_forward_paired.fq.gz
[2021-12-17 18:44:22,449] multiqc                                            [DEBUG  ]  Ignoring file as matched an ignore pattern: panc.6.1.1_output_reverse_paired.fq.gz
[2021-12-17 18:44:22,481] multiqc                                            [DEBUG  ]  File ignored by hicexplorer because it exceeded search pattern filesize limit: panc.6.1.1_output_forward_paired_fastqc.html
[2021-12-17 18:44:22,494] multiqc                                            [DEBUG  ]  File ignored by longranger/invocation because it exceeded search pattern filesize limit: panc.6.1.1_output_forward_paired_fastqc.html
[2021-12-17 18:44:22,494] multiqc                                            [DEBUG  ]  File ignored by rockhopper because it exceeded search pattern filesize limit: panc.6.1.1_output_forward_paired_fastqc.html
[2021-12-17 18:44:22,494] multiqc                                            [DEBUG  ]  File ignored by rseqc/bam_stat because it exceeded search pattern filesize limit: panc.6.1.1_output_forward_paired_fastqc.html
[2021-12-17 18:44:22,494] multiqc                                            [DEBUG  ]  File ignored by rseqc/junction_annotation because it exceeded search pattern filesize limit: panc.6.1.1_output_forward_paired_fastqc.html
[2021-12-17 18:44:22,495] multiqc                                            [DEBUG  ]  File ignored by rseqc/read_distribution because it exceeded search pattern filesize limit: panc.6.1.1_output_forward_paired_fastqc.html
[2021-12-17 18:44:22,495] multiqc                                            [DEBUG  ]  File ignored by rseqc/infer_experiment because it exceeded search pattern filesize limit: panc.6.1.1_output_forward_paired_fastqc.html
[2021-12-17 18:44:22,644] multiqc                                            [DEBUG  ]  File ignored by hicexplorer because it exceeded search pattern filesize limit: panc.6.1.1_output_reverse_paired_fastqc.html
[2021-12-17 18:44:22,657] multiqc                                            [DEBUG  ]  File ignored by longranger/invocation because it exceeded search pattern filesize limit: panc.6.1.1_output_reverse_paired_fastqc.html
[2021-12-17 18:44:22,657] multiqc                                            [DEBUG  ]  File ignored by rockhopper because it exceeded search pattern filesize limit: panc.6.1.1_output_reverse_paired_fastqc.html
[2021-12-17 18:44:22,658] multiqc                                            [DEBUG  ]  File ignored by rseqc/bam_stat because it exceeded search pattern filesize limit: panc.6.1.1_output_reverse_paired_fastqc.html
[2021-12-17 18:44:22,658] multiqc                                            [DEBUG  ]  File ignored by rseqc/junction_annotation because it exceeded search pattern filesize limit: panc.6.1.1_output_reverse_paired_fastqc.html
[2021-12-17 18:44:22,658] multiqc                                            [DEBUG  ]  File ignored by rseqc/read_distribution because it exceeded search pattern filesize limit: panc.6.1.1_output_reverse_paired_fastqc.html
[2021-12-17 18:44:22,658] multiqc                                            [DEBUG  ]  File ignored by rseqc/infer_experiment because it exceeded search pattern filesize limit: panc.6.1.1_output_reverse_paired_fastqc.html
[2021-12-17 18:44:22,939] multiqc                                            [DEBUG  ]  File ignored by hicexplorer because it exceeded search pattern filesize limit: salmon_quant.log
[2021-12-17 18:44:22,951] multiqc                                            [DEBUG  ]  File ignored by longranger/invocation because it exceeded search pattern filesize limit: salmon_quant.log
[2021-12-17 18:44:23,135] multiqc                                            [DEBUG  ]  File ignored by hicexplorer because it exceeded search pattern filesize limit: ambig_info.tsv
[2021-12-17 18:44:23,147] multiqc                                            [DEBUG  ]  File ignored by longranger/invocation because it exceeded search pattern filesize limit: ambig_info.tsv
[2021-12-17 18:44:23,147] multiqc                                            [DEBUG  ]  File ignored by rockhopper because it exceeded search pattern filesize limit: ambig_info.tsv
[2021-12-17 18:44:23,148] multiqc                                            [DEBUG  ]  File ignored by rseqc/bam_stat because it exceeded search pattern filesize limit: ambig_info.tsv
[2021-12-17 18:44:23,148] multiqc                                            [DEBUG  ]  File ignored by rseqc/junction_annotation because it exceeded search pattern filesize limit: ambig_info.tsv
[2021-12-17 18:44:23,148] multiqc                                            [DEBUG  ]  File ignored by rseqc/read_distribution because it exceeded search pattern filesize limit: ambig_info.tsv
[2021-12-17 18:44:23,148] multiqc                                            [DEBUG  ]  File ignored by rseqc/infer_experiment because it exceeded search pattern filesize limit: ambig_info.tsv
[2021-12-17 18:44:28,454] multiqc                                            [DEBUG  ]  File ignored by hicexplorer because it exceeded search pattern filesize limit: salmon_quant.log
[2021-12-17 18:44:28,467] multiqc                                            [DEBUG  ]  File ignored by longranger/invocation because it exceeded search pattern filesize limit: salmon_quant.log
[2021-12-17 18:44:29,549] multiqc.plots.bargraph                             [DEBUG  ]  Using matplotlib version 3.1.3
[2021-12-17 18:44:29,551] multiqc.plots.linegraph                            [DEBUG  ]  Using matplotlib version 3.1.3
[2021-12-17 18:44:29,555] multiqc                                            [DEBUG  ]  No samples found: custom_content
[2021-12-17 18:44:29,564] multiqc                                            [DEBUG  ]  No samples found: conpair
[2021-12-17 18:44:29,573] multiqc                                            [DEBUG  ]  No samples found: peddy
[2021-12-17 18:44:29,581] multiqc                                            [DEBUG  ]  No samples found: somalier
[2021-12-17 18:44:29,590] multiqc                                            [DEBUG  ]  No samples found: methylQA
[2021-12-17 18:44:29,604] multiqc                                            [DEBUG  ]  No samples found: mosdepth
[2021-12-17 18:44:29,613] multiqc                                            [DEBUG  ]  No samples found: phantompeakqualtools
[2021-12-17 18:44:29,620] multiqc                                            [DEBUG  ]  No samples found: qualimap
[2021-12-17 18:44:29,629] multiqc                                            [DEBUG  ]  No samples found: preseq
[2021-12-17 18:44:29,638] multiqc                                            [DEBUG  ]  No samples found: quast
[2021-12-17 18:44:29,648] multiqc                                            [DEBUG  ]  No samples found: qorts
[2021-12-17 18:44:29,657] multiqc                                            [DEBUG  ]  No samples found: rna_seqc
[2021-12-17 18:44:29,666] multiqc                                            [DEBUG  ]  No samples found: rockhopper
[2021-12-17 18:44:29,675] multiqc                                            [DEBUG  ]  No samples found: rsem
[2021-12-17 18:44:29,696] multiqc                                            [DEBUG  ]  No samples found: rseqc
[2021-12-17 18:44:29,705] multiqc                                            [DEBUG  ]  No samples found: busco
[2021-12-17 18:44:29,714] multiqc                                            [DEBUG  ]  No samples found: goleft_indexcov
[2021-12-17 18:44:29,723] multiqc                                            [DEBUG  ]  No samples found: disambiguate
[2021-12-17 18:44:29,731] multiqc                                            [DEBUG  ]  No samples found: supernova
[2021-12-17 18:44:29,753] multiqc                                            [DEBUG  ]  No samples found: deeptools
[2021-12-17 18:44:29,762] multiqc                                            [DEBUG  ]  No samples found: sargasso
[2021-12-17 18:44:29,771] multiqc                                            [DEBUG  ]  No samples found: verifybamid
[2021-12-17 18:44:29,780] multiqc                                            [DEBUG  ]  No samples found: mirtrace
[2021-12-17 18:44:29,789] multiqc                                            [DEBUG  ]  No samples found: happy
[2021-12-17 18:44:29,798] multiqc                                            [DEBUG  ]  No samples found: mirtop
[2021-12-17 18:44:29,810] multiqc                                            [DEBUG  ]  No samples found: homer
[2021-12-17 18:44:29,819] multiqc                                            [DEBUG  ]  No samples found: macs2
[2021-12-17 18:44:29,828] multiqc                                            [DEBUG  ]  No samples found: theta2
[2021-12-17 18:44:29,837] multiqc                                            [DEBUG  ]  No samples found: snpeff
[2021-12-17 18:44:29,849] multiqc                                            [DEBUG  ]  No samples found: gatk
[2021-12-17 18:44:29,858] multiqc                                            [DEBUG  ]  No samples found: htseq
[2021-12-17 18:44:29,868] multiqc                                            [DEBUG  ]  No samples found: bcftools
[2021-12-17 18:44:29,877] multiqc                                            [DEBUG  ]  No samples found: featureCounts
[2021-12-17 18:44:29,889] multiqc                                            [DEBUG  ]  No samples found: fgbio
[2021-12-17 18:44:29,909] multiqc                                            [DEBUG  ]  No samples found: dragen
[2021-12-17 18:44:29,918] multiqc                                            [DEBUG  ]  No samples found: dedup
[2021-12-17 18:44:29,927] multiqc                                            [DEBUG  ]  No samples found: damageprofiler
[2021-12-17 18:44:29,965] multiqc                                            [DEBUG  ]  No samples found: biobambam2
[2021-12-17 18:44:29,974] multiqc                                            [DEBUG  ]  No samples found: mtnucratio
[2021-12-17 18:44:29,979] multiqc                                            [DEBUG  ]  No samples found: picard
[2021-12-17 18:44:29,988] multiqc                                            [DEBUG  ]  No samples found: prokka
[2021-12-17 18:44:29,996] multiqc                                            [DEBUG  ]  No samples found: samblaster
[2021-12-17 18:44:30,011] multiqc                                            [DEBUG  ]  No samples found: samtools
[2021-12-17 18:44:30,020] multiqc                                            [DEBUG  ]  No samples found: sexdeterrmine
[2021-12-17 18:44:30,031] multiqc                                            [DEBUG  ]  No samples found: bamtools
[2021-12-17 18:44:30,039] multiqc                                            [DEBUG  ]  No samples found: jellyfish
[2021-12-17 18:44:30,054] multiqc                                            [DEBUG  ]  No samples found: vcftools
[2021-12-17 18:44:30,063] multiqc                                            [DEBUG  ]  No samples found: longranger
[2021-12-17 18:44:30,072] multiqc                                            [DEBUG  ]  No samples found: stacks
[2021-12-17 18:44:30,081] multiqc                                            [DEBUG  ]  No samples found: varscan2
[2021-12-17 18:44:30,106] multiqc                                            [DEBUG  ]  No samples found: bbmap
[2021-12-17 18:44:30,115] multiqc                                            [DEBUG  ]  No samples found: bismark
[2021-12-17 18:44:30,124] multiqc                                            [DEBUG  ]  No samples found: biscuit
[2021-12-17 18:44:30,133] multiqc                                            [DEBUG  ]  No samples found: hicexplorer
[2021-12-17 18:44:30,142] multiqc                                            [DEBUG  ]  No samples found: hicup
[2021-12-17 18:44:30,151] multiqc                                            [DEBUG  ]  No samples found: hicpro
[2021-12-17 18:44:30,269] multiqc.modules.salmon.salmon                      [INFO   ]  Found 42 meta reports
[2021-12-17 18:44:30,272] multiqc.modules.salmon.salmon                      [INFO   ]  Found 28 fragment length distributions
[2021-12-17 18:44:30,557] multiqc                                            [DEBUG  ]  No samples found: kallisto
[2021-12-17 18:44:30,566] multiqc                                            [DEBUG  ]  No samples found: slamdunk
[2021-12-17 18:44:30,574] multiqc                                            [DEBUG  ]  No samples found: star
[2021-12-17 18:44:30,583] multiqc                                            [DEBUG  ]  No samples found: hisat2
[2021-12-17 18:44:30,592] multiqc                                            [DEBUG  ]  No samples found: tophat
[2021-12-17 18:44:30,601] multiqc                                            [DEBUG  ]  No samples found: bowtie2
[2021-12-17 18:44:30,610] multiqc                                            [DEBUG  ]  No samples found: bowtie1
[2021-12-17 18:44:30,618] multiqc                                            [DEBUG  ]  No samples found: snpsplit
[2021-12-17 18:44:30,627] multiqc                                            [DEBUG  ]  No samples found: kat
[2021-12-17 18:44:30,635] multiqc                                            [DEBUG  ]  No samples found: leehom
[2021-12-17 18:44:30,644] multiqc                                            [DEBUG  ]  No samples found: adapterRemoval
[2021-12-17 18:44:30,653] multiqc                                            [DEBUG  ]  No samples found: clipandmerge
[2021-12-17 18:44:30,662] multiqc                                            [DEBUG  ]  No samples found: cutadapt
[2021-12-17 18:44:30,670] multiqc                                            [DEBUG  ]  No samples found: flexbar
[2021-12-17 18:44:30,679] multiqc                                            [DEBUG  ]  No samples found: kaiju
[2021-12-17 18:44:30,688] multiqc                                            [DEBUG  ]  No samples found: kraken
[2021-12-17 18:44:30,696] multiqc                                            [DEBUG  ]  No samples found: malt
[2021-12-17 18:44:30,705] multiqc                                            [DEBUG  ]  No samples found: trimmomatic
[2021-12-17 18:44:30,714] multiqc                                            [DEBUG  ]  No samples found: sickle
[2021-12-17 18:44:30,722] multiqc                                            [DEBUG  ]  No samples found: skewer
[2021-12-17 18:44:30,731] multiqc                                            [DEBUG  ]  No samples found: sortmerna
[2021-12-17 18:44:30,739] multiqc                                            [DEBUG  ]  No samples found: biobloomtools
[2021-12-17 18:44:30,748] multiqc                                            [DEBUG  ]  No samples found: fastq_screen
[2021-12-17 18:44:30,757] multiqc                                            [DEBUG  ]  No samples found: afterqc
[2021-12-17 18:44:30,765] multiqc                                            [DEBUG  ]  No samples found: fastp
[2021-12-17 18:44:33,046] multiqc.modules.fastqc.fastqc                      [INFO   ]  Found 28 reports
[2021-12-17 18:44:33,652] multiqc                                            [DEBUG  ]  No samples found: pycoqc
[2021-12-17 18:44:33,661] multiqc                                            [DEBUG  ]  No samples found: minionqc
[2021-12-17 18:44:33,670] multiqc                                            [DEBUG  ]  No samples found: multivcfanalyzer
[2021-12-17 18:44:33,679] multiqc                                            [DEBUG  ]  No samples found: clusterflow
[2021-12-17 18:44:33,688] multiqc                                            [DEBUG  ]  No samples found: bcl2fastq
[2021-12-17 18:44:33,697] multiqc                                            [DEBUG  ]  No samples found: interop
[2021-12-17 18:44:33,706] multiqc                                            [DEBUG  ]  No samples found: ivar
[2021-12-17 18:44:33,715] multiqc                                            [DEBUG  ]  No samples found: flash
[2021-12-17 18:44:33,724] multiqc                                            [DEBUG  ]  No samples found: seqyclean
[2021-12-17 18:44:33,837] multiqc                                            [INFO   ]  Compressing plot data
[2021-12-17 18:44:35,253] multiqc                                            [INFO   ]  Report      : ../data/output_data/rna_qc/process.aware.salmon/multiqc.bioIvt_panc.2021-12-17-18.39.51-PST.html
[2021-12-17 18:44:35,253] multiqc                                            [INFO   ]  Data        : ../data/output_data/rna_qc/process.aware.salmon/multiqc.bioIvt_panc.2021-12-17-18.39.51-PST_data
[2021-12-17 18:44:35,253] multiqc                                            [DEBUG  ]  Moving data file from '/data/tmp/tmp5qji9lag/multiqc_data' to '/public/groups/kimlab/exRNA_disease_biomarkers//data/output_data/rna_qc/process.aware.salmon/multiqc.bioIvt_panc.2021-12-17-18.39.51-PST_data'
[2021-12-17 18:44:36,336] multiqc                                            [INFO   ]  MultiQC complete
