[2022-01-18 15:05:43,271] multiqc                                            [DEBUG  ]  No MultiQC config found: /public/groups/kimlab/.install_bin/anaconda3/lib/python3.7/site-packages/multiqc_config.yaml
[2022-01-18 15:05:43,272] multiqc                                            [DEBUG  ]  No MultiQC config found: /public/home/rreggiar/.multiqc_config.yaml
[2022-01-18 15:05:43,272] multiqc                                            [DEBUG  ]  No MultiQC config found: multiqc_config.yaml
[2022-01-18 15:05:43,273] multiqc                                            [DEBUG  ]  Command used: /public/groups/kimlab/.install_bin/anaconda3/bin/multiqc /public/groups/kimlab/exRNA_disease_biomarkers//data/input_data/bioIvt_luad/luad.1.0.30/hg38_star_2.7.9a_2021-12-20-12.04.36-PST_star_out/luad.1.0.30_second_pass_out/Aligned.sortedByCoord.out.bam /public/groups/kimlab/exRNA_disease_biomarkers//data/input_data/bioIvt_luad/luad.1.0.30/hg38_star_2.7.9a_2021-12-20-12.04.36-PST_star_out/luad.1.0.30_second_pass_out/Log.final.out /public/groups/kimlab/exRNA_disease_biomarkers//data/input_data/bioIvt_luad/luad.1.0.30/hg38_star_2.7.9a_2021-12-20-12.04.36-PST_star_out/luad.1.0.30_second_pass_out/Log.out /public/groups/kimlab/exRNA_disease_biomarkers//data/input_data/bioIvt_luad/luad.1.0.30/hg38_star_2.7.9a_2021-12-20-12.04.36-PST_star_out/luad.1.0.30_second_pass_out/Log.progress.out /public/groups/kimlab/exRNA_disease_biomarkers//data/input_data/bioIvt_luad/luad.1.0.30/hg38_star_2.7.9a_2021-12-20-12.04.36-PST_star_out/luad.1.0.30_second_pass_out/SJ.out.tab /public/groups/kimlab/exRNA_disease_biomarkers//data/input_data/bioIvt_luad/luad.1.0.30/hg38_star_2.7.9a_2021-12-20-12.04.36-PST_star_out/luad.1.0.30_second_pass_out/_STARgenome /public/groups/kimlab/exRNA_disease_biomarkers//data/input_data/bioIvt_luad/luad.1.0.30/hg38_star_2.7.9a_2021-12-20-12.04.36-PST_star_out/luad.1.0.30_second_pass_out/_STARtmp /public/groups/kimlab/exRNA_disease_biomarkers//data/input_data/bioIvt_luad/luad.1.0.30/hg38_star_2.7.9a_2021-12-20-12.04.36-PST_star_out/luad.1.0.30_second_pass_out/Unmapped.out.mate1 /public/groups/kimlab/exRNA_disease_biomarkers//data/input_data/bioIvt_luad/luad.1.0.30/hg38_star_2.7.9a_2021-12-20-12.04.36-PST_star_out/luad.1.0.30_second_pass_out/Unmapped.out.mate2 /public/groups/kimlab/exRNA_disease_biomarkers//data/input_data/bioIvt_luad/luad.2.0.30/hg38_star_2.7.9a_2021-12-20-12.13.45-PST_star_out/luad.2.0.30_second_pass_out/Aligned.sortedByCoord.out.bam /public/groups/kimlab/exRNA_disease_biomarkers//data/input_data/bioIvt_luad/luad.2.0.30/hg38_star_2.7.9a_2021-12-20-12.13.45-PST_star_out/luad.2.0.30_second_pass_out/Log.final.out /public/groups/kimlab/exRNA_disease_biomarkers//data/input_data/bioIvt_luad/luad.2.0.30/hg38_star_2.7.9a_2021-12-20-12.13.45-PST_star_out/luad.2.0.30_second_pass_out/Log.out /public/groups/kimlab/exRNA_disease_biomarkers//data/input_data/bioIvt_luad/luad.2.0.30/hg38_star_2.7.9a_2021-12-20-12.13.45-PST_star_out/luad.2.0.30_second_pass_out/Log.progress.out /public/groups/kimlab/exRNA_disease_biomarkers//data/input_data/bioIvt_luad/luad.2.0.30/hg38_star_2.7.9a_2021-12-20-12.13.45-PST_star_out/luad.2.0.30_second_pass_out/SJ.out.tab /public/groups/kimlab/exRNA_disease_biomarkers//data/input_data/bioIvt_luad/luad.2.0.30/hg38_star_2.7.9a_2021-12-20-12.13.45-PST_star_out/luad.2.0.30_second_pass_out/_STARgenome /public/groups/kimlab/exRNA_disease_biomarkers//data/input_data/bioIvt_luad/luad.2.0.30/hg38_star_2.7.9a_2021-12-20-12.13.45-PST_star_out/luad.2.0.30_second_pass_out/_STARtmp /public/groups/kimlab/exRNA_disease_biomarkers//data/input_data/bioIvt_luad/luad.2.0.30/hg38_star_2.7.9a_2021-12-20-12.13.45-PST_star_out/luad.2.0.30_second_pass_out/Unmapped.out.mate1 /public/groups/kimlab/exRNA_disease_biomarkers//data/input_data/bioIvt_luad/luad.2.0.30/hg38_star_2.7.9a_2021-12-20-12.13.45-PST_star_out/luad.2.0.30_second_pass_out/Unmapped.out.mate2 /public/groups/kimlab/exRNA_disease_biomarkers//data/input_data/bioIvt_luad/luad.3.0.30/hg38_star_2.7.9a_2021-12-20-12.13.45-PST_star_out/luad.3.0.30_second_pass_out/Aligned.sortedByCoord.out.bam /public/groups/kimlab/exRNA_disease_biomarkers//data/input_data/bioIvt_luad/luad.3.0.30/hg38_star_2.7.9a_2021-12-20-12.13.45-PST_star_out/luad.3.0.30_second_pass_out/Log.final.out /public/groups/kimlab/exRNA_disease_biomarkers//data/input_data/bioIvt_luad/luad.3.0.30/hg38_star_2.7.9a_2021-12-20-12.13.45-PST_star_out/luad.3.0.30_second_pass_out/Log.out /public/groups/kimlab/exRNA_disease_biomarkers//data/input_data/bioIvt_luad/luad.3.0.30/hg38_star_2.7.9a_2021-12-20-12.13.45-PST_star_out/luad.3.0.30_second_pass_out/Log.progress.out /public/groups/kimlab/exRNA_disease_biomarkers//data/input_data/bioIvt_luad/luad.3.0.30/hg38_star_2.7.9a_2021-12-20-12.13.45-PST_star_out/luad.3.0.30_second_pass_out/SJ.out.tab /public/groups/kimlab/exRNA_disease_biomarkers//data/input_data/bioIvt_luad/luad.3.0.30/hg38_star_2.7.9a_2021-12-20-12.13.45-PST_star_out/luad.3.0.30_second_pass_out/_STARgenome /public/groups/kimlab/exRNA_disease_biomarkers//data/input_data/bioIvt_luad/luad.3.0.30/hg38_star_2.7.9a_2021-12-20-12.13.45-PST_star_out/luad.3.0.30_second_pass_out/_STARtmp /public/groups/kimlab/exRNA_disease_biomarkers//data/input_data/bioIvt_luad/luad.3.0.30/hg38_star_2.7.9a_2021-12-20-12.13.45-PST_star_out/luad.3.0.30_second_pass_out/Unmapped.out.mate1 /public/groups/kimlab/exRNA_disease_biomarkers//data/input_data/bioIvt_luad/luad.3.0.30/hg38_star_2.7.9a_2021-12-20-12.13.45-PST_star_out/luad.3.0.30_second_pass_out/Unmapped.out.mate2 --filename multiqc.star.bioIvt_luad.2022-01-18-15.05.15-PST -o /public/groups/kimlab/exRNA_disease_biomarkers/data/output_data/rna_qc/star/
[2022-01-18 15:05:44,500] multiqc                                            [WARNING]  MultiQC Version v1.11 now available!
[2022-01-18 15:05:44,500] multiqc                                            [INFO   ]  This is MultiQC v1.9
[2022-01-18 15:05:44,500] multiqc                                            [DEBUG  ]  Command     : /public/groups/kimlab/.install_bin/anaconda3/bin/multiqc /public/groups/kimlab/exRNA_disease_biomarkers//data/input_data/bioIvt_luad/luad.1.0.30/hg38_star_2.7.9a_2021-12-20-12.04.36-PST_star_out/luad.1.0.30_second_pass_out/Aligned.sortedByCoord.out.bam /public/groups/kimlab/exRNA_disease_biomarkers//data/input_data/bioIvt_luad/luad.1.0.30/hg38_star_2.7.9a_2021-12-20-12.04.36-PST_star_out/luad.1.0.30_second_pass_out/Log.final.out /public/groups/kimlab/exRNA_disease_biomarkers//data/input_data/bioIvt_luad/luad.1.0.30/hg38_star_2.7.9a_2021-12-20-12.04.36-PST_star_out/luad.1.0.30_second_pass_out/Log.out /public/groups/kimlab/exRNA_disease_biomarkers//data/input_data/bioIvt_luad/luad.1.0.30/hg38_star_2.7.9a_2021-12-20-12.04.36-PST_star_out/luad.1.0.30_second_pass_out/Log.progress.out /public/groups/kimlab/exRNA_disease_biomarkers//data/input_data/bioIvt_luad/luad.1.0.30/hg38_star_2.7.9a_2021-12-20-12.04.36-PST_star_out/luad.1.0.30_second_pass_out/SJ.out.tab /public/groups/kimlab/exRNA_disease_biomarkers//data/input_data/bioIvt_luad/luad.1.0.30/hg38_star_2.7.9a_2021-12-20-12.04.36-PST_star_out/luad.1.0.30_second_pass_out/_STARgenome /public/groups/kimlab/exRNA_disease_biomarkers//data/input_data/bioIvt_luad/luad.1.0.30/hg38_star_2.7.9a_2021-12-20-12.04.36-PST_star_out/luad.1.0.30_second_pass_out/_STARtmp /public/groups/kimlab/exRNA_disease_biomarkers//data/input_data/bioIvt_luad/luad.1.0.30/hg38_star_2.7.9a_2021-12-20-12.04.36-PST_star_out/luad.1.0.30_second_pass_out/Unmapped.out.mate1 /public/groups/kimlab/exRNA_disease_biomarkers//data/input_data/bioIvt_luad/luad.1.0.30/hg38_star_2.7.9a_2021-12-20-12.04.36-PST_star_out/luad.1.0.30_second_pass_out/Unmapped.out.mate2 /public/groups/kimlab/exRNA_disease_biomarkers//data/input_data/bioIvt_luad/luad.2.0.30/hg38_star_2.7.9a_2021-12-20-12.13.45-PST_star_out/luad.2.0.30_second_pass_out/Aligned.sortedByCoord.out.bam /public/groups/kimlab/exRNA_disease_biomarkers//data/input_data/bioIvt_luad/luad.2.0.30/hg38_star_2.7.9a_2021-12-20-12.13.45-PST_star_out/luad.2.0.30_second_pass_out/Log.final.out /public/groups/kimlab/exRNA_disease_biomarkers//data/input_data/bioIvt_luad/luad.2.0.30/hg38_star_2.7.9a_2021-12-20-12.13.45-PST_star_out/luad.2.0.30_second_pass_out/Log.out /public/groups/kimlab/exRNA_disease_biomarkers//data/input_data/bioIvt_luad/luad.2.0.30/hg38_star_2.7.9a_2021-12-20-12.13.45-PST_star_out/luad.2.0.30_second_pass_out/Log.progress.out /public/groups/kimlab/exRNA_disease_biomarkers//data/input_data/bioIvt_luad/luad.2.0.30/hg38_star_2.7.9a_2021-12-20-12.13.45-PST_star_out/luad.2.0.30_second_pass_out/SJ.out.tab /public/groups/kimlab/exRNA_disease_biomarkers//data/input_data/bioIvt_luad/luad.2.0.30/hg38_star_2.7.9a_2021-12-20-12.13.45-PST_star_out/luad.2.0.30_second_pass_out/_STARgenome /public/groups/kimlab/exRNA_disease_biomarkers//data/input_data/bioIvt_luad/luad.2.0.30/hg38_star_2.7.9a_2021-12-20-12.13.45-PST_star_out/luad.2.0.30_second_pass_out/_STARtmp /public/groups/kimlab/exRNA_disease_biomarkers//data/input_data/bioIvt_luad/luad.2.0.30/hg38_star_2.7.9a_2021-12-20-12.13.45-PST_star_out/luad.2.0.30_second_pass_out/Unmapped.out.mate1 /public/groups/kimlab/exRNA_disease_biomarkers//data/input_data/bioIvt_luad/luad.2.0.30/hg38_star_2.7.9a_2021-12-20-12.13.45-PST_star_out/luad.2.0.30_second_pass_out/Unmapped.out.mate2 /public/groups/kimlab/exRNA_disease_biomarkers//data/input_data/bioIvt_luad/luad.3.0.30/hg38_star_2.7.9a_2021-12-20-12.13.45-PST_star_out/luad.3.0.30_second_pass_out/Aligned.sortedByCoord.out.bam /public/groups/kimlab/exRNA_disease_biomarkers//data/input_data/bioIvt_luad/luad.3.0.30/hg38_star_2.7.9a_2021-12-20-12.13.45-PST_star_out/luad.3.0.30_second_pass_out/Log.final.out /public/groups/kimlab/exRNA_disease_biomarkers//data/input_data/bioIvt_luad/luad.3.0.30/hg38_star_2.7.9a_2021-12-20-12.13.45-PST_star_out/luad.3.0.30_second_pass_out/Log.out /public/groups/kimlab/exRNA_disease_biomarkers//data/input_data/bioIvt_luad/luad.3.0.30/hg38_star_2.7.9a_2021-12-20-12.13.45-PST_star_out/luad.3.0.30_second_pass_out/Log.progress.out /public/groups/kimlab/exRNA_disease_biomarkers//data/input_data/bioIvt_luad/luad.3.0.30/hg38_star_2.7.9a_2021-12-20-12.13.45-PST_star_out/luad.3.0.30_second_pass_out/SJ.out.tab /public/groups/kimlab/exRNA_disease_biomarkers//data/input_data/bioIvt_luad/luad.3.0.30/hg38_star_2.7.9a_2021-12-20-12.13.45-PST_star_out/luad.3.0.30_second_pass_out/_STARgenome /public/groups/kimlab/exRNA_disease_biomarkers//data/input_data/bioIvt_luad/luad.3.0.30/hg38_star_2.7.9a_2021-12-20-12.13.45-PST_star_out/luad.3.0.30_second_pass_out/_STARtmp /public/groups/kimlab/exRNA_disease_biomarkers//data/input_data/bioIvt_luad/luad.3.0.30/hg38_star_2.7.9a_2021-12-20-12.13.45-PST_star_out/luad.3.0.30_second_pass_out/Unmapped.out.mate1 /public/groups/kimlab/exRNA_disease_biomarkers//data/input_data/bioIvt_luad/luad.3.0.30/hg38_star_2.7.9a_2021-12-20-12.13.45-PST_star_out/luad.3.0.30_second_pass_out/Unmapped.out.mate2 --filename multiqc.star.bioIvt_luad.2022-01-18-15.05.15-PST -o /public/groups/kimlab/exRNA_disease_biomarkers/data/output_data/rna_qc/star/
[2022-01-18 15:05:44,501] multiqc                                            [DEBUG  ]  Working dir : /public/groups/kimlab/exRNA_disease_biomarkers/bin
[2022-01-18 15:05:44,501] multiqc                                            [INFO   ]  Template    : default
[2022-01-18 15:05:44,501] multiqc                                            [DEBUG  ]  Running Python 3.7.6 (default, Jan  8 2020, 19:59:22)  [GCC 7.3.0]
[2022-01-18 15:05:44,501] multiqc                                            [INFO   ]  Searching   : /public/groups/kimlab/exRNA_disease_biomarkers/data/input_data/bioIvt_luad/luad.1.0.30/hg38_star_2.7.9a_2021-12-20-12.04.36-PST_star_out/luad.1.0.30_second_pass_out/Aligned.sortedByCoord.out.bam
[2022-01-18 15:05:44,501] multiqc                                            [INFO   ]  Searching   : /public/groups/kimlab/exRNA_disease_biomarkers/data/input_data/bioIvt_luad/luad.1.0.30/hg38_star_2.7.9a_2021-12-20-12.04.36-PST_star_out/luad.1.0.30_second_pass_out/Log.final.out
[2022-01-18 15:05:44,501] multiqc                                            [INFO   ]  Searching   : /public/groups/kimlab/exRNA_disease_biomarkers/data/input_data/bioIvt_luad/luad.1.0.30/hg38_star_2.7.9a_2021-12-20-12.04.36-PST_star_out/luad.1.0.30_second_pass_out/Log.out
[2022-01-18 15:05:44,502] multiqc                                            [INFO   ]  Searching   : /public/groups/kimlab/exRNA_disease_biomarkers/data/input_data/bioIvt_luad/luad.1.0.30/hg38_star_2.7.9a_2021-12-20-12.04.36-PST_star_out/luad.1.0.30_second_pass_out/Log.progress.out
[2022-01-18 15:05:44,502] multiqc                                            [INFO   ]  Searching   : /public/groups/kimlab/exRNA_disease_biomarkers/data/input_data/bioIvt_luad/luad.1.0.30/hg38_star_2.7.9a_2021-12-20-12.04.36-PST_star_out/luad.1.0.30_second_pass_out/SJ.out.tab
[2022-01-18 15:05:44,502] multiqc                                            [INFO   ]  Searching   : /public/groups/kimlab/exRNA_disease_biomarkers/data/input_data/bioIvt_luad/luad.1.0.30/hg38_star_2.7.9a_2021-12-20-12.04.36-PST_star_out/luad.1.0.30_second_pass_out/_STARgenome
[2022-01-18 15:05:44,502] multiqc                                            [INFO   ]  Searching   : /public/groups/kimlab/exRNA_disease_biomarkers/data/input_data/bioIvt_luad/luad.1.0.30/hg38_star_2.7.9a_2021-12-20-12.04.36-PST_star_out/luad.1.0.30_second_pass_out/_STARtmp
[2022-01-18 15:05:44,502] multiqc                                            [INFO   ]  Searching   : /public/groups/kimlab/exRNA_disease_biomarkers/data/input_data/bioIvt_luad/luad.1.0.30/hg38_star_2.7.9a_2021-12-20-12.04.36-PST_star_out/luad.1.0.30_second_pass_out/Unmapped.out.mate1
[2022-01-18 15:05:44,503] multiqc                                            [INFO   ]  Searching   : /public/groups/kimlab/exRNA_disease_biomarkers/data/input_data/bioIvt_luad/luad.1.0.30/hg38_star_2.7.9a_2021-12-20-12.04.36-PST_star_out/luad.1.0.30_second_pass_out/Unmapped.out.mate2
[2022-01-18 15:05:44,503] multiqc                                            [INFO   ]  Searching   : /public/groups/kimlab/exRNA_disease_biomarkers/data/input_data/bioIvt_luad/luad.2.0.30/hg38_star_2.7.9a_2021-12-20-12.13.45-PST_star_out/luad.2.0.30_second_pass_out/Aligned.sortedByCoord.out.bam
[2022-01-18 15:05:44,503] multiqc                                            [INFO   ]  Searching   : /public/groups/kimlab/exRNA_disease_biomarkers/data/input_data/bioIvt_luad/luad.2.0.30/hg38_star_2.7.9a_2021-12-20-12.13.45-PST_star_out/luad.2.0.30_second_pass_out/Log.final.out
[2022-01-18 15:05:44,503] multiqc                                            [INFO   ]  Searching   : /public/groups/kimlab/exRNA_disease_biomarkers/data/input_data/bioIvt_luad/luad.2.0.30/hg38_star_2.7.9a_2021-12-20-12.13.45-PST_star_out/luad.2.0.30_second_pass_out/Log.out
[2022-01-18 15:05:44,503] multiqc                                            [INFO   ]  Searching   : /public/groups/kimlab/exRNA_disease_biomarkers/data/input_data/bioIvt_luad/luad.2.0.30/hg38_star_2.7.9a_2021-12-20-12.13.45-PST_star_out/luad.2.0.30_second_pass_out/Log.progress.out
[2022-01-18 15:05:44,504] multiqc                                            [INFO   ]  Searching   : /public/groups/kimlab/exRNA_disease_biomarkers/data/input_data/bioIvt_luad/luad.2.0.30/hg38_star_2.7.9a_2021-12-20-12.13.45-PST_star_out/luad.2.0.30_second_pass_out/SJ.out.tab
[2022-01-18 15:05:44,504] multiqc                                            [INFO   ]  Searching   : /public/groups/kimlab/exRNA_disease_biomarkers/data/input_data/bioIvt_luad/luad.2.0.30/hg38_star_2.7.9a_2021-12-20-12.13.45-PST_star_out/luad.2.0.30_second_pass_out/_STARgenome
[2022-01-18 15:05:44,504] multiqc                                            [INFO   ]  Searching   : /public/groups/kimlab/exRNA_disease_biomarkers/data/input_data/bioIvt_luad/luad.2.0.30/hg38_star_2.7.9a_2021-12-20-12.13.45-PST_star_out/luad.2.0.30_second_pass_out/_STARtmp
[2022-01-18 15:05:44,504] multiqc                                            [INFO   ]  Searching   : /public/groups/kimlab/exRNA_disease_biomarkers/data/input_data/bioIvt_luad/luad.2.0.30/hg38_star_2.7.9a_2021-12-20-12.13.45-PST_star_out/luad.2.0.30_second_pass_out/Unmapped.out.mate1
[2022-01-18 15:05:44,504] multiqc                                            [INFO   ]  Searching   : /public/groups/kimlab/exRNA_disease_biomarkers/data/input_data/bioIvt_luad/luad.2.0.30/hg38_star_2.7.9a_2021-12-20-12.13.45-PST_star_out/luad.2.0.30_second_pass_out/Unmapped.out.mate2
[2022-01-18 15:05:44,505] multiqc                                            [INFO   ]  Searching   : /public/groups/kimlab/exRNA_disease_biomarkers/data/input_data/bioIvt_luad/luad.3.0.30/hg38_star_2.7.9a_2021-12-20-12.13.45-PST_star_out/luad.3.0.30_second_pass_out/Aligned.sortedByCoord.out.bam
[2022-01-18 15:05:44,505] multiqc                                            [INFO   ]  Searching   : /public/groups/kimlab/exRNA_disease_biomarkers/data/input_data/bioIvt_luad/luad.3.0.30/hg38_star_2.7.9a_2021-12-20-12.13.45-PST_star_out/luad.3.0.30_second_pass_out/Log.final.out
[2022-01-18 15:05:44,505] multiqc                                            [INFO   ]  Searching   : /public/groups/kimlab/exRNA_disease_biomarkers/data/input_data/bioIvt_luad/luad.3.0.30/hg38_star_2.7.9a_2021-12-20-12.13.45-PST_star_out/luad.3.0.30_second_pass_out/Log.out
[2022-01-18 15:05:44,505] multiqc                                            [INFO   ]  Searching   : /public/groups/kimlab/exRNA_disease_biomarkers/data/input_data/bioIvt_luad/luad.3.0.30/hg38_star_2.7.9a_2021-12-20-12.13.45-PST_star_out/luad.3.0.30_second_pass_out/Log.progress.out
[2022-01-18 15:05:44,505] multiqc                                            [INFO   ]  Searching   : /public/groups/kimlab/exRNA_disease_biomarkers/data/input_data/bioIvt_luad/luad.3.0.30/hg38_star_2.7.9a_2021-12-20-12.13.45-PST_star_out/luad.3.0.30_second_pass_out/SJ.out.tab
[2022-01-18 15:05:44,506] multiqc                                            [INFO   ]  Searching   : /public/groups/kimlab/exRNA_disease_biomarkers/data/input_data/bioIvt_luad/luad.3.0.30/hg38_star_2.7.9a_2021-12-20-12.13.45-PST_star_out/luad.3.0.30_second_pass_out/_STARgenome
[2022-01-18 15:05:44,506] multiqc                                            [INFO   ]  Searching   : /public/groups/kimlab/exRNA_disease_biomarkers/data/input_data/bioIvt_luad/luad.3.0.30/hg38_star_2.7.9a_2021-12-20-12.13.45-PST_star_out/luad.3.0.30_second_pass_out/_STARtmp
[2022-01-18 15:05:44,506] multiqc                                            [INFO   ]  Searching   : /public/groups/kimlab/exRNA_disease_biomarkers/data/input_data/bioIvt_luad/luad.3.0.30/hg38_star_2.7.9a_2021-12-20-12.13.45-PST_star_out/luad.3.0.30_second_pass_out/Unmapped.out.mate1
[2022-01-18 15:05:44,506] multiqc                                            [INFO   ]  Searching   : /public/groups/kimlab/exRNA_disease_biomarkers/data/input_data/bioIvt_luad/luad.3.0.30/hg38_star_2.7.9a_2021-12-20-12.13.45-PST_star_out/luad.3.0.30_second_pass_out/Unmapped.out.mate2
[2022-01-18 15:05:44,507] multiqc                                            [DEBUG  ]  Analysing modules: custom_content, conpair, peddy, somalier, methylQA, mosdepth, phantompeakqualtools, qualimap, preseq, quast, qorts, rna_seqc, rockhopper, rsem, rseqc, busco, goleft_indexcov, disambiguate, supernova, deeptools, sargasso, verifybamid, mirtrace, happy, mirtop, homer, macs2, theta2, snpeff, gatk, htseq, bcftools, featureCounts, fgbio, dragen, dedup, damageprofiler, biobambam2, mtnucratio, picard, prokka, samblaster, samtools, sexdeterrmine, bamtools, jellyfish, vcftools, longranger, stacks, varscan2, bbmap, bismark, biscuit, hicexplorer, hicup, hicpro, salmon, kallisto, slamdunk, star, hisat2, tophat, bowtie2, bowtie1, snpsplit, kat, leehom, adapterRemoval, clipandmerge, cutadapt, flexbar, kaiju, kraken, malt, trimmomatic, sickle, skewer, sortmerna, biobloomtools, fastq_screen, afterqc, fastp, fastqc, pycoqc, minionqc, multivcfanalyzer, clusterflow, bcl2fastq, interop, ivar, flash, seqyclean
[2022-01-18 15:05:44,508] multiqc                                            [DEBUG  ]  Using temporary directory for creating report: /data/tmp/tmpk24zdyf6
[2022-01-18 15:05:46,672] multiqc                                            [DEBUG  ]  Ignoring file as matched an ignore pattern: Aligned.sortedByCoord.out.bam
[2022-01-18 15:05:46,832] multiqc                                            [DEBUG  ]  File ignored by hicexplorer because it exceeded search pattern filesize limit: Log.out
[2022-01-18 15:05:46,847] multiqc                                            [DEBUG  ]  File ignored by longranger/invocation because it exceeded search pattern filesize limit: Log.out
[2022-01-18 15:05:47,205] multiqc                                            [DEBUG  ]  File ignored by hicexplorer because it exceeded search pattern filesize limit: SJ.out.tab
[2022-01-18 15:05:47,223] multiqc                                            [DEBUG  ]  File ignored by longranger/invocation because it exceeded search pattern filesize limit: SJ.out.tab
[2022-01-18 15:05:47,223] multiqc                                            [DEBUG  ]  File ignored by rockhopper because it exceeded search pattern filesize limit: SJ.out.tab
[2022-01-18 15:05:47,223] multiqc                                            [DEBUG  ]  File ignored by rseqc/bam_stat because it exceeded search pattern filesize limit: SJ.out.tab
[2022-01-18 15:05:47,223] multiqc                                            [DEBUG  ]  File ignored by rseqc/junction_annotation because it exceeded search pattern filesize limit: SJ.out.tab
[2022-01-18 15:05:47,224] multiqc                                            [DEBUG  ]  File ignored by rseqc/read_distribution because it exceeded search pattern filesize limit: SJ.out.tab
[2022-01-18 15:05:47,224] multiqc                                            [DEBUG  ]  File ignored by rseqc/infer_experiment because it exceeded search pattern filesize limit: SJ.out.tab
[2022-01-18 15:05:47,381] multiqc                                            [DEBUG  ]  File ignored by stacks/sumstats because it exceeded search pattern filesize limit: SJ.out.tab
[2022-01-18 15:05:53,129] multiqc                                            [DEBUG  ]  File ignored by hicexplorer because it exceeded search pattern filesize limit: sjdbInfo.txt
[2022-01-18 15:05:53,139] multiqc                                            [DEBUG  ]  File ignored by longranger/invocation because it exceeded search pattern filesize limit: sjdbInfo.txt
[2022-01-18 15:05:53,139] multiqc                                            [DEBUG  ]  File ignored by rockhopper because it exceeded search pattern filesize limit: sjdbInfo.txt
[2022-01-18 15:05:53,140] multiqc                                            [DEBUG  ]  File ignored by rseqc/bam_stat because it exceeded search pattern filesize limit: sjdbInfo.txt
[2022-01-18 15:05:53,140] multiqc                                            [DEBUG  ]  File ignored by rseqc/junction_annotation because it exceeded search pattern filesize limit: sjdbInfo.txt
[2022-01-18 15:05:53,140] multiqc                                            [DEBUG  ]  File ignored by rseqc/read_distribution because it exceeded search pattern filesize limit: sjdbInfo.txt
[2022-01-18 15:05:53,140] multiqc                                            [DEBUG  ]  File ignored by rseqc/infer_experiment because it exceeded search pattern filesize limit: sjdbInfo.txt
[2022-01-18 15:05:53,281] multiqc                                            [DEBUG  ]  File ignored by stacks/sumstats because it exceeded search pattern filesize limit: sjdbInfo.txt
[2022-01-18 15:05:58,935] multiqc                                            [DEBUG  ]  File ignored by hicexplorer because it exceeded search pattern filesize limit: sjdbList.out.tab
[2022-01-18 15:05:58,955] multiqc                                            [DEBUG  ]  File ignored by longranger/invocation because it exceeded search pattern filesize limit: sjdbList.out.tab
[2022-01-18 15:05:58,955] multiqc                                            [DEBUG  ]  File ignored by rockhopper because it exceeded search pattern filesize limit: sjdbList.out.tab
[2022-01-18 15:05:58,955] multiqc                                            [DEBUG  ]  File ignored by rseqc/bam_stat because it exceeded search pattern filesize limit: sjdbList.out.tab
[2022-01-18 15:05:58,955] multiqc                                            [DEBUG  ]  File ignored by rseqc/junction_annotation because it exceeded search pattern filesize limit: sjdbList.out.tab
[2022-01-18 15:05:58,956] multiqc                                            [DEBUG  ]  File ignored by rseqc/read_distribution because it exceeded search pattern filesize limit: sjdbList.out.tab
[2022-01-18 15:05:58,956] multiqc                                            [DEBUG  ]  File ignored by rseqc/infer_experiment because it exceeded search pattern filesize limit: sjdbList.out.tab
[2022-01-18 15:05:59,053] multiqc                                            [DEBUG  ]  File ignored by stacks/sumstats because it exceeded search pattern filesize limit: sjdbList.out.tab
[2022-01-18 15:06:04,441] multiqc                                            [DEBUG  ]  Ignoring file as matched an ignore pattern: Aligned.sortedByCoord.out.bam
[2022-01-18 15:06:04,495] multiqc                                            [DEBUG  ]  File ignored by hicexplorer because it exceeded search pattern filesize limit: Log.out
[2022-01-18 15:06:04,515] multiqc                                            [DEBUG  ]  File ignored by longranger/invocation because it exceeded search pattern filesize limit: Log.out
[2022-01-18 15:06:04,730] multiqc                                            [DEBUG  ]  File ignored by hicexplorer because it exceeded search pattern filesize limit: SJ.out.tab
[2022-01-18 15:06:04,740] multiqc                                            [DEBUG  ]  File ignored by longranger/invocation because it exceeded search pattern filesize limit: SJ.out.tab
[2022-01-18 15:06:04,741] multiqc                                            [DEBUG  ]  File ignored by rockhopper because it exceeded search pattern filesize limit: SJ.out.tab
[2022-01-18 15:06:04,741] multiqc                                            [DEBUG  ]  File ignored by rseqc/bam_stat because it exceeded search pattern filesize limit: SJ.out.tab
[2022-01-18 15:06:04,741] multiqc                                            [DEBUG  ]  File ignored by rseqc/junction_annotation because it exceeded search pattern filesize limit: SJ.out.tab
[2022-01-18 15:06:04,741] multiqc                                            [DEBUG  ]  File ignored by rseqc/read_distribution because it exceeded search pattern filesize limit: SJ.out.tab
[2022-01-18 15:06:04,741] multiqc                                            [DEBUG  ]  File ignored by rseqc/infer_experiment because it exceeded search pattern filesize limit: SJ.out.tab
[2022-01-18 15:06:04,869] multiqc                                            [DEBUG  ]  File ignored by stacks/sumstats because it exceeded search pattern filesize limit: SJ.out.tab
[2022-01-18 15:06:11,092] multiqc                                            [DEBUG  ]  File ignored by hicexplorer because it exceeded search pattern filesize limit: sjdbInfo.txt
[2022-01-18 15:06:11,103] multiqc                                            [DEBUG  ]  File ignored by longranger/invocation because it exceeded search pattern filesize limit: sjdbInfo.txt
[2022-01-18 15:06:11,103] multiqc                                            [DEBUG  ]  File ignored by rockhopper because it exceeded search pattern filesize limit: sjdbInfo.txt
[2022-01-18 15:06:11,103] multiqc                                            [DEBUG  ]  File ignored by rseqc/bam_stat because it exceeded search pattern filesize limit: sjdbInfo.txt
[2022-01-18 15:06:11,104] multiqc                                            [DEBUG  ]  File ignored by rseqc/junction_annotation because it exceeded search pattern filesize limit: sjdbInfo.txt
[2022-01-18 15:06:11,104] multiqc                                            [DEBUG  ]  File ignored by rseqc/read_distribution because it exceeded search pattern filesize limit: sjdbInfo.txt
[2022-01-18 15:06:11,104] multiqc                                            [DEBUG  ]  File ignored by rseqc/infer_experiment because it exceeded search pattern filesize limit: sjdbInfo.txt
[2022-01-18 15:06:11,235] multiqc                                            [DEBUG  ]  File ignored by stacks/sumstats because it exceeded search pattern filesize limit: sjdbInfo.txt
[2022-01-18 15:06:19,520] multiqc                                            [DEBUG  ]  File ignored by hicexplorer because it exceeded search pattern filesize limit: sjdbList.out.tab
[2022-01-18 15:06:19,531] multiqc                                            [DEBUG  ]  File ignored by longranger/invocation because it exceeded search pattern filesize limit: sjdbList.out.tab
[2022-01-18 15:06:19,531] multiqc                                            [DEBUG  ]  File ignored by rockhopper because it exceeded search pattern filesize limit: sjdbList.out.tab
[2022-01-18 15:06:19,531] multiqc                                            [DEBUG  ]  File ignored by rseqc/bam_stat because it exceeded search pattern filesize limit: sjdbList.out.tab
[2022-01-18 15:06:19,531] multiqc                                            [DEBUG  ]  File ignored by rseqc/junction_annotation because it exceeded search pattern filesize limit: sjdbList.out.tab
[2022-01-18 15:06:19,532] multiqc                                            [DEBUG  ]  File ignored by rseqc/read_distribution because it exceeded search pattern filesize limit: sjdbList.out.tab
[2022-01-18 15:06:19,532] multiqc                                            [DEBUG  ]  File ignored by rseqc/infer_experiment because it exceeded search pattern filesize limit: sjdbList.out.tab
[2022-01-18 15:06:19,771] multiqc                                            [DEBUG  ]  File ignored by stacks/sumstats because it exceeded search pattern filesize limit: sjdbList.out.tab
[2022-01-18 15:06:27,535] multiqc                                            [DEBUG  ]  Ignoring file as matched an ignore pattern: Aligned.sortedByCoord.out.bam
[2022-01-18 15:06:27,574] multiqc                                            [DEBUG  ]  File ignored by hicexplorer because it exceeded search pattern filesize limit: Log.out
[2022-01-18 15:06:27,594] multiqc                                            [DEBUG  ]  File ignored by longranger/invocation because it exceeded search pattern filesize limit: Log.out
[2022-01-18 15:06:27,831] multiqc                                            [DEBUG  ]  File ignored by hicexplorer because it exceeded search pattern filesize limit: SJ.out.tab
[2022-01-18 15:06:27,852] multiqc                                            [DEBUG  ]  File ignored by longranger/invocation because it exceeded search pattern filesize limit: SJ.out.tab
[2022-01-18 15:06:27,852] multiqc                                            [DEBUG  ]  File ignored by rockhopper because it exceeded search pattern filesize limit: SJ.out.tab
[2022-01-18 15:06:27,852] multiqc                                            [DEBUG  ]  File ignored by rseqc/bam_stat because it exceeded search pattern filesize limit: SJ.out.tab
[2022-01-18 15:06:27,852] multiqc                                            [DEBUG  ]  File ignored by rseqc/junction_annotation because it exceeded search pattern filesize limit: SJ.out.tab
[2022-01-18 15:06:27,852] multiqc                                            [DEBUG  ]  File ignored by rseqc/read_distribution because it exceeded search pattern filesize limit: SJ.out.tab
[2022-01-18 15:06:27,853] multiqc                                            [DEBUG  ]  File ignored by rseqc/infer_experiment because it exceeded search pattern filesize limit: SJ.out.tab
[2022-01-18 15:06:27,958] multiqc                                            [DEBUG  ]  File ignored by stacks/sumstats because it exceeded search pattern filesize limit: SJ.out.tab
[2022-01-18 15:06:33,542] multiqc                                            [DEBUG  ]  File ignored by hicexplorer because it exceeded search pattern filesize limit: sjdbInfo.txt
[2022-01-18 15:06:33,562] multiqc                                            [DEBUG  ]  File ignored by longranger/invocation because it exceeded search pattern filesize limit: sjdbInfo.txt
[2022-01-18 15:06:33,562] multiqc                                            [DEBUG  ]  File ignored by rockhopper because it exceeded search pattern filesize limit: sjdbInfo.txt
[2022-01-18 15:06:33,563] multiqc                                            [DEBUG  ]  File ignored by rseqc/bam_stat because it exceeded search pattern filesize limit: sjdbInfo.txt
[2022-01-18 15:06:33,563] multiqc                                            [DEBUG  ]  File ignored by rseqc/junction_annotation because it exceeded search pattern filesize limit: sjdbInfo.txt
[2022-01-18 15:06:33,563] multiqc                                            [DEBUG  ]  File ignored by rseqc/read_distribution because it exceeded search pattern filesize limit: sjdbInfo.txt
[2022-01-18 15:06:33,563] multiqc                                            [DEBUG  ]  File ignored by rseqc/infer_experiment because it exceeded search pattern filesize limit: sjdbInfo.txt
[2022-01-18 15:06:33,755] multiqc                                            [DEBUG  ]  File ignored by stacks/sumstats because it exceeded search pattern filesize limit: sjdbInfo.txt
[2022-01-18 15:06:42,799] multiqc                                            [DEBUG  ]  File ignored by hicexplorer because it exceeded search pattern filesize limit: sjdbList.out.tab
[2022-01-18 15:06:42,818] multiqc                                            [DEBUG  ]  File ignored by longranger/invocation because it exceeded search pattern filesize limit: sjdbList.out.tab
[2022-01-18 15:06:42,819] multiqc                                            [DEBUG  ]  File ignored by rockhopper because it exceeded search pattern filesize limit: sjdbList.out.tab
[2022-01-18 15:06:42,819] multiqc                                            [DEBUG  ]  File ignored by rseqc/bam_stat because it exceeded search pattern filesize limit: sjdbList.out.tab
[2022-01-18 15:06:42,819] multiqc                                            [DEBUG  ]  File ignored by rseqc/junction_annotation because it exceeded search pattern filesize limit: sjdbList.out.tab
[2022-01-18 15:06:42,819] multiqc                                            [DEBUG  ]  File ignored by rseqc/read_distribution because it exceeded search pattern filesize limit: sjdbList.out.tab
[2022-01-18 15:06:42,820] multiqc                                            [DEBUG  ]  File ignored by rseqc/infer_experiment because it exceeded search pattern filesize limit: sjdbList.out.tab
[2022-01-18 15:06:42,993] multiqc                                            [DEBUG  ]  File ignored by stacks/sumstats because it exceeded search pattern filesize limit: sjdbList.out.tab
[2022-01-18 15:06:57,177] multiqc.plots.bargraph                             [DEBUG  ]  Using matplotlib version 3.1.3
[2022-01-18 15:06:57,180] multiqc.plots.linegraph                            [DEBUG  ]  Using matplotlib version 3.1.3
[2022-01-18 15:06:57,184] multiqc                                            [DEBUG  ]  No samples found: custom_content
[2022-01-18 15:06:57,237] multiqc                                            [DEBUG  ]  No samples found: conpair
[2022-01-18 15:06:57,270] multiqc                                            [DEBUG  ]  No samples found: peddy
[2022-01-18 15:06:57,325] multiqc                                            [DEBUG  ]  No samples found: somalier
[2022-01-18 15:06:57,383] multiqc                                            [DEBUG  ]  No samples found: methylQA
[2022-01-18 15:06:57,513] multiqc                                            [DEBUG  ]  No samples found: mosdepth
[2022-01-18 15:06:57,592] multiqc                                            [DEBUG  ]  No samples found: phantompeakqualtools
[2022-01-18 15:06:57,626] multiqc                                            [DEBUG  ]  No samples found: qualimap
[2022-01-18 15:06:57,696] multiqc                                            [DEBUG  ]  No samples found: preseq
[2022-01-18 15:06:57,738] multiqc                                            [DEBUG  ]  No samples found: quast
[2022-01-18 15:06:57,806] multiqc                                            [DEBUG  ]  No samples found: qorts
[2022-01-18 15:06:57,864] multiqc                                            [DEBUG  ]  No samples found: rna_seqc
[2022-01-18 15:06:58,102] multiqc                                            [DEBUG  ]  No samples found: rockhopper
[2022-01-18 15:06:58,230] multiqc                                            [DEBUG  ]  No samples found: rsem
[2022-01-18 15:06:58,376] multiqc                                            [DEBUG  ]  No samples found: rseqc
[2022-01-18 15:06:58,510] multiqc                                            [DEBUG  ]  No samples found: busco
[2022-01-18 15:06:58,580] multiqc                                            [DEBUG  ]  No samples found: goleft_indexcov
[2022-01-18 15:06:58,663] multiqc                                            [DEBUG  ]  No samples found: disambiguate
[2022-01-18 15:06:58,781] multiqc                                            [DEBUG  ]  No samples found: supernova
[2022-01-18 15:06:59,035] multiqc                                            [DEBUG  ]  No samples found: deeptools
[2022-01-18 15:06:59,082] multiqc                                            [DEBUG  ]  No samples found: sargasso
[2022-01-18 15:06:59,151] multiqc                                            [DEBUG  ]  No samples found: verifybamid
[2022-01-18 15:06:59,207] multiqc                                            [DEBUG  ]  No samples found: mirtrace
[2022-01-18 15:06:59,234] multiqc                                            [DEBUG  ]  No samples found: happy
[2022-01-18 15:06:59,286] multiqc                                            [DEBUG  ]  No samples found: mirtop
[2022-01-18 15:06:59,336] multiqc                                            [DEBUG  ]  No samples found: homer
[2022-01-18 15:06:59,410] multiqc                                            [DEBUG  ]  No samples found: macs2
[2022-01-18 15:06:59,471] multiqc                                            [DEBUG  ]  No samples found: theta2
[2022-01-18 15:06:59,518] multiqc                                            [DEBUG  ]  No samples found: snpeff
[2022-01-18 15:06:59,580] multiqc                                            [DEBUG  ]  No samples found: gatk
[2022-01-18 15:06:59,654] multiqc                                            [DEBUG  ]  No samples found: htseq
[2022-01-18 15:06:59,703] multiqc                                            [DEBUG  ]  No samples found: bcftools
[2022-01-18 15:06:59,751] multiqc                                            [DEBUG  ]  No samples found: featureCounts
[2022-01-18 15:06:59,832] multiqc                                            [DEBUG  ]  No samples found: fgbio
[2022-01-18 15:06:59,920] multiqc                                            [DEBUG  ]  No samples found: dragen
[2022-01-18 15:06:59,966] multiqc                                            [DEBUG  ]  No samples found: dedup
[2022-01-18 15:07:00,001] multiqc                                            [DEBUG  ]  No samples found: damageprofiler
[2022-01-18 15:07:00,213] multiqc                                            [DEBUG  ]  No samples found: biobambam2
[2022-01-18 15:07:00,269] multiqc                                            [DEBUG  ]  No samples found: mtnucratio
[2022-01-18 15:07:00,279] multiqc                                            [DEBUG  ]  No samples found: picard
[2022-01-18 15:07:00,355] multiqc                                            [DEBUG  ]  No samples found: prokka
[2022-01-18 15:07:00,398] multiqc                                            [DEBUG  ]  No samples found: samblaster
[2022-01-18 15:07:00,450] multiqc                                            [DEBUG  ]  No samples found: samtools
[2022-01-18 15:07:00,501] multiqc                                            [DEBUG  ]  No samples found: sexdeterrmine
[2022-01-18 15:07:00,570] multiqc                                            [DEBUG  ]  No samples found: bamtools
[2022-01-18 15:07:00,600] multiqc                                            [DEBUG  ]  No samples found: jellyfish
[2022-01-18 15:07:00,687] multiqc                                            [DEBUG  ]  No samples found: vcftools
[2022-01-18 15:07:00,747] multiqc                                            [DEBUG  ]  No samples found: longranger
[2022-01-18 15:07:00,786] multiqc                                            [DEBUG  ]  No samples found: stacks
[2022-01-18 15:07:00,851] multiqc                                            [DEBUG  ]  No samples found: varscan2
[2022-01-18 15:07:01,043] multiqc                                            [DEBUG  ]  No samples found: bbmap
[2022-01-18 15:07:01,109] multiqc                                            [DEBUG  ]  No samples found: bismark
[2022-01-18 15:07:01,191] multiqc                                            [DEBUG  ]  No samples found: biscuit
[2022-01-18 15:07:01,222] multiqc                                            [DEBUG  ]  No samples found: hicexplorer
[2022-01-18 15:07:01,273] multiqc                                            [DEBUG  ]  No samples found: hicup
[2022-01-18 15:07:01,360] multiqc                                            [DEBUG  ]  No samples found: hicpro
[2022-01-18 15:07:01,405] multiqc                                            [DEBUG  ]  No samples found: salmon
[2022-01-18 15:07:01,516] multiqc                                            [DEBUG  ]  No samples found: kallisto
[2022-01-18 15:07:01,566] multiqc                                            [DEBUG  ]  No samples found: slamdunk
[2022-01-18 15:07:01,644] multiqc.modules.star.star                          [INFO   ]  Found 3 reports
[2022-01-18 15:07:01,716] multiqc                                            [DEBUG  ]  No samples found: hisat2
[2022-01-18 15:07:01,738] multiqc                                            [DEBUG  ]  No samples found: tophat
[2022-01-18 15:07:01,788] multiqc                                            [DEBUG  ]  No samples found: bowtie2
[2022-01-18 15:07:01,837] multiqc                                            [DEBUG  ]  No samples found: bowtie1
[2022-01-18 15:07:01,883] multiqc                                            [DEBUG  ]  No samples found: snpsplit
[2022-01-18 15:07:01,915] multiqc                                            [DEBUG  ]  No samples found: kat
[2022-01-18 15:07:01,987] multiqc                                            [DEBUG  ]  No samples found: leehom
[2022-01-18 15:07:02,036] multiqc                                            [DEBUG  ]  No samples found: adapterRemoval
[2022-01-18 15:07:02,080] multiqc                                            [DEBUG  ]  No samples found: clipandmerge
[2022-01-18 15:07:02,110] multiqc                                            [DEBUG  ]  No samples found: cutadapt
[2022-01-18 15:07:02,157] multiqc                                            [DEBUG  ]  No samples found: flexbar
[2022-01-18 15:07:02,202] multiqc                                            [DEBUG  ]  No samples found: kaiju
[2022-01-18 15:07:02,255] multiqc                                            [DEBUG  ]  No samples found: kraken
[2022-01-18 15:07:02,271] multiqc                                            [DEBUG  ]  No samples found: malt
[2022-01-18 15:07:02,315] multiqc                                            [DEBUG  ]  No samples found: trimmomatic
[2022-01-18 15:07:02,346] multiqc                                            [DEBUG  ]  No samples found: sickle
[2022-01-18 15:07:02,376] multiqc                                            [DEBUG  ]  No samples found: skewer
[2022-01-18 15:07:02,412] multiqc                                            [DEBUG  ]  No samples found: sortmerna
[2022-01-18 15:07:02,448] multiqc                                            [DEBUG  ]  No samples found: biobloomtools
[2022-01-18 15:07:02,476] multiqc                                            [DEBUG  ]  No samples found: fastq_screen
[2022-01-18 15:07:02,523] multiqc                                            [DEBUG  ]  No samples found: afterqc
[2022-01-18 15:07:02,579] multiqc                                            [DEBUG  ]  No samples found: fastp
[2022-01-18 15:07:02,636] multiqc                                            [DEBUG  ]  No samples found: fastqc
[2022-01-18 15:07:02,661] multiqc                                            [DEBUG  ]  No samples found: pycoqc
[2022-01-18 15:07:02,711] multiqc                                            [DEBUG  ]  No samples found: minionqc
[2022-01-18 15:07:02,769] multiqc                                            [DEBUG  ]  No samples found: multivcfanalyzer
[2022-01-18 15:07:02,817] multiqc                                            [DEBUG  ]  No samples found: clusterflow
[2022-01-18 15:07:02,883] multiqc                                            [DEBUG  ]  No samples found: bcl2fastq
[2022-01-18 15:07:02,957] multiqc                                            [DEBUG  ]  No samples found: interop
[2022-01-18 15:07:03,006] multiqc                                            [DEBUG  ]  No samples found: ivar
[2022-01-18 15:07:03,066] multiqc                                            [DEBUG  ]  No samples found: flash
[2022-01-18 15:07:03,106] multiqc                                            [DEBUG  ]  No samples found: seqyclean
[2022-01-18 15:07:03,115] multiqc                                            [INFO   ]  Compressing plot data
[2022-01-18 15:07:03,174] multiqc                                            [INFO   ]  Report      : ../data/output_data/rna_qc/star/multiqc.star.bioIvt_luad.2022-01-18-15.05.15-PST.html
[2022-01-18 15:07:03,175] multiqc                                            [INFO   ]  Data        : ../data/output_data/rna_qc/star/multiqc.star.bioIvt_luad.2022-01-18-15.05.15-PST_data
[2022-01-18 15:07:03,175] multiqc                                            [DEBUG  ]  Moving data file from '/data/tmp/tmpk24zdyf6/multiqc_data' to '/public/groups/kimlab/exRNA_disease_biomarkers/data/output_data/rna_qc/star/multiqc.star.bioIvt_luad.2022-01-18-15.05.15-PST_data'
[2022-01-18 15:07:04,151] multiqc                                            [INFO   ]  MultiQC complete
