[2021-12-20 22:28:06,778] multiqc                                            [DEBUG  ]  This is MultiQC v1.11
[2021-12-20 22:28:06,779] multiqc                                            [DEBUG  ]  No MultiQC config found: /public/groups/kimlab/.install_bin/anaconda3/envs/exRNA_disease_biomarkers/lib/python3.9/site-packages/multiqc_config.yaml
[2021-12-20 22:28:06,780] multiqc                                            [DEBUG  ]  No MultiQC config found: /public/home/rreggiar/.multiqc_config.yaml
[2021-12-20 22:28:06,781] multiqc                                            [DEBUG  ]  No MultiQC config found: multiqc_config.yaml
[2021-12-20 22:28:06,781] multiqc                                            [DEBUG  ]  Command used: /public/groups/kimlab/.install_bin/anaconda3/envs/exRNA_disease_biomarkers/bin/multiqc /public/groups/kimlab/exRNA_disease_biomarkers//data/input_data/bioIvt_luad/luad.1.0.30/hg38_star_2.7.9a_2021-12-20-12.04.36-PST_star_out/luad.1.0.30_second_pass_out/Aligned.sortedByCoord.out.bam /public/groups/kimlab/exRNA_disease_biomarkers//data/input_data/bioIvt_luad/luad.1.0.30/hg38_star_2.7.9a_2021-12-20-12.04.36-PST_star_out/luad.1.0.30_second_pass_out/Log.final.out /public/groups/kimlab/exRNA_disease_biomarkers//data/input_data/bioIvt_luad/luad.1.0.30/hg38_star_2.7.9a_2021-12-20-12.04.36-PST_star_out/luad.1.0.30_second_pass_out/Log.out /public/groups/kimlab/exRNA_disease_biomarkers//data/input_data/bioIvt_luad/luad.1.0.30/hg38_star_2.7.9a_2021-12-20-12.04.36-PST_star_out/luad.1.0.30_second_pass_out/Log.progress.out /public/groups/kimlab/exRNA_disease_biomarkers//data/input_data/bioIvt_luad/luad.1.0.30/hg38_star_2.7.9a_2021-12-20-12.04.36-PST_star_out/luad.1.0.30_second_pass_out/SJ.out.tab /public/groups/kimlab/exRNA_disease_biomarkers//data/input_data/bioIvt_luad/luad.1.0.30/hg38_star_2.7.9a_2021-12-20-12.04.36-PST_star_out/luad.1.0.30_second_pass_out/_STARgenome /public/groups/kimlab/exRNA_disease_biomarkers//data/input_data/bioIvt_luad/luad.1.0.30/hg38_star_2.7.9a_2021-12-20-12.04.36-PST_star_out/luad.1.0.30_second_pass_out/_STARtmp /public/groups/kimlab/exRNA_disease_biomarkers//data/input_data/bioIvt_luad/luad.1.0.30/hg38_star_2.7.9a_2021-12-20-12.04.36-PST_star_out/luad.1.0.30_second_pass_out/Unmapped.out.mate1 /public/groups/kimlab/exRNA_disease_biomarkers//data/input_data/bioIvt_luad/luad.1.0.30/hg38_star_2.7.9a_2021-12-20-12.04.36-PST_star_out/luad.1.0.30_second_pass_out/Unmapped.out.mate2 /public/groups/kimlab/exRNA_disease_biomarkers//data/input_data/bioIvt_luad/luad.2.0.30/hg38_star_2.7.9a_2021-12-20-12.13.45-PST_star_out/luad.2.0.30_second_pass_out/Aligned.sortedByCoord.out.bam /public/groups/kimlab/exRNA_disease_biomarkers//data/input_data/bioIvt_luad/luad.2.0.30/hg38_star_2.7.9a_2021-12-20-12.13.45-PST_star_out/luad.2.0.30_second_pass_out/Log.final.out /public/groups/kimlab/exRNA_disease_biomarkers//data/input_data/bioIvt_luad/luad.2.0.30/hg38_star_2.7.9a_2021-12-20-12.13.45-PST_star_out/luad.2.0.30_second_pass_out/Log.out /public/groups/kimlab/exRNA_disease_biomarkers//data/input_data/bioIvt_luad/luad.2.0.30/hg38_star_2.7.9a_2021-12-20-12.13.45-PST_star_out/luad.2.0.30_second_pass_out/Log.progress.out /public/groups/kimlab/exRNA_disease_biomarkers//data/input_data/bioIvt_luad/luad.2.0.30/hg38_star_2.7.9a_2021-12-20-12.13.45-PST_star_out/luad.2.0.30_second_pass_out/SJ.out.tab /public/groups/kimlab/exRNA_disease_biomarkers//data/input_data/bioIvt_luad/luad.2.0.30/hg38_star_2.7.9a_2021-12-20-12.13.45-PST_star_out/luad.2.0.30_second_pass_out/_STARgenome /public/groups/kimlab/exRNA_disease_biomarkers//data/input_data/bioIvt_luad/luad.2.0.30/hg38_star_2.7.9a_2021-12-20-12.13.45-PST_star_out/luad.2.0.30_second_pass_out/_STARtmp /public/groups/kimlab/exRNA_disease_biomarkers//data/input_data/bioIvt_luad/luad.2.0.30/hg38_star_2.7.9a_2021-12-20-12.13.45-PST_star_out/luad.2.0.30_second_pass_out/Unmapped.out.mate1 /public/groups/kimlab/exRNA_disease_biomarkers//data/input_data/bioIvt_luad/luad.2.0.30/hg38_star_2.7.9a_2021-12-20-12.13.45-PST_star_out/luad.2.0.30_second_pass_out/Unmapped.out.mate2 /public/groups/kimlab/exRNA_disease_biomarkers//data/input_data/bioIvt_luad/luad.3.0.30/hg38_star_2.7.9a_2021-12-20-12.13.45-PST_star_out/luad.3.0.30_second_pass_out/Aligned.sortedByCoord.out.bam /public/groups/kimlab/exRNA_disease_biomarkers//data/input_data/bioIvt_luad/luad.3.0.30/hg38_star_2.7.9a_2021-12-20-12.13.45-PST_star_out/luad.3.0.30_second_pass_out/Log.final.out /public/groups/kimlab/exRNA_disease_biomarkers//data/input_data/bioIvt_luad/luad.3.0.30/hg38_star_2.7.9a_2021-12-20-12.13.45-PST_star_out/luad.3.0.30_second_pass_out/Log.out /public/groups/kimlab/exRNA_disease_biomarkers//data/input_data/bioIvt_luad/luad.3.0.30/hg38_star_2.7.9a_2021-12-20-12.13.45-PST_star_out/luad.3.0.30_second_pass_out/Log.progress.out /public/groups/kimlab/exRNA_disease_biomarkers//data/input_data/bioIvt_luad/luad.3.0.30/hg38_star_2.7.9a_2021-12-20-12.13.45-PST_star_out/luad.3.0.30_second_pass_out/SJ.out.tab /public/groups/kimlab/exRNA_disease_biomarkers//data/input_data/bioIvt_luad/luad.3.0.30/hg38_star_2.7.9a_2021-12-20-12.13.45-PST_star_out/luad.3.0.30_second_pass_out/_STARgenome /public/groups/kimlab/exRNA_disease_biomarkers//data/input_data/bioIvt_luad/luad.3.0.30/hg38_star_2.7.9a_2021-12-20-12.13.45-PST_star_out/luad.3.0.30_second_pass_out/_STARtmp /public/groups/kimlab/exRNA_disease_biomarkers//data/input_data/bioIvt_luad/luad.3.0.30/hg38_star_2.7.9a_2021-12-20-12.13.45-PST_star_out/luad.3.0.30_second_pass_out/Unmapped.out.mate1 /public/groups/kimlab/exRNA_disease_biomarkers//data/input_data/bioIvt_luad/luad.3.0.30/hg38_star_2.7.9a_2021-12-20-12.13.45-PST_star_out/luad.3.0.30_second_pass_out/Unmapped.out.mate2 --filename multiqc.star.bioIvt_luad.2021-12-20-22.28.04-PST -o /public/groups/kimlab/exRNA_disease_biomarkers/data/output_data/rna_qc/star/
[2021-12-20 22:28:08,526] multiqc                                            [DEBUG  ]  Latest MultiQC version is v1.11
[2021-12-20 22:28:08,526] multiqc                                            [DEBUG  ]  Command     : /public/groups/kimlab/.install_bin/anaconda3/envs/exRNA_disease_biomarkers/bin/multiqc /public/groups/kimlab/exRNA_disease_biomarkers//data/input_data/bioIvt_luad/luad.1.0.30/hg38_star_2.7.9a_2021-12-20-12.04.36-PST_star_out/luad.1.0.30_second_pass_out/Aligned.sortedByCoord.out.bam /public/groups/kimlab/exRNA_disease_biomarkers//data/input_data/bioIvt_luad/luad.1.0.30/hg38_star_2.7.9a_2021-12-20-12.04.36-PST_star_out/luad.1.0.30_second_pass_out/Log.final.out /public/groups/kimlab/exRNA_disease_biomarkers//data/input_data/bioIvt_luad/luad.1.0.30/hg38_star_2.7.9a_2021-12-20-12.04.36-PST_star_out/luad.1.0.30_second_pass_out/Log.out /public/groups/kimlab/exRNA_disease_biomarkers//data/input_data/bioIvt_luad/luad.1.0.30/hg38_star_2.7.9a_2021-12-20-12.04.36-PST_star_out/luad.1.0.30_second_pass_out/Log.progress.out /public/groups/kimlab/exRNA_disease_biomarkers//data/input_data/bioIvt_luad/luad.1.0.30/hg38_star_2.7.9a_2021-12-20-12.04.36-PST_star_out/luad.1.0.30_second_pass_out/SJ.out.tab /public/groups/kimlab/exRNA_disease_biomarkers//data/input_data/bioIvt_luad/luad.1.0.30/hg38_star_2.7.9a_2021-12-20-12.04.36-PST_star_out/luad.1.0.30_second_pass_out/_STARgenome /public/groups/kimlab/exRNA_disease_biomarkers//data/input_data/bioIvt_luad/luad.1.0.30/hg38_star_2.7.9a_2021-12-20-12.04.36-PST_star_out/luad.1.0.30_second_pass_out/_STARtmp /public/groups/kimlab/exRNA_disease_biomarkers//data/input_data/bioIvt_luad/luad.1.0.30/hg38_star_2.7.9a_2021-12-20-12.04.36-PST_star_out/luad.1.0.30_second_pass_out/Unmapped.out.mate1 /public/groups/kimlab/exRNA_disease_biomarkers//data/input_data/bioIvt_luad/luad.1.0.30/hg38_star_2.7.9a_2021-12-20-12.04.36-PST_star_out/luad.1.0.30_second_pass_out/Unmapped.out.mate2 /public/groups/kimlab/exRNA_disease_biomarkers//data/input_data/bioIvt_luad/luad.2.0.30/hg38_star_2.7.9a_2021-12-20-12.13.45-PST_star_out/luad.2.0.30_second_pass_out/Aligned.sortedByCoord.out.bam /public/groups/kimlab/exRNA_disease_biomarkers//data/input_data/bioIvt_luad/luad.2.0.30/hg38_star_2.7.9a_2021-12-20-12.13.45-PST_star_out/luad.2.0.30_second_pass_out/Log.final.out /public/groups/kimlab/exRNA_disease_biomarkers//data/input_data/bioIvt_luad/luad.2.0.30/hg38_star_2.7.9a_2021-12-20-12.13.45-PST_star_out/luad.2.0.30_second_pass_out/Log.out /public/groups/kimlab/exRNA_disease_biomarkers//data/input_data/bioIvt_luad/luad.2.0.30/hg38_star_2.7.9a_2021-12-20-12.13.45-PST_star_out/luad.2.0.30_second_pass_out/Log.progress.out /public/groups/kimlab/exRNA_disease_biomarkers//data/input_data/bioIvt_luad/luad.2.0.30/hg38_star_2.7.9a_2021-12-20-12.13.45-PST_star_out/luad.2.0.30_second_pass_out/SJ.out.tab /public/groups/kimlab/exRNA_disease_biomarkers//data/input_data/bioIvt_luad/luad.2.0.30/hg38_star_2.7.9a_2021-12-20-12.13.45-PST_star_out/luad.2.0.30_second_pass_out/_STARgenome /public/groups/kimlab/exRNA_disease_biomarkers//data/input_data/bioIvt_luad/luad.2.0.30/hg38_star_2.7.9a_2021-12-20-12.13.45-PST_star_out/luad.2.0.30_second_pass_out/_STARtmp /public/groups/kimlab/exRNA_disease_biomarkers//data/input_data/bioIvt_luad/luad.2.0.30/hg38_star_2.7.9a_2021-12-20-12.13.45-PST_star_out/luad.2.0.30_second_pass_out/Unmapped.out.mate1 /public/groups/kimlab/exRNA_disease_biomarkers//data/input_data/bioIvt_luad/luad.2.0.30/hg38_star_2.7.9a_2021-12-20-12.13.45-PST_star_out/luad.2.0.30_second_pass_out/Unmapped.out.mate2 /public/groups/kimlab/exRNA_disease_biomarkers//data/input_data/bioIvt_luad/luad.3.0.30/hg38_star_2.7.9a_2021-12-20-12.13.45-PST_star_out/luad.3.0.30_second_pass_out/Aligned.sortedByCoord.out.bam /public/groups/kimlab/exRNA_disease_biomarkers//data/input_data/bioIvt_luad/luad.3.0.30/hg38_star_2.7.9a_2021-12-20-12.13.45-PST_star_out/luad.3.0.30_second_pass_out/Log.final.out /public/groups/kimlab/exRNA_disease_biomarkers//data/input_data/bioIvt_luad/luad.3.0.30/hg38_star_2.7.9a_2021-12-20-12.13.45-PST_star_out/luad.3.0.30_second_pass_out/Log.out /public/groups/kimlab/exRNA_disease_biomarkers//data/input_data/bioIvt_luad/luad.3.0.30/hg38_star_2.7.9a_2021-12-20-12.13.45-PST_star_out/luad.3.0.30_second_pass_out/Log.progress.out /public/groups/kimlab/exRNA_disease_biomarkers//data/input_data/bioIvt_luad/luad.3.0.30/hg38_star_2.7.9a_2021-12-20-12.13.45-PST_star_out/luad.3.0.30_second_pass_out/SJ.out.tab /public/groups/kimlab/exRNA_disease_biomarkers//data/input_data/bioIvt_luad/luad.3.0.30/hg38_star_2.7.9a_2021-12-20-12.13.45-PST_star_out/luad.3.0.30_second_pass_out/_STARgenome /public/groups/kimlab/exRNA_disease_biomarkers//data/input_data/bioIvt_luad/luad.3.0.30/hg38_star_2.7.9a_2021-12-20-12.13.45-PST_star_out/luad.3.0.30_second_pass_out/_STARtmp /public/groups/kimlab/exRNA_disease_biomarkers//data/input_data/bioIvt_luad/luad.3.0.30/hg38_star_2.7.9a_2021-12-20-12.13.45-PST_star_out/luad.3.0.30_second_pass_out/Unmapped.out.mate1 /public/groups/kimlab/exRNA_disease_biomarkers//data/input_data/bioIvt_luad/luad.3.0.30/hg38_star_2.7.9a_2021-12-20-12.13.45-PST_star_out/luad.3.0.30_second_pass_out/Unmapped.out.mate2 --filename multiqc.star.bioIvt_luad.2021-12-20-22.28.04-PST -o /public/groups/kimlab/exRNA_disease_biomarkers/data/output_data/rna_qc/star/
[2021-12-20 22:28:08,526] multiqc                                            [DEBUG  ]  Working dir : /public/groups/kimlab/exRNA_disease_biomarkers/bin
[2021-12-20 22:28:08,526] multiqc                                            [DEBUG  ]  Template    : default
[2021-12-20 22:28:08,526] multiqc                                            [DEBUG  ]  Running Python 3.9.7 | packaged by conda-forge | (default, Sep 29 2021, 19:20:46)  [GCC 9.4.0]
[2021-12-20 22:28:08,527] multiqc                                            [DEBUG  ]  Analysing modules: custom_content, ccs, ngsderive, purple, conpair, lima, peddy, somalier, methylQA, mosdepth, phantompeakqualtools, qualimap, preseq, quast, qorts, rna_seqc, rockhopper, rsem, rseqc, busco, bustools, goleft_indexcov, gffcompare, disambiguate, supernova, deeptools, sargasso, verifybamid, mirtrace, happy, mirtop, sambamba, homer, hops, macs2, theta2, snpeff, gatk, htseq, bcftools, featureCounts, fgbio, dragen, dedup, damageprofiler, biobambam2, jcvi, mtnucratio, picard, vep, sentieon, prokka, qc3C, nanostat, samblaster, samtools, sexdeterrmine, eigenstratdatabasetools, bamtools, jellyfish, vcftools, longranger, stacks, varscan2, snippy, bbmap, bismark, biscuit, hicexplorer, hicup, hicpro, salmon, kallisto, slamdunk, star, hisat2, tophat, bowtie2, bowtie1, snpsplit, odgi, pangolin, kat, leehom, adapterRemoval, clipandmerge, cutadapt, flexbar, kaiju, kraken, malt, trimmomatic, sickle, skewer, sortmerna, biobloomtools, fastq_screen, afterqc, fastp, fastqc, pychopper, pycoqc, minionqc, multivcfanalyzer, clusterflow, bcl2fastq, bclconvert, interop, ivar, flash, seqyclean, optitype
[2021-12-20 22:28:08,527] multiqc                                            [DEBUG  ]  Using temporary directory for creating report: /data/tmp/tmpymhsdcva
[2021-12-20 22:28:08,889] multiqc                                            [INFO   ]  Search path : /public/groups/kimlab/exRNA_disease_biomarkers/data/input_data/bioIvt_luad/luad.1.0.30/hg38_star_2.7.9a_2021-12-20-12.04.36-PST_star_out/luad.1.0.30_second_pass_out/Aligned.sortedByCoord.out.bam
[2021-12-20 22:28:08,889] multiqc                                            [INFO   ]  Search path : /public/groups/kimlab/exRNA_disease_biomarkers/data/input_data/bioIvt_luad/luad.1.0.30/hg38_star_2.7.9a_2021-12-20-12.04.36-PST_star_out/luad.1.0.30_second_pass_out/Log.final.out
[2021-12-20 22:28:08,889] multiqc                                            [INFO   ]  Search path : /public/groups/kimlab/exRNA_disease_biomarkers/data/input_data/bioIvt_luad/luad.1.0.30/hg38_star_2.7.9a_2021-12-20-12.04.36-PST_star_out/luad.1.0.30_second_pass_out/Log.out
[2021-12-20 22:28:08,889] multiqc                                            [INFO   ]  Search path : /public/groups/kimlab/exRNA_disease_biomarkers/data/input_data/bioIvt_luad/luad.1.0.30/hg38_star_2.7.9a_2021-12-20-12.04.36-PST_star_out/luad.1.0.30_second_pass_out/Log.progress.out
[2021-12-20 22:28:08,889] multiqc                                            [INFO   ]  Search path : /public/groups/kimlab/exRNA_disease_biomarkers/data/input_data/bioIvt_luad/luad.1.0.30/hg38_star_2.7.9a_2021-12-20-12.04.36-PST_star_out/luad.1.0.30_second_pass_out/SJ.out.tab
[2021-12-20 22:28:08,890] multiqc                                            [INFO   ]  Search path : /public/groups/kimlab/exRNA_disease_biomarkers/data/input_data/bioIvt_luad/luad.1.0.30/hg38_star_2.7.9a_2021-12-20-12.04.36-PST_star_out/luad.1.0.30_second_pass_out/_STARgenome
[2021-12-20 22:28:08,890] multiqc                                            [INFO   ]  Search path : /public/groups/kimlab/exRNA_disease_biomarkers/data/input_data/bioIvt_luad/luad.1.0.30/hg38_star_2.7.9a_2021-12-20-12.04.36-PST_star_out/luad.1.0.30_second_pass_out/_STARtmp
[2021-12-20 22:28:08,890] multiqc                                            [INFO   ]  Search path : /public/groups/kimlab/exRNA_disease_biomarkers/data/input_data/bioIvt_luad/luad.1.0.30/hg38_star_2.7.9a_2021-12-20-12.04.36-PST_star_out/luad.1.0.30_second_pass_out/Unmapped.out.mate1
[2021-12-20 22:28:08,890] multiqc                                            [INFO   ]  Search path : /public/groups/kimlab/exRNA_disease_biomarkers/data/input_data/bioIvt_luad/luad.1.0.30/hg38_star_2.7.9a_2021-12-20-12.04.36-PST_star_out/luad.1.0.30_second_pass_out/Unmapped.out.mate2
[2021-12-20 22:28:08,890] multiqc                                            [INFO   ]  Search path : /public/groups/kimlab/exRNA_disease_biomarkers/data/input_data/bioIvt_luad/luad.2.0.30/hg38_star_2.7.9a_2021-12-20-12.13.45-PST_star_out/luad.2.0.30_second_pass_out/Aligned.sortedByCoord.out.bam
[2021-12-20 22:28:08,890] multiqc                                            [INFO   ]  Search path : /public/groups/kimlab/exRNA_disease_biomarkers/data/input_data/bioIvt_luad/luad.2.0.30/hg38_star_2.7.9a_2021-12-20-12.13.45-PST_star_out/luad.2.0.30_second_pass_out/Log.final.out
[2021-12-20 22:28:08,890] multiqc                                            [INFO   ]  Search path : /public/groups/kimlab/exRNA_disease_biomarkers/data/input_data/bioIvt_luad/luad.2.0.30/hg38_star_2.7.9a_2021-12-20-12.13.45-PST_star_out/luad.2.0.30_second_pass_out/Log.out
[2021-12-20 22:28:08,890] multiqc                                            [INFO   ]  Search path : /public/groups/kimlab/exRNA_disease_biomarkers/data/input_data/bioIvt_luad/luad.2.0.30/hg38_star_2.7.9a_2021-12-20-12.13.45-PST_star_out/luad.2.0.30_second_pass_out/Log.progress.out
[2021-12-20 22:28:08,890] multiqc                                            [INFO   ]  Search path : /public/groups/kimlab/exRNA_disease_biomarkers/data/input_data/bioIvt_luad/luad.2.0.30/hg38_star_2.7.9a_2021-12-20-12.13.45-PST_star_out/luad.2.0.30_second_pass_out/SJ.out.tab
[2021-12-20 22:28:08,890] multiqc                                            [INFO   ]  Search path : /public/groups/kimlab/exRNA_disease_biomarkers/data/input_data/bioIvt_luad/luad.2.0.30/hg38_star_2.7.9a_2021-12-20-12.13.45-PST_star_out/luad.2.0.30_second_pass_out/_STARgenome
[2021-12-20 22:28:08,891] multiqc                                            [INFO   ]  Search path : /public/groups/kimlab/exRNA_disease_biomarkers/data/input_data/bioIvt_luad/luad.2.0.30/hg38_star_2.7.9a_2021-12-20-12.13.45-PST_star_out/luad.2.0.30_second_pass_out/_STARtmp
[2021-12-20 22:28:08,891] multiqc                                            [INFO   ]  Search path : /public/groups/kimlab/exRNA_disease_biomarkers/data/input_data/bioIvt_luad/luad.2.0.30/hg38_star_2.7.9a_2021-12-20-12.13.45-PST_star_out/luad.2.0.30_second_pass_out/Unmapped.out.mate1
[2021-12-20 22:28:08,891] multiqc                                            [INFO   ]  Search path : /public/groups/kimlab/exRNA_disease_biomarkers/data/input_data/bioIvt_luad/luad.2.0.30/hg38_star_2.7.9a_2021-12-20-12.13.45-PST_star_out/luad.2.0.30_second_pass_out/Unmapped.out.mate2
[2021-12-20 22:28:08,891] multiqc                                            [INFO   ]  Search path : /public/groups/kimlab/exRNA_disease_biomarkers/data/input_data/bioIvt_luad/luad.3.0.30/hg38_star_2.7.9a_2021-12-20-12.13.45-PST_star_out/luad.3.0.30_second_pass_out/Aligned.sortedByCoord.out.bam
[2021-12-20 22:28:08,891] multiqc                                            [INFO   ]  Search path : /public/groups/kimlab/exRNA_disease_biomarkers/data/input_data/bioIvt_luad/luad.3.0.30/hg38_star_2.7.9a_2021-12-20-12.13.45-PST_star_out/luad.3.0.30_second_pass_out/Log.final.out
[2021-12-20 22:28:08,891] multiqc                                            [INFO   ]  Search path : /public/groups/kimlab/exRNA_disease_biomarkers/data/input_data/bioIvt_luad/luad.3.0.30/hg38_star_2.7.9a_2021-12-20-12.13.45-PST_star_out/luad.3.0.30_second_pass_out/Log.out
[2021-12-20 22:28:08,891] multiqc                                            [INFO   ]  Search path : /public/groups/kimlab/exRNA_disease_biomarkers/data/input_data/bioIvt_luad/luad.3.0.30/hg38_star_2.7.9a_2021-12-20-12.13.45-PST_star_out/luad.3.0.30_second_pass_out/Log.progress.out
[2021-12-20 22:28:08,891] multiqc                                            [INFO   ]  Search path : /public/groups/kimlab/exRNA_disease_biomarkers/data/input_data/bioIvt_luad/luad.3.0.30/hg38_star_2.7.9a_2021-12-20-12.13.45-PST_star_out/luad.3.0.30_second_pass_out/SJ.out.tab
[2021-12-20 22:28:08,891] multiqc                                            [INFO   ]  Search path : /public/groups/kimlab/exRNA_disease_biomarkers/data/input_data/bioIvt_luad/luad.3.0.30/hg38_star_2.7.9a_2021-12-20-12.13.45-PST_star_out/luad.3.0.30_second_pass_out/_STARgenome
[2021-12-20 22:28:08,892] multiqc                                            [INFO   ]  Search path : /public/groups/kimlab/exRNA_disease_biomarkers/data/input_data/bioIvt_luad/luad.3.0.30/hg38_star_2.7.9a_2021-12-20-12.13.45-PST_star_out/luad.3.0.30_second_pass_out/_STARtmp
[2021-12-20 22:28:08,892] multiqc                                            [INFO   ]  Search path : /public/groups/kimlab/exRNA_disease_biomarkers/data/input_data/bioIvt_luad/luad.3.0.30/hg38_star_2.7.9a_2021-12-20-12.13.45-PST_star_out/luad.3.0.30_second_pass_out/Unmapped.out.mate1
[2021-12-20 22:28:08,892] multiqc                                            [INFO   ]  Search path : /public/groups/kimlab/exRNA_disease_biomarkers/data/input_data/bioIvt_luad/luad.3.0.30/hg38_star_2.7.9a_2021-12-20-12.13.45-PST_star_out/luad.3.0.30_second_pass_out/Unmapped.out.mate2
[2021-12-20 22:28:09,235] multiqc                                            [DEBUG  ]  Ignoring file as matched an ignore pattern: Aligned.sortedByCoord.out.bam
[2021-12-20 22:28:09,281] multiqc                                            [DEBUG  ]  File ignored by ccs/v4 because it exceeded search pattern filesize limit: Log.out
[2021-12-20 22:28:09,290] multiqc                                            [DEBUG  ]  File ignored by hicexplorer because it exceeded search pattern filesize limit: Log.out
[2021-12-20 22:28:09,291] multiqc                                            [DEBUG  ]  File ignored by nanostat because it exceeded search pattern filesize limit: Log.out
[2021-12-20 22:28:09,291] multiqc                                            [DEBUG  ]  File ignored by lima/summary because it exceeded search pattern filesize limit: Log.out
[2021-12-20 22:28:09,310] multiqc                                            [DEBUG  ]  File ignored by longranger/invocation because it exceeded search pattern filesize limit: Log.out
[2021-12-20 22:28:09,377] multiqc                                            [DEBUG  ]  File ignored by ccs/v4 because it exceeded search pattern filesize limit: Log.progress.out
[2021-12-20 22:28:09,384] multiqc                                            [DEBUG  ]  File ignored by lima/summary because it exceeded search pattern filesize limit: Log.progress.out
[2021-12-20 22:28:09,427] multiqc                                            [DEBUG  ]  File ignored by ccs/v4 because it exceeded search pattern filesize limit: SJ.out.tab
[2021-12-20 22:28:09,433] multiqc                                            [DEBUG  ]  File ignored by hicexplorer because it exceeded search pattern filesize limit: SJ.out.tab
[2021-12-20 22:28:09,434] multiqc                                            [DEBUG  ]  File ignored by nanostat because it exceeded search pattern filesize limit: SJ.out.tab
[2021-12-20 22:28:09,434] multiqc                                            [DEBUG  ]  File ignored by lima/summary because it exceeded search pattern filesize limit: SJ.out.tab
[2021-12-20 22:28:09,447] multiqc                                            [DEBUG  ]  File ignored by vep/vep_html because it exceeded search pattern filesize limit: SJ.out.tab
[2021-12-20 22:28:09,447] multiqc                                            [DEBUG  ]  File ignored by vep/vep_txt because it exceeded search pattern filesize limit: SJ.out.tab
[2021-12-20 22:28:09,447] multiqc                                            [DEBUG  ]  File ignored by longranger/invocation because it exceeded search pattern filesize limit: SJ.out.tab
[2021-12-20 22:28:09,447] multiqc                                            [DEBUG  ]  File ignored by rockhopper because it exceeded search pattern filesize limit: SJ.out.tab
[2021-12-20 22:28:09,447] multiqc                                            [DEBUG  ]  File ignored by rseqc/bam_stat because it exceeded search pattern filesize limit: SJ.out.tab
[2021-12-20 22:28:09,447] multiqc                                            [DEBUG  ]  File ignored by rseqc/junction_annotation because it exceeded search pattern filesize limit: SJ.out.tab
[2021-12-20 22:28:09,447] multiqc                                            [DEBUG  ]  File ignored by rseqc/read_distribution because it exceeded search pattern filesize limit: SJ.out.tab
[2021-12-20 22:28:09,448] multiqc                                            [DEBUG  ]  File ignored by rseqc/infer_experiment because it exceeded search pattern filesize limit: SJ.out.tab
[2021-12-20 22:28:09,484] multiqc                                            [DEBUG  ]  File ignored by stacks/sumstats because it exceeded search pattern filesize limit: SJ.out.tab
[2021-12-20 22:28:11,307] multiqc                                            [DEBUG  ]  File ignored by ccs/v4 because it exceeded search pattern filesize limit: sjdbInfo.txt
[2021-12-20 22:28:11,314] multiqc                                            [DEBUG  ]  File ignored by hicexplorer because it exceeded search pattern filesize limit: sjdbInfo.txt
[2021-12-20 22:28:11,315] multiqc                                            [DEBUG  ]  File ignored by nanostat because it exceeded search pattern filesize limit: sjdbInfo.txt
[2021-12-20 22:28:11,315] multiqc                                            [DEBUG  ]  File ignored by lima/summary because it exceeded search pattern filesize limit: sjdbInfo.txt
[2021-12-20 22:28:11,329] multiqc                                            [DEBUG  ]  File ignored by vep/vep_html because it exceeded search pattern filesize limit: sjdbInfo.txt
[2021-12-20 22:28:11,329] multiqc                                            [DEBUG  ]  File ignored by vep/vep_txt because it exceeded search pattern filesize limit: sjdbInfo.txt
[2021-12-20 22:28:11,329] multiqc                                            [DEBUG  ]  File ignored by longranger/invocation because it exceeded search pattern filesize limit: sjdbInfo.txt
[2021-12-20 22:28:11,329] multiqc                                            [DEBUG  ]  File ignored by rockhopper because it exceeded search pattern filesize limit: sjdbInfo.txt
[2021-12-20 22:28:11,329] multiqc                                            [DEBUG  ]  File ignored by rseqc/bam_stat because it exceeded search pattern filesize limit: sjdbInfo.txt
[2021-12-20 22:28:11,329] multiqc                                            [DEBUG  ]  File ignored by rseqc/junction_annotation because it exceeded search pattern filesize limit: sjdbInfo.txt
[2021-12-20 22:28:11,330] multiqc                                            [DEBUG  ]  File ignored by rseqc/read_distribution because it exceeded search pattern filesize limit: sjdbInfo.txt
[2021-12-20 22:28:11,330] multiqc                                            [DEBUG  ]  File ignored by rseqc/infer_experiment because it exceeded search pattern filesize limit: sjdbInfo.txt
[2021-12-20 22:28:11,360] multiqc                                            [DEBUG  ]  File ignored by stacks/sumstats because it exceeded search pattern filesize limit: sjdbInfo.txt
[2021-12-20 22:28:13,125] multiqc                                            [DEBUG  ]  File ignored by ccs/v4 because it exceeded search pattern filesize limit: sjdbList.out.tab
[2021-12-20 22:28:13,134] multiqc                                            [DEBUG  ]  File ignored by hicexplorer because it exceeded search pattern filesize limit: sjdbList.out.tab
[2021-12-20 22:28:13,135] multiqc                                            [DEBUG  ]  File ignored by nanostat because it exceeded search pattern filesize limit: sjdbList.out.tab
[2021-12-20 22:28:13,135] multiqc                                            [DEBUG  ]  File ignored by lima/summary because it exceeded search pattern filesize limit: sjdbList.out.tab
[2021-12-20 22:28:13,152] multiqc                                            [DEBUG  ]  File ignored by vep/vep_html because it exceeded search pattern filesize limit: sjdbList.out.tab
[2021-12-20 22:28:13,152] multiqc                                            [DEBUG  ]  File ignored by vep/vep_txt because it exceeded search pattern filesize limit: sjdbList.out.tab
[2021-12-20 22:28:13,152] multiqc                                            [DEBUG  ]  File ignored by longranger/invocation because it exceeded search pattern filesize limit: sjdbList.out.tab
[2021-12-20 22:28:13,152] multiqc                                            [DEBUG  ]  File ignored by rockhopper because it exceeded search pattern filesize limit: sjdbList.out.tab
[2021-12-20 22:28:13,153] multiqc                                            [DEBUG  ]  File ignored by rseqc/bam_stat because it exceeded search pattern filesize limit: sjdbList.out.tab
[2021-12-20 22:28:13,153] multiqc                                            [DEBUG  ]  File ignored by rseqc/junction_annotation because it exceeded search pattern filesize limit: sjdbList.out.tab
[2021-12-20 22:28:13,153] multiqc                                            [DEBUG  ]  File ignored by rseqc/read_distribution because it exceeded search pattern filesize limit: sjdbList.out.tab
[2021-12-20 22:28:13,153] multiqc                                            [DEBUG  ]  File ignored by rseqc/infer_experiment because it exceeded search pattern filesize limit: sjdbList.out.tab
[2021-12-20 22:28:13,188] multiqc                                            [DEBUG  ]  File ignored by stacks/sumstats because it exceeded search pattern filesize limit: sjdbList.out.tab
[2021-12-20 22:28:14,876] multiqc                                            [DEBUG  ]  Ignoring file as matched an ignore pattern: Aligned.sortedByCoord.out.bam
[2021-12-20 22:28:14,894] multiqc                                            [DEBUG  ]  File ignored by ccs/v4 because it exceeded search pattern filesize limit: Log.out
[2021-12-20 22:28:14,901] multiqc                                            [DEBUG  ]  File ignored by hicexplorer because it exceeded search pattern filesize limit: Log.out
[2021-12-20 22:28:14,902] multiqc                                            [DEBUG  ]  File ignored by nanostat because it exceeded search pattern filesize limit: Log.out
[2021-12-20 22:28:14,902] multiqc                                            [DEBUG  ]  File ignored by lima/summary because it exceeded search pattern filesize limit: Log.out
[2021-12-20 22:28:14,916] multiqc                                            [DEBUG  ]  File ignored by longranger/invocation because it exceeded search pattern filesize limit: Log.out
[2021-12-20 22:28:14,973] multiqc                                            [DEBUG  ]  File ignored by ccs/v4 because it exceeded search pattern filesize limit: Log.progress.out
[2021-12-20 22:28:14,982] multiqc                                            [DEBUG  ]  File ignored by lima/summary because it exceeded search pattern filesize limit: Log.progress.out
[2021-12-20 22:28:15,032] multiqc                                            [DEBUG  ]  File ignored by ccs/v4 because it exceeded search pattern filesize limit: SJ.out.tab
[2021-12-20 22:28:15,039] multiqc                                            [DEBUG  ]  File ignored by hicexplorer because it exceeded search pattern filesize limit: SJ.out.tab
[2021-12-20 22:28:15,040] multiqc                                            [DEBUG  ]  File ignored by nanostat because it exceeded search pattern filesize limit: SJ.out.tab
[2021-12-20 22:28:15,040] multiqc                                            [DEBUG  ]  File ignored by lima/summary because it exceeded search pattern filesize limit: SJ.out.tab
[2021-12-20 22:28:15,054] multiqc                                            [DEBUG  ]  File ignored by vep/vep_html because it exceeded search pattern filesize limit: SJ.out.tab
[2021-12-20 22:28:15,054] multiqc                                            [DEBUG  ]  File ignored by vep/vep_txt because it exceeded search pattern filesize limit: SJ.out.tab
[2021-12-20 22:28:15,054] multiqc                                            [DEBUG  ]  File ignored by longranger/invocation because it exceeded search pattern filesize limit: SJ.out.tab
[2021-12-20 22:28:15,054] multiqc                                            [DEBUG  ]  File ignored by rockhopper because it exceeded search pattern filesize limit: SJ.out.tab
[2021-12-20 22:28:15,054] multiqc                                            [DEBUG  ]  File ignored by rseqc/bam_stat because it exceeded search pattern filesize limit: SJ.out.tab
[2021-12-20 22:28:15,054] multiqc                                            [DEBUG  ]  File ignored by rseqc/junction_annotation because it exceeded search pattern filesize limit: SJ.out.tab
[2021-12-20 22:28:15,054] multiqc                                            [DEBUG  ]  File ignored by rseqc/read_distribution because it exceeded search pattern filesize limit: SJ.out.tab
[2021-12-20 22:28:15,055] multiqc                                            [DEBUG  ]  File ignored by rseqc/infer_experiment because it exceeded search pattern filesize limit: SJ.out.tab
[2021-12-20 22:28:15,089] multiqc                                            [DEBUG  ]  File ignored by stacks/sumstats because it exceeded search pattern filesize limit: SJ.out.tab
[2021-12-20 22:28:17,166] multiqc                                            [DEBUG  ]  File ignored by ccs/v4 because it exceeded search pattern filesize limit: sjdbInfo.txt
[2021-12-20 22:28:17,177] multiqc                                            [DEBUG  ]  File ignored by hicexplorer because it exceeded search pattern filesize limit: sjdbInfo.txt
[2021-12-20 22:28:17,178] multiqc                                            [DEBUG  ]  File ignored by nanostat because it exceeded search pattern filesize limit: sjdbInfo.txt
[2021-12-20 22:28:17,178] multiqc                                            [DEBUG  ]  File ignored by lima/summary because it exceeded search pattern filesize limit: sjdbInfo.txt
[2021-12-20 22:28:17,193] multiqc                                            [DEBUG  ]  File ignored by vep/vep_html because it exceeded search pattern filesize limit: sjdbInfo.txt
[2021-12-20 22:28:17,193] multiqc                                            [DEBUG  ]  File ignored by vep/vep_txt because it exceeded search pattern filesize limit: sjdbInfo.txt
[2021-12-20 22:28:17,193] multiqc                                            [DEBUG  ]  File ignored by longranger/invocation because it exceeded search pattern filesize limit: sjdbInfo.txt
[2021-12-20 22:28:17,193] multiqc                                            [DEBUG  ]  File ignored by rockhopper because it exceeded search pattern filesize limit: sjdbInfo.txt
[2021-12-20 22:28:17,193] multiqc                                            [DEBUG  ]  File ignored by rseqc/bam_stat because it exceeded search pattern filesize limit: sjdbInfo.txt
[2021-12-20 22:28:17,193] multiqc                                            [DEBUG  ]  File ignored by rseqc/junction_annotation because it exceeded search pattern filesize limit: sjdbInfo.txt
[2021-12-20 22:28:17,194] multiqc                                            [DEBUG  ]  File ignored by rseqc/read_distribution because it exceeded search pattern filesize limit: sjdbInfo.txt
[2021-12-20 22:28:17,194] multiqc                                            [DEBUG  ]  File ignored by rseqc/infer_experiment because it exceeded search pattern filesize limit: sjdbInfo.txt
[2021-12-20 22:28:17,254] multiqc                                            [DEBUG  ]  File ignored by stacks/sumstats because it exceeded search pattern filesize limit: sjdbInfo.txt
[2021-12-20 22:28:20,118] multiqc                                            [DEBUG  ]  File ignored by ccs/v4 because it exceeded search pattern filesize limit: sjdbList.out.tab
[2021-12-20 22:28:20,125] multiqc                                            [DEBUG  ]  File ignored by hicexplorer because it exceeded search pattern filesize limit: sjdbList.out.tab
[2021-12-20 22:28:20,126] multiqc                                            [DEBUG  ]  File ignored by nanostat because it exceeded search pattern filesize limit: sjdbList.out.tab
[2021-12-20 22:28:20,126] multiqc                                            [DEBUG  ]  File ignored by lima/summary because it exceeded search pattern filesize limit: sjdbList.out.tab
[2021-12-20 22:28:20,140] multiqc                                            [DEBUG  ]  File ignored by vep/vep_html because it exceeded search pattern filesize limit: sjdbList.out.tab
[2021-12-20 22:28:20,140] multiqc                                            [DEBUG  ]  File ignored by vep/vep_txt because it exceeded search pattern filesize limit: sjdbList.out.tab
[2021-12-20 22:28:20,140] multiqc                                            [DEBUG  ]  File ignored by longranger/invocation because it exceeded search pattern filesize limit: sjdbList.out.tab
[2021-12-20 22:28:20,140] multiqc                                            [DEBUG  ]  File ignored by rockhopper because it exceeded search pattern filesize limit: sjdbList.out.tab
[2021-12-20 22:28:20,140] multiqc                                            [DEBUG  ]  File ignored by rseqc/bam_stat because it exceeded search pattern filesize limit: sjdbList.out.tab
[2021-12-20 22:28:20,141] multiqc                                            [DEBUG  ]  File ignored by rseqc/junction_annotation because it exceeded search pattern filesize limit: sjdbList.out.tab
[2021-12-20 22:28:20,141] multiqc                                            [DEBUG  ]  File ignored by rseqc/read_distribution because it exceeded search pattern filesize limit: sjdbList.out.tab
[2021-12-20 22:28:20,141] multiqc                                            [DEBUG  ]  File ignored by rseqc/infer_experiment because it exceeded search pattern filesize limit: sjdbList.out.tab
[2021-12-20 22:28:20,191] multiqc                                            [DEBUG  ]  File ignored by stacks/sumstats because it exceeded search pattern filesize limit: sjdbList.out.tab
[2021-12-20 22:28:23,094] multiqc                                            [DEBUG  ]  Ignoring file as matched an ignore pattern: Aligned.sortedByCoord.out.bam
[2021-12-20 22:28:23,109] multiqc                                            [DEBUG  ]  File ignored by ccs/v4 because it exceeded search pattern filesize limit: Log.out
[2021-12-20 22:28:23,115] multiqc                                            [DEBUG  ]  File ignored by hicexplorer because it exceeded search pattern filesize limit: Log.out
[2021-12-20 22:28:23,116] multiqc                                            [DEBUG  ]  File ignored by nanostat because it exceeded search pattern filesize limit: Log.out
[2021-12-20 22:28:23,116] multiqc                                            [DEBUG  ]  File ignored by lima/summary because it exceeded search pattern filesize limit: Log.out
[2021-12-20 22:28:23,128] multiqc                                            [DEBUG  ]  File ignored by longranger/invocation because it exceeded search pattern filesize limit: Log.out
[2021-12-20 22:28:23,183] multiqc                                            [DEBUG  ]  File ignored by ccs/v4 because it exceeded search pattern filesize limit: Log.progress.out
[2021-12-20 22:28:23,190] multiqc                                            [DEBUG  ]  File ignored by lima/summary because it exceeded search pattern filesize limit: Log.progress.out
[2021-12-20 22:28:23,236] multiqc                                            [DEBUG  ]  File ignored by ccs/v4 because it exceeded search pattern filesize limit: SJ.out.tab
[2021-12-20 22:28:23,242] multiqc                                            [DEBUG  ]  File ignored by hicexplorer because it exceeded search pattern filesize limit: SJ.out.tab
[2021-12-20 22:28:23,243] multiqc                                            [DEBUG  ]  File ignored by nanostat because it exceeded search pattern filesize limit: SJ.out.tab
[2021-12-20 22:28:23,243] multiqc                                            [DEBUG  ]  File ignored by lima/summary because it exceeded search pattern filesize limit: SJ.out.tab
[2021-12-20 22:28:23,255] multiqc                                            [DEBUG  ]  File ignored by vep/vep_html because it exceeded search pattern filesize limit: SJ.out.tab
[2021-12-20 22:28:23,255] multiqc                                            [DEBUG  ]  File ignored by vep/vep_txt because it exceeded search pattern filesize limit: SJ.out.tab
[2021-12-20 22:28:23,255] multiqc                                            [DEBUG  ]  File ignored by longranger/invocation because it exceeded search pattern filesize limit: SJ.out.tab
[2021-12-20 22:28:23,255] multiqc                                            [DEBUG  ]  File ignored by rockhopper because it exceeded search pattern filesize limit: SJ.out.tab
[2021-12-20 22:28:23,255] multiqc                                            [DEBUG  ]  File ignored by rseqc/bam_stat because it exceeded search pattern filesize limit: SJ.out.tab
[2021-12-20 22:28:23,255] multiqc                                            [DEBUG  ]  File ignored by rseqc/junction_annotation because it exceeded search pattern filesize limit: SJ.out.tab
[2021-12-20 22:28:23,255] multiqc                                            [DEBUG  ]  File ignored by rseqc/read_distribution because it exceeded search pattern filesize limit: SJ.out.tab
[2021-12-20 22:28:23,255] multiqc                                            [DEBUG  ]  File ignored by rseqc/infer_experiment because it exceeded search pattern filesize limit: SJ.out.tab
[2021-12-20 22:28:23,284] multiqc                                            [DEBUG  ]  File ignored by stacks/sumstats because it exceeded search pattern filesize limit: SJ.out.tab
[2021-12-20 22:28:24,830] multiqc                                            [DEBUG  ]  File ignored by ccs/v4 because it exceeded search pattern filesize limit: sjdbInfo.txt
[2021-12-20 22:28:24,836] multiqc                                            [DEBUG  ]  File ignored by hicexplorer because it exceeded search pattern filesize limit: sjdbInfo.txt
[2021-12-20 22:28:24,837] multiqc                                            [DEBUG  ]  File ignored by nanostat because it exceeded search pattern filesize limit: sjdbInfo.txt
[2021-12-20 22:28:24,837] multiqc                                            [DEBUG  ]  File ignored by lima/summary because it exceeded search pattern filesize limit: sjdbInfo.txt
[2021-12-20 22:28:24,848] multiqc                                            [DEBUG  ]  File ignored by vep/vep_html because it exceeded search pattern filesize limit: sjdbInfo.txt
[2021-12-20 22:28:24,848] multiqc                                            [DEBUG  ]  File ignored by vep/vep_txt because it exceeded search pattern filesize limit: sjdbInfo.txt
[2021-12-20 22:28:24,848] multiqc                                            [DEBUG  ]  File ignored by longranger/invocation because it exceeded search pattern filesize limit: sjdbInfo.txt
[2021-12-20 22:28:24,848] multiqc                                            [DEBUG  ]  File ignored by rockhopper because it exceeded search pattern filesize limit: sjdbInfo.txt
[2021-12-20 22:28:24,848] multiqc                                            [DEBUG  ]  File ignored by rseqc/bam_stat because it exceeded search pattern filesize limit: sjdbInfo.txt
[2021-12-20 22:28:24,848] multiqc                                            [DEBUG  ]  File ignored by rseqc/junction_annotation because it exceeded search pattern filesize limit: sjdbInfo.txt
[2021-12-20 22:28:24,848] multiqc                                            [DEBUG  ]  File ignored by rseqc/read_distribution because it exceeded search pattern filesize limit: sjdbInfo.txt
[2021-12-20 22:28:24,848] multiqc                                            [DEBUG  ]  File ignored by rseqc/infer_experiment because it exceeded search pattern filesize limit: sjdbInfo.txt
[2021-12-20 22:28:24,900] multiqc                                            [DEBUG  ]  File ignored by stacks/sumstats because it exceeded search pattern filesize limit: sjdbInfo.txt
[2021-12-20 22:28:27,725] multiqc                                            [DEBUG  ]  File ignored by ccs/v4 because it exceeded search pattern filesize limit: sjdbList.out.tab
[2021-12-20 22:28:27,732] multiqc                                            [DEBUG  ]  File ignored by hicexplorer because it exceeded search pattern filesize limit: sjdbList.out.tab
[2021-12-20 22:28:27,733] multiqc                                            [DEBUG  ]  File ignored by nanostat because it exceeded search pattern filesize limit: sjdbList.out.tab
[2021-12-20 22:28:27,733] multiqc                                            [DEBUG  ]  File ignored by lima/summary because it exceeded search pattern filesize limit: sjdbList.out.tab
[2021-12-20 22:28:27,747] multiqc                                            [DEBUG  ]  File ignored by vep/vep_html because it exceeded search pattern filesize limit: sjdbList.out.tab
[2021-12-20 22:28:27,747] multiqc                                            [DEBUG  ]  File ignored by vep/vep_txt because it exceeded search pattern filesize limit: sjdbList.out.tab
[2021-12-20 22:28:27,748] multiqc                                            [DEBUG  ]  File ignored by longranger/invocation because it exceeded search pattern filesize limit: sjdbList.out.tab
[2021-12-20 22:28:27,748] multiqc                                            [DEBUG  ]  File ignored by rockhopper because it exceeded search pattern filesize limit: sjdbList.out.tab
[2021-12-20 22:28:27,748] multiqc                                            [DEBUG  ]  File ignored by rseqc/bam_stat because it exceeded search pattern filesize limit: sjdbList.out.tab
[2021-12-20 22:28:27,748] multiqc                                            [DEBUG  ]  File ignored by rseqc/junction_annotation because it exceeded search pattern filesize limit: sjdbList.out.tab
[2021-12-20 22:28:27,748] multiqc                                            [DEBUG  ]  File ignored by rseqc/read_distribution because it exceeded search pattern filesize limit: sjdbList.out.tab
[2021-12-20 22:28:27,748] multiqc                                            [DEBUG  ]  File ignored by rseqc/infer_experiment because it exceeded search pattern filesize limit: sjdbList.out.tab
[2021-12-20 22:28:27,799] multiqc                                            [DEBUG  ]  File ignored by stacks/sumstats because it exceeded search pattern filesize limit: sjdbList.out.tab
[2021-12-20 22:28:33,661] multiqc.plots.bargraph                             [DEBUG  ]  Using matplotlib version 3.5.1
[2021-12-20 22:28:33,663] multiqc.plots.linegraph                            [DEBUG  ]  Using matplotlib version 3.5.1
[2021-12-20 22:28:33,666] multiqc                                            [DEBUG  ]  No samples found: custom_content
[2021-12-20 22:28:33,697] multiqc                                            [DEBUG  ]  No samples found: ccs
[2021-12-20 22:28:33,724] multiqc                                            [DEBUG  ]  No samples found: ngsderive
[2021-12-20 22:28:33,764] multiqc                                            [DEBUG  ]  No samples found: purple
[2021-12-20 22:28:33,775] multiqc                                            [DEBUG  ]  No samples found: conpair
[2021-12-20 22:28:33,786] multiqc                                            [DEBUG  ]  No samples found: lima
[2021-12-20 22:28:33,806] multiqc                                            [DEBUG  ]  No samples found: peddy
[2021-12-20 22:28:33,827] multiqc                                            [DEBUG  ]  No samples found: somalier
[2021-12-20 22:28:33,848] multiqc                                            [DEBUG  ]  No samples found: methylQA
[2021-12-20 22:28:33,881] multiqc.modules.mosdepth.mosdepth                  [DEBUG  ]  include_contigs: []
[2021-12-20 22:28:33,881] multiqc.modules.mosdepth.mosdepth                  [DEBUG  ]  exclude_contigs: []
[2021-12-20 22:28:33,881] multiqc                                            [DEBUG  ]  No samples found: mosdepth
[2021-12-20 22:28:33,892] multiqc                                            [DEBUG  ]  No samples found: phantompeakqualtools
[2021-12-20 22:28:33,899] multiqc                                            [DEBUG  ]  No samples found: qualimap
[2021-12-20 22:28:33,923] multiqc                                            [DEBUG  ]  No samples found: preseq
[2021-12-20 22:28:33,946] multiqc                                            [DEBUG  ]  No samples found: quast
[2021-12-20 22:28:33,986] multiqc                                            [DEBUG  ]  No samples found: qorts
[2021-12-20 22:28:33,997] multiqc                                            [DEBUG  ]  No samples found: rna_seqc
[2021-12-20 22:28:34,007] multiqc                                            [DEBUG  ]  No samples found: rockhopper
[2021-12-20 22:28:34,033] multiqc                                            [DEBUG  ]  No samples found: rsem
[2021-12-20 22:28:34,107] multiqc                                            [DEBUG  ]  No samples found: rseqc
[2021-12-20 22:28:34,117] multiqc                                            [DEBUG  ]  No samples found: busco
[2021-12-20 22:28:34,127] multiqc                                            [DEBUG  ]  No samples found: bustools
[2021-12-20 22:28:34,156] multiqc                                            [DEBUG  ]  No samples found: goleft_indexcov
[2021-12-20 22:28:34,190] multiqc                                            [DEBUG  ]  No samples found: gffcompare
[2021-12-20 22:28:34,212] multiqc                                            [DEBUG  ]  No samples found: disambiguate
[2021-12-20 22:28:34,222] multiqc                                            [DEBUG  ]  No samples found: supernova
[2021-12-20 22:28:34,286] multiqc                                            [DEBUG  ]  No samples found: deeptools
[2021-12-20 22:28:34,306] multiqc                                            [DEBUG  ]  No samples found: sargasso
[2021-12-20 22:28:34,339] multiqc                                            [DEBUG  ]  No samples found: verifybamid
[2021-12-20 22:28:34,355] multiqc                                            [DEBUG  ]  No samples found: mirtrace
[2021-12-20 22:28:34,381] multiqc                                            [DEBUG  ]  No samples found: happy
[2021-12-20 22:28:34,416] multiqc                                            [DEBUG  ]  No samples found: mirtop
[2021-12-20 22:28:34,428] multiqc                                            [DEBUG  ]  No samples found: sambamba
[2021-12-20 22:28:34,469] multiqc                                            [DEBUG  ]  No samples found: homer
[2021-12-20 22:28:34,479] multiqc                                            [DEBUG  ]  No samples found: hops
[2021-12-20 22:28:34,505] multiqc                                            [DEBUG  ]  No samples found: macs2
[2021-12-20 22:28:34,534] multiqc                                            [DEBUG  ]  No samples found: theta2
[2021-12-20 22:28:34,555] multiqc                                            [DEBUG  ]  No samples found: snpeff
[2021-12-20 22:28:34,577] multiqc                                            [DEBUG  ]  No samples found: gatk
[2021-12-20 22:28:34,597] multiqc                                            [DEBUG  ]  No samples found: htseq
[2021-12-20 22:28:34,620] multiqc                                            [DEBUG  ]  No samples found: bcftools
[2021-12-20 22:28:34,650] multiqc                                            [DEBUG  ]  No samples found: featureCounts
[2021-12-20 22:28:34,682] multiqc                                            [DEBUG  ]  No samples found: fgbio
[2021-12-20 22:28:34,711] multiqc                                            [DEBUG  ]  No samples found: dragen
[2021-12-20 22:28:34,721] multiqc                                            [DEBUG  ]  No samples found: dedup
[2021-12-20 22:28:34,744] multiqc                                            [DEBUG  ]  No samples found: damageprofiler
[2021-12-20 22:28:34,839] multiqc                                            [DEBUG  ]  No samples found: biobambam2
[2021-12-20 22:28:34,866] multiqc                                            [DEBUG  ]  No samples found: jcvi
[2021-12-20 22:28:34,888] multiqc                                            [DEBUG  ]  No samples found: mtnucratio
[2021-12-20 22:28:34,895] multiqc                                            [DEBUG  ]  No samples found: picard
[2021-12-20 22:28:34,905] multiqc                                            [DEBUG  ]  No samples found: vep
[2021-12-20 22:28:34,930] multiqc                                            [DEBUG  ]  No samples found: sentieon
[2021-12-20 22:28:34,957] multiqc                                            [DEBUG  ]  No samples found: prokka
[2021-12-20 22:28:34,966] multiqc                                            [DEBUG  ]  No samples found: qc3C
[2021-12-20 22:28:34,991] multiqc                                            [DEBUG  ]  No samples found: nanostat
[2021-12-20 22:28:35,001] multiqc                                            [DEBUG  ]  No samples found: samblaster
[2021-12-20 22:28:35,013] multiqc                                            [DEBUG  ]  No samples found: samtools
[2021-12-20 22:28:35,022] multiqc                                            [DEBUG  ]  No samples found: sexdeterrmine
[2021-12-20 22:28:35,031] multiqc                                            [DEBUG  ]  No samples found: eigenstratdatabasetools
[2021-12-20 22:28:35,054] multiqc                                            [DEBUG  ]  No samples found: bamtools
[2021-12-20 22:28:35,088] multiqc                                            [DEBUG  ]  No samples found: jellyfish
[2021-12-20 22:28:35,118] multiqc                                            [DEBUG  ]  No samples found: vcftools
[2021-12-20 22:28:35,129] multiqc                                            [DEBUG  ]  No samples found: longranger
[2021-12-20 22:28:35,156] multiqc                                            [DEBUG  ]  No samples found: stacks
[2021-12-20 22:28:35,166] multiqc                                            [DEBUG  ]  No samples found: varscan2
[2021-12-20 22:28:35,177] multiqc                                            [DEBUG  ]  No samples found: snippy
[2021-12-20 22:28:35,231] multiqc                                            [DEBUG  ]  No samples found: bbmap
[2021-12-20 22:28:35,255] multiqc                                            [DEBUG  ]  No samples found: bismark
[2021-12-20 22:28:35,267] multiqc                                            [DEBUG  ]  No samples found: biscuit
[2021-12-20 22:28:35,289] multiqc                                            [DEBUG  ]  No samples found: hicexplorer
[2021-12-20 22:28:35,312] multiqc                                            [DEBUG  ]  No samples found: hicup
[2021-12-20 22:28:35,337] multiqc                                            [DEBUG  ]  No samples found: hicpro
[2021-12-20 22:28:35,363] multiqc                                            [DEBUG  ]  No samples found: salmon
[2021-12-20 22:28:35,386] multiqc                                            [DEBUG  ]  No samples found: kallisto
[2021-12-20 22:28:35,411] multiqc                                            [DEBUG  ]  No samples found: slamdunk
[2021-12-20 22:28:35,451] multiqc.modules.star.star                          [INFO   ]  Found 3 reports
[2021-12-20 22:28:35,487] multiqc                                            [DEBUG  ]  No samples found: hisat2
[2021-12-20 22:28:35,511] multiqc                                            [DEBUG  ]  No samples found: tophat
[2021-12-20 22:28:35,538] multiqc                                            [DEBUG  ]  No samples found: bowtie2
[2021-12-20 22:28:35,564] multiqc                                            [DEBUG  ]  No samples found: bowtie1
[2021-12-20 22:28:35,575] multiqc                                            [DEBUG  ]  No samples found: snpsplit
[2021-12-20 22:28:35,602] multiqc                                            [DEBUG  ]  No samples found: odgi
[2021-12-20 22:28:35,619] multiqc                                            [DEBUG  ]  No samples found: pangolin
[2021-12-20 22:28:35,630] multiqc                                            [DEBUG  ]  No samples found: kat
[2021-12-20 22:28:35,641] multiqc                                            [DEBUG  ]  No samples found: leehom
[2021-12-20 22:28:35,679] multiqc                                            [DEBUG  ]  No samples found: adapterRemoval
[2021-12-20 22:28:35,690] multiqc                                            [DEBUG  ]  No samples found: clipandmerge
[2021-12-20 22:28:35,718] multiqc                                            [DEBUG  ]  No samples found: cutadapt
[2021-12-20 22:28:35,740] multiqc                                            [DEBUG  ]  No samples found: flexbar
[2021-12-20 22:28:35,767] multiqc                                            [DEBUG  ]  No samples found: kaiju
[2021-12-20 22:28:35,779] multiqc                                            [DEBUG  ]  No samples found: kraken
[2021-12-20 22:28:35,802] multiqc                                            [DEBUG  ]  No samples found: malt
[2021-12-20 22:28:35,838] multiqc                                            [DEBUG  ]  No samples found: trimmomatic
[2021-12-20 22:28:35,864] multiqc                                            [DEBUG  ]  No samples found: sickle
[2021-12-20 22:28:35,889] multiqc                                            [DEBUG  ]  No samples found: skewer
[2021-12-20 22:28:35,900] multiqc                                            [DEBUG  ]  No samples found: sortmerna
[2021-12-20 22:28:35,925] multiqc                                            [DEBUG  ]  No samples found: biobloomtools
[2021-12-20 22:28:35,947] multiqc                                            [DEBUG  ]  No samples found: fastq_screen
[2021-12-20 22:28:35,987] multiqc                                            [DEBUG  ]  No samples found: afterqc
[2021-12-20 22:28:35,998] multiqc                                            [DEBUG  ]  No samples found: fastp
[2021-12-20 22:28:36,022] multiqc                                            [DEBUG  ]  No samples found: fastqc
[2021-12-20 22:28:36,033] multiqc                                            [DEBUG  ]  No samples found: pychopper
[2021-12-20 22:28:36,045] multiqc                                            [DEBUG  ]  No samples found: pycoqc
[2021-12-20 22:28:36,056] multiqc                                            [DEBUG  ]  No samples found: minionqc
[2021-12-20 22:28:36,068] multiqc                                            [DEBUG  ]  No samples found: multivcfanalyzer
[2021-12-20 22:28:36,085] multiqc                                            [DEBUG  ]  No samples found: clusterflow
[2021-12-20 22:28:36,107] multiqc                                            [DEBUG  ]  No samples found: bcl2fastq
[2021-12-20 22:28:36,131] multiqc                                            [DEBUG  ]  No samples found: bclconvert
[2021-12-20 22:28:36,156] multiqc                                            [DEBUG  ]  No samples found: interop
[2021-12-20 22:28:36,168] multiqc                                            [DEBUG  ]  No samples found: ivar
[2021-12-20 22:28:36,179] multiqc                                            [DEBUG  ]  No samples found: flash
[2021-12-20 22:28:36,203] multiqc                                            [DEBUG  ]  No samples found: seqyclean
[2021-12-20 22:28:36,230] multiqc                                            [DEBUG  ]  No samples found: optitype
[2021-12-20 22:28:36,296] multiqc                                            [INFO   ]  Compressing plot data
[2021-12-20 22:28:36,314] multiqc                                            [INFO   ]  Report      : ../data/output_data/rna_qc/star/multiqc.star.bioIvt_luad.2021-12-20-22.28.04-PST.html
[2021-12-20 22:28:36,314] multiqc                                            [INFO   ]  Data        : ../data/output_data/rna_qc/star/multiqc.star.bioIvt_luad.2021-12-20-22.28.04-PST_data
[2021-12-20 22:28:36,315] multiqc                                            [DEBUG  ]  Moving data file from '/data/tmp/tmpymhsdcva/multiqc_data' to '/public/groups/kimlab/exRNA_disease_biomarkers/data/output_data/rna_qc/star/multiqc.star.bioIvt_luad.2021-12-20-22.28.04-PST_data'
[2021-12-20 22:28:37,362] multiqc                                            [INFO   ]  MultiQC complete
