[2021-12-17 18:46:11,478] multiqc                                            [DEBUG  ]  No MultiQC config found: /public/groups/kimlab/.install_bin/anaconda3/lib/python3.7/site-packages/multiqc_config.yaml
[2021-12-17 18:46:11,478] multiqc                                            [DEBUG  ]  No MultiQC config found: /public/home/rreggiar/.multiqc_config.yaml
[2021-12-17 18:46:11,478] multiqc                                            [DEBUG  ]  No MultiQC config found: multiqc_config.yaml
[2021-12-17 18:46:11,479] multiqc                                            [DEBUG  ]  Command used: /public/groups/kimlab/.install_bin/anaconda3/bin/multiqc /public/groups/kimlab/exRNA_disease_biomarkers//data/input_data/panc1_intra --filename multiqc.panc1_intra.2021-12-17-18.30.33-PST -o /public/groups/kimlab/exRNA_disease_biomarkers//data/output_data/rna_qc/process.aware.salmon
[2021-12-17 18:46:12,221] multiqc                                            [WARNING]  MultiQC Version v1.11 now available!
[2021-12-17 18:46:12,221] multiqc                                            [INFO   ]  This is MultiQC v1.9
[2021-12-17 18:46:12,221] multiqc                                            [DEBUG  ]  Command     : /public/groups/kimlab/.install_bin/anaconda3/bin/multiqc /public/groups/kimlab/exRNA_disease_biomarkers//data/input_data/panc1_intra --filename multiqc.panc1_intra.2021-12-17-18.30.33-PST -o /public/groups/kimlab/exRNA_disease_biomarkers//data/output_data/rna_qc/process.aware.salmon
[2021-12-17 18:46:12,221] multiqc                                            [DEBUG  ]  Working dir : /public/groups/kimlab/exRNA_disease_biomarkers/bin
[2021-12-17 18:46:12,222] multiqc                                            [INFO   ]  Template    : default
[2021-12-17 18:46:12,222] multiqc                                            [DEBUG  ]  Running Python 3.7.6 (default, Jan  8 2020, 19:59:22)  [GCC 7.3.0]
[2021-12-17 18:46:12,222] multiqc                                            [INFO   ]  Searching   : /public/groups/kimlab/exRNA_disease_biomarkers/data/input_data/panc1_intra
[2021-12-17 18:46:12,222] multiqc                                            [DEBUG  ]  Analysing modules: custom_content, conpair, peddy, somalier, methylQA, mosdepth, phantompeakqualtools, qualimap, preseq, quast, qorts, rna_seqc, rockhopper, rsem, rseqc, busco, goleft_indexcov, disambiguate, supernova, deeptools, sargasso, verifybamid, mirtrace, happy, mirtop, homer, macs2, theta2, snpeff, gatk, htseq, bcftools, featureCounts, fgbio, dragen, dedup, damageprofiler, biobambam2, mtnucratio, picard, prokka, samblaster, samtools, sexdeterrmine, bamtools, jellyfish, vcftools, longranger, stacks, varscan2, bbmap, bismark, biscuit, hicexplorer, hicup, hicpro, salmon, kallisto, slamdunk, star, hisat2, tophat, bowtie2, bowtie1, snpsplit, kat, leehom, adapterRemoval, clipandmerge, cutadapt, flexbar, kaiju, kraken, malt, trimmomatic, sickle, skewer, sortmerna, biobloomtools, fastq_screen, afterqc, fastp, fastqc, pycoqc, minionqc, multivcfanalyzer, clusterflow, bcl2fastq, interop, ivar, flash, seqyclean
[2021-12-17 18:46:12,223] multiqc                                            [DEBUG  ]  Using temporary directory for creating report: /data/tmp/tmps0r70ksd
[2021-12-17 18:46:12,543] multiqc                                            [DEBUG  ]  Ignoring file as matched an ignore pattern: PANC-1_si_Control1_R1_001.fastq.gz
[2021-12-17 18:46:12,543] multiqc                                            [DEBUG  ]  Ignoring file as matched an ignore pattern: PANC-1_si_Control1_R2_001.fastq.gz
[2021-12-17 18:46:12,544] multiqc                                            [DEBUG  ]  Ignoring file as matched an ignore pattern: ctrl.1.intra_output_forward_paired.fq.gz
[2021-12-17 18:46:12,544] multiqc                                            [DEBUG  ]  Ignoring file as matched an ignore pattern: ctrl.1.intra_output_reverse_paired.fq.gz
[2021-12-17 18:46:12,602] multiqc                                            [DEBUG  ]  File ignored by hicexplorer because it exceeded search pattern filesize limit: ctrl.1.intra_output_forward_paired_fastqc.html
[2021-12-17 18:46:12,616] multiqc                                            [DEBUG  ]  File ignored by longranger/invocation because it exceeded search pattern filesize limit: ctrl.1.intra_output_forward_paired_fastqc.html
[2021-12-17 18:46:12,616] multiqc                                            [DEBUG  ]  File ignored by rockhopper because it exceeded search pattern filesize limit: ctrl.1.intra_output_forward_paired_fastqc.html
[2021-12-17 18:46:12,616] multiqc                                            [DEBUG  ]  File ignored by rseqc/bam_stat because it exceeded search pattern filesize limit: ctrl.1.intra_output_forward_paired_fastqc.html
[2021-12-17 18:46:12,616] multiqc                                            [DEBUG  ]  File ignored by rseqc/junction_annotation because it exceeded search pattern filesize limit: ctrl.1.intra_output_forward_paired_fastqc.html
[2021-12-17 18:46:12,616] multiqc                                            [DEBUG  ]  File ignored by rseqc/read_distribution because it exceeded search pattern filesize limit: ctrl.1.intra_output_forward_paired_fastqc.html
[2021-12-17 18:46:12,617] multiqc                                            [DEBUG  ]  File ignored by rseqc/infer_experiment because it exceeded search pattern filesize limit: ctrl.1.intra_output_forward_paired_fastqc.html
[2021-12-17 18:46:12,822] multiqc                                            [DEBUG  ]  File ignored by hicexplorer because it exceeded search pattern filesize limit: ctrl.1.intra_output_reverse_paired_fastqc.html
[2021-12-17 18:46:12,835] multiqc                                            [DEBUG  ]  File ignored by longranger/invocation because it exceeded search pattern filesize limit: ctrl.1.intra_output_reverse_paired_fastqc.html
[2021-12-17 18:46:12,835] multiqc                                            [DEBUG  ]  File ignored by rockhopper because it exceeded search pattern filesize limit: ctrl.1.intra_output_reverse_paired_fastqc.html
[2021-12-17 18:46:12,835] multiqc                                            [DEBUG  ]  File ignored by rseqc/bam_stat because it exceeded search pattern filesize limit: ctrl.1.intra_output_reverse_paired_fastqc.html
[2021-12-17 18:46:12,835] multiqc                                            [DEBUG  ]  File ignored by rseqc/junction_annotation because it exceeded search pattern filesize limit: ctrl.1.intra_output_reverse_paired_fastqc.html
[2021-12-17 18:46:12,835] multiqc                                            [DEBUG  ]  File ignored by rseqc/read_distribution because it exceeded search pattern filesize limit: ctrl.1.intra_output_reverse_paired_fastqc.html
[2021-12-17 18:46:12,835] multiqc                                            [DEBUG  ]  File ignored by rseqc/infer_experiment because it exceeded search pattern filesize limit: ctrl.1.intra_output_reverse_paired_fastqc.html
[2021-12-17 18:46:13,155] multiqc                                            [DEBUG  ]  File ignored by hicexplorer because it exceeded search pattern filesize limit: salmon_quant.log
[2021-12-17 18:46:13,167] multiqc                                            [DEBUG  ]  File ignored by longranger/invocation because it exceeded search pattern filesize limit: salmon_quant.log
[2021-12-17 18:46:13,318] multiqc                                            [DEBUG  ]  File ignored by hicexplorer because it exceeded search pattern filesize limit: ambig_info.tsv
[2021-12-17 18:46:13,330] multiqc                                            [DEBUG  ]  File ignored by longranger/invocation because it exceeded search pattern filesize limit: ambig_info.tsv
[2021-12-17 18:46:13,330] multiqc                                            [DEBUG  ]  File ignored by rockhopper because it exceeded search pattern filesize limit: ambig_info.tsv
[2021-12-17 18:46:13,330] multiqc                                            [DEBUG  ]  File ignored by rseqc/bam_stat because it exceeded search pattern filesize limit: ambig_info.tsv
[2021-12-17 18:46:13,331] multiqc                                            [DEBUG  ]  File ignored by rseqc/junction_annotation because it exceeded search pattern filesize limit: ambig_info.tsv
[2021-12-17 18:46:13,331] multiqc                                            [DEBUG  ]  File ignored by rseqc/read_distribution because it exceeded search pattern filesize limit: ambig_info.tsv
[2021-12-17 18:46:13,331] multiqc                                            [DEBUG  ]  File ignored by rseqc/infer_experiment because it exceeded search pattern filesize limit: ambig_info.tsv
[2021-12-17 18:46:13,442] multiqc                                            [DEBUG  ]  File ignored by stacks/sumstats because it exceeded search pattern filesize limit: ambig_info.tsv
[2021-12-17 18:46:18,535] multiqc                                            [DEBUG  ]  File ignored by hicexplorer because it exceeded search pattern filesize limit: salmon_quant.log
[2021-12-17 18:46:18,549] multiqc                                            [DEBUG  ]  File ignored by longranger/invocation because it exceeded search pattern filesize limit: salmon_quant.log
[2021-12-17 18:46:18,936] multiqc                                            [DEBUG  ]  Ignoring file as matched an ignore pattern: PANC-1_si_Control2_R1_001.fastq.gz
[2021-12-17 18:46:18,937] multiqc                                            [DEBUG  ]  Ignoring file as matched an ignore pattern: PANC-1_si_Control2_R2_001.fastq.gz
[2021-12-17 18:46:18,937] multiqc                                            [DEBUG  ]  Ignoring file as matched an ignore pattern: ctrl.2.intra_output_forward_paired.fq.gz
[2021-12-17 18:46:18,938] multiqc                                            [DEBUG  ]  Ignoring file as matched an ignore pattern: ctrl.2.intra_output_reverse_paired.fq.gz
[2021-12-17 18:46:18,971] multiqc                                            [DEBUG  ]  File ignored by hicexplorer because it exceeded search pattern filesize limit: ctrl.2.intra_output_forward_paired_fastqc.html
[2021-12-17 18:46:18,984] multiqc                                            [DEBUG  ]  File ignored by longranger/invocation because it exceeded search pattern filesize limit: ctrl.2.intra_output_forward_paired_fastqc.html
[2021-12-17 18:46:18,984] multiqc                                            [DEBUG  ]  File ignored by rockhopper because it exceeded search pattern filesize limit: ctrl.2.intra_output_forward_paired_fastqc.html
[2021-12-17 18:46:18,984] multiqc                                            [DEBUG  ]  File ignored by rseqc/bam_stat because it exceeded search pattern filesize limit: ctrl.2.intra_output_forward_paired_fastqc.html
[2021-12-17 18:46:18,984] multiqc                                            [DEBUG  ]  File ignored by rseqc/junction_annotation because it exceeded search pattern filesize limit: ctrl.2.intra_output_forward_paired_fastqc.html
[2021-12-17 18:46:18,984] multiqc                                            [DEBUG  ]  File ignored by rseqc/read_distribution because it exceeded search pattern filesize limit: ctrl.2.intra_output_forward_paired_fastqc.html
[2021-12-17 18:46:18,985] multiqc                                            [DEBUG  ]  File ignored by rseqc/infer_experiment because it exceeded search pattern filesize limit: ctrl.2.intra_output_forward_paired_fastqc.html
[2021-12-17 18:46:19,185] multiqc                                            [DEBUG  ]  File ignored by hicexplorer because it exceeded search pattern filesize limit: ctrl.2.intra_output_reverse_paired_fastqc.html
[2021-12-17 18:46:19,198] multiqc                                            [DEBUG  ]  File ignored by longranger/invocation because it exceeded search pattern filesize limit: ctrl.2.intra_output_reverse_paired_fastqc.html
[2021-12-17 18:46:19,198] multiqc                                            [DEBUG  ]  File ignored by rockhopper because it exceeded search pattern filesize limit: ctrl.2.intra_output_reverse_paired_fastqc.html
[2021-12-17 18:46:19,198] multiqc                                            [DEBUG  ]  File ignored by rseqc/bam_stat because it exceeded search pattern filesize limit: ctrl.2.intra_output_reverse_paired_fastqc.html
[2021-12-17 18:46:19,198] multiqc                                            [DEBUG  ]  File ignored by rseqc/junction_annotation because it exceeded search pattern filesize limit: ctrl.2.intra_output_reverse_paired_fastqc.html
[2021-12-17 18:46:19,199] multiqc                                            [DEBUG  ]  File ignored by rseqc/read_distribution because it exceeded search pattern filesize limit: ctrl.2.intra_output_reverse_paired_fastqc.html
[2021-12-17 18:46:19,199] multiqc                                            [DEBUG  ]  File ignored by rseqc/infer_experiment because it exceeded search pattern filesize limit: ctrl.2.intra_output_reverse_paired_fastqc.html
[2021-12-17 18:46:19,548] multiqc                                            [DEBUG  ]  File ignored by hicexplorer because it exceeded search pattern filesize limit: salmon_quant.log
[2021-12-17 18:46:19,560] multiqc                                            [DEBUG  ]  File ignored by longranger/invocation because it exceeded search pattern filesize limit: salmon_quant.log
[2021-12-17 18:46:19,770] multiqc                                            [DEBUG  ]  File ignored by hicexplorer because it exceeded search pattern filesize limit: ambig_info.tsv
[2021-12-17 18:46:19,784] multiqc                                            [DEBUG  ]  File ignored by longranger/invocation because it exceeded search pattern filesize limit: ambig_info.tsv
[2021-12-17 18:46:19,784] multiqc                                            [DEBUG  ]  File ignored by rockhopper because it exceeded search pattern filesize limit: ambig_info.tsv
[2021-12-17 18:46:19,784] multiqc                                            [DEBUG  ]  File ignored by rseqc/bam_stat because it exceeded search pattern filesize limit: ambig_info.tsv
[2021-12-17 18:46:19,784] multiqc                                            [DEBUG  ]  File ignored by rseqc/junction_annotation because it exceeded search pattern filesize limit: ambig_info.tsv
[2021-12-17 18:46:19,784] multiqc                                            [DEBUG  ]  File ignored by rseqc/read_distribution because it exceeded search pattern filesize limit: ambig_info.tsv
[2021-12-17 18:46:19,784] multiqc                                            [DEBUG  ]  File ignored by rseqc/infer_experiment because it exceeded search pattern filesize limit: ambig_info.tsv
[2021-12-17 18:46:19,896] multiqc                                            [DEBUG  ]  File ignored by stacks/sumstats because it exceeded search pattern filesize limit: ambig_info.tsv
[2021-12-17 18:46:24,945] multiqc                                            [DEBUG  ]  File ignored by hicexplorer because it exceeded search pattern filesize limit: salmon_quant.log
[2021-12-17 18:46:24,958] multiqc                                            [DEBUG  ]  File ignored by longranger/invocation because it exceeded search pattern filesize limit: salmon_quant.log
[2021-12-17 18:46:25,342] multiqc                                            [DEBUG  ]  Ignoring file as matched an ignore pattern: PANC-1_si_KRAS1_R1_001.fastq.gz
[2021-12-17 18:46:25,343] multiqc                                            [DEBUG  ]  Ignoring file as matched an ignore pattern: PANC-1_si_KRAS1_R2_001.fastq.gz
[2021-12-17 18:46:25,343] multiqc                                            [DEBUG  ]  Ignoring file as matched an ignore pattern: ctrl.3.intra_output_forward_paired.fq.gz
[2021-12-17 18:46:25,344] multiqc                                            [DEBUG  ]  Ignoring file as matched an ignore pattern: ctrl.3.intra_output_reverse_paired.fq.gz
[2021-12-17 18:46:25,377] multiqc                                            [DEBUG  ]  File ignored by hicexplorer because it exceeded search pattern filesize limit: ctrl.3.intra_output_forward_paired_fastqc.html
[2021-12-17 18:46:25,390] multiqc                                            [DEBUG  ]  File ignored by longranger/invocation because it exceeded search pattern filesize limit: ctrl.3.intra_output_forward_paired_fastqc.html
[2021-12-17 18:46:25,390] multiqc                                            [DEBUG  ]  File ignored by rockhopper because it exceeded search pattern filesize limit: ctrl.3.intra_output_forward_paired_fastqc.html
[2021-12-17 18:46:25,390] multiqc                                            [DEBUG  ]  File ignored by rseqc/bam_stat because it exceeded search pattern filesize limit: ctrl.3.intra_output_forward_paired_fastqc.html
[2021-12-17 18:46:25,390] multiqc                                            [DEBUG  ]  File ignored by rseqc/junction_annotation because it exceeded search pattern filesize limit: ctrl.3.intra_output_forward_paired_fastqc.html
[2021-12-17 18:46:25,390] multiqc                                            [DEBUG  ]  File ignored by rseqc/read_distribution because it exceeded search pattern filesize limit: ctrl.3.intra_output_forward_paired_fastqc.html
[2021-12-17 18:46:25,390] multiqc                                            [DEBUG  ]  File ignored by rseqc/infer_experiment because it exceeded search pattern filesize limit: ctrl.3.intra_output_forward_paired_fastqc.html
[2021-12-17 18:46:25,593] multiqc                                            [DEBUG  ]  File ignored by hicexplorer because it exceeded search pattern filesize limit: ctrl.3.intra_output_reverse_paired_fastqc.html
[2021-12-17 18:46:25,606] multiqc                                            [DEBUG  ]  File ignored by longranger/invocation because it exceeded search pattern filesize limit: ctrl.3.intra_output_reverse_paired_fastqc.html
[2021-12-17 18:46:25,606] multiqc                                            [DEBUG  ]  File ignored by rockhopper because it exceeded search pattern filesize limit: ctrl.3.intra_output_reverse_paired_fastqc.html
[2021-12-17 18:46:25,606] multiqc                                            [DEBUG  ]  File ignored by rseqc/bam_stat because it exceeded search pattern filesize limit: ctrl.3.intra_output_reverse_paired_fastqc.html
[2021-12-17 18:46:25,606] multiqc                                            [DEBUG  ]  File ignored by rseqc/junction_annotation because it exceeded search pattern filesize limit: ctrl.3.intra_output_reverse_paired_fastqc.html
[2021-12-17 18:46:25,606] multiqc                                            [DEBUG  ]  File ignored by rseqc/read_distribution because it exceeded search pattern filesize limit: ctrl.3.intra_output_reverse_paired_fastqc.html
[2021-12-17 18:46:25,606] multiqc                                            [DEBUG  ]  File ignored by rseqc/infer_experiment because it exceeded search pattern filesize limit: ctrl.3.intra_output_reverse_paired_fastqc.html
[2021-12-17 18:46:25,966] multiqc                                            [DEBUG  ]  File ignored by hicexplorer because it exceeded search pattern filesize limit: salmon_quant.log
[2021-12-17 18:46:25,978] multiqc                                            [DEBUG  ]  File ignored by longranger/invocation because it exceeded search pattern filesize limit: salmon_quant.log
[2021-12-17 18:46:26,149] multiqc                                            [DEBUG  ]  File ignored by hicexplorer because it exceeded search pattern filesize limit: ambig_info.tsv
[2021-12-17 18:46:26,162] multiqc                                            [DEBUG  ]  File ignored by longranger/invocation because it exceeded search pattern filesize limit: ambig_info.tsv
[2021-12-17 18:46:26,162] multiqc                                            [DEBUG  ]  File ignored by rockhopper because it exceeded search pattern filesize limit: ambig_info.tsv
[2021-12-17 18:46:26,162] multiqc                                            [DEBUG  ]  File ignored by rseqc/bam_stat because it exceeded search pattern filesize limit: ambig_info.tsv
[2021-12-17 18:46:26,162] multiqc                                            [DEBUG  ]  File ignored by rseqc/junction_annotation because it exceeded search pattern filesize limit: ambig_info.tsv
[2021-12-17 18:46:26,162] multiqc                                            [DEBUG  ]  File ignored by rseqc/read_distribution because it exceeded search pattern filesize limit: ambig_info.tsv
[2021-12-17 18:46:26,162] multiqc                                            [DEBUG  ]  File ignored by rseqc/infer_experiment because it exceeded search pattern filesize limit: ambig_info.tsv
[2021-12-17 18:46:26,273] multiqc                                            [DEBUG  ]  File ignored by stacks/sumstats because it exceeded search pattern filesize limit: ambig_info.tsv
[2021-12-17 18:46:31,401] multiqc                                            [DEBUG  ]  File ignored by hicexplorer because it exceeded search pattern filesize limit: salmon_quant.log
[2021-12-17 18:46:31,415] multiqc                                            [DEBUG  ]  File ignored by longranger/invocation because it exceeded search pattern filesize limit: salmon_quant.log
[2021-12-17 18:46:31,817] multiqc                                            [DEBUG  ]  Ignoring file as matched an ignore pattern: PANC-1_si_Control3_R1_001.fastq.gz
[2021-12-17 18:46:31,817] multiqc                                            [DEBUG  ]  Ignoring file as matched an ignore pattern: PANC-1_si_Control3_R2_001.fastq.gz
[2021-12-17 18:46:31,817] multiqc                                            [DEBUG  ]  Ignoring file as matched an ignore pattern: kras.1.intra_output_forward_paired.fq.gz
[2021-12-17 18:46:31,818] multiqc                                            [DEBUG  ]  Ignoring file as matched an ignore pattern: kras.1.intra_output_reverse_paired.fq.gz
[2021-12-17 18:46:31,848] multiqc                                            [DEBUG  ]  File ignored by hicexplorer because it exceeded search pattern filesize limit: kras.1.intra_output_forward_paired_fastqc.html
[2021-12-17 18:46:31,860] multiqc                                            [DEBUG  ]  File ignored by longranger/invocation because it exceeded search pattern filesize limit: kras.1.intra_output_forward_paired_fastqc.html
[2021-12-17 18:46:31,860] multiqc                                            [DEBUG  ]  File ignored by rockhopper because it exceeded search pattern filesize limit: kras.1.intra_output_forward_paired_fastqc.html
[2021-12-17 18:46:31,860] multiqc                                            [DEBUG  ]  File ignored by rseqc/bam_stat because it exceeded search pattern filesize limit: kras.1.intra_output_forward_paired_fastqc.html
[2021-12-17 18:46:31,860] multiqc                                            [DEBUG  ]  File ignored by rseqc/junction_annotation because it exceeded search pattern filesize limit: kras.1.intra_output_forward_paired_fastqc.html
[2021-12-17 18:46:31,860] multiqc                                            [DEBUG  ]  File ignored by rseqc/read_distribution because it exceeded search pattern filesize limit: kras.1.intra_output_forward_paired_fastqc.html
[2021-12-17 18:46:31,860] multiqc                                            [DEBUG  ]  File ignored by rseqc/infer_experiment because it exceeded search pattern filesize limit: kras.1.intra_output_forward_paired_fastqc.html
[2021-12-17 18:46:32,062] multiqc                                            [DEBUG  ]  File ignored by hicexplorer because it exceeded search pattern filesize limit: kras.1.intra_output_reverse_paired_fastqc.html
[2021-12-17 18:46:32,075] multiqc                                            [DEBUG  ]  File ignored by longranger/invocation because it exceeded search pattern filesize limit: kras.1.intra_output_reverse_paired_fastqc.html
[2021-12-17 18:46:32,075] multiqc                                            [DEBUG  ]  File ignored by rockhopper because it exceeded search pattern filesize limit: kras.1.intra_output_reverse_paired_fastqc.html
[2021-12-17 18:46:32,075] multiqc                                            [DEBUG  ]  File ignored by rseqc/bam_stat because it exceeded search pattern filesize limit: kras.1.intra_output_reverse_paired_fastqc.html
[2021-12-17 18:46:32,075] multiqc                                            [DEBUG  ]  File ignored by rseqc/junction_annotation because it exceeded search pattern filesize limit: kras.1.intra_output_reverse_paired_fastqc.html
[2021-12-17 18:46:32,076] multiqc                                            [DEBUG  ]  File ignored by rseqc/read_distribution because it exceeded search pattern filesize limit: kras.1.intra_output_reverse_paired_fastqc.html
[2021-12-17 18:46:32,076] multiqc                                            [DEBUG  ]  File ignored by rseqc/infer_experiment because it exceeded search pattern filesize limit: kras.1.intra_output_reverse_paired_fastqc.html
[2021-12-17 18:46:32,416] multiqc                                            [DEBUG  ]  File ignored by hicexplorer because it exceeded search pattern filesize limit: salmon_quant.log
[2021-12-17 18:46:32,430] multiqc                                            [DEBUG  ]  File ignored by longranger/invocation because it exceeded search pattern filesize limit: salmon_quant.log
[2021-12-17 18:46:32,594] multiqc                                            [DEBUG  ]  File ignored by hicexplorer because it exceeded search pattern filesize limit: ambig_info.tsv
[2021-12-17 18:46:32,606] multiqc                                            [DEBUG  ]  File ignored by longranger/invocation because it exceeded search pattern filesize limit: ambig_info.tsv
[2021-12-17 18:46:32,606] multiqc                                            [DEBUG  ]  File ignored by rockhopper because it exceeded search pattern filesize limit: ambig_info.tsv
[2021-12-17 18:46:32,606] multiqc                                            [DEBUG  ]  File ignored by rseqc/bam_stat because it exceeded search pattern filesize limit: ambig_info.tsv
[2021-12-17 18:46:32,607] multiqc                                            [DEBUG  ]  File ignored by rseqc/junction_annotation because it exceeded search pattern filesize limit: ambig_info.tsv
[2021-12-17 18:46:32,607] multiqc                                            [DEBUG  ]  File ignored by rseqc/read_distribution because it exceeded search pattern filesize limit: ambig_info.tsv
[2021-12-17 18:46:32,607] multiqc                                            [DEBUG  ]  File ignored by rseqc/infer_experiment because it exceeded search pattern filesize limit: ambig_info.tsv
[2021-12-17 18:46:32,720] multiqc                                            [DEBUG  ]  File ignored by stacks/sumstats because it exceeded search pattern filesize limit: ambig_info.tsv
[2021-12-17 18:46:37,834] multiqc                                            [DEBUG  ]  File ignored by hicexplorer because it exceeded search pattern filesize limit: salmon_quant.log
[2021-12-17 18:46:37,846] multiqc                                            [DEBUG  ]  File ignored by longranger/invocation because it exceeded search pattern filesize limit: salmon_quant.log
[2021-12-17 18:46:38,224] multiqc                                            [DEBUG  ]  Ignoring file as matched an ignore pattern: PANC-1_si_KRAS2_R1_001.fastq.gz
[2021-12-17 18:46:38,224] multiqc                                            [DEBUG  ]  Ignoring file as matched an ignore pattern: PANC-1_si_KRAS2_R2_001.fastq.gz
[2021-12-17 18:46:38,225] multiqc                                            [DEBUG  ]  Ignoring file as matched an ignore pattern: kras.2.intra_output_forward_paired.fq.gz
[2021-12-17 18:46:38,225] multiqc                                            [DEBUG  ]  Ignoring file as matched an ignore pattern: kras.2.intra_output_reverse_paired.fq.gz
[2021-12-17 18:46:38,258] multiqc                                            [DEBUG  ]  File ignored by hicexplorer because it exceeded search pattern filesize limit: kras.2.intra_output_forward_paired_fastqc.html
[2021-12-17 18:46:38,271] multiqc                                            [DEBUG  ]  File ignored by longranger/invocation because it exceeded search pattern filesize limit: kras.2.intra_output_forward_paired_fastqc.html
[2021-12-17 18:46:38,272] multiqc                                            [DEBUG  ]  File ignored by rockhopper because it exceeded search pattern filesize limit: kras.2.intra_output_forward_paired_fastqc.html
[2021-12-17 18:46:38,272] multiqc                                            [DEBUG  ]  File ignored by rseqc/bam_stat because it exceeded search pattern filesize limit: kras.2.intra_output_forward_paired_fastqc.html
[2021-12-17 18:46:38,272] multiqc                                            [DEBUG  ]  File ignored by rseqc/junction_annotation because it exceeded search pattern filesize limit: kras.2.intra_output_forward_paired_fastqc.html
[2021-12-17 18:46:38,272] multiqc                                            [DEBUG  ]  File ignored by rseqc/read_distribution because it exceeded search pattern filesize limit: kras.2.intra_output_forward_paired_fastqc.html
[2021-12-17 18:46:38,272] multiqc                                            [DEBUG  ]  File ignored by rseqc/infer_experiment because it exceeded search pattern filesize limit: kras.2.intra_output_forward_paired_fastqc.html
[2021-12-17 18:46:38,473] multiqc                                            [DEBUG  ]  File ignored by hicexplorer because it exceeded search pattern filesize limit: kras.2.intra_output_reverse_paired_fastqc.html
[2021-12-17 18:46:38,485] multiqc                                            [DEBUG  ]  File ignored by longranger/invocation because it exceeded search pattern filesize limit: kras.2.intra_output_reverse_paired_fastqc.html
[2021-12-17 18:46:38,485] multiqc                                            [DEBUG  ]  File ignored by rockhopper because it exceeded search pattern filesize limit: kras.2.intra_output_reverse_paired_fastqc.html
[2021-12-17 18:46:38,485] multiqc                                            [DEBUG  ]  File ignored by rseqc/bam_stat because it exceeded search pattern filesize limit: kras.2.intra_output_reverse_paired_fastqc.html
[2021-12-17 18:46:38,485] multiqc                                            [DEBUG  ]  File ignored by rseqc/junction_annotation because it exceeded search pattern filesize limit: kras.2.intra_output_reverse_paired_fastqc.html
[2021-12-17 18:46:38,485] multiqc                                            [DEBUG  ]  File ignored by rseqc/read_distribution because it exceeded search pattern filesize limit: kras.2.intra_output_reverse_paired_fastqc.html
[2021-12-17 18:46:38,485] multiqc                                            [DEBUG  ]  File ignored by rseqc/infer_experiment because it exceeded search pattern filesize limit: kras.2.intra_output_reverse_paired_fastqc.html
[2021-12-17 18:46:38,827] multiqc                                            [DEBUG  ]  File ignored by hicexplorer because it exceeded search pattern filesize limit: salmon_quant.log
[2021-12-17 18:46:38,839] multiqc                                            [DEBUG  ]  File ignored by longranger/invocation because it exceeded search pattern filesize limit: salmon_quant.log
[2021-12-17 18:46:39,006] multiqc                                            [DEBUG  ]  File ignored by hicexplorer because it exceeded search pattern filesize limit: ambig_info.tsv
[2021-12-17 18:46:39,018] multiqc                                            [DEBUG  ]  File ignored by longranger/invocation because it exceeded search pattern filesize limit: ambig_info.tsv
[2021-12-17 18:46:39,018] multiqc                                            [DEBUG  ]  File ignored by rockhopper because it exceeded search pattern filesize limit: ambig_info.tsv
[2021-12-17 18:46:39,019] multiqc                                            [DEBUG  ]  File ignored by rseqc/bam_stat because it exceeded search pattern filesize limit: ambig_info.tsv
[2021-12-17 18:46:39,019] multiqc                                            [DEBUG  ]  File ignored by rseqc/junction_annotation because it exceeded search pattern filesize limit: ambig_info.tsv
[2021-12-17 18:46:39,019] multiqc                                            [DEBUG  ]  File ignored by rseqc/read_distribution because it exceeded search pattern filesize limit: ambig_info.tsv
[2021-12-17 18:46:39,019] multiqc                                            [DEBUG  ]  File ignored by rseqc/infer_experiment because it exceeded search pattern filesize limit: ambig_info.tsv
[2021-12-17 18:46:39,128] multiqc                                            [DEBUG  ]  File ignored by stacks/sumstats because it exceeded search pattern filesize limit: ambig_info.tsv
[2021-12-17 18:46:44,239] multiqc                                            [DEBUG  ]  File ignored by hicexplorer because it exceeded search pattern filesize limit: salmon_quant.log
[2021-12-17 18:46:44,251] multiqc                                            [DEBUG  ]  File ignored by longranger/invocation because it exceeded search pattern filesize limit: salmon_quant.log
[2021-12-17 18:46:44,644] multiqc                                            [DEBUG  ]  Ignoring file as matched an ignore pattern: PANC-1_si_KRAS3_R1_001.fastq.gz
[2021-12-17 18:46:44,644] multiqc                                            [DEBUG  ]  Ignoring file as matched an ignore pattern: PANC-1_si_KRAS3_R2_001.fastq.gz
[2021-12-17 18:46:44,645] multiqc                                            [DEBUG  ]  Ignoring file as matched an ignore pattern: kras.3.intra_output_forward_paired.fq.gz
[2021-12-17 18:46:44,645] multiqc                                            [DEBUG  ]  Ignoring file as matched an ignore pattern: kras.3.intra_output_reverse_paired.fq.gz
[2021-12-17 18:46:44,678] multiqc                                            [DEBUG  ]  File ignored by hicexplorer because it exceeded search pattern filesize limit: kras.3.intra_output_forward_paired_fastqc.html
[2021-12-17 18:46:44,690] multiqc                                            [DEBUG  ]  File ignored by longranger/invocation because it exceeded search pattern filesize limit: kras.3.intra_output_forward_paired_fastqc.html
[2021-12-17 18:46:44,691] multiqc                                            [DEBUG  ]  File ignored by rockhopper because it exceeded search pattern filesize limit: kras.3.intra_output_forward_paired_fastqc.html
[2021-12-17 18:46:44,691] multiqc                                            [DEBUG  ]  File ignored by rseqc/bam_stat because it exceeded search pattern filesize limit: kras.3.intra_output_forward_paired_fastqc.html
[2021-12-17 18:46:44,691] multiqc                                            [DEBUG  ]  File ignored by rseqc/junction_annotation because it exceeded search pattern filesize limit: kras.3.intra_output_forward_paired_fastqc.html
[2021-12-17 18:46:44,691] multiqc                                            [DEBUG  ]  File ignored by rseqc/read_distribution because it exceeded search pattern filesize limit: kras.3.intra_output_forward_paired_fastqc.html
[2021-12-17 18:46:44,691] multiqc                                            [DEBUG  ]  File ignored by rseqc/infer_experiment because it exceeded search pattern filesize limit: kras.3.intra_output_forward_paired_fastqc.html
[2021-12-17 18:46:44,891] multiqc                                            [DEBUG  ]  File ignored by hicexplorer because it exceeded search pattern filesize limit: kras.3.intra_output_reverse_paired_fastqc.html
[2021-12-17 18:46:44,902] multiqc                                            [DEBUG  ]  File ignored by longranger/invocation because it exceeded search pattern filesize limit: kras.3.intra_output_reverse_paired_fastqc.html
[2021-12-17 18:46:44,902] multiqc                                            [DEBUG  ]  File ignored by rockhopper because it exceeded search pattern filesize limit: kras.3.intra_output_reverse_paired_fastqc.html
[2021-12-17 18:46:44,902] multiqc                                            [DEBUG  ]  File ignored by rseqc/bam_stat because it exceeded search pattern filesize limit: kras.3.intra_output_reverse_paired_fastqc.html
[2021-12-17 18:46:44,902] multiqc                                            [DEBUG  ]  File ignored by rseqc/junction_annotation because it exceeded search pattern filesize limit: kras.3.intra_output_reverse_paired_fastqc.html
[2021-12-17 18:46:44,902] multiqc                                            [DEBUG  ]  File ignored by rseqc/read_distribution because it exceeded search pattern filesize limit: kras.3.intra_output_reverse_paired_fastqc.html
[2021-12-17 18:46:44,902] multiqc                                            [DEBUG  ]  File ignored by rseqc/infer_experiment because it exceeded search pattern filesize limit: kras.3.intra_output_reverse_paired_fastqc.html
[2021-12-17 18:46:45,212] multiqc                                            [DEBUG  ]  File ignored by hicexplorer because it exceeded search pattern filesize limit: salmon_quant.log
[2021-12-17 18:46:45,224] multiqc                                            [DEBUG  ]  File ignored by longranger/invocation because it exceeded search pattern filesize limit: salmon_quant.log
[2021-12-17 18:46:45,398] multiqc                                            [DEBUG  ]  File ignored by hicexplorer because it exceeded search pattern filesize limit: ambig_info.tsv
[2021-12-17 18:46:45,410] multiqc                                            [DEBUG  ]  File ignored by longranger/invocation because it exceeded search pattern filesize limit: ambig_info.tsv
[2021-12-17 18:46:45,410] multiqc                                            [DEBUG  ]  File ignored by rockhopper because it exceeded search pattern filesize limit: ambig_info.tsv
[2021-12-17 18:46:45,410] multiqc                                            [DEBUG  ]  File ignored by rseqc/bam_stat because it exceeded search pattern filesize limit: ambig_info.tsv
[2021-12-17 18:46:45,410] multiqc                                            [DEBUG  ]  File ignored by rseqc/junction_annotation because it exceeded search pattern filesize limit: ambig_info.tsv
[2021-12-17 18:46:45,410] multiqc                                            [DEBUG  ]  File ignored by rseqc/read_distribution because it exceeded search pattern filesize limit: ambig_info.tsv
[2021-12-17 18:46:45,411] multiqc                                            [DEBUG  ]  File ignored by rseqc/infer_experiment because it exceeded search pattern filesize limit: ambig_info.tsv
[2021-12-17 18:46:45,522] multiqc                                            [DEBUG  ]  File ignored by stacks/sumstats because it exceeded search pattern filesize limit: ambig_info.tsv
[2021-12-17 18:46:50,632] multiqc                                            [DEBUG  ]  File ignored by hicexplorer because it exceeded search pattern filesize limit: salmon_quant.log
[2021-12-17 18:46:50,645] multiqc                                            [DEBUG  ]  File ignored by longranger/invocation because it exceeded search pattern filesize limit: salmon_quant.log
[2021-12-17 18:46:51,830] multiqc.plots.bargraph                             [DEBUG  ]  Using matplotlib version 3.1.3
[2021-12-17 18:46:51,832] multiqc.plots.linegraph                            [DEBUG  ]  Using matplotlib version 3.1.3
[2021-12-17 18:46:51,834] multiqc                                            [DEBUG  ]  No samples found: custom_content
[2021-12-17 18:46:51,843] multiqc                                            [DEBUG  ]  No samples found: conpair
[2021-12-17 18:46:51,852] multiqc                                            [DEBUG  ]  No samples found: peddy
[2021-12-17 18:46:51,861] multiqc                                            [DEBUG  ]  No samples found: somalier
[2021-12-17 18:46:51,870] multiqc                                            [DEBUG  ]  No samples found: methylQA
[2021-12-17 18:46:51,884] multiqc                                            [DEBUG  ]  No samples found: mosdepth
[2021-12-17 18:46:51,893] multiqc                                            [DEBUG  ]  No samples found: phantompeakqualtools
[2021-12-17 18:46:51,899] multiqc                                            [DEBUG  ]  No samples found: qualimap
[2021-12-17 18:46:51,909] multiqc                                            [DEBUG  ]  No samples found: preseq
[2021-12-17 18:46:51,918] multiqc                                            [DEBUG  ]  No samples found: quast
[2021-12-17 18:46:51,926] multiqc                                            [DEBUG  ]  No samples found: qorts
[2021-12-17 18:46:51,935] multiqc                                            [DEBUG  ]  No samples found: rna_seqc
[2021-12-17 18:46:51,945] multiqc                                            [DEBUG  ]  No samples found: rockhopper
[2021-12-17 18:46:51,954] multiqc                                            [DEBUG  ]  No samples found: rsem
[2021-12-17 18:46:51,975] multiqc                                            [DEBUG  ]  No samples found: rseqc
[2021-12-17 18:46:51,983] multiqc                                            [DEBUG  ]  No samples found: busco
[2021-12-17 18:46:51,992] multiqc                                            [DEBUG  ]  No samples found: goleft_indexcov
[2021-12-17 18:46:52,001] multiqc                                            [DEBUG  ]  No samples found: disambiguate
[2021-12-17 18:46:52,010] multiqc                                            [DEBUG  ]  No samples found: supernova
[2021-12-17 18:46:52,032] multiqc                                            [DEBUG  ]  No samples found: deeptools
[2021-12-17 18:46:52,041] multiqc                                            [DEBUG  ]  No samples found: sargasso
[2021-12-17 18:46:52,050] multiqc                                            [DEBUG  ]  No samples found: verifybamid
[2021-12-17 18:46:52,059] multiqc                                            [DEBUG  ]  No samples found: mirtrace
[2021-12-17 18:46:52,067] multiqc                                            [DEBUG  ]  No samples found: happy
[2021-12-17 18:46:52,077] multiqc                                            [DEBUG  ]  No samples found: mirtop
[2021-12-17 18:46:52,088] multiqc                                            [DEBUG  ]  No samples found: homer
[2021-12-17 18:46:52,098] multiqc                                            [DEBUG  ]  No samples found: macs2
[2021-12-17 18:46:52,106] multiqc                                            [DEBUG  ]  No samples found: theta2
[2021-12-17 18:46:52,116] multiqc                                            [DEBUG  ]  No samples found: snpeff
[2021-12-17 18:46:52,127] multiqc                                            [DEBUG  ]  No samples found: gatk
[2021-12-17 18:46:52,137] multiqc                                            [DEBUG  ]  No samples found: htseq
[2021-12-17 18:46:52,147] multiqc                                            [DEBUG  ]  No samples found: bcftools
[2021-12-17 18:46:52,156] multiqc                                            [DEBUG  ]  No samples found: featureCounts
[2021-12-17 18:46:52,168] multiqc                                            [DEBUG  ]  No samples found: fgbio
[2021-12-17 18:46:52,189] multiqc                                            [DEBUG  ]  No samples found: dragen
[2021-12-17 18:46:52,198] multiqc                                            [DEBUG  ]  No samples found: dedup
[2021-12-17 18:46:52,207] multiqc                                            [DEBUG  ]  No samples found: damageprofiler
[2021-12-17 18:46:52,244] multiqc                                            [DEBUG  ]  No samples found: biobambam2
[2021-12-17 18:46:52,253] multiqc                                            [DEBUG  ]  No samples found: mtnucratio
[2021-12-17 18:46:52,258] multiqc                                            [DEBUG  ]  No samples found: picard
[2021-12-17 18:46:52,267] multiqc                                            [DEBUG  ]  No samples found: prokka
[2021-12-17 18:46:52,277] multiqc                                            [DEBUG  ]  No samples found: samblaster
[2021-12-17 18:46:52,291] multiqc                                            [DEBUG  ]  No samples found: samtools
[2021-12-17 18:46:52,300] multiqc                                            [DEBUG  ]  No samples found: sexdeterrmine
[2021-12-17 18:46:52,310] multiqc                                            [DEBUG  ]  No samples found: bamtools
[2021-12-17 18:46:52,319] multiqc                                            [DEBUG  ]  No samples found: jellyfish
[2021-12-17 18:46:52,333] multiqc                                            [DEBUG  ]  No samples found: vcftools
[2021-12-17 18:46:52,343] multiqc                                            [DEBUG  ]  No samples found: longranger
[2021-12-17 18:46:52,352] multiqc                                            [DEBUG  ]  No samples found: stacks
[2021-12-17 18:46:52,361] multiqc                                            [DEBUG  ]  No samples found: varscan2
[2021-12-17 18:46:52,386] multiqc                                            [DEBUG  ]  No samples found: bbmap
[2021-12-17 18:46:52,395] multiqc                                            [DEBUG  ]  No samples found: bismark
[2021-12-17 18:46:52,405] multiqc                                            [DEBUG  ]  No samples found: biscuit
[2021-12-17 18:46:52,414] multiqc                                            [DEBUG  ]  No samples found: hicexplorer
[2021-12-17 18:46:52,423] multiqc                                            [DEBUG  ]  No samples found: hicup
[2021-12-17 18:46:52,432] multiqc                                            [DEBUG  ]  No samples found: hicpro
[2021-12-17 18:46:52,475] multiqc.modules.salmon.salmon                      [INFO   ]  Found 18 meta reports
[2021-12-17 18:46:52,476] multiqc.modules.salmon.salmon                      [INFO   ]  Found 12 fragment length distributions
[2021-12-17 18:46:52,606] multiqc                                            [DEBUG  ]  No samples found: kallisto
[2021-12-17 18:46:52,615] multiqc                                            [DEBUG  ]  No samples found: slamdunk
[2021-12-17 18:46:52,623] multiqc                                            [DEBUG  ]  No samples found: star
[2021-12-17 18:46:52,631] multiqc                                            [DEBUG  ]  No samples found: hisat2
[2021-12-17 18:46:52,640] multiqc                                            [DEBUG  ]  No samples found: tophat
[2021-12-17 18:46:52,648] multiqc                                            [DEBUG  ]  No samples found: bowtie2
[2021-12-17 18:46:52,657] multiqc                                            [DEBUG  ]  No samples found: bowtie1
[2021-12-17 18:46:52,666] multiqc                                            [DEBUG  ]  No samples found: snpsplit
[2021-12-17 18:46:52,675] multiqc                                            [DEBUG  ]  No samples found: kat
[2021-12-17 18:46:52,685] multiqc                                            [DEBUG  ]  No samples found: leehom
[2021-12-17 18:46:52,694] multiqc                                            [DEBUG  ]  No samples found: adapterRemoval
[2021-12-17 18:46:52,703] multiqc                                            [DEBUG  ]  No samples found: clipandmerge
[2021-12-17 18:46:52,712] multiqc                                            [DEBUG  ]  No samples found: cutadapt
[2021-12-17 18:46:52,720] multiqc                                            [DEBUG  ]  No samples found: flexbar
[2021-12-17 18:46:52,729] multiqc                                            [DEBUG  ]  No samples found: kaiju
[2021-12-17 18:46:52,738] multiqc                                            [DEBUG  ]  No samples found: kraken
[2021-12-17 18:46:52,746] multiqc                                            [DEBUG  ]  No samples found: malt
[2021-12-17 18:46:52,755] multiqc                                            [DEBUG  ]  No samples found: trimmomatic
[2021-12-17 18:46:52,763] multiqc                                            [DEBUG  ]  No samples found: sickle
[2021-12-17 18:46:52,771] multiqc                                            [DEBUG  ]  No samples found: skewer
[2021-12-17 18:46:52,780] multiqc                                            [DEBUG  ]  No samples found: sortmerna
[2021-12-17 18:46:52,788] multiqc                                            [DEBUG  ]  No samples found: biobloomtools
[2021-12-17 18:46:52,797] multiqc                                            [DEBUG  ]  No samples found: fastq_screen
[2021-12-17 18:46:52,805] multiqc                                            [DEBUG  ]  No samples found: afterqc
[2021-12-17 18:46:52,813] multiqc                                            [DEBUG  ]  No samples found: fastp
[2021-12-17 18:46:53,410] multiqc.modules.fastqc.fastqc                      [INFO   ]  Found 12 reports
[2021-12-17 18:46:53,720] multiqc                                            [DEBUG  ]  No samples found: pycoqc
[2021-12-17 18:46:53,728] multiqc                                            [DEBUG  ]  No samples found: minionqc
[2021-12-17 18:46:53,737] multiqc                                            [DEBUG  ]  No samples found: multivcfanalyzer
[2021-12-17 18:46:53,746] multiqc                                            [DEBUG  ]  No samples found: clusterflow
[2021-12-17 18:46:53,755] multiqc                                            [DEBUG  ]  No samples found: bcl2fastq
[2021-12-17 18:46:53,764] multiqc                                            [DEBUG  ]  No samples found: interop
[2021-12-17 18:46:53,773] multiqc                                            [DEBUG  ]  No samples found: ivar
[2021-12-17 18:46:53,783] multiqc                                            [DEBUG  ]  No samples found: flash
[2021-12-17 18:46:53,792] multiqc                                            [DEBUG  ]  No samples found: seqyclean
[2021-12-17 18:46:53,842] multiqc                                            [INFO   ]  Compressing plot data
[2021-12-17 18:46:54,501] multiqc                                            [INFO   ]  Report      : ../data/output_data/rna_qc/process.aware.salmon/multiqc.panc1_intra.2021-12-17-18.30.33-PST.html
[2021-12-17 18:46:54,501] multiqc                                            [INFO   ]  Data        : ../data/output_data/rna_qc/process.aware.salmon/multiqc.panc1_intra.2021-12-17-18.30.33-PST_data
[2021-12-17 18:46:54,501] multiqc                                            [DEBUG  ]  Moving data file from '/data/tmp/tmps0r70ksd/multiqc_data' to '/public/groups/kimlab/exRNA_disease_biomarkers//data/output_data/rna_qc/process.aware.salmon/multiqc.panc1_intra.2021-12-17-18.30.33-PST_data'
[2021-12-17 18:46:54,901] multiqc                                            [INFO   ]  MultiQC complete
