[2021-12-17 17:08:35,259] multiqc                                            [DEBUG  ]  No MultiQC config found: /public/groups/kimlab/.install_bin/anaconda3/lib/python3.7/site-packages/multiqc_config.yaml
[2021-12-17 17:08:35,259] multiqc                                            [DEBUG  ]  No MultiQC config found: /public/home/rreggiar/.multiqc_config.yaml
[2021-12-17 17:08:35,259] multiqc                                            [DEBUG  ]  No MultiQC config found: multiqc_config.yaml
[2021-12-17 17:08:35,259] multiqc                                            [DEBUG  ]  Command used: /public/groups/kimlab/.install_bin/anaconda3/bin/multiqc /public/groups/kimlab/exRNA_disease_biomarkers//data/input_data/panc1_intra --filename multiqc.panc1_intra.2021-12-17-16.53.18-PST -o /public/groups/kimlab/exRNA_disease_biomarkers//data/output_data/rna_qc/ucsc.rmsk.salmon
[2021-12-17 17:08:36,433] multiqc                                            [WARNING]  MultiQC Version v1.11 now available!
[2021-12-17 17:08:36,434] multiqc                                            [INFO   ]  This is MultiQC v1.9
[2021-12-17 17:08:36,434] multiqc                                            [DEBUG  ]  Command     : /public/groups/kimlab/.install_bin/anaconda3/bin/multiqc /public/groups/kimlab/exRNA_disease_biomarkers//data/input_data/panc1_intra --filename multiqc.panc1_intra.2021-12-17-16.53.18-PST -o /public/groups/kimlab/exRNA_disease_biomarkers//data/output_data/rna_qc/ucsc.rmsk.salmon
[2021-12-17 17:08:36,434] multiqc                                            [DEBUG  ]  Working dir : /public/groups/kimlab/exRNA_disease_biomarkers/bin
[2021-12-17 17:08:36,434] multiqc                                            [INFO   ]  Template    : default
[2021-12-17 17:08:36,435] multiqc                                            [DEBUG  ]  Running Python 3.7.6 (default, Jan  8 2020, 19:59:22)  [GCC 7.3.0]
[2021-12-17 17:08:36,435] multiqc                                            [INFO   ]  Searching   : /public/groups/kimlab/exRNA_disease_biomarkers/data/input_data/panc1_intra
[2021-12-17 17:08:36,436] multiqc                                            [DEBUG  ]  Analysing modules: custom_content, conpair, peddy, somalier, methylQA, mosdepth, phantompeakqualtools, qualimap, preseq, quast, qorts, rna_seqc, rockhopper, rsem, rseqc, busco, goleft_indexcov, disambiguate, supernova, deeptools, sargasso, verifybamid, mirtrace, happy, mirtop, homer, macs2, theta2, snpeff, gatk, htseq, bcftools, featureCounts, fgbio, dragen, dedup, damageprofiler, biobambam2, mtnucratio, picard, prokka, samblaster, samtools, sexdeterrmine, bamtools, jellyfish, vcftools, longranger, stacks, varscan2, bbmap, bismark, biscuit, hicexplorer, hicup, hicpro, salmon, kallisto, slamdunk, star, hisat2, tophat, bowtie2, bowtie1, snpsplit, kat, leehom, adapterRemoval, clipandmerge, cutadapt, flexbar, kaiju, kraken, malt, trimmomatic, sickle, skewer, sortmerna, biobloomtools, fastq_screen, afterqc, fastp, fastqc, pycoqc, minionqc, multivcfanalyzer, clusterflow, bcl2fastq, interop, ivar, flash, seqyclean
[2021-12-17 17:08:36,437] multiqc                                            [DEBUG  ]  Using temporary directory for creating report: /data/tmp/tmp2kukifvp
[2021-12-17 17:08:36,705] multiqc                                            [DEBUG  ]  Ignoring file as matched an ignore pattern: PANC-1_si_Control1_R1_001.fastq.gz
[2021-12-17 17:08:36,706] multiqc                                            [DEBUG  ]  Ignoring file as matched an ignore pattern: PANC-1_si_Control1_R2_001.fastq.gz
[2021-12-17 17:08:36,706] multiqc                                            [DEBUG  ]  Ignoring file as matched an ignore pattern: ctrl.1.intra_output_forward_paired.fq.gz
[2021-12-17 17:08:36,706] multiqc                                            [DEBUG  ]  Ignoring file as matched an ignore pattern: ctrl.1.intra_output_reverse_paired.fq.gz
[2021-12-17 17:08:36,761] multiqc                                            [DEBUG  ]  File ignored by hicexplorer because it exceeded search pattern filesize limit: ctrl.1.intra_output_forward_paired_fastqc.html
[2021-12-17 17:08:36,772] multiqc                                            [DEBUG  ]  File ignored by longranger/invocation because it exceeded search pattern filesize limit: ctrl.1.intra_output_forward_paired_fastqc.html
[2021-12-17 17:08:36,772] multiqc                                            [DEBUG  ]  File ignored by rockhopper because it exceeded search pattern filesize limit: ctrl.1.intra_output_forward_paired_fastqc.html
[2021-12-17 17:08:36,772] multiqc                                            [DEBUG  ]  File ignored by rseqc/bam_stat because it exceeded search pattern filesize limit: ctrl.1.intra_output_forward_paired_fastqc.html
[2021-12-17 17:08:36,772] multiqc                                            [DEBUG  ]  File ignored by rseqc/junction_annotation because it exceeded search pattern filesize limit: ctrl.1.intra_output_forward_paired_fastqc.html
[2021-12-17 17:08:36,773] multiqc                                            [DEBUG  ]  File ignored by rseqc/read_distribution because it exceeded search pattern filesize limit: ctrl.1.intra_output_forward_paired_fastqc.html
[2021-12-17 17:08:36,773] multiqc                                            [DEBUG  ]  File ignored by rseqc/infer_experiment because it exceeded search pattern filesize limit: ctrl.1.intra_output_forward_paired_fastqc.html
[2021-12-17 17:08:36,928] multiqc                                            [DEBUG  ]  File ignored by hicexplorer because it exceeded search pattern filesize limit: ctrl.1.intra_output_reverse_paired_fastqc.html
[2021-12-17 17:08:36,938] multiqc                                            [DEBUG  ]  File ignored by longranger/invocation because it exceeded search pattern filesize limit: ctrl.1.intra_output_reverse_paired_fastqc.html
[2021-12-17 17:08:36,938] multiqc                                            [DEBUG  ]  File ignored by rockhopper because it exceeded search pattern filesize limit: ctrl.1.intra_output_reverse_paired_fastqc.html
[2021-12-17 17:08:36,938] multiqc                                            [DEBUG  ]  File ignored by rseqc/bam_stat because it exceeded search pattern filesize limit: ctrl.1.intra_output_reverse_paired_fastqc.html
[2021-12-17 17:08:36,938] multiqc                                            [DEBUG  ]  File ignored by rseqc/junction_annotation because it exceeded search pattern filesize limit: ctrl.1.intra_output_reverse_paired_fastqc.html
[2021-12-17 17:08:36,938] multiqc                                            [DEBUG  ]  File ignored by rseqc/read_distribution because it exceeded search pattern filesize limit: ctrl.1.intra_output_reverse_paired_fastqc.html
[2021-12-17 17:08:36,938] multiqc                                            [DEBUG  ]  File ignored by rseqc/infer_experiment because it exceeded search pattern filesize limit: ctrl.1.intra_output_reverse_paired_fastqc.html
[2021-12-17 17:08:37,179] multiqc                                            [DEBUG  ]  File ignored by hicexplorer because it exceeded search pattern filesize limit: salmon_quant.log
[2021-12-17 17:08:37,188] multiqc                                            [DEBUG  ]  File ignored by longranger/invocation because it exceeded search pattern filesize limit: salmon_quant.log
[2021-12-17 17:08:37,318] multiqc                                            [DEBUG  ]  File ignored by hicexplorer because it exceeded search pattern filesize limit: ambig_info.tsv
[2021-12-17 17:08:37,327] multiqc                                            [DEBUG  ]  File ignored by longranger/invocation because it exceeded search pattern filesize limit: ambig_info.tsv
[2021-12-17 17:08:37,327] multiqc                                            [DEBUG  ]  File ignored by rockhopper because it exceeded search pattern filesize limit: ambig_info.tsv
[2021-12-17 17:08:37,327] multiqc                                            [DEBUG  ]  File ignored by rseqc/bam_stat because it exceeded search pattern filesize limit: ambig_info.tsv
[2021-12-17 17:08:37,327] multiqc                                            [DEBUG  ]  File ignored by rseqc/junction_annotation because it exceeded search pattern filesize limit: ambig_info.tsv
[2021-12-17 17:08:37,328] multiqc                                            [DEBUG  ]  File ignored by rseqc/read_distribution because it exceeded search pattern filesize limit: ambig_info.tsv
[2021-12-17 17:08:37,328] multiqc                                            [DEBUG  ]  File ignored by rseqc/infer_experiment because it exceeded search pattern filesize limit: ambig_info.tsv
[2021-12-17 17:08:37,440] multiqc                                            [DEBUG  ]  File ignored by stacks/sumstats because it exceeded search pattern filesize limit: ambig_info.tsv
[2021-12-17 17:08:42,347] multiqc                                            [DEBUG  ]  File ignored by hicexplorer because it exceeded search pattern filesize limit: salmon_quant.log
[2021-12-17 17:08:42,356] multiqc                                            [DEBUG  ]  File ignored by longranger/invocation because it exceeded search pattern filesize limit: salmon_quant.log
[2021-12-17 17:08:42,466] multiqc                                            [DEBUG  ]  Ignoring file as matched an ignore pattern: PANC-1_si_Control2_R1_001.fastq.gz
[2021-12-17 17:08:42,467] multiqc                                            [DEBUG  ]  Ignoring file as matched an ignore pattern: PANC-1_si_Control2_R2_001.fastq.gz
[2021-12-17 17:08:42,467] multiqc                                            [DEBUG  ]  Ignoring file as matched an ignore pattern: ctrl.2.intra_output_forward_paired.fq.gz
[2021-12-17 17:08:42,467] multiqc                                            [DEBUG  ]  Ignoring file as matched an ignore pattern: ctrl.2.intra_output_reverse_paired.fq.gz
[2021-12-17 17:08:42,494] multiqc                                            [DEBUG  ]  File ignored by hicexplorer because it exceeded search pattern filesize limit: ctrl.2.intra_output_forward_paired_fastqc.html
[2021-12-17 17:08:42,504] multiqc                                            [DEBUG  ]  File ignored by longranger/invocation because it exceeded search pattern filesize limit: ctrl.2.intra_output_forward_paired_fastqc.html
[2021-12-17 17:08:42,504] multiqc                                            [DEBUG  ]  File ignored by rockhopper because it exceeded search pattern filesize limit: ctrl.2.intra_output_forward_paired_fastqc.html
[2021-12-17 17:08:42,505] multiqc                                            [DEBUG  ]  File ignored by rseqc/bam_stat because it exceeded search pattern filesize limit: ctrl.2.intra_output_forward_paired_fastqc.html
[2021-12-17 17:08:42,505] multiqc                                            [DEBUG  ]  File ignored by rseqc/junction_annotation because it exceeded search pattern filesize limit: ctrl.2.intra_output_forward_paired_fastqc.html
[2021-12-17 17:08:42,505] multiqc                                            [DEBUG  ]  File ignored by rseqc/read_distribution because it exceeded search pattern filesize limit: ctrl.2.intra_output_forward_paired_fastqc.html
[2021-12-17 17:08:42,505] multiqc                                            [DEBUG  ]  File ignored by rseqc/infer_experiment because it exceeded search pattern filesize limit: ctrl.2.intra_output_forward_paired_fastqc.html
[2021-12-17 17:08:42,653] multiqc                                            [DEBUG  ]  File ignored by hicexplorer because it exceeded search pattern filesize limit: ctrl.2.intra_output_reverse_paired_fastqc.html
[2021-12-17 17:08:42,663] multiqc                                            [DEBUG  ]  File ignored by longranger/invocation because it exceeded search pattern filesize limit: ctrl.2.intra_output_reverse_paired_fastqc.html
[2021-12-17 17:08:42,663] multiqc                                            [DEBUG  ]  File ignored by rockhopper because it exceeded search pattern filesize limit: ctrl.2.intra_output_reverse_paired_fastqc.html
[2021-12-17 17:08:42,664] multiqc                                            [DEBUG  ]  File ignored by rseqc/bam_stat because it exceeded search pattern filesize limit: ctrl.2.intra_output_reverse_paired_fastqc.html
[2021-12-17 17:08:42,664] multiqc                                            [DEBUG  ]  File ignored by rseqc/junction_annotation because it exceeded search pattern filesize limit: ctrl.2.intra_output_reverse_paired_fastqc.html
[2021-12-17 17:08:42,664] multiqc                                            [DEBUG  ]  File ignored by rseqc/read_distribution because it exceeded search pattern filesize limit: ctrl.2.intra_output_reverse_paired_fastqc.html
[2021-12-17 17:08:42,664] multiqc                                            [DEBUG  ]  File ignored by rseqc/infer_experiment because it exceeded search pattern filesize limit: ctrl.2.intra_output_reverse_paired_fastqc.html
[2021-12-17 17:08:42,905] multiqc                                            [DEBUG  ]  File ignored by hicexplorer because it exceeded search pattern filesize limit: salmon_quant.log
[2021-12-17 17:08:42,914] multiqc                                            [DEBUG  ]  File ignored by longranger/invocation because it exceeded search pattern filesize limit: salmon_quant.log
[2021-12-17 17:08:43,044] multiqc                                            [DEBUG  ]  File ignored by hicexplorer because it exceeded search pattern filesize limit: ambig_info.tsv
[2021-12-17 17:08:43,054] multiqc                                            [DEBUG  ]  File ignored by longranger/invocation because it exceeded search pattern filesize limit: ambig_info.tsv
[2021-12-17 17:08:43,054] multiqc                                            [DEBUG  ]  File ignored by rockhopper because it exceeded search pattern filesize limit: ambig_info.tsv
[2021-12-17 17:08:43,054] multiqc                                            [DEBUG  ]  File ignored by rseqc/bam_stat because it exceeded search pattern filesize limit: ambig_info.tsv
[2021-12-17 17:08:43,054] multiqc                                            [DEBUG  ]  File ignored by rseqc/junction_annotation because it exceeded search pattern filesize limit: ambig_info.tsv
[2021-12-17 17:08:43,054] multiqc                                            [DEBUG  ]  File ignored by rseqc/read_distribution because it exceeded search pattern filesize limit: ambig_info.tsv
[2021-12-17 17:08:43,055] multiqc                                            [DEBUG  ]  File ignored by rseqc/infer_experiment because it exceeded search pattern filesize limit: ambig_info.tsv
[2021-12-17 17:08:43,164] multiqc                                            [DEBUG  ]  File ignored by stacks/sumstats because it exceeded search pattern filesize limit: ambig_info.tsv
[2021-12-17 17:08:48,050] multiqc                                            [DEBUG  ]  File ignored by hicexplorer because it exceeded search pattern filesize limit: salmon_quant.log
[2021-12-17 17:08:48,061] multiqc                                            [DEBUG  ]  File ignored by longranger/invocation because it exceeded search pattern filesize limit: salmon_quant.log
[2021-12-17 17:08:48,183] multiqc                                            [DEBUG  ]  Ignoring file as matched an ignore pattern: PANC-1_si_KRAS1_R1_001.fastq.gz
[2021-12-17 17:08:48,183] multiqc                                            [DEBUG  ]  Ignoring file as matched an ignore pattern: PANC-1_si_KRAS1_R2_001.fastq.gz
[2021-12-17 17:08:48,184] multiqc                                            [DEBUG  ]  Ignoring file as matched an ignore pattern: ctrl.3.intra_output_forward_paired.fq.gz
[2021-12-17 17:08:48,184] multiqc                                            [DEBUG  ]  Ignoring file as matched an ignore pattern: ctrl.3.intra_output_reverse_paired.fq.gz
[2021-12-17 17:08:48,213] multiqc                                            [DEBUG  ]  File ignored by hicexplorer because it exceeded search pattern filesize limit: ctrl.3.intra_output_forward_paired_fastqc.html
[2021-12-17 17:08:48,225] multiqc                                            [DEBUG  ]  File ignored by longranger/invocation because it exceeded search pattern filesize limit: ctrl.3.intra_output_forward_paired_fastqc.html
[2021-12-17 17:08:48,225] multiqc                                            [DEBUG  ]  File ignored by rockhopper because it exceeded search pattern filesize limit: ctrl.3.intra_output_forward_paired_fastqc.html
[2021-12-17 17:08:48,225] multiqc                                            [DEBUG  ]  File ignored by rseqc/bam_stat because it exceeded search pattern filesize limit: ctrl.3.intra_output_forward_paired_fastqc.html
[2021-12-17 17:08:48,225] multiqc                                            [DEBUG  ]  File ignored by rseqc/junction_annotation because it exceeded search pattern filesize limit: ctrl.3.intra_output_forward_paired_fastqc.html
[2021-12-17 17:08:48,225] multiqc                                            [DEBUG  ]  File ignored by rseqc/read_distribution because it exceeded search pattern filesize limit: ctrl.3.intra_output_forward_paired_fastqc.html
[2021-12-17 17:08:48,225] multiqc                                            [DEBUG  ]  File ignored by rseqc/infer_experiment because it exceeded search pattern filesize limit: ctrl.3.intra_output_forward_paired_fastqc.html
[2021-12-17 17:08:48,380] multiqc                                            [DEBUG  ]  File ignored by hicexplorer because it exceeded search pattern filesize limit: ctrl.3.intra_output_reverse_paired_fastqc.html
[2021-12-17 17:08:48,392] multiqc                                            [DEBUG  ]  File ignored by longranger/invocation because it exceeded search pattern filesize limit: ctrl.3.intra_output_reverse_paired_fastqc.html
[2021-12-17 17:08:48,392] multiqc                                            [DEBUG  ]  File ignored by rockhopper because it exceeded search pattern filesize limit: ctrl.3.intra_output_reverse_paired_fastqc.html
[2021-12-17 17:08:48,392] multiqc                                            [DEBUG  ]  File ignored by rseqc/bam_stat because it exceeded search pattern filesize limit: ctrl.3.intra_output_reverse_paired_fastqc.html
[2021-12-17 17:08:48,392] multiqc                                            [DEBUG  ]  File ignored by rseqc/junction_annotation because it exceeded search pattern filesize limit: ctrl.3.intra_output_reverse_paired_fastqc.html
[2021-12-17 17:08:48,393] multiqc                                            [DEBUG  ]  File ignored by rseqc/read_distribution because it exceeded search pattern filesize limit: ctrl.3.intra_output_reverse_paired_fastqc.html
[2021-12-17 17:08:48,393] multiqc                                            [DEBUG  ]  File ignored by rseqc/infer_experiment because it exceeded search pattern filesize limit: ctrl.3.intra_output_reverse_paired_fastqc.html
[2021-12-17 17:08:48,655] multiqc                                            [DEBUG  ]  File ignored by hicexplorer because it exceeded search pattern filesize limit: salmon_quant.log
[2021-12-17 17:08:48,666] multiqc                                            [DEBUG  ]  File ignored by longranger/invocation because it exceeded search pattern filesize limit: salmon_quant.log
[2021-12-17 17:08:48,810] multiqc                                            [DEBUG  ]  File ignored by hicexplorer because it exceeded search pattern filesize limit: ambig_info.tsv
[2021-12-17 17:08:48,821] multiqc                                            [DEBUG  ]  File ignored by longranger/invocation because it exceeded search pattern filesize limit: ambig_info.tsv
[2021-12-17 17:08:48,821] multiqc                                            [DEBUG  ]  File ignored by rockhopper because it exceeded search pattern filesize limit: ambig_info.tsv
[2021-12-17 17:08:48,821] multiqc                                            [DEBUG  ]  File ignored by rseqc/bam_stat because it exceeded search pattern filesize limit: ambig_info.tsv
[2021-12-17 17:08:48,821] multiqc                                            [DEBUG  ]  File ignored by rseqc/junction_annotation because it exceeded search pattern filesize limit: ambig_info.tsv
[2021-12-17 17:08:48,821] multiqc                                            [DEBUG  ]  File ignored by rseqc/read_distribution because it exceeded search pattern filesize limit: ambig_info.tsv
[2021-12-17 17:08:48,821] multiqc                                            [DEBUG  ]  File ignored by rseqc/infer_experiment because it exceeded search pattern filesize limit: ambig_info.tsv
[2021-12-17 17:08:48,934] multiqc                                            [DEBUG  ]  File ignored by stacks/sumstats because it exceeded search pattern filesize limit: ambig_info.tsv
[2021-12-17 17:08:54,049] multiqc                                            [DEBUG  ]  File ignored by hicexplorer because it exceeded search pattern filesize limit: salmon_quant.log
[2021-12-17 17:08:54,068] multiqc                                            [DEBUG  ]  File ignored by longranger/invocation because it exceeded search pattern filesize limit: salmon_quant.log
[2021-12-17 17:08:54,223] multiqc                                            [DEBUG  ]  Ignoring file as matched an ignore pattern: PANC-1_si_Control3_R1_001.fastq.gz
[2021-12-17 17:08:54,223] multiqc                                            [DEBUG  ]  Ignoring file as matched an ignore pattern: PANC-1_si_Control3_R2_001.fastq.gz
[2021-12-17 17:08:54,224] multiqc                                            [DEBUG  ]  Ignoring file as matched an ignore pattern: kras.1.intra_output_forward_paired.fq.gz
[2021-12-17 17:08:54,224] multiqc                                            [DEBUG  ]  Ignoring file as matched an ignore pattern: kras.1.intra_output_reverse_paired.fq.gz
[2021-12-17 17:08:54,264] multiqc                                            [DEBUG  ]  File ignored by hicexplorer because it exceeded search pattern filesize limit: kras.1.intra_output_forward_paired_fastqc.html
[2021-12-17 17:08:54,285] multiqc                                            [DEBUG  ]  File ignored by longranger/invocation because it exceeded search pattern filesize limit: kras.1.intra_output_forward_paired_fastqc.html
[2021-12-17 17:08:54,285] multiqc                                            [DEBUG  ]  File ignored by rockhopper because it exceeded search pattern filesize limit: kras.1.intra_output_forward_paired_fastqc.html
[2021-12-17 17:08:54,285] multiqc                                            [DEBUG  ]  File ignored by rseqc/bam_stat because it exceeded search pattern filesize limit: kras.1.intra_output_forward_paired_fastqc.html
[2021-12-17 17:08:54,285] multiqc                                            [DEBUG  ]  File ignored by rseqc/junction_annotation because it exceeded search pattern filesize limit: kras.1.intra_output_forward_paired_fastqc.html
[2021-12-17 17:08:54,286] multiqc                                            [DEBUG  ]  File ignored by rseqc/read_distribution because it exceeded search pattern filesize limit: kras.1.intra_output_forward_paired_fastqc.html
[2021-12-17 17:08:54,286] multiqc                                            [DEBUG  ]  File ignored by rseqc/infer_experiment because it exceeded search pattern filesize limit: kras.1.intra_output_forward_paired_fastqc.html
[2021-12-17 17:08:54,479] multiqc                                            [DEBUG  ]  File ignored by hicexplorer because it exceeded search pattern filesize limit: kras.1.intra_output_reverse_paired_fastqc.html
[2021-12-17 17:08:54,500] multiqc                                            [DEBUG  ]  File ignored by longranger/invocation because it exceeded search pattern filesize limit: kras.1.intra_output_reverse_paired_fastqc.html
[2021-12-17 17:08:54,500] multiqc                                            [DEBUG  ]  File ignored by rockhopper because it exceeded search pattern filesize limit: kras.1.intra_output_reverse_paired_fastqc.html
[2021-12-17 17:08:54,500] multiqc                                            [DEBUG  ]  File ignored by rseqc/bam_stat because it exceeded search pattern filesize limit: kras.1.intra_output_reverse_paired_fastqc.html
[2021-12-17 17:08:54,500] multiqc                                            [DEBUG  ]  File ignored by rseqc/junction_annotation because it exceeded search pattern filesize limit: kras.1.intra_output_reverse_paired_fastqc.html
[2021-12-17 17:08:54,501] multiqc                                            [DEBUG  ]  File ignored by rseqc/read_distribution because it exceeded search pattern filesize limit: kras.1.intra_output_reverse_paired_fastqc.html
[2021-12-17 17:08:54,501] multiqc                                            [DEBUG  ]  File ignored by rseqc/infer_experiment because it exceeded search pattern filesize limit: kras.1.intra_output_reverse_paired_fastqc.html
[2021-12-17 17:08:54,885] multiqc                                            [DEBUG  ]  File ignored by hicexplorer because it exceeded search pattern filesize limit: salmon_quant.log
[2021-12-17 17:08:54,900] multiqc                                            [DEBUG  ]  File ignored by longranger/invocation because it exceeded search pattern filesize limit: salmon_quant.log
[2021-12-17 17:08:55,067] multiqc                                            [DEBUG  ]  File ignored by hicexplorer because it exceeded search pattern filesize limit: ambig_info.tsv
[2021-12-17 17:08:55,078] multiqc                                            [DEBUG  ]  File ignored by longranger/invocation because it exceeded search pattern filesize limit: ambig_info.tsv
[2021-12-17 17:08:55,078] multiqc                                            [DEBUG  ]  File ignored by rockhopper because it exceeded search pattern filesize limit: ambig_info.tsv
[2021-12-17 17:08:55,078] multiqc                                            [DEBUG  ]  File ignored by rseqc/bam_stat because it exceeded search pattern filesize limit: ambig_info.tsv
[2021-12-17 17:08:55,078] multiqc                                            [DEBUG  ]  File ignored by rseqc/junction_annotation because it exceeded search pattern filesize limit: ambig_info.tsv
[2021-12-17 17:08:55,078] multiqc                                            [DEBUG  ]  File ignored by rseqc/read_distribution because it exceeded search pattern filesize limit: ambig_info.tsv
[2021-12-17 17:08:55,078] multiqc                                            [DEBUG  ]  File ignored by rseqc/infer_experiment because it exceeded search pattern filesize limit: ambig_info.tsv
[2021-12-17 17:08:55,193] multiqc                                            [DEBUG  ]  File ignored by stacks/sumstats because it exceeded search pattern filesize limit: ambig_info.tsv
[2021-12-17 17:09:00,206] multiqc                                            [DEBUG  ]  File ignored by hicexplorer because it exceeded search pattern filesize limit: salmon_quant.log
[2021-12-17 17:09:00,215] multiqc                                            [DEBUG  ]  File ignored by longranger/invocation because it exceeded search pattern filesize limit: salmon_quant.log
[2021-12-17 17:09:00,325] multiqc                                            [DEBUG  ]  Ignoring file as matched an ignore pattern: PANC-1_si_KRAS2_R1_001.fastq.gz
[2021-12-17 17:09:00,326] multiqc                                            [DEBUG  ]  Ignoring file as matched an ignore pattern: PANC-1_si_KRAS2_R2_001.fastq.gz
[2021-12-17 17:09:00,326] multiqc                                            [DEBUG  ]  Ignoring file as matched an ignore pattern: kras.2.intra_output_forward_paired.fq.gz
[2021-12-17 17:09:00,326] multiqc                                            [DEBUG  ]  Ignoring file as matched an ignore pattern: kras.2.intra_output_reverse_paired.fq.gz
[2021-12-17 17:09:00,351] multiqc                                            [DEBUG  ]  File ignored by hicexplorer because it exceeded search pattern filesize limit: kras.2.intra_output_forward_paired_fastqc.html
[2021-12-17 17:09:00,362] multiqc                                            [DEBUG  ]  File ignored by longranger/invocation because it exceeded search pattern filesize limit: kras.2.intra_output_forward_paired_fastqc.html
[2021-12-17 17:09:00,363] multiqc                                            [DEBUG  ]  File ignored by rockhopper because it exceeded search pattern filesize limit: kras.2.intra_output_forward_paired_fastqc.html
[2021-12-17 17:09:00,363] multiqc                                            [DEBUG  ]  File ignored by rseqc/bam_stat because it exceeded search pattern filesize limit: kras.2.intra_output_forward_paired_fastqc.html
[2021-12-17 17:09:00,363] multiqc                                            [DEBUG  ]  File ignored by rseqc/junction_annotation because it exceeded search pattern filesize limit: kras.2.intra_output_forward_paired_fastqc.html
[2021-12-17 17:09:00,363] multiqc                                            [DEBUG  ]  File ignored by rseqc/read_distribution because it exceeded search pattern filesize limit: kras.2.intra_output_forward_paired_fastqc.html
[2021-12-17 17:09:00,363] multiqc                                            [DEBUG  ]  File ignored by rseqc/infer_experiment because it exceeded search pattern filesize limit: kras.2.intra_output_forward_paired_fastqc.html
[2021-12-17 17:09:00,518] multiqc                                            [DEBUG  ]  File ignored by hicexplorer because it exceeded search pattern filesize limit: kras.2.intra_output_reverse_paired_fastqc.html
[2021-12-17 17:09:00,529] multiqc                                            [DEBUG  ]  File ignored by longranger/invocation because it exceeded search pattern filesize limit: kras.2.intra_output_reverse_paired_fastqc.html
[2021-12-17 17:09:00,529] multiqc                                            [DEBUG  ]  File ignored by rockhopper because it exceeded search pattern filesize limit: kras.2.intra_output_reverse_paired_fastqc.html
[2021-12-17 17:09:00,530] multiqc                                            [DEBUG  ]  File ignored by rseqc/bam_stat because it exceeded search pattern filesize limit: kras.2.intra_output_reverse_paired_fastqc.html
[2021-12-17 17:09:00,530] multiqc                                            [DEBUG  ]  File ignored by rseqc/junction_annotation because it exceeded search pattern filesize limit: kras.2.intra_output_reverse_paired_fastqc.html
[2021-12-17 17:09:00,530] multiqc                                            [DEBUG  ]  File ignored by rseqc/read_distribution because it exceeded search pattern filesize limit: kras.2.intra_output_reverse_paired_fastqc.html
[2021-12-17 17:09:00,530] multiqc                                            [DEBUG  ]  File ignored by rseqc/infer_experiment because it exceeded search pattern filesize limit: kras.2.intra_output_reverse_paired_fastqc.html
[2021-12-17 17:09:00,793] multiqc                                            [DEBUG  ]  File ignored by hicexplorer because it exceeded search pattern filesize limit: salmon_quant.log
[2021-12-17 17:09:00,803] multiqc                                            [DEBUG  ]  File ignored by longranger/invocation because it exceeded search pattern filesize limit: salmon_quant.log
[2021-12-17 17:09:00,947] multiqc                                            [DEBUG  ]  File ignored by hicexplorer because it exceeded search pattern filesize limit: ambig_info.tsv
[2021-12-17 17:09:00,957] multiqc                                            [DEBUG  ]  File ignored by longranger/invocation because it exceeded search pattern filesize limit: ambig_info.tsv
[2021-12-17 17:09:00,957] multiqc                                            [DEBUG  ]  File ignored by rockhopper because it exceeded search pattern filesize limit: ambig_info.tsv
[2021-12-17 17:09:00,957] multiqc                                            [DEBUG  ]  File ignored by rseqc/bam_stat because it exceeded search pattern filesize limit: ambig_info.tsv
[2021-12-17 17:09:00,957] multiqc                                            [DEBUG  ]  File ignored by rseqc/junction_annotation because it exceeded search pattern filesize limit: ambig_info.tsv
[2021-12-17 17:09:00,957] multiqc                                            [DEBUG  ]  File ignored by rseqc/read_distribution because it exceeded search pattern filesize limit: ambig_info.tsv
[2021-12-17 17:09:00,958] multiqc                                            [DEBUG  ]  File ignored by rseqc/infer_experiment because it exceeded search pattern filesize limit: ambig_info.tsv
[2021-12-17 17:09:01,071] multiqc                                            [DEBUG  ]  File ignored by stacks/sumstats because it exceeded search pattern filesize limit: ambig_info.tsv
[2021-12-17 17:09:06,008] multiqc                                            [DEBUG  ]  File ignored by hicexplorer because it exceeded search pattern filesize limit: salmon_quant.log
[2021-12-17 17:09:06,018] multiqc                                            [DEBUG  ]  File ignored by longranger/invocation because it exceeded search pattern filesize limit: salmon_quant.log
[2021-12-17 17:09:06,139] multiqc                                            [DEBUG  ]  Ignoring file as matched an ignore pattern: PANC-1_si_KRAS3_R1_001.fastq.gz
[2021-12-17 17:09:06,139] multiqc                                            [DEBUG  ]  Ignoring file as matched an ignore pattern: PANC-1_si_KRAS3_R2_001.fastq.gz
[2021-12-17 17:09:06,140] multiqc                                            [DEBUG  ]  Ignoring file as matched an ignore pattern: kras.3.intra_output_forward_paired.fq.gz
[2021-12-17 17:09:06,140] multiqc                                            [DEBUG  ]  Ignoring file as matched an ignore pattern: kras.3.intra_output_reverse_paired.fq.gz
[2021-12-17 17:09:06,168] multiqc                                            [DEBUG  ]  File ignored by hicexplorer because it exceeded search pattern filesize limit: kras.3.intra_output_forward_paired_fastqc.html
[2021-12-17 17:09:06,180] multiqc                                            [DEBUG  ]  File ignored by longranger/invocation because it exceeded search pattern filesize limit: kras.3.intra_output_forward_paired_fastqc.html
[2021-12-17 17:09:06,180] multiqc                                            [DEBUG  ]  File ignored by rockhopper because it exceeded search pattern filesize limit: kras.3.intra_output_forward_paired_fastqc.html
[2021-12-17 17:09:06,180] multiqc                                            [DEBUG  ]  File ignored by rseqc/bam_stat because it exceeded search pattern filesize limit: kras.3.intra_output_forward_paired_fastqc.html
[2021-12-17 17:09:06,180] multiqc                                            [DEBUG  ]  File ignored by rseqc/junction_annotation because it exceeded search pattern filesize limit: kras.3.intra_output_forward_paired_fastqc.html
[2021-12-17 17:09:06,180] multiqc                                            [DEBUG  ]  File ignored by rseqc/read_distribution because it exceeded search pattern filesize limit: kras.3.intra_output_forward_paired_fastqc.html
[2021-12-17 17:09:06,180] multiqc                                            [DEBUG  ]  File ignored by rseqc/infer_experiment because it exceeded search pattern filesize limit: kras.3.intra_output_forward_paired_fastqc.html
[2021-12-17 17:09:06,336] multiqc                                            [DEBUG  ]  File ignored by hicexplorer because it exceeded search pattern filesize limit: kras.3.intra_output_reverse_paired_fastqc.html
[2021-12-17 17:09:06,347] multiqc                                            [DEBUG  ]  File ignored by longranger/invocation because it exceeded search pattern filesize limit: kras.3.intra_output_reverse_paired_fastqc.html
[2021-12-17 17:09:06,348] multiqc                                            [DEBUG  ]  File ignored by rockhopper because it exceeded search pattern filesize limit: kras.3.intra_output_reverse_paired_fastqc.html
[2021-12-17 17:09:06,348] multiqc                                            [DEBUG  ]  File ignored by rseqc/bam_stat because it exceeded search pattern filesize limit: kras.3.intra_output_reverse_paired_fastqc.html
[2021-12-17 17:09:06,348] multiqc                                            [DEBUG  ]  File ignored by rseqc/junction_annotation because it exceeded search pattern filesize limit: kras.3.intra_output_reverse_paired_fastqc.html
[2021-12-17 17:09:06,348] multiqc                                            [DEBUG  ]  File ignored by rseqc/read_distribution because it exceeded search pattern filesize limit: kras.3.intra_output_reverse_paired_fastqc.html
[2021-12-17 17:09:06,348] multiqc                                            [DEBUG  ]  File ignored by rseqc/infer_experiment because it exceeded search pattern filesize limit: kras.3.intra_output_reverse_paired_fastqc.html
[2021-12-17 17:09:06,613] multiqc                                            [DEBUG  ]  File ignored by hicexplorer because it exceeded search pattern filesize limit: salmon_quant.log
[2021-12-17 17:09:06,625] multiqc                                            [DEBUG  ]  File ignored by longranger/invocation because it exceeded search pattern filesize limit: salmon_quant.log
[2021-12-17 17:09:06,757] multiqc                                            [DEBUG  ]  File ignored by hicexplorer because it exceeded search pattern filesize limit: ambig_info.tsv
[2021-12-17 17:09:06,766] multiqc                                            [DEBUG  ]  File ignored by longranger/invocation because it exceeded search pattern filesize limit: ambig_info.tsv
[2021-12-17 17:09:06,766] multiqc                                            [DEBUG  ]  File ignored by rockhopper because it exceeded search pattern filesize limit: ambig_info.tsv
[2021-12-17 17:09:06,767] multiqc                                            [DEBUG  ]  File ignored by rseqc/bam_stat because it exceeded search pattern filesize limit: ambig_info.tsv
[2021-12-17 17:09:06,767] multiqc                                            [DEBUG  ]  File ignored by rseqc/junction_annotation because it exceeded search pattern filesize limit: ambig_info.tsv
[2021-12-17 17:09:06,767] multiqc                                            [DEBUG  ]  File ignored by rseqc/read_distribution because it exceeded search pattern filesize limit: ambig_info.tsv
[2021-12-17 17:09:06,767] multiqc                                            [DEBUG  ]  File ignored by rseqc/infer_experiment because it exceeded search pattern filesize limit: ambig_info.tsv
[2021-12-17 17:09:06,879] multiqc                                            [DEBUG  ]  File ignored by stacks/sumstats because it exceeded search pattern filesize limit: ambig_info.tsv
[2021-12-17 17:09:11,813] multiqc                                            [DEBUG  ]  File ignored by hicexplorer because it exceeded search pattern filesize limit: salmon_quant.log
[2021-12-17 17:09:11,822] multiqc                                            [DEBUG  ]  File ignored by longranger/invocation because it exceeded search pattern filesize limit: salmon_quant.log
[2021-12-17 17:09:12,609] multiqc.plots.bargraph                             [DEBUG  ]  Using matplotlib version 3.1.3
[2021-12-17 17:09:12,611] multiqc.plots.linegraph                            [DEBUG  ]  Using matplotlib version 3.1.3
[2021-12-17 17:09:12,613] multiqc                                            [DEBUG  ]  No samples found: custom_content
[2021-12-17 17:09:12,622] multiqc                                            [DEBUG  ]  No samples found: conpair
[2021-12-17 17:09:12,631] multiqc                                            [DEBUG  ]  No samples found: peddy
[2021-12-17 17:09:12,639] multiqc                                            [DEBUG  ]  No samples found: somalier
[2021-12-17 17:09:12,647] multiqc                                            [DEBUG  ]  No samples found: methylQA
[2021-12-17 17:09:12,658] multiqc                                            [DEBUG  ]  No samples found: mosdepth
[2021-12-17 17:09:12,666] multiqc                                            [DEBUG  ]  No samples found: phantompeakqualtools
[2021-12-17 17:09:12,672] multiqc                                            [DEBUG  ]  No samples found: qualimap
[2021-12-17 17:09:12,681] multiqc                                            [DEBUG  ]  No samples found: preseq
[2021-12-17 17:09:12,689] multiqc                                            [DEBUG  ]  No samples found: quast
[2021-12-17 17:09:12,696] multiqc                                            [DEBUG  ]  No samples found: qorts
[2021-12-17 17:09:12,704] multiqc                                            [DEBUG  ]  No samples found: rna_seqc
[2021-12-17 17:09:12,711] multiqc                                            [DEBUG  ]  No samples found: rockhopper
[2021-12-17 17:09:12,719] multiqc                                            [DEBUG  ]  No samples found: rsem
[2021-12-17 17:09:12,736] multiqc                                            [DEBUG  ]  No samples found: rseqc
[2021-12-17 17:09:12,744] multiqc                                            [DEBUG  ]  No samples found: busco
[2021-12-17 17:09:12,751] multiqc                                            [DEBUG  ]  No samples found: goleft_indexcov
[2021-12-17 17:09:12,759] multiqc                                            [DEBUG  ]  No samples found: disambiguate
[2021-12-17 17:09:12,767] multiqc                                            [DEBUG  ]  No samples found: supernova
[2021-12-17 17:09:12,784] multiqc                                            [DEBUG  ]  No samples found: deeptools
[2021-12-17 17:09:12,792] multiqc                                            [DEBUG  ]  No samples found: sargasso
[2021-12-17 17:09:12,800] multiqc                                            [DEBUG  ]  No samples found: verifybamid
[2021-12-17 17:09:12,808] multiqc                                            [DEBUG  ]  No samples found: mirtrace
[2021-12-17 17:09:12,816] multiqc                                            [DEBUG  ]  No samples found: happy
[2021-12-17 17:09:12,824] multiqc                                            [DEBUG  ]  No samples found: mirtop
[2021-12-17 17:09:12,833] multiqc                                            [DEBUG  ]  No samples found: homer
[2021-12-17 17:09:12,842] multiqc                                            [DEBUG  ]  No samples found: macs2
[2021-12-17 17:09:12,849] multiqc                                            [DEBUG  ]  No samples found: theta2
[2021-12-17 17:09:12,857] multiqc                                            [DEBUG  ]  No samples found: snpeff
[2021-12-17 17:09:12,867] multiqc                                            [DEBUG  ]  No samples found: gatk
[2021-12-17 17:09:12,875] multiqc                                            [DEBUG  ]  No samples found: htseq
[2021-12-17 17:09:12,884] multiqc                                            [DEBUG  ]  No samples found: bcftools
[2021-12-17 17:09:12,892] multiqc                                            [DEBUG  ]  No samples found: featureCounts
[2021-12-17 17:09:12,902] multiqc                                            [DEBUG  ]  No samples found: fgbio
[2021-12-17 17:09:12,919] multiqc                                            [DEBUG  ]  No samples found: dragen
[2021-12-17 17:09:12,927] multiqc                                            [DEBUG  ]  No samples found: dedup
[2021-12-17 17:09:12,935] multiqc                                            [DEBUG  ]  No samples found: damageprofiler
[2021-12-17 17:09:12,963] multiqc                                            [DEBUG  ]  No samples found: biobambam2
[2021-12-17 17:09:12,971] multiqc                                            [DEBUG  ]  No samples found: mtnucratio
[2021-12-17 17:09:12,977] multiqc                                            [DEBUG  ]  No samples found: picard
[2021-12-17 17:09:12,984] multiqc                                            [DEBUG  ]  No samples found: prokka
[2021-12-17 17:09:12,992] multiqc                                            [DEBUG  ]  No samples found: samblaster
[2021-12-17 17:09:13,005] multiqc                                            [DEBUG  ]  No samples found: samtools
[2021-12-17 17:09:13,012] multiqc                                            [DEBUG  ]  No samples found: sexdeterrmine
[2021-12-17 17:09:13,021] multiqc                                            [DEBUG  ]  No samples found: bamtools
[2021-12-17 17:09:13,029] multiqc                                            [DEBUG  ]  No samples found: jellyfish
[2021-12-17 17:09:13,041] multiqc                                            [DEBUG  ]  No samples found: vcftools
[2021-12-17 17:09:13,049] multiqc                                            [DEBUG  ]  No samples found: longranger
[2021-12-17 17:09:13,057] multiqc                                            [DEBUG  ]  No samples found: stacks
[2021-12-17 17:09:13,064] multiqc                                            [DEBUG  ]  No samples found: varscan2
[2021-12-17 17:09:13,084] multiqc                                            [DEBUG  ]  No samples found: bbmap
[2021-12-17 17:09:13,092] multiqc                                            [DEBUG  ]  No samples found: bismark
[2021-12-17 17:09:13,101] multiqc                                            [DEBUG  ]  No samples found: biscuit
[2021-12-17 17:09:13,108] multiqc                                            [DEBUG  ]  No samples found: hicexplorer
[2021-12-17 17:09:13,116] multiqc                                            [DEBUG  ]  No samples found: hicup
[2021-12-17 17:09:13,124] multiqc                                            [DEBUG  ]  No samples found: hicpro
[2021-12-17 17:09:13,159] multiqc.modules.salmon.salmon                      [INFO   ]  Found 12 meta reports
[2021-12-17 17:09:13,160] multiqc.modules.salmon.salmon                      [INFO   ]  Found 12 fragment length distributions
[2021-12-17 17:09:13,291] multiqc                                            [DEBUG  ]  No samples found: kallisto
[2021-12-17 17:09:13,299] multiqc                                            [DEBUG  ]  No samples found: slamdunk
[2021-12-17 17:09:13,307] multiqc                                            [DEBUG  ]  No samples found: star
[2021-12-17 17:09:13,314] multiqc                                            [DEBUG  ]  No samples found: hisat2
[2021-12-17 17:09:13,322] multiqc                                            [DEBUG  ]  No samples found: tophat
[2021-12-17 17:09:13,330] multiqc                                            [DEBUG  ]  No samples found: bowtie2
[2021-12-17 17:09:13,338] multiqc                                            [DEBUG  ]  No samples found: bowtie1
[2021-12-17 17:09:13,346] multiqc                                            [DEBUG  ]  No samples found: snpsplit
[2021-12-17 17:09:13,354] multiqc                                            [DEBUG  ]  No samples found: kat
[2021-12-17 17:09:13,361] multiqc                                            [DEBUG  ]  No samples found: leehom
[2021-12-17 17:09:13,369] multiqc                                            [DEBUG  ]  No samples found: adapterRemoval
[2021-12-17 17:09:13,379] multiqc                                            [DEBUG  ]  No samples found: clipandmerge
[2021-12-17 17:09:13,386] multiqc                                            [DEBUG  ]  No samples found: cutadapt
[2021-12-17 17:09:13,394] multiqc                                            [DEBUG  ]  No samples found: flexbar
[2021-12-17 17:09:13,401] multiqc                                            [DEBUG  ]  No samples found: kaiju
[2021-12-17 17:09:13,409] multiqc                                            [DEBUG  ]  No samples found: kraken
[2021-12-17 17:09:13,417] multiqc                                            [DEBUG  ]  No samples found: malt
[2021-12-17 17:09:13,425] multiqc                                            [DEBUG  ]  No samples found: trimmomatic
[2021-12-17 17:09:13,432] multiqc                                            [DEBUG  ]  No samples found: sickle
[2021-12-17 17:09:13,440] multiqc                                            [DEBUG  ]  No samples found: skewer
[2021-12-17 17:09:13,448] multiqc                                            [DEBUG  ]  No samples found: sortmerna
[2021-12-17 17:09:13,456] multiqc                                            [DEBUG  ]  No samples found: biobloomtools
[2021-12-17 17:09:13,463] multiqc                                            [DEBUG  ]  No samples found: fastq_screen
[2021-12-17 17:09:13,471] multiqc                                            [DEBUG  ]  No samples found: afterqc
[2021-12-17 17:09:13,479] multiqc                                            [DEBUG  ]  No samples found: fastp
[2021-12-17 17:09:14,099] multiqc.modules.fastqc.fastqc                      [INFO   ]  Found 12 reports
[2021-12-17 17:09:14,421] multiqc                                            [DEBUG  ]  No samples found: pycoqc
[2021-12-17 17:09:14,429] multiqc                                            [DEBUG  ]  No samples found: minionqc
[2021-12-17 17:09:14,437] multiqc                                            [DEBUG  ]  No samples found: multivcfanalyzer
[2021-12-17 17:09:14,445] multiqc                                            [DEBUG  ]  No samples found: clusterflow
[2021-12-17 17:09:14,453] multiqc                                            [DEBUG  ]  No samples found: bcl2fastq
[2021-12-17 17:09:14,460] multiqc                                            [DEBUG  ]  No samples found: interop
[2021-12-17 17:09:14,468] multiqc                                            [DEBUG  ]  No samples found: ivar
[2021-12-17 17:09:14,475] multiqc                                            [DEBUG  ]  No samples found: flash
[2021-12-17 17:09:14,483] multiqc                                            [DEBUG  ]  No samples found: seqyclean
[2021-12-17 17:09:14,528] multiqc                                            [INFO   ]  Compressing plot data
[2021-12-17 17:09:15,217] multiqc                                            [INFO   ]  Report      : ../data/output_data/rna_qc/ucsc.rmsk.salmon/multiqc.panc1_intra.2021-12-17-16.53.18-PST.html
[2021-12-17 17:09:15,217] multiqc                                            [INFO   ]  Data        : ../data/output_data/rna_qc/ucsc.rmsk.salmon/multiqc.panc1_intra.2021-12-17-16.53.18-PST_data
[2021-12-17 17:09:15,217] multiqc                                            [DEBUG  ]  Moving data file from '/data/tmp/tmp2kukifvp/multiqc_data' to '/public/groups/kimlab/exRNA_disease_biomarkers//data/output_data/rna_qc/ucsc.rmsk.salmon/multiqc.panc1_intra.2021-12-17-16.53.18-PST_data'
[2021-12-17 17:09:15,594] multiqc                                            [INFO   ]  MultiQC complete
