[2021-12-17 15:56:51,901] multiqc                                            [DEBUG  ]  No MultiQC config found: /public/groups/kimlab/.install_bin/anaconda3/lib/python3.7/site-packages/multiqc_config.yaml
[2021-12-17 15:56:51,902] multiqc                                            [DEBUG  ]  No MultiQC config found: /public/home/rreggiar/.multiqc_config.yaml
[2021-12-17 15:56:51,902] multiqc                                            [DEBUG  ]  No MultiQC config found: multiqc_config.yaml
[2021-12-17 15:56:51,902] multiqc                                            [DEBUG  ]  Command used: /public/groups/kimlab/.install_bin/anaconda3/bin/multiqc /public/groups/kimlab/exRNA_disease_biomarkers//data/input_data/pittsburgh_ctrl --filename multiqc.pittsburgh_ctrl.2021-12-17-15.51.31-PST -o /public/groups/kimlab/exRNA_disease_biomarkers//data/output_data/rna_qc/ucsc.rmsk.salmon
[2021-12-17 15:56:52,659] multiqc                                            [WARNING]  MultiQC Version v1.11 now available!
[2021-12-17 15:56:52,659] multiqc                                            [INFO   ]  This is MultiQC v1.9
[2021-12-17 15:56:52,659] multiqc                                            [DEBUG  ]  Command     : /public/groups/kimlab/.install_bin/anaconda3/bin/multiqc /public/groups/kimlab/exRNA_disease_biomarkers//data/input_data/pittsburgh_ctrl --filename multiqc.pittsburgh_ctrl.2021-12-17-15.51.31-PST -o /public/groups/kimlab/exRNA_disease_biomarkers//data/output_data/rna_qc/ucsc.rmsk.salmon
[2021-12-17 15:56:52,659] multiqc                                            [DEBUG  ]  Working dir : /public/groups/kimlab/exRNA_disease_biomarkers/bin
[2021-12-17 15:56:52,659] multiqc                                            [INFO   ]  Template    : default
[2021-12-17 15:56:52,660] multiqc                                            [DEBUG  ]  Running Python 3.7.6 (default, Jan  8 2020, 19:59:22)  [GCC 7.3.0]
[2021-12-17 15:56:52,660] multiqc                                            [INFO   ]  Searching   : /public/groups/kimlab/exRNA_disease_biomarkers/data/input_data/pittsburgh_ctrl
[2021-12-17 15:56:52,660] multiqc                                            [DEBUG  ]  Analysing modules: custom_content, conpair, peddy, somalier, methylQA, mosdepth, phantompeakqualtools, qualimap, preseq, quast, qorts, rna_seqc, rockhopper, rsem, rseqc, busco, goleft_indexcov, disambiguate, supernova, deeptools, sargasso, verifybamid, mirtrace, happy, mirtop, homer, macs2, theta2, snpeff, gatk, htseq, bcftools, featureCounts, fgbio, dragen, dedup, damageprofiler, biobambam2, mtnucratio, picard, prokka, samblaster, samtools, sexdeterrmine, bamtools, jellyfish, vcftools, longranger, stacks, varscan2, bbmap, bismark, biscuit, hicexplorer, hicup, hicpro, salmon, kallisto, slamdunk, star, hisat2, tophat, bowtie2, bowtie1, snpsplit, kat, leehom, adapterRemoval, clipandmerge, cutadapt, flexbar, kaiju, kraken, malt, trimmomatic, sickle, skewer, sortmerna, biobloomtools, fastq_screen, afterqc, fastp, fastqc, pycoqc, minionqc, multivcfanalyzer, clusterflow, bcl2fastq, interop, ivar, flash, seqyclean
[2021-12-17 15:56:52,661] multiqc                                            [DEBUG  ]  Using temporary directory for creating report: /data/tmp/tmpj2vxehts
[2021-12-17 15:56:53,291] multiqc                                            [DEBUG  ]  Ignoring file as matched an ignore pattern: PH623_S202_R1_001.fastq.gz
[2021-12-17 15:56:53,292] multiqc                                            [DEBUG  ]  Ignoring file as matched an ignore pattern: PH623_S202_R2_001.fastq.gz
[2021-12-17 15:56:53,292] multiqc                                            [DEBUG  ]  Ignoring file as matched an ignore pattern: ctrl.10.0.4_output_forward_paired.fq.gz
[2021-12-17 15:56:53,293] multiqc                                            [DEBUG  ]  Ignoring file as matched an ignore pattern: ctrl.10.0.4_output_reverse_paired.fq.gz
[2021-12-17 15:56:53,351] multiqc                                            [DEBUG  ]  File ignored by hicexplorer because it exceeded search pattern filesize limit: ctrl.10.0.4_output_forward_paired_fastqc.html
[2021-12-17 15:56:53,365] multiqc                                            [DEBUG  ]  File ignored by longranger/invocation because it exceeded search pattern filesize limit: ctrl.10.0.4_output_forward_paired_fastqc.html
[2021-12-17 15:56:53,365] multiqc                                            [DEBUG  ]  File ignored by rockhopper because it exceeded search pattern filesize limit: ctrl.10.0.4_output_forward_paired_fastqc.html
[2021-12-17 15:56:53,365] multiqc                                            [DEBUG  ]  File ignored by rseqc/bam_stat because it exceeded search pattern filesize limit: ctrl.10.0.4_output_forward_paired_fastqc.html
[2021-12-17 15:56:53,365] multiqc                                            [DEBUG  ]  File ignored by rseqc/junction_annotation because it exceeded search pattern filesize limit: ctrl.10.0.4_output_forward_paired_fastqc.html
[2021-12-17 15:56:53,365] multiqc                                            [DEBUG  ]  File ignored by rseqc/read_distribution because it exceeded search pattern filesize limit: ctrl.10.0.4_output_forward_paired_fastqc.html
[2021-12-17 15:56:53,366] multiqc                                            [DEBUG  ]  File ignored by rseqc/infer_experiment because it exceeded search pattern filesize limit: ctrl.10.0.4_output_forward_paired_fastqc.html
[2021-12-17 15:56:53,520] multiqc                                            [DEBUG  ]  File ignored by hicexplorer because it exceeded search pattern filesize limit: ctrl.10.0.4_output_reverse_paired_fastqc.html
[2021-12-17 15:56:53,530] multiqc                                            [DEBUG  ]  File ignored by longranger/invocation because it exceeded search pattern filesize limit: ctrl.10.0.4_output_reverse_paired_fastqc.html
[2021-12-17 15:56:53,530] multiqc                                            [DEBUG  ]  File ignored by rockhopper because it exceeded search pattern filesize limit: ctrl.10.0.4_output_reverse_paired_fastqc.html
[2021-12-17 15:56:53,530] multiqc                                            [DEBUG  ]  File ignored by rseqc/bam_stat because it exceeded search pattern filesize limit: ctrl.10.0.4_output_reverse_paired_fastqc.html
[2021-12-17 15:56:53,530] multiqc                                            [DEBUG  ]  File ignored by rseqc/junction_annotation because it exceeded search pattern filesize limit: ctrl.10.0.4_output_reverse_paired_fastqc.html
[2021-12-17 15:56:53,530] multiqc                                            [DEBUG  ]  File ignored by rseqc/read_distribution because it exceeded search pattern filesize limit: ctrl.10.0.4_output_reverse_paired_fastqc.html
[2021-12-17 15:56:53,531] multiqc                                            [DEBUG  ]  File ignored by rseqc/infer_experiment because it exceeded search pattern filesize limit: ctrl.10.0.4_output_reverse_paired_fastqc.html
[2021-12-17 15:56:53,802] multiqc                                            [DEBUG  ]  File ignored by hicexplorer because it exceeded search pattern filesize limit: salmon_quant.log
[2021-12-17 15:56:53,813] multiqc                                            [DEBUG  ]  File ignored by longranger/invocation because it exceeded search pattern filesize limit: salmon_quant.log
[2021-12-17 15:56:53,952] multiqc                                            [DEBUG  ]  File ignored by hicexplorer because it exceeded search pattern filesize limit: ambig_info.tsv
[2021-12-17 15:56:53,961] multiqc                                            [DEBUG  ]  File ignored by longranger/invocation because it exceeded search pattern filesize limit: ambig_info.tsv
[2021-12-17 15:56:53,961] multiqc                                            [DEBUG  ]  File ignored by rockhopper because it exceeded search pattern filesize limit: ambig_info.tsv
[2021-12-17 15:56:53,961] multiqc                                            [DEBUG  ]  File ignored by rseqc/bam_stat because it exceeded search pattern filesize limit: ambig_info.tsv
[2021-12-17 15:56:53,962] multiqc                                            [DEBUG  ]  File ignored by rseqc/junction_annotation because it exceeded search pattern filesize limit: ambig_info.tsv
[2021-12-17 15:56:53,962] multiqc                                            [DEBUG  ]  File ignored by rseqc/read_distribution because it exceeded search pattern filesize limit: ambig_info.tsv
[2021-12-17 15:56:53,962] multiqc                                            [DEBUG  ]  File ignored by rseqc/infer_experiment because it exceeded search pattern filesize limit: ambig_info.tsv
[2021-12-17 15:56:59,177] multiqc                                            [DEBUG  ]  File ignored by hicexplorer because it exceeded search pattern filesize limit: salmon_quant.log
[2021-12-17 15:56:59,188] multiqc                                            [DEBUG  ]  File ignored by longranger/invocation because it exceeded search pattern filesize limit: salmon_quant.log
[2021-12-17 15:56:59,303] multiqc                                            [DEBUG  ]  Ignoring file as matched an ignore pattern: PH625_S203_R1_001.fastq.gz
[2021-12-17 15:56:59,303] multiqc                                            [DEBUG  ]  Ignoring file as matched an ignore pattern: PH625_S203_R2_001.fastq.gz
[2021-12-17 15:56:59,304] multiqc                                            [DEBUG  ]  Ignoring file as matched an ignore pattern: ctrl.11.1.1_output_forward_paired.fq.gz
[2021-12-17 15:56:59,304] multiqc                                            [DEBUG  ]  Ignoring file as matched an ignore pattern: ctrl.11.1.1_output_reverse_paired.fq.gz
[2021-12-17 15:56:59,333] multiqc                                            [DEBUG  ]  File ignored by hicexplorer because it exceeded search pattern filesize limit: ctrl.11.1.1_output_forward_paired_fastqc.html
[2021-12-17 15:56:59,345] multiqc                                            [DEBUG  ]  File ignored by longranger/invocation because it exceeded search pattern filesize limit: ctrl.11.1.1_output_forward_paired_fastqc.html
[2021-12-17 15:56:59,345] multiqc                                            [DEBUG  ]  File ignored by rockhopper because it exceeded search pattern filesize limit: ctrl.11.1.1_output_forward_paired_fastqc.html
[2021-12-17 15:56:59,345] multiqc                                            [DEBUG  ]  File ignored by rseqc/bam_stat because it exceeded search pattern filesize limit: ctrl.11.1.1_output_forward_paired_fastqc.html
[2021-12-17 15:56:59,345] multiqc                                            [DEBUG  ]  File ignored by rseqc/junction_annotation because it exceeded search pattern filesize limit: ctrl.11.1.1_output_forward_paired_fastqc.html
[2021-12-17 15:56:59,345] multiqc                                            [DEBUG  ]  File ignored by rseqc/read_distribution because it exceeded search pattern filesize limit: ctrl.11.1.1_output_forward_paired_fastqc.html
[2021-12-17 15:56:59,345] multiqc                                            [DEBUG  ]  File ignored by rseqc/infer_experiment because it exceeded search pattern filesize limit: ctrl.11.1.1_output_forward_paired_fastqc.html
[2021-12-17 15:56:59,491] multiqc                                            [DEBUG  ]  File ignored by hicexplorer because it exceeded search pattern filesize limit: ctrl.11.1.1_output_reverse_paired_fastqc.html
[2021-12-17 15:56:59,503] multiqc                                            [DEBUG  ]  File ignored by longranger/invocation because it exceeded search pattern filesize limit: ctrl.11.1.1_output_reverse_paired_fastqc.html
[2021-12-17 15:56:59,503] multiqc                                            [DEBUG  ]  File ignored by rockhopper because it exceeded search pattern filesize limit: ctrl.11.1.1_output_reverse_paired_fastqc.html
[2021-12-17 15:56:59,503] multiqc                                            [DEBUG  ]  File ignored by rseqc/bam_stat because it exceeded search pattern filesize limit: ctrl.11.1.1_output_reverse_paired_fastqc.html
[2021-12-17 15:56:59,504] multiqc                                            [DEBUG  ]  File ignored by rseqc/junction_annotation because it exceeded search pattern filesize limit: ctrl.11.1.1_output_reverse_paired_fastqc.html
[2021-12-17 15:56:59,504] multiqc                                            [DEBUG  ]  File ignored by rseqc/read_distribution because it exceeded search pattern filesize limit: ctrl.11.1.1_output_reverse_paired_fastqc.html
[2021-12-17 15:56:59,504] multiqc                                            [DEBUG  ]  File ignored by rseqc/infer_experiment because it exceeded search pattern filesize limit: ctrl.11.1.1_output_reverse_paired_fastqc.html
[2021-12-17 15:56:59,747] multiqc                                            [DEBUG  ]  File ignored by hicexplorer because it exceeded search pattern filesize limit: salmon_quant.log
[2021-12-17 15:56:59,757] multiqc                                            [DEBUG  ]  File ignored by longranger/invocation because it exceeded search pattern filesize limit: salmon_quant.log
[2021-12-17 15:56:59,885] multiqc                                            [DEBUG  ]  File ignored by hicexplorer because it exceeded search pattern filesize limit: ambig_info.tsv
[2021-12-17 15:56:59,895] multiqc                                            [DEBUG  ]  File ignored by longranger/invocation because it exceeded search pattern filesize limit: ambig_info.tsv
[2021-12-17 15:56:59,895] multiqc                                            [DEBUG  ]  File ignored by rockhopper because it exceeded search pattern filesize limit: ambig_info.tsv
[2021-12-17 15:56:59,895] multiqc                                            [DEBUG  ]  File ignored by rseqc/bam_stat because it exceeded search pattern filesize limit: ambig_info.tsv
[2021-12-17 15:56:59,895] multiqc                                            [DEBUG  ]  File ignored by rseqc/junction_annotation because it exceeded search pattern filesize limit: ambig_info.tsv
[2021-12-17 15:56:59,896] multiqc                                            [DEBUG  ]  File ignored by rseqc/read_distribution because it exceeded search pattern filesize limit: ambig_info.tsv
[2021-12-17 15:56:59,896] multiqc                                            [DEBUG  ]  File ignored by rseqc/infer_experiment because it exceeded search pattern filesize limit: ambig_info.tsv
[2021-12-17 15:57:05,030] multiqc                                            [DEBUG  ]  File ignored by hicexplorer because it exceeded search pattern filesize limit: salmon_quant.log
[2021-12-17 15:57:05,041] multiqc                                            [DEBUG  ]  File ignored by longranger/invocation because it exceeded search pattern filesize limit: salmon_quant.log
[2021-12-17 15:57:05,158] multiqc                                            [DEBUG  ]  Ignoring file as matched an ignore pattern: PH586_S207_R1_001.fastq.gz
[2021-12-17 15:57:05,158] multiqc                                            [DEBUG  ]  Ignoring file as matched an ignore pattern: PH586_S207_R2_001.fastq.gz
[2021-12-17 15:57:05,158] multiqc                                            [DEBUG  ]  Ignoring file as matched an ignore pattern: ctrl.12.1.1_output_forward_paired.fq.gz
[2021-12-17 15:57:05,159] multiqc                                            [DEBUG  ]  Ignoring file as matched an ignore pattern: ctrl.12.1.1_output_reverse_paired.fq.gz
[2021-12-17 15:57:05,187] multiqc                                            [DEBUG  ]  File ignored by hicexplorer because it exceeded search pattern filesize limit: ctrl.12.1.1_output_forward_paired_fastqc.html
[2021-12-17 15:57:05,198] multiqc                                            [DEBUG  ]  File ignored by longranger/invocation because it exceeded search pattern filesize limit: ctrl.12.1.1_output_forward_paired_fastqc.html
[2021-12-17 15:57:05,198] multiqc                                            [DEBUG  ]  File ignored by rockhopper because it exceeded search pattern filesize limit: ctrl.12.1.1_output_forward_paired_fastqc.html
[2021-12-17 15:57:05,198] multiqc                                            [DEBUG  ]  File ignored by rseqc/bam_stat because it exceeded search pattern filesize limit: ctrl.12.1.1_output_forward_paired_fastqc.html
[2021-12-17 15:57:05,198] multiqc                                            [DEBUG  ]  File ignored by rseqc/junction_annotation because it exceeded search pattern filesize limit: ctrl.12.1.1_output_forward_paired_fastqc.html
[2021-12-17 15:57:05,198] multiqc                                            [DEBUG  ]  File ignored by rseqc/read_distribution because it exceeded search pattern filesize limit: ctrl.12.1.1_output_forward_paired_fastqc.html
[2021-12-17 15:57:05,198] multiqc                                            [DEBUG  ]  File ignored by rseqc/infer_experiment because it exceeded search pattern filesize limit: ctrl.12.1.1_output_forward_paired_fastqc.html
[2021-12-17 15:57:05,339] multiqc                                            [DEBUG  ]  File ignored by hicexplorer because it exceeded search pattern filesize limit: ctrl.12.1.1_output_reverse_paired_fastqc.html
[2021-12-17 15:57:05,350] multiqc                                            [DEBUG  ]  File ignored by longranger/invocation because it exceeded search pattern filesize limit: ctrl.12.1.1_output_reverse_paired_fastqc.html
[2021-12-17 15:57:05,350] multiqc                                            [DEBUG  ]  File ignored by rockhopper because it exceeded search pattern filesize limit: ctrl.12.1.1_output_reverse_paired_fastqc.html
[2021-12-17 15:57:05,350] multiqc                                            [DEBUG  ]  File ignored by rseqc/bam_stat because it exceeded search pattern filesize limit: ctrl.12.1.1_output_reverse_paired_fastqc.html
[2021-12-17 15:57:05,350] multiqc                                            [DEBUG  ]  File ignored by rseqc/junction_annotation because it exceeded search pattern filesize limit: ctrl.12.1.1_output_reverse_paired_fastqc.html
[2021-12-17 15:57:05,350] multiqc                                            [DEBUG  ]  File ignored by rseqc/read_distribution because it exceeded search pattern filesize limit: ctrl.12.1.1_output_reverse_paired_fastqc.html
[2021-12-17 15:57:05,350] multiqc                                            [DEBUG  ]  File ignored by rseqc/infer_experiment because it exceeded search pattern filesize limit: ctrl.12.1.1_output_reverse_paired_fastqc.html
[2021-12-17 15:57:05,600] multiqc                                            [DEBUG  ]  File ignored by hicexplorer because it exceeded search pattern filesize limit: salmon_quant.log
[2021-12-17 15:57:05,610] multiqc                                            [DEBUG  ]  File ignored by longranger/invocation because it exceeded search pattern filesize limit: salmon_quant.log
[2021-12-17 15:57:05,743] multiqc                                            [DEBUG  ]  File ignored by hicexplorer because it exceeded search pattern filesize limit: ambig_info.tsv
[2021-12-17 15:57:05,753] multiqc                                            [DEBUG  ]  File ignored by longranger/invocation because it exceeded search pattern filesize limit: ambig_info.tsv
[2021-12-17 15:57:05,753] multiqc                                            [DEBUG  ]  File ignored by rockhopper because it exceeded search pattern filesize limit: ambig_info.tsv
[2021-12-17 15:57:05,753] multiqc                                            [DEBUG  ]  File ignored by rseqc/bam_stat because it exceeded search pattern filesize limit: ambig_info.tsv
[2021-12-17 15:57:05,754] multiqc                                            [DEBUG  ]  File ignored by rseqc/junction_annotation because it exceeded search pattern filesize limit: ambig_info.tsv
[2021-12-17 15:57:05,754] multiqc                                            [DEBUG  ]  File ignored by rseqc/read_distribution because it exceeded search pattern filesize limit: ambig_info.tsv
[2021-12-17 15:57:05,754] multiqc                                            [DEBUG  ]  File ignored by rseqc/infer_experiment because it exceeded search pattern filesize limit: ambig_info.tsv
[2021-12-17 15:57:10,822] multiqc                                            [DEBUG  ]  File ignored by hicexplorer because it exceeded search pattern filesize limit: salmon_quant.log
[2021-12-17 15:57:10,833] multiqc                                            [DEBUG  ]  File ignored by longranger/invocation because it exceeded search pattern filesize limit: salmon_quant.log
[2021-12-17 15:57:10,954] multiqc                                            [DEBUG  ]  Ignoring file as matched an ignore pattern: PH620_S210_R1_001.fastq.gz
[2021-12-17 15:57:10,954] multiqc                                            [DEBUG  ]  Ignoring file as matched an ignore pattern: PH620_S210_R2_001.fastq.gz
[2021-12-17 15:57:10,954] multiqc                                            [DEBUG  ]  Ignoring file as matched an ignore pattern: ctrl.13.0.7_output_forward_paired.fq.gz
[2021-12-17 15:57:10,955] multiqc                                            [DEBUG  ]  Ignoring file as matched an ignore pattern: ctrl.13.0.7_output_reverse_paired.fq.gz
[2021-12-17 15:57:10,981] multiqc                                            [DEBUG  ]  File ignored by hicexplorer because it exceeded search pattern filesize limit: ctrl.13.0.7_output_reverse_paired_fastqc.html
[2021-12-17 15:57:10,991] multiqc                                            [DEBUG  ]  File ignored by longranger/invocation because it exceeded search pattern filesize limit: ctrl.13.0.7_output_reverse_paired_fastqc.html
[2021-12-17 15:57:10,992] multiqc                                            [DEBUG  ]  File ignored by rockhopper because it exceeded search pattern filesize limit: ctrl.13.0.7_output_reverse_paired_fastqc.html
[2021-12-17 15:57:10,992] multiqc                                            [DEBUG  ]  File ignored by rseqc/bam_stat because it exceeded search pattern filesize limit: ctrl.13.0.7_output_reverse_paired_fastqc.html
[2021-12-17 15:57:10,992] multiqc                                            [DEBUG  ]  File ignored by rseqc/junction_annotation because it exceeded search pattern filesize limit: ctrl.13.0.7_output_reverse_paired_fastqc.html
[2021-12-17 15:57:10,992] multiqc                                            [DEBUG  ]  File ignored by rseqc/read_distribution because it exceeded search pattern filesize limit: ctrl.13.0.7_output_reverse_paired_fastqc.html
[2021-12-17 15:57:10,992] multiqc                                            [DEBUG  ]  File ignored by rseqc/infer_experiment because it exceeded search pattern filesize limit: ctrl.13.0.7_output_reverse_paired_fastqc.html
[2021-12-17 15:57:11,137] multiqc                                            [DEBUG  ]  File ignored by hicexplorer because it exceeded search pattern filesize limit: ctrl.13.0.7_output_forward_paired_fastqc.html
[2021-12-17 15:57:11,149] multiqc                                            [DEBUG  ]  File ignored by longranger/invocation because it exceeded search pattern filesize limit: ctrl.13.0.7_output_forward_paired_fastqc.html
[2021-12-17 15:57:11,149] multiqc                                            [DEBUG  ]  File ignored by rockhopper because it exceeded search pattern filesize limit: ctrl.13.0.7_output_forward_paired_fastqc.html
[2021-12-17 15:57:11,149] multiqc                                            [DEBUG  ]  File ignored by rseqc/bam_stat because it exceeded search pattern filesize limit: ctrl.13.0.7_output_forward_paired_fastqc.html
[2021-12-17 15:57:11,149] multiqc                                            [DEBUG  ]  File ignored by rseqc/junction_annotation because it exceeded search pattern filesize limit: ctrl.13.0.7_output_forward_paired_fastqc.html
[2021-12-17 15:57:11,149] multiqc                                            [DEBUG  ]  File ignored by rseqc/read_distribution because it exceeded search pattern filesize limit: ctrl.13.0.7_output_forward_paired_fastqc.html
[2021-12-17 15:57:11,149] multiqc                                            [DEBUG  ]  File ignored by rseqc/infer_experiment because it exceeded search pattern filesize limit: ctrl.13.0.7_output_forward_paired_fastqc.html
[2021-12-17 15:57:11,407] multiqc                                            [DEBUG  ]  File ignored by hicexplorer because it exceeded search pattern filesize limit: salmon_quant.log
[2021-12-17 15:57:11,417] multiqc                                            [DEBUG  ]  File ignored by longranger/invocation because it exceeded search pattern filesize limit: salmon_quant.log
[2021-12-17 15:57:11,555] multiqc                                            [DEBUG  ]  File ignored by hicexplorer because it exceeded search pattern filesize limit: ambig_info.tsv
[2021-12-17 15:57:11,566] multiqc                                            [DEBUG  ]  File ignored by longranger/invocation because it exceeded search pattern filesize limit: ambig_info.tsv
[2021-12-17 15:57:11,566] multiqc                                            [DEBUG  ]  File ignored by rockhopper because it exceeded search pattern filesize limit: ambig_info.tsv
[2021-12-17 15:57:11,566] multiqc                                            [DEBUG  ]  File ignored by rseqc/bam_stat because it exceeded search pattern filesize limit: ambig_info.tsv
[2021-12-17 15:57:11,566] multiqc                                            [DEBUG  ]  File ignored by rseqc/junction_annotation because it exceeded search pattern filesize limit: ambig_info.tsv
[2021-12-17 15:57:11,567] multiqc                                            [DEBUG  ]  File ignored by rseqc/read_distribution because it exceeded search pattern filesize limit: ambig_info.tsv
[2021-12-17 15:57:11,567] multiqc                                            [DEBUG  ]  File ignored by rseqc/infer_experiment because it exceeded search pattern filesize limit: ambig_info.tsv
[2021-12-17 15:57:16,633] multiqc                                            [DEBUG  ]  File ignored by longranger/invocation because it exceeded search pattern filesize limit: salmon_quant.log
[2021-12-17 15:57:16,751] multiqc                                            [DEBUG  ]  Ignoring file as matched an ignore pattern: PH626_S205_R1_001.fastq.gz
[2021-12-17 15:57:16,751] multiqc                                            [DEBUG  ]  Ignoring file as matched an ignore pattern: PH626_S205_R2_001.fastq.gz
[2021-12-17 15:57:16,752] multiqc                                            [DEBUG  ]  Ignoring file as matched an ignore pattern: ctrl.4.1.3_output_forward_paired.fq.gz
[2021-12-17 15:57:16,752] multiqc                                            [DEBUG  ]  Ignoring file as matched an ignore pattern: ctrl.4.1.3_output_reverse_paired.fq.gz
[2021-12-17 15:57:16,778] multiqc                                            [DEBUG  ]  File ignored by hicexplorer because it exceeded search pattern filesize limit: ctrl.4.1.3_output_forward_paired_fastqc.html
[2021-12-17 15:57:16,788] multiqc                                            [DEBUG  ]  File ignored by longranger/invocation because it exceeded search pattern filesize limit: ctrl.4.1.3_output_forward_paired_fastqc.html
[2021-12-17 15:57:16,788] multiqc                                            [DEBUG  ]  File ignored by rockhopper because it exceeded search pattern filesize limit: ctrl.4.1.3_output_forward_paired_fastqc.html
[2021-12-17 15:57:16,788] multiqc                                            [DEBUG  ]  File ignored by rseqc/bam_stat because it exceeded search pattern filesize limit: ctrl.4.1.3_output_forward_paired_fastqc.html
[2021-12-17 15:57:16,788] multiqc                                            [DEBUG  ]  File ignored by rseqc/junction_annotation because it exceeded search pattern filesize limit: ctrl.4.1.3_output_forward_paired_fastqc.html
[2021-12-17 15:57:16,788] multiqc                                            [DEBUG  ]  File ignored by rseqc/read_distribution because it exceeded search pattern filesize limit: ctrl.4.1.3_output_forward_paired_fastqc.html
[2021-12-17 15:57:16,788] multiqc                                            [DEBUG  ]  File ignored by rseqc/infer_experiment because it exceeded search pattern filesize limit: ctrl.4.1.3_output_forward_paired_fastqc.html
[2021-12-17 15:57:16,934] multiqc                                            [DEBUG  ]  File ignored by hicexplorer because it exceeded search pattern filesize limit: ctrl.4.1.3_output_reverse_paired_fastqc.html
[2021-12-17 15:57:16,945] multiqc                                            [DEBUG  ]  File ignored by longranger/invocation because it exceeded search pattern filesize limit: ctrl.4.1.3_output_reverse_paired_fastqc.html
[2021-12-17 15:57:16,945] multiqc                                            [DEBUG  ]  File ignored by rockhopper because it exceeded search pattern filesize limit: ctrl.4.1.3_output_reverse_paired_fastqc.html
[2021-12-17 15:57:16,946] multiqc                                            [DEBUG  ]  File ignored by rseqc/bam_stat because it exceeded search pattern filesize limit: ctrl.4.1.3_output_reverse_paired_fastqc.html
[2021-12-17 15:57:16,946] multiqc                                            [DEBUG  ]  File ignored by rseqc/junction_annotation because it exceeded search pattern filesize limit: ctrl.4.1.3_output_reverse_paired_fastqc.html
[2021-12-17 15:57:16,946] multiqc                                            [DEBUG  ]  File ignored by rseqc/read_distribution because it exceeded search pattern filesize limit: ctrl.4.1.3_output_reverse_paired_fastqc.html
[2021-12-17 15:57:16,946] multiqc                                            [DEBUG  ]  File ignored by rseqc/infer_experiment because it exceeded search pattern filesize limit: ctrl.4.1.3_output_reverse_paired_fastqc.html
[2021-12-17 15:57:17,190] multiqc                                            [DEBUG  ]  File ignored by hicexplorer because it exceeded search pattern filesize limit: salmon_quant.log
[2021-12-17 15:57:17,200] multiqc                                            [DEBUG  ]  File ignored by longranger/invocation because it exceeded search pattern filesize limit: salmon_quant.log
[2021-12-17 15:57:17,348] multiqc                                            [DEBUG  ]  File ignored by hicexplorer because it exceeded search pattern filesize limit: ambig_info.tsv
[2021-12-17 15:57:17,360] multiqc                                            [DEBUG  ]  File ignored by longranger/invocation because it exceeded search pattern filesize limit: ambig_info.tsv
[2021-12-17 15:57:17,361] multiqc                                            [DEBUG  ]  File ignored by rockhopper because it exceeded search pattern filesize limit: ambig_info.tsv
[2021-12-17 15:57:17,361] multiqc                                            [DEBUG  ]  File ignored by rseqc/bam_stat because it exceeded search pattern filesize limit: ambig_info.tsv
[2021-12-17 15:57:17,361] multiqc                                            [DEBUG  ]  File ignored by rseqc/junction_annotation because it exceeded search pattern filesize limit: ambig_info.tsv
[2021-12-17 15:57:17,361] multiqc                                            [DEBUG  ]  File ignored by rseqc/read_distribution because it exceeded search pattern filesize limit: ambig_info.tsv
[2021-12-17 15:57:17,361] multiqc                                            [DEBUG  ]  File ignored by rseqc/infer_experiment because it exceeded search pattern filesize limit: ambig_info.tsv
[2021-12-17 15:57:22,546] multiqc                                            [DEBUG  ]  File ignored by hicexplorer because it exceeded search pattern filesize limit: salmon_quant.log
[2021-12-17 15:57:22,557] multiqc                                            [DEBUG  ]  File ignored by longranger/invocation because it exceeded search pattern filesize limit: salmon_quant.log
[2021-12-17 15:57:22,676] multiqc                                            [DEBUG  ]  Ignoring file as matched an ignore pattern: PH605_S208_R1_001.fastq.gz
[2021-12-17 15:57:22,677] multiqc                                            [DEBUG  ]  Ignoring file as matched an ignore pattern: PH605_S208_R2_001.fastq.gz
[2021-12-17 15:57:22,677] multiqc                                            [DEBUG  ]  Ignoring file as matched an ignore pattern: ctrl.5.1.3_output_forward_paired.fq.gz
[2021-12-17 15:57:22,677] multiqc                                            [DEBUG  ]  Ignoring file as matched an ignore pattern: ctrl.5.1.3_output_reverse_paired.fq.gz
[2021-12-17 15:57:22,704] multiqc                                            [DEBUG  ]  File ignored by hicexplorer because it exceeded search pattern filesize limit: ctrl.5.1.3_output_forward_paired_fastqc.html
[2021-12-17 15:57:22,714] multiqc                                            [DEBUG  ]  File ignored by longranger/invocation because it exceeded search pattern filesize limit: ctrl.5.1.3_output_forward_paired_fastqc.html
[2021-12-17 15:57:22,714] multiqc                                            [DEBUG  ]  File ignored by rockhopper because it exceeded search pattern filesize limit: ctrl.5.1.3_output_forward_paired_fastqc.html
[2021-12-17 15:57:22,714] multiqc                                            [DEBUG  ]  File ignored by rseqc/bam_stat because it exceeded search pattern filesize limit: ctrl.5.1.3_output_forward_paired_fastqc.html
[2021-12-17 15:57:22,714] multiqc                                            [DEBUG  ]  File ignored by rseqc/junction_annotation because it exceeded search pattern filesize limit: ctrl.5.1.3_output_forward_paired_fastqc.html
[2021-12-17 15:57:22,715] multiqc                                            [DEBUG  ]  File ignored by rseqc/read_distribution because it exceeded search pattern filesize limit: ctrl.5.1.3_output_forward_paired_fastqc.html
[2021-12-17 15:57:22,715] multiqc                                            [DEBUG  ]  File ignored by rseqc/infer_experiment because it exceeded search pattern filesize limit: ctrl.5.1.3_output_forward_paired_fastqc.html
[2021-12-17 15:57:22,854] multiqc                                            [DEBUG  ]  File ignored by hicexplorer because it exceeded search pattern filesize limit: ctrl.5.1.3_output_reverse_paired_fastqc.html
[2021-12-17 15:57:22,863] multiqc                                            [DEBUG  ]  File ignored by longranger/invocation because it exceeded search pattern filesize limit: ctrl.5.1.3_output_reverse_paired_fastqc.html
[2021-12-17 15:57:22,863] multiqc                                            [DEBUG  ]  File ignored by rockhopper because it exceeded search pattern filesize limit: ctrl.5.1.3_output_reverse_paired_fastqc.html
[2021-12-17 15:57:22,863] multiqc                                            [DEBUG  ]  File ignored by rseqc/bam_stat because it exceeded search pattern filesize limit: ctrl.5.1.3_output_reverse_paired_fastqc.html
[2021-12-17 15:57:22,864] multiqc                                            [DEBUG  ]  File ignored by rseqc/junction_annotation because it exceeded search pattern filesize limit: ctrl.5.1.3_output_reverse_paired_fastqc.html
[2021-12-17 15:57:22,864] multiqc                                            [DEBUG  ]  File ignored by rseqc/read_distribution because it exceeded search pattern filesize limit: ctrl.5.1.3_output_reverse_paired_fastqc.html
[2021-12-17 15:57:22,864] multiqc                                            [DEBUG  ]  File ignored by rseqc/infer_experiment because it exceeded search pattern filesize limit: ctrl.5.1.3_output_reverse_paired_fastqc.html
[2021-12-17 15:57:23,081] multiqc                                            [DEBUG  ]  File ignored by hicexplorer because it exceeded search pattern filesize limit: salmon_quant.log
[2021-12-17 15:57:23,092] multiqc                                            [DEBUG  ]  File ignored by longranger/invocation because it exceeded search pattern filesize limit: salmon_quant.log
[2021-12-17 15:57:23,228] multiqc                                            [DEBUG  ]  File ignored by hicexplorer because it exceeded search pattern filesize limit: ambig_info.tsv
[2021-12-17 15:57:23,238] multiqc                                            [DEBUG  ]  File ignored by longranger/invocation because it exceeded search pattern filesize limit: ambig_info.tsv
[2021-12-17 15:57:23,238] multiqc                                            [DEBUG  ]  File ignored by rockhopper because it exceeded search pattern filesize limit: ambig_info.tsv
[2021-12-17 15:57:23,239] multiqc                                            [DEBUG  ]  File ignored by rseqc/bam_stat because it exceeded search pattern filesize limit: ambig_info.tsv
[2021-12-17 15:57:23,239] multiqc                                            [DEBUG  ]  File ignored by rseqc/junction_annotation because it exceeded search pattern filesize limit: ambig_info.tsv
[2021-12-17 15:57:23,239] multiqc                                            [DEBUG  ]  File ignored by rseqc/read_distribution because it exceeded search pattern filesize limit: ambig_info.tsv
[2021-12-17 15:57:23,239] multiqc                                            [DEBUG  ]  File ignored by rseqc/infer_experiment because it exceeded search pattern filesize limit: ambig_info.tsv
[2021-12-17 15:57:28,379] multiqc                                            [DEBUG  ]  File ignored by hicexplorer because it exceeded search pattern filesize limit: salmon_quant.log
[2021-12-17 15:57:28,391] multiqc                                            [DEBUG  ]  File ignored by longranger/invocation because it exceeded search pattern filesize limit: salmon_quant.log
[2021-12-17 15:57:28,514] multiqc                                            [DEBUG  ]  Ignoring file as matched an ignore pattern: PH624_S212_R1_001.fastq.gz
[2021-12-17 15:57:28,514] multiqc                                            [DEBUG  ]  Ignoring file as matched an ignore pattern: PH624_S212_R2_001.fastq.gz
[2021-12-17 15:57:28,514] multiqc                                            [DEBUG  ]  Ignoring file as matched an ignore pattern: ctrl.6.1.5_output_forward_paired.fq.gz
[2021-12-17 15:57:28,515] multiqc                                            [DEBUG  ]  Ignoring file as matched an ignore pattern: ctrl.6.1.5_output_reverse_paired.fq.gz
[2021-12-17 15:57:28,543] multiqc                                            [DEBUG  ]  File ignored by hicexplorer because it exceeded search pattern filesize limit: ctrl.6.1.5_output_forward_paired_fastqc.html
[2021-12-17 15:57:28,555] multiqc                                            [DEBUG  ]  File ignored by longranger/invocation because it exceeded search pattern filesize limit: ctrl.6.1.5_output_forward_paired_fastqc.html
[2021-12-17 15:57:28,555] multiqc                                            [DEBUG  ]  File ignored by rockhopper because it exceeded search pattern filesize limit: ctrl.6.1.5_output_forward_paired_fastqc.html
[2021-12-17 15:57:28,555] multiqc                                            [DEBUG  ]  File ignored by rseqc/bam_stat because it exceeded search pattern filesize limit: ctrl.6.1.5_output_forward_paired_fastqc.html
[2021-12-17 15:57:28,555] multiqc                                            [DEBUG  ]  File ignored by rseqc/junction_annotation because it exceeded search pattern filesize limit: ctrl.6.1.5_output_forward_paired_fastqc.html
[2021-12-17 15:57:28,555] multiqc                                            [DEBUG  ]  File ignored by rseqc/read_distribution because it exceeded search pattern filesize limit: ctrl.6.1.5_output_forward_paired_fastqc.html
[2021-12-17 15:57:28,555] multiqc                                            [DEBUG  ]  File ignored by rseqc/infer_experiment because it exceeded search pattern filesize limit: ctrl.6.1.5_output_forward_paired_fastqc.html
[2021-12-17 15:57:28,699] multiqc                                            [DEBUG  ]  File ignored by hicexplorer because it exceeded search pattern filesize limit: ctrl.6.1.5_output_reverse_paired_fastqc.html
[2021-12-17 15:57:28,707] multiqc                                            [DEBUG  ]  File ignored by longranger/invocation because it exceeded search pattern filesize limit: ctrl.6.1.5_output_reverse_paired_fastqc.html
[2021-12-17 15:57:28,708] multiqc                                            [DEBUG  ]  File ignored by rockhopper because it exceeded search pattern filesize limit: ctrl.6.1.5_output_reverse_paired_fastqc.html
[2021-12-17 15:57:28,708] multiqc                                            [DEBUG  ]  File ignored by rseqc/bam_stat because it exceeded search pattern filesize limit: ctrl.6.1.5_output_reverse_paired_fastqc.html
[2021-12-17 15:57:28,708] multiqc                                            [DEBUG  ]  File ignored by rseqc/junction_annotation because it exceeded search pattern filesize limit: ctrl.6.1.5_output_reverse_paired_fastqc.html
[2021-12-17 15:57:28,708] multiqc                                            [DEBUG  ]  File ignored by rseqc/read_distribution because it exceeded search pattern filesize limit: ctrl.6.1.5_output_reverse_paired_fastqc.html
[2021-12-17 15:57:28,708] multiqc                                            [DEBUG  ]  File ignored by rseqc/infer_experiment because it exceeded search pattern filesize limit: ctrl.6.1.5_output_reverse_paired_fastqc.html
[2021-12-17 15:57:28,953] multiqc                                            [DEBUG  ]  File ignored by hicexplorer because it exceeded search pattern filesize limit: salmon_quant.log
[2021-12-17 15:57:28,965] multiqc                                            [DEBUG  ]  File ignored by longranger/invocation because it exceeded search pattern filesize limit: salmon_quant.log
[2021-12-17 15:57:29,114] multiqc                                            [DEBUG  ]  File ignored by hicexplorer because it exceeded search pattern filesize limit: ambig_info.tsv
[2021-12-17 15:57:29,125] multiqc                                            [DEBUG  ]  File ignored by longranger/invocation because it exceeded search pattern filesize limit: ambig_info.tsv
[2021-12-17 15:57:29,125] multiqc                                            [DEBUG  ]  File ignored by rockhopper because it exceeded search pattern filesize limit: ambig_info.tsv
[2021-12-17 15:57:29,126] multiqc                                            [DEBUG  ]  File ignored by rseqc/bam_stat because it exceeded search pattern filesize limit: ambig_info.tsv
[2021-12-17 15:57:29,126] multiqc                                            [DEBUG  ]  File ignored by rseqc/junction_annotation because it exceeded search pattern filesize limit: ambig_info.tsv
[2021-12-17 15:57:29,126] multiqc                                            [DEBUG  ]  File ignored by rseqc/read_distribution because it exceeded search pattern filesize limit: ambig_info.tsv
[2021-12-17 15:57:29,126] multiqc                                            [DEBUG  ]  File ignored by rseqc/infer_experiment because it exceeded search pattern filesize limit: ambig_info.tsv
[2021-12-17 15:57:34,264] multiqc                                            [DEBUG  ]  File ignored by hicexplorer because it exceeded search pattern filesize limit: salmon_quant.log
[2021-12-17 15:57:34,275] multiqc                                            [DEBUG  ]  File ignored by longranger/invocation because it exceeded search pattern filesize limit: salmon_quant.log
[2021-12-17 15:57:34,392] multiqc                                            [DEBUG  ]  Ignoring file as matched an ignore pattern: PH617_S209_R1_001.fastq.gz
[2021-12-17 15:57:34,392] multiqc                                            [DEBUG  ]  Ignoring file as matched an ignore pattern: PH617_S209_R2_001.fastq.gz
[2021-12-17 15:57:34,392] multiqc                                            [DEBUG  ]  Ignoring file as matched an ignore pattern: ctrl.7.1.2_output_forward_paired.fq.gz
[2021-12-17 15:57:34,393] multiqc                                            [DEBUG  ]  Ignoring file as matched an ignore pattern: ctrl.7.1.2_output_reverse_paired.fq.gz
[2021-12-17 15:57:34,423] multiqc                                            [DEBUG  ]  File ignored by hicexplorer because it exceeded search pattern filesize limit: ctrl.7.1.2_output_forward_paired_fastqc.html
[2021-12-17 15:57:34,434] multiqc                                            [DEBUG  ]  File ignored by longranger/invocation because it exceeded search pattern filesize limit: ctrl.7.1.2_output_forward_paired_fastqc.html
[2021-12-17 15:57:34,434] multiqc                                            [DEBUG  ]  File ignored by rockhopper because it exceeded search pattern filesize limit: ctrl.7.1.2_output_forward_paired_fastqc.html
[2021-12-17 15:57:34,434] multiqc                                            [DEBUG  ]  File ignored by rseqc/bam_stat because it exceeded search pattern filesize limit: ctrl.7.1.2_output_forward_paired_fastqc.html
[2021-12-17 15:57:34,435] multiqc                                            [DEBUG  ]  File ignored by rseqc/junction_annotation because it exceeded search pattern filesize limit: ctrl.7.1.2_output_forward_paired_fastqc.html
[2021-12-17 15:57:34,435] multiqc                                            [DEBUG  ]  File ignored by rseqc/read_distribution because it exceeded search pattern filesize limit: ctrl.7.1.2_output_forward_paired_fastqc.html
[2021-12-17 15:57:34,435] multiqc                                            [DEBUG  ]  File ignored by rseqc/infer_experiment because it exceeded search pattern filesize limit: ctrl.7.1.2_output_forward_paired_fastqc.html
[2021-12-17 15:57:34,580] multiqc                                            [DEBUG  ]  File ignored by hicexplorer because it exceeded search pattern filesize limit: ctrl.7.1.2_output_reverse_paired_fastqc.html
[2021-12-17 15:57:34,591] multiqc                                            [DEBUG  ]  File ignored by longranger/invocation because it exceeded search pattern filesize limit: ctrl.7.1.2_output_reverse_paired_fastqc.html
[2021-12-17 15:57:34,592] multiqc                                            [DEBUG  ]  File ignored by rockhopper because it exceeded search pattern filesize limit: ctrl.7.1.2_output_reverse_paired_fastqc.html
[2021-12-17 15:57:34,592] multiqc                                            [DEBUG  ]  File ignored by rseqc/bam_stat because it exceeded search pattern filesize limit: ctrl.7.1.2_output_reverse_paired_fastqc.html
[2021-12-17 15:57:34,592] multiqc                                            [DEBUG  ]  File ignored by rseqc/junction_annotation because it exceeded search pattern filesize limit: ctrl.7.1.2_output_reverse_paired_fastqc.html
[2021-12-17 15:57:34,592] multiqc                                            [DEBUG  ]  File ignored by rseqc/read_distribution because it exceeded search pattern filesize limit: ctrl.7.1.2_output_reverse_paired_fastqc.html
[2021-12-17 15:57:34,592] multiqc                                            [DEBUG  ]  File ignored by rseqc/infer_experiment because it exceeded search pattern filesize limit: ctrl.7.1.2_output_reverse_paired_fastqc.html
[2021-12-17 15:57:34,844] multiqc                                            [DEBUG  ]  File ignored by hicexplorer because it exceeded search pattern filesize limit: salmon_quant.log
[2021-12-17 15:57:34,854] multiqc                                            [DEBUG  ]  File ignored by longranger/invocation because it exceeded search pattern filesize limit: salmon_quant.log
[2021-12-17 15:57:34,998] multiqc                                            [DEBUG  ]  File ignored by hicexplorer because it exceeded search pattern filesize limit: ambig_info.tsv
[2021-12-17 15:57:35,009] multiqc                                            [DEBUG  ]  File ignored by longranger/invocation because it exceeded search pattern filesize limit: ambig_info.tsv
[2021-12-17 15:57:35,009] multiqc                                            [DEBUG  ]  File ignored by rockhopper because it exceeded search pattern filesize limit: ambig_info.tsv
[2021-12-17 15:57:35,009] multiqc                                            [DEBUG  ]  File ignored by rseqc/bam_stat because it exceeded search pattern filesize limit: ambig_info.tsv
[2021-12-17 15:57:35,010] multiqc                                            [DEBUG  ]  File ignored by rseqc/junction_annotation because it exceeded search pattern filesize limit: ambig_info.tsv
[2021-12-17 15:57:35,010] multiqc                                            [DEBUG  ]  File ignored by rseqc/read_distribution because it exceeded search pattern filesize limit: ambig_info.tsv
[2021-12-17 15:57:35,010] multiqc                                            [DEBUG  ]  File ignored by rseqc/infer_experiment because it exceeded search pattern filesize limit: ambig_info.tsv
[2021-12-17 15:57:40,234] multiqc                                            [DEBUG  ]  File ignored by hicexplorer because it exceeded search pattern filesize limit: salmon_quant.log
[2021-12-17 15:57:40,244] multiqc                                            [DEBUG  ]  File ignored by longranger/invocation because it exceeded search pattern filesize limit: salmon_quant.log
[2021-12-17 15:57:40,359] multiqc                                            [DEBUG  ]  Ignoring file as matched an ignore pattern: PH621_S211_R1_001.fastq.gz
[2021-12-17 15:57:40,360] multiqc                                            [DEBUG  ]  Ignoring file as matched an ignore pattern: PH621_S211_R2_001.fastq.gz
[2021-12-17 15:57:40,360] multiqc                                            [DEBUG  ]  Ignoring file as matched an ignore pattern: ctrl.8.1.2_output_forward_paired.fq.gz
[2021-12-17 15:57:40,360] multiqc                                            [DEBUG  ]  Ignoring file as matched an ignore pattern: ctrl.8.1.2_output_reverse_paired.fq.gz
[2021-12-17 15:57:40,387] multiqc                                            [DEBUG  ]  File ignored by hicexplorer because it exceeded search pattern filesize limit: ctrl.8.1.2_output_forward_paired_fastqc.html
[2021-12-17 15:57:40,397] multiqc                                            [DEBUG  ]  File ignored by longranger/invocation because it exceeded search pattern filesize limit: ctrl.8.1.2_output_forward_paired_fastqc.html
[2021-12-17 15:57:40,398] multiqc                                            [DEBUG  ]  File ignored by rockhopper because it exceeded search pattern filesize limit: ctrl.8.1.2_output_forward_paired_fastqc.html
[2021-12-17 15:57:40,398] multiqc                                            [DEBUG  ]  File ignored by rseqc/bam_stat because it exceeded search pattern filesize limit: ctrl.8.1.2_output_forward_paired_fastqc.html
[2021-12-17 15:57:40,398] multiqc                                            [DEBUG  ]  File ignored by rseqc/junction_annotation because it exceeded search pattern filesize limit: ctrl.8.1.2_output_forward_paired_fastqc.html
[2021-12-17 15:57:40,398] multiqc                                            [DEBUG  ]  File ignored by rseqc/read_distribution because it exceeded search pattern filesize limit: ctrl.8.1.2_output_forward_paired_fastqc.html
[2021-12-17 15:57:40,398] multiqc                                            [DEBUG  ]  File ignored by rseqc/infer_experiment because it exceeded search pattern filesize limit: ctrl.8.1.2_output_forward_paired_fastqc.html
[2021-12-17 15:57:40,539] multiqc                                            [DEBUG  ]  File ignored by hicexplorer because it exceeded search pattern filesize limit: ctrl.8.1.2_output_reverse_paired_fastqc.html
[2021-12-17 15:57:40,549] multiqc                                            [DEBUG  ]  File ignored by longranger/invocation because it exceeded search pattern filesize limit: ctrl.8.1.2_output_reverse_paired_fastqc.html
[2021-12-17 15:57:40,550] multiqc                                            [DEBUG  ]  File ignored by rockhopper because it exceeded search pattern filesize limit: ctrl.8.1.2_output_reverse_paired_fastqc.html
[2021-12-17 15:57:40,550] multiqc                                            [DEBUG  ]  File ignored by rseqc/bam_stat because it exceeded search pattern filesize limit: ctrl.8.1.2_output_reverse_paired_fastqc.html
[2021-12-17 15:57:40,550] multiqc                                            [DEBUG  ]  File ignored by rseqc/junction_annotation because it exceeded search pattern filesize limit: ctrl.8.1.2_output_reverse_paired_fastqc.html
[2021-12-17 15:57:40,550] multiqc                                            [DEBUG  ]  File ignored by rseqc/read_distribution because it exceeded search pattern filesize limit: ctrl.8.1.2_output_reverse_paired_fastqc.html
[2021-12-17 15:57:40,550] multiqc                                            [DEBUG  ]  File ignored by rseqc/infer_experiment because it exceeded search pattern filesize limit: ctrl.8.1.2_output_reverse_paired_fastqc.html
[2021-12-17 15:57:40,793] multiqc                                            [DEBUG  ]  File ignored by hicexplorer because it exceeded search pattern filesize limit: salmon_quant.log
[2021-12-17 15:57:40,803] multiqc                                            [DEBUG  ]  File ignored by longranger/invocation because it exceeded search pattern filesize limit: salmon_quant.log
[2021-12-17 15:57:40,936] multiqc                                            [DEBUG  ]  File ignored by hicexplorer because it exceeded search pattern filesize limit: ambig_info.tsv
[2021-12-17 15:57:40,946] multiqc                                            [DEBUG  ]  File ignored by longranger/invocation because it exceeded search pattern filesize limit: ambig_info.tsv
[2021-12-17 15:57:40,946] multiqc                                            [DEBUG  ]  File ignored by rockhopper because it exceeded search pattern filesize limit: ambig_info.tsv
[2021-12-17 15:57:40,946] multiqc                                            [DEBUG  ]  File ignored by rseqc/bam_stat because it exceeded search pattern filesize limit: ambig_info.tsv
[2021-12-17 15:57:40,946] multiqc                                            [DEBUG  ]  File ignored by rseqc/junction_annotation because it exceeded search pattern filesize limit: ambig_info.tsv
[2021-12-17 15:57:40,946] multiqc                                            [DEBUG  ]  File ignored by rseqc/read_distribution because it exceeded search pattern filesize limit: ambig_info.tsv
[2021-12-17 15:57:40,946] multiqc                                            [DEBUG  ]  File ignored by rseqc/infer_experiment because it exceeded search pattern filesize limit: ambig_info.tsv
[2021-12-17 15:57:46,174] multiqc                                            [DEBUG  ]  File ignored by hicexplorer because it exceeded search pattern filesize limit: salmon_quant.log
[2021-12-17 15:57:46,184] multiqc                                            [DEBUG  ]  File ignored by longranger/invocation because it exceeded search pattern filesize limit: salmon_quant.log
[2021-12-17 15:57:46,298] multiqc                                            [DEBUG  ]  Ignoring file as matched an ignore pattern: PH618_S201_R1_001.fastq.gz
[2021-12-17 15:57:46,299] multiqc                                            [DEBUG  ]  Ignoring file as matched an ignore pattern: PH618_S201_R2_001.fastq.gz
[2021-12-17 15:57:46,299] multiqc                                            [DEBUG  ]  Ignoring file as matched an ignore pattern: ctrl.9.1.2_output_forward_paired.fq.gz
[2021-12-17 15:57:46,299] multiqc                                            [DEBUG  ]  Ignoring file as matched an ignore pattern: ctrl.9.1.2_output_reverse_paired.fq.gz
[2021-12-17 15:57:46,326] multiqc                                            [DEBUG  ]  File ignored by hicexplorer because it exceeded search pattern filesize limit: ctrl.9.1.2_output_reverse_paired_fastqc.html
[2021-12-17 15:57:46,336] multiqc                                            [DEBUG  ]  File ignored by longranger/invocation because it exceeded search pattern filesize limit: ctrl.9.1.2_output_reverse_paired_fastqc.html
[2021-12-17 15:57:46,336] multiqc                                            [DEBUG  ]  File ignored by rockhopper because it exceeded search pattern filesize limit: ctrl.9.1.2_output_reverse_paired_fastqc.html
[2021-12-17 15:57:46,337] multiqc                                            [DEBUG  ]  File ignored by rseqc/bam_stat because it exceeded search pattern filesize limit: ctrl.9.1.2_output_reverse_paired_fastqc.html
[2021-12-17 15:57:46,337] multiqc                                            [DEBUG  ]  File ignored by rseqc/junction_annotation because it exceeded search pattern filesize limit: ctrl.9.1.2_output_reverse_paired_fastqc.html
[2021-12-17 15:57:46,337] multiqc                                            [DEBUG  ]  File ignored by rseqc/read_distribution because it exceeded search pattern filesize limit: ctrl.9.1.2_output_reverse_paired_fastqc.html
[2021-12-17 15:57:46,337] multiqc                                            [DEBUG  ]  File ignored by rseqc/infer_experiment because it exceeded search pattern filesize limit: ctrl.9.1.2_output_reverse_paired_fastqc.html
[2021-12-17 15:57:46,478] multiqc                                            [DEBUG  ]  File ignored by hicexplorer because it exceeded search pattern filesize limit: ctrl.9.1.2_output_forward_paired_fastqc.html
[2021-12-17 15:57:46,488] multiqc                                            [DEBUG  ]  File ignored by longranger/invocation because it exceeded search pattern filesize limit: ctrl.9.1.2_output_forward_paired_fastqc.html
[2021-12-17 15:57:46,488] multiqc                                            [DEBUG  ]  File ignored by rockhopper because it exceeded search pattern filesize limit: ctrl.9.1.2_output_forward_paired_fastqc.html
[2021-12-17 15:57:46,488] multiqc                                            [DEBUG  ]  File ignored by rseqc/bam_stat because it exceeded search pattern filesize limit: ctrl.9.1.2_output_forward_paired_fastqc.html
[2021-12-17 15:57:46,489] multiqc                                            [DEBUG  ]  File ignored by rseqc/junction_annotation because it exceeded search pattern filesize limit: ctrl.9.1.2_output_forward_paired_fastqc.html
[2021-12-17 15:57:46,489] multiqc                                            [DEBUG  ]  File ignored by rseqc/read_distribution because it exceeded search pattern filesize limit: ctrl.9.1.2_output_forward_paired_fastqc.html
[2021-12-17 15:57:46,489] multiqc                                            [DEBUG  ]  File ignored by rseqc/infer_experiment because it exceeded search pattern filesize limit: ctrl.9.1.2_output_forward_paired_fastqc.html
[2021-12-17 15:57:46,730] multiqc                                            [DEBUG  ]  File ignored by hicexplorer because it exceeded search pattern filesize limit: salmon_quant.log
[2021-12-17 15:57:46,740] multiqc                                            [DEBUG  ]  File ignored by longranger/invocation because it exceeded search pattern filesize limit: salmon_quant.log
[2021-12-17 15:57:46,874] multiqc                                            [DEBUG  ]  File ignored by hicexplorer because it exceeded search pattern filesize limit: ambig_info.tsv
[2021-12-17 15:57:46,884] multiqc                                            [DEBUG  ]  File ignored by longranger/invocation because it exceeded search pattern filesize limit: ambig_info.tsv
[2021-12-17 15:57:46,884] multiqc                                            [DEBUG  ]  File ignored by rockhopper because it exceeded search pattern filesize limit: ambig_info.tsv
[2021-12-17 15:57:46,884] multiqc                                            [DEBUG  ]  File ignored by rseqc/bam_stat because it exceeded search pattern filesize limit: ambig_info.tsv
[2021-12-17 15:57:46,884] multiqc                                            [DEBUG  ]  File ignored by rseqc/junction_annotation because it exceeded search pattern filesize limit: ambig_info.tsv
[2021-12-17 15:57:46,884] multiqc                                            [DEBUG  ]  File ignored by rseqc/read_distribution because it exceeded search pattern filesize limit: ambig_info.tsv
[2021-12-17 15:57:46,884] multiqc                                            [DEBUG  ]  File ignored by rseqc/infer_experiment because it exceeded search pattern filesize limit: ambig_info.tsv
[2021-12-17 15:57:52,125] multiqc                                            [DEBUG  ]  File ignored by hicexplorer because it exceeded search pattern filesize limit: salmon_quant.log
[2021-12-17 15:57:52,136] multiqc                                            [DEBUG  ]  File ignored by longranger/invocation because it exceeded search pattern filesize limit: salmon_quant.log
[2021-12-17 15:57:52,970] multiqc.plots.bargraph                             [DEBUG  ]  Using matplotlib version 3.1.3
[2021-12-17 15:57:52,972] multiqc.plots.linegraph                            [DEBUG  ]  Using matplotlib version 3.1.3
[2021-12-17 15:57:52,975] multiqc                                            [DEBUG  ]  No samples found: custom_content
[2021-12-17 15:57:52,983] multiqc                                            [DEBUG  ]  No samples found: conpair
[2021-12-17 15:57:52,991] multiqc                                            [DEBUG  ]  No samples found: peddy
[2021-12-17 15:57:53,000] multiqc                                            [DEBUG  ]  No samples found: somalier
[2021-12-17 15:57:53,008] multiqc                                            [DEBUG  ]  No samples found: methylQA
[2021-12-17 15:57:53,021] multiqc                                            [DEBUG  ]  No samples found: mosdepth
[2021-12-17 15:57:53,030] multiqc                                            [DEBUG  ]  No samples found: phantompeakqualtools
[2021-12-17 15:57:53,036] multiqc                                            [DEBUG  ]  No samples found: qualimap
[2021-12-17 15:57:53,044] multiqc                                            [DEBUG  ]  No samples found: preseq
[2021-12-17 15:57:53,053] multiqc                                            [DEBUG  ]  No samples found: quast
[2021-12-17 15:57:53,061] multiqc                                            [DEBUG  ]  No samples found: qorts
[2021-12-17 15:57:53,069] multiqc                                            [DEBUG  ]  No samples found: rna_seqc
[2021-12-17 15:57:53,078] multiqc                                            [DEBUG  ]  No samples found: rockhopper
[2021-12-17 15:57:53,086] multiqc                                            [DEBUG  ]  No samples found: rsem
[2021-12-17 15:57:53,104] multiqc                                            [DEBUG  ]  No samples found: rseqc
[2021-12-17 15:57:53,112] multiqc                                            [DEBUG  ]  No samples found: busco
[2021-12-17 15:57:53,121] multiqc                                            [DEBUG  ]  No samples found: goleft_indexcov
[2021-12-17 15:57:53,129] multiqc                                            [DEBUG  ]  No samples found: disambiguate
[2021-12-17 15:57:53,138] multiqc                                            [DEBUG  ]  No samples found: supernova
[2021-12-17 15:57:53,156] multiqc                                            [DEBUG  ]  No samples found: deeptools
[2021-12-17 15:57:53,165] multiqc                                            [DEBUG  ]  No samples found: sargasso
[2021-12-17 15:57:53,173] multiqc                                            [DEBUG  ]  No samples found: verifybamid
[2021-12-17 15:57:53,181] multiqc                                            [DEBUG  ]  No samples found: mirtrace
[2021-12-17 15:57:53,189] multiqc                                            [DEBUG  ]  No samples found: happy
[2021-12-17 15:57:53,198] multiqc                                            [DEBUG  ]  No samples found: mirtop
[2021-12-17 15:57:53,212] multiqc                                            [DEBUG  ]  No samples found: homer
[2021-12-17 15:57:53,221] multiqc                                            [DEBUG  ]  No samples found: macs2
[2021-12-17 15:57:53,229] multiqc                                            [DEBUG  ]  No samples found: theta2
[2021-12-17 15:57:53,237] multiqc                                            [DEBUG  ]  No samples found: snpeff
[2021-12-17 15:57:53,249] multiqc                                            [DEBUG  ]  No samples found: gatk
[2021-12-17 15:57:53,256] multiqc                                            [DEBUG  ]  No samples found: htseq
[2021-12-17 15:57:53,266] multiqc                                            [DEBUG  ]  No samples found: bcftools
[2021-12-17 15:57:53,274] multiqc                                            [DEBUG  ]  No samples found: featureCounts
[2021-12-17 15:57:53,284] multiqc                                            [DEBUG  ]  No samples found: fgbio
[2021-12-17 15:57:53,301] multiqc                                            [DEBUG  ]  No samples found: dragen
[2021-12-17 15:57:53,309] multiqc                                            [DEBUG  ]  No samples found: dedup
[2021-12-17 15:57:53,317] multiqc                                            [DEBUG  ]  No samples found: damageprofiler
[2021-12-17 15:57:53,346] multiqc                                            [DEBUG  ]  No samples found: biobambam2
[2021-12-17 15:57:53,355] multiqc                                            [DEBUG  ]  No samples found: mtnucratio
[2021-12-17 15:57:53,360] multiqc                                            [DEBUG  ]  No samples found: picard
[2021-12-17 15:57:53,368] multiqc                                            [DEBUG  ]  No samples found: prokka
[2021-12-17 15:57:53,376] multiqc                                            [DEBUG  ]  No samples found: samblaster
[2021-12-17 15:57:53,389] multiqc                                            [DEBUG  ]  No samples found: samtools
[2021-12-17 15:57:53,398] multiqc                                            [DEBUG  ]  No samples found: sexdeterrmine
[2021-12-17 15:57:53,407] multiqc                                            [DEBUG  ]  No samples found: bamtools
[2021-12-17 15:57:53,415] multiqc                                            [DEBUG  ]  No samples found: jellyfish
[2021-12-17 15:57:53,429] multiqc                                            [DEBUG  ]  No samples found: vcftools
[2021-12-17 15:57:53,437] multiqc                                            [DEBUG  ]  No samples found: longranger
[2021-12-17 15:57:53,446] multiqc                                            [DEBUG  ]  No samples found: stacks
[2021-12-17 15:57:53,454] multiqc                                            [DEBUG  ]  No samples found: varscan2
[2021-12-17 15:57:53,477] multiqc                                            [DEBUG  ]  No samples found: bbmap
[2021-12-17 15:57:53,486] multiqc                                            [DEBUG  ]  No samples found: bismark
[2021-12-17 15:57:53,494] multiqc                                            [DEBUG  ]  No samples found: biscuit
[2021-12-17 15:57:53,504] multiqc                                            [DEBUG  ]  No samples found: hicexplorer
[2021-12-17 15:57:53,513] multiqc                                            [DEBUG  ]  No samples found: hicup
[2021-12-17 15:57:53,521] multiqc                                            [DEBUG  ]  No samples found: hicpro
[2021-12-17 15:57:53,597] multiqc.modules.salmon.salmon                      [INFO   ]  Found 20 meta reports
[2021-12-17 15:57:53,598] multiqc.modules.salmon.salmon                      [INFO   ]  Found 20 fragment length distributions
[2021-12-17 15:57:53,808] multiqc                                            [DEBUG  ]  No samples found: kallisto
[2021-12-17 15:57:53,816] multiqc                                            [DEBUG  ]  No samples found: slamdunk
[2021-12-17 15:57:53,824] multiqc                                            [DEBUG  ]  No samples found: star
[2021-12-17 15:57:53,832] multiqc                                            [DEBUG  ]  No samples found: hisat2
[2021-12-17 15:57:53,840] multiqc                                            [DEBUG  ]  No samples found: tophat
[2021-12-17 15:57:53,848] multiqc                                            [DEBUG  ]  No samples found: bowtie2
[2021-12-17 15:57:53,856] multiqc                                            [DEBUG  ]  No samples found: bowtie1
[2021-12-17 15:57:53,864] multiqc                                            [DEBUG  ]  No samples found: snpsplit
[2021-12-17 15:57:53,873] multiqc                                            [DEBUG  ]  No samples found: kat
[2021-12-17 15:57:53,880] multiqc                                            [DEBUG  ]  No samples found: leehom
[2021-12-17 15:57:53,889] multiqc                                            [DEBUG  ]  No samples found: adapterRemoval
[2021-12-17 15:57:53,897] multiqc                                            [DEBUG  ]  No samples found: clipandmerge
[2021-12-17 15:57:53,905] multiqc                                            [DEBUG  ]  No samples found: cutadapt
[2021-12-17 15:57:53,913] multiqc                                            [DEBUG  ]  No samples found: flexbar
[2021-12-17 15:57:53,921] multiqc                                            [DEBUG  ]  No samples found: kaiju
[2021-12-17 15:57:53,929] multiqc                                            [DEBUG  ]  No samples found: kraken
[2021-12-17 15:57:53,937] multiqc                                            [DEBUG  ]  No samples found: malt
[2021-12-17 15:57:53,945] multiqc                                            [DEBUG  ]  No samples found: trimmomatic
[2021-12-17 15:57:53,953] multiqc                                            [DEBUG  ]  No samples found: sickle
[2021-12-17 15:57:53,961] multiqc                                            [DEBUG  ]  No samples found: skewer
[2021-12-17 15:57:53,969] multiqc                                            [DEBUG  ]  No samples found: sortmerna
[2021-12-17 15:57:53,976] multiqc                                            [DEBUG  ]  No samples found: biobloomtools
[2021-12-17 15:57:53,984] multiqc                                            [DEBUG  ]  No samples found: fastq_screen
[2021-12-17 15:57:53,992] multiqc                                            [DEBUG  ]  No samples found: afterqc
[2021-12-17 15:57:54,000] multiqc                                            [DEBUG  ]  No samples found: fastp
[2021-12-17 15:57:54,960] multiqc.modules.fastqc.fastqc                      [INFO   ]  Found 20 reports
[2021-12-17 15:57:55,256] multiqc                                            [DEBUG  ]  No samples found: pycoqc
[2021-12-17 15:57:55,264] multiqc                                            [DEBUG  ]  No samples found: minionqc
[2021-12-17 15:57:55,273] multiqc                                            [DEBUG  ]  No samples found: multivcfanalyzer
[2021-12-17 15:57:55,281] multiqc                                            [DEBUG  ]  No samples found: clusterflow
[2021-12-17 15:57:55,290] multiqc                                            [DEBUG  ]  No samples found: bcl2fastq
[2021-12-17 15:57:55,298] multiqc                                            [DEBUG  ]  No samples found: interop
[2021-12-17 15:57:55,307] multiqc                                            [DEBUG  ]  No samples found: ivar
[2021-12-17 15:57:55,315] multiqc                                            [DEBUG  ]  No samples found: flash
[2021-12-17 15:57:55,324] multiqc                                            [DEBUG  ]  No samples found: seqyclean
[2021-12-17 15:57:55,396] multiqc                                            [INFO   ]  Compressing plot data
[2021-12-17 15:57:56,464] multiqc                                            [INFO   ]  Report      : ../data/output_data/rna_qc/ucsc.rmsk.salmon/multiqc.pittsburgh_ctrl.2021-12-17-15.51.31-PST.html
[2021-12-17 15:57:56,464] multiqc                                            [INFO   ]  Data        : ../data/output_data/rna_qc/ucsc.rmsk.salmon/multiqc.pittsburgh_ctrl.2021-12-17-15.51.31-PST_data
[2021-12-17 15:57:56,465] multiqc                                            [DEBUG  ]  Moving data file from '/data/tmp/tmpj2vxehts/multiqc_data' to '/public/groups/kimlab/exRNA_disease_biomarkers//data/output_data/rna_qc/ucsc.rmsk.salmon/multiqc.pittsburgh_ctrl.2021-12-17-15.51.31-PST_data'
[2021-12-17 15:57:56,769] multiqc                                            [INFO   ]  MultiQC complete
